
Used Primitive lattice vector

    0.000000000000      1.800776000000      1.800776000000  
    1.800776000000      0.000000000000      1.800776000000  
    1.800776000000      1.800776000000      0.000000000000  

   1 Atom(s) in the Primitive cell

 -0.0000010000 0.0000010000 0.0000010000 Ni    0


 Q=  0.000000  0.000000 -0.277658, q= -0.500000 -0.500000  0.000000

                       Ni X   0        Ni Y   0        Ni Z   0     
                    --------------- --------------- ---------------
    0   5.3898 THz   0.0000  0.0000 -1.0000  0.0000 -0.0000  0.0000
    1   5.3898 THz   1.0000  0.0000  0.0000  0.0000  0.0000  0.0000
    2   6.3546 THz   0.0000  0.0000  0.0000 -0.0000 -1.0000  0.0000


 Q=  0.000000 -0.277658  0.000000, q= -0.500000  0.000000 -0.500000

                       Ni X   0        Ni Y   0        Ni Z   0     
                    --------------- --------------- ---------------
    0   5.3898 THz   1.0000  0.0000  0.0000  0.0000  0.0000  0.0000
    1   5.3898 THz   0.0000  0.0000 -0.0000  0.0000 -1.0000  0.0000
    2   6.3546 THz   0.0000  0.0000 -1.0000  0.0000  0.0000 -0.0000


 Q= -0.277658  0.000000  0.000000, q=  0.000000 -0.500000 -0.500000

                       Ni X   0        Ni Y   0        Ni Z   0     
                    --------------- --------------- ---------------
    0   5.3898 THz   0.0000  0.0000 -0.9800 -0.0000  0.1988  0.0000
    1   5.3898 THz   0.0000  0.0000 -0.1988 -0.0000 -0.9800 -0.0000
    2   6.3546 THz   1.0000  0.0000  0.0000  0.0000  0.0000  0.0000


 Q=  0.000000  0.000000  0.000000, q=  0.000000  0.000000  0.000000

                       Ni X   0        Ni Y   0        Ni Z   0     
                    --------------- --------------- ---------------
    0  -0.0000 THz  -0.1987  0.0000  0.2170  0.0000 -0.9557  0.0000
    1   0.0000 THz   0.6005  0.0000 -0.7437  0.0000 -0.2937  0.0000
    2   0.0000 THz   0.7745  0.0000  0.6323  0.0000 -0.0175  0.0000
