
Used Primitive lattice vector

    0.000000000000      2.019615000000      2.019615000000  
    2.019615000000      0.000000000000      2.019615000000  
    2.019615000000      2.019615000000      0.000000000000  

   1 Atom(s) in the Primitive cell

 -0.0000010000 0.0000010000 0.0000010000 Al    0


 Q=  0.000000  0.000000 -0.247572, q= -0.500000 -0.500000  0.000000

                       Al X   0        Al Y   0        Al Z   0     
                    --------------- --------------- ---------------
    0   5.7226 THz   1.0000  0.0000  0.0000  0.0000  0.0000  0.0000
    1   5.7226 THz   0.0000  0.0000 -1.0000  0.0000  0.0000  0.0000
    2   9.2759 THz   0.0000  0.0000  0.0000  0.0000  1.0000  0.0000


 Q=  0.000000 -0.247572  0.000000, q= -0.500000  0.000000 -0.500000

                       Al X   0        Al Y   0        Al Z   0     
                    --------------- --------------- ---------------
    0   5.7226 THz   0.0000  0.0000 -0.0000  0.0000  1.0000  0.0000
    1   5.7226 THz   1.0000  0.0000  0.0000  0.0000  0.0000  0.0000
    2   9.2759 THz   0.0000  0.0000 -1.0000  0.0000 -0.0000  0.0000


 Q= -0.247572  0.000000  0.000000, q=  0.000000 -0.500000 -0.500000

                       Al X   0        Al Y   0        Al Z   0     
                    --------------- --------------- ---------------
    0   5.7226 THz   0.0000  0.0000 -0.0082 -0.0000  1.0000 -0.0000
    1   5.7226 THz   0.0000  0.0000 -1.0000 -0.0000 -0.0082  0.0000
    2   9.2759 THz   1.0000  0.0000  0.0000  0.0000  0.0000  0.0000


 Q=  0.000000  0.000000  0.000000, q=  0.000000  0.000000  0.000000

                       Al X   0        Al Y   0        Al Z   0     
                    --------------- --------------- ---------------
    0  -0.0000 THz   0.0739  0.0000 -0.1677  0.0000 -0.9831  0.0000
    1   0.0000 THz  -0.0496  0.0000 -0.9851  0.0000  0.1644  0.0000
    2   0.0000 THz  -0.9960 -0.0000  0.0366 -0.0000 -0.0812 -0.0000
