
Used Primitive lattice vector

    3.497022000000      0.000000000000      0.000000000000  
    0.000000000000      3.497022000000      0.000000000000  
    0.000000000000      0.000000000000      3.497022000000  

   4 Atom(s) in the Primitive cell

 0.0000000000 0.0000000000 0.0000000000 Al    0
 0.5000000000 0.5000000000 0.0000000000 Ni    1
 0.5000000000 0.0000000000 0.5000000000 Ni    2
 0.0000000000 0.5000000000 0.5000000000 Ni    3


 Q= -0.142979 -0.142979 -0.142979, q= -0.500000 -0.500000 -0.500000

                       Al X   0        Al Y   0        Al Z   0        Ni X   1        Ni Y   1        Ni Z   1        Ni X   2        Ni Y   2        Ni Z   2        Ni X   3        Ni Y   3        Ni Z   3     
                    --------------- --------------- --------------- --------------- --------------- --------------- --------------- --------------- --------------- --------------- --------------- ---------------
    0   4.1221 THz   0.0000  0.0000 -0.0000 -0.0000 -0.0000 -0.0000 -0.1235  0.0000  0.6682 -0.0000  0.0000  0.0000  0.1957  0.0000  0.0000 -0.0000 -0.6682  0.0000 -0.0000 -0.0000 -0.1957 -0.0000  0.1235 -0.0000
    1   4.1221 THz   0.0000  0.0000  0.0000  0.0000  0.0000  0.0000 -0.3728 -0.0000  0.1044 -0.0000 -0.0000 -0.0000 -0.5917 -0.0000  0.0000  0.0000 -0.1044  0.0000 -0.0000  0.0000  0.5917  0.0000  0.3728  0.0000
    2   4.1221 THz   0.0000  0.0000 -0.0000 -0.0000  0.0000  0.0000  0.5880  0.0000  0.2065  0.0000 -0.0000 -0.0000 -0.3340 -0.0000 -0.0000  0.0000 -0.2065 -0.0000  0.0000  0.0000  0.3340  0.0000 -0.5880 -0.0000
    3   5.3171 THz   0.0000  0.0000 -0.2429 -0.0000  0.5604 -0.0000  0.2226  0.0000  0.0000 -0.0000 -0.0000 -0.0000 -0.5137  0.0000  0.0000 -0.0000 -0.0000  0.0000  0.0000  0.0000 -0.5137  0.0000  0.2226  0.0000
    4   5.3171 THz  -0.6107  0.0000  0.0000  0.0000  0.0000  0.0000  0.0000  0.0000  0.5599  0.0000  0.0000  0.0000  0.0000  0.0000  0.0000  0.0000  0.5599  0.0000  0.0000  0.0000  0.0000  0.0000  0.0000  0.0000
    5   5.3171 THz   0.0000  0.0000 -0.5604 -0.0000 -0.2429  0.0000  0.5137  0.0000 -0.0000 -0.0000  0.0000  0.0000  0.2226 -0.0000 -0.0000 -0.0000  0.0000  0.0000 -0.0000 -0.0000  0.2226 -0.0000  0.5137  0.0000
    6   5.3552 THz   0.0000  0.0000 -0.0000 -0.0000 -0.0000  0.0000 -0.0000  0.0000  0.0000 -0.0000 -0.3931 -0.0000  0.0000 -0.0000 -0.4232 -0.0000 -0.0000  0.0000  0.8163  0.0000  0.0000 -0.0000  0.0000  0.0000
    7   5.3552 THz   0.0000  0.0000 -0.0000  0.0000 -0.0000  0.0000  0.0000 -0.0000  0.0000 -0.0000 -0.7156  0.0000  0.0000 -0.0000  0.6983 -0.0000 -0.0000  0.0000  0.0173  0.0000  0.0000 -0.0000  0.0000 -0.0000
    8   9.6110 THz   0.0000  0.0000 -0.0000 -0.0000 -0.0000 -0.0000  0.0000  0.0000 -0.0000 -0.0000  0.5774  0.0000  0.0000 -0.0000  0.5774  0.0000  0.0000  0.0000  0.5774  0.0000  0.0000 -0.0000  0.0000  0.0000
    9  11.1774 THz   0.0000  0.0000  0.7758 -0.0000 -0.1583 -0.0000  0.4231 -0.0000 -0.0000 -0.0000  0.0000  0.0000 -0.0863 -0.0000 -0.0000 -0.0000  0.0000  0.0000  0.0000  0.0000 -0.0863 -0.0000  0.4231 -0.0000
   10  11.1774 THz   0.0000  0.0000  0.1583 -0.0000  0.7758  0.0000  0.0863 -0.0000  0.0000  0.0000 -0.0000 -0.0000  0.4231  0.0000  0.0000  0.0000 -0.0000 -0.0000 -0.0000 -0.0000  0.4231  0.0000  0.0863 -0.0000
   11  11.1774 THz   0.7918  0.0000  0.0000  0.0000  0.0000  0.0000  0.0000  0.0000  0.4319  0.0000  0.0000  0.0000  0.0000  0.0000  0.0000  0.0000  0.4319  0.0000  0.0000  0.0000  0.0000  0.0000  0.0000  0.0000


 Q= -0.142979 -0.142979  0.000000, q= -0.500000 -0.500000  0.000000

                       Al X   0        Al Y   0        Al Z   0        Ni X   1        Ni Y   1        Ni Z   1        Ni X   2        Ni Y   2        Ni Z   2        Ni X   3        Ni Y   3        Ni Z   3     
                    --------------- --------------- --------------- --------------- --------------- --------------- --------------- --------------- --------------- --------------- --------------- ---------------
    0   4.2453 THz   0.0000  0.0000  0.0000 -0.0000  0.0000 -0.0000 -0.0000  0.0000  0.0000 -0.0000 -0.0000 -0.0000  0.4337 -0.5585 -0.0000  0.0000 -0.0000  0.0000  0.0000 -0.0000 -0.4337  0.5585 -0.0000 -0.0000
    1   5.1884 THz   0.0000  0.0000  0.4440  0.0000  0.0000  0.0000 -0.8960 -0.0000  0.0000  0.0000  0.0000  0.0000 -0.0000  0.0000  0.0000 -0.0000  0.0000 -0.0000 -0.0000  0.0000  0.0000 -0.0000  0.0000  0.0000
    2   5.1884 THz  -0.4440  0.0000  0.0000  0.0000  0.0000  0.0000  0.0000  0.0000  0.8960  0.0000  0.0000  0.0000 -0.0000  0.0000  0.0000  0.0000  0.0000  0.0000  0.0000 -0.0000  0.0000  0.0000  0.0000  0.0000
    3   5.3967 THz   0.0000  0.0000  0.0000 -0.0000 -0.0000 -0.0000 -0.0000  0.0000  0.0000 -0.0000  0.0000 -0.0000 -0.0000  0.0000 -0.6033  0.3688 -0.0000  0.0000  0.6033 -0.3688  0.0000 -0.0000  0.0000 -0.0000
    4   6.2664 THz   0.0000  0.0000  0.0000 -0.0000 -0.0000  0.0000 -0.0000  0.0000 -0.0000  0.0000 -0.0000  0.0000 -0.0000  0.0000 -0.0000 -0.0000 -0.0000  0.0000  0.0000  0.0000  0.0000 -0.0000 -0.9890  0.1480
    5   6.2664 THz   0.0000  0.0000 -0.0000  0.0000  0.0000  0.0000  0.0000 -0.0000 -0.0000 -0.0000  0.0000 -0.0000 -0.0000  0.0000 -0.0000  0.0000  0.9948 -0.1019  0.0000 -0.0000 -0.0000  0.0000 -0.0000 -0.0000
    6   7.0445 THz   0.0000  0.0000  0.0000 -0.0000  0.0000 -0.0000 -0.0000  0.0000 -0.0000  0.0000 -0.9895 -0.1445 -0.0000  0.0000 -0.0000 -0.0000  0.0000  0.0000  0.0000 -0.0000  0.0000  0.0000  0.0000  0.0000
    7   8.2137 THz   0.0000  0.0000  0.0000 -0.0000 -0.0000 -0.0000 -0.0000  0.0000 -0.0000  0.0000  0.0000  0.0000 -0.4309  0.5606  0.0000  0.0000 -0.0000  0.0000  0.0000  0.0000 -0.4309  0.5606 -0.0000 -0.0000
    8   8.3433 THz   0.0000  0.0000  0.0000 -0.0000 -0.0000  0.0000 -0.0000  0.0000 -0.0000 -0.0000  0.0000  0.0000 -0.0000 -0.0000  0.6054 -0.3654 -0.0000  0.0000  0.6054 -0.3654  0.0000 -0.0000  0.0000 -0.0000
    9   9.9943 THz   0.0000  0.0000  0.0000  0.0000  1.0000  0.0066  0.0000 -0.0000  0.0000  0.0000  0.0000  0.0000 -0.0000  0.0000  0.0000 -0.0000 -0.0000  0.0000  0.0000 -0.0000  0.0000  0.0000 -0.0000 -0.0000
   10  10.5572 THz   0.8960  0.0000  0.0000  0.0000  0.0000  0.0000  0.0000  0.0000  0.4440  0.0000  0.0000  0.0000 -0.0000  0.0000  0.0000  0.0000  0.0000  0.0000  0.0000 -0.0000  0.0000  0.0000  0.0000  0.0000
   11  10.5572 THz   0.0000  0.0000  0.8960 -0.0000 -0.0000 -0.0000  0.4440 -0.0000 -0.0000  0.0000 -0.0000  0.0000 -0.0000  0.0000 -0.0000  0.0000  0.0000 -0.0000 -0.0000  0.0000 -0.0000  0.0000  0.0000  0.0000


 Q= -0.142979  0.000000 -0.142979, q= -0.500000  0.000000 -0.500000

                       Al X   0        Al Y   0        Al Z   0        Ni X   1        Ni Y   1        Ni Z   1        Ni X   2        Ni Y   2        Ni Z   2        Ni X   3        Ni Y   3        Ni Z   3     
                    --------------- --------------- --------------- --------------- --------------- --------------- --------------- --------------- --------------- --------------- --------------- ---------------
    0   4.2453 THz   0.0000  0.0000 -0.0000  0.0000  0.0000  0.0000  0.5873 -0.3938  0.0000 -0.0000 -0.0000  0.0000 -0.0000 -0.0000  0.0000  0.0000  0.0000 -0.0000  0.0000 -0.0000  0.0000 -0.0000 -0.5873  0.3938
    1   5.1884 THz  -0.4440  0.0000  0.0000  0.0000  0.0000  0.0000 -0.0000  0.0000  0.0000  0.0000  0.0000  0.0000  0.0000  0.0000  0.0000  0.0000  0.8960  0.0000  0.0000  0.0000  0.0000  0.0000  0.0000  0.0000
    2   5.1884 THz   0.0000  0.0000 -0.0000 -0.0000 -0.4431 -0.0277  0.0000 -0.0000  0.0000  0.0000 -0.0000 -0.0000  0.8943  0.0559  0.0000  0.0000  0.0000 -0.0000  0.0000  0.0000  0.0000  0.0000 -0.0000  0.0000
    3   5.3967 THz   0.0000  0.0000  0.0000  0.0000 -0.0000  0.0000  0.0000  0.0000 -0.0000 -0.0000  0.7070 -0.0095  0.0000 -0.0000 -0.0000 -0.0000 -0.0000 -0.0000 -0.7070  0.0095  0.0000 -0.0000 -0.0000  0.0000
    4   6.2664 THz   0.0000  0.0000  0.0000  0.0000  0.0000  0.0000  0.0000  0.0000  0.0923  0.1808 -0.0000  0.0000 -0.0000  0.0000 -0.0000  0.0000  0.0000  0.0000 -0.0000  0.0000  0.9749  0.0912  0.0000  0.0000
    5   6.2664 THz   0.0000  0.0000  0.0000  0.0000 -0.0000  0.0000  0.0000 -0.0000  0.7057  0.6788  0.0000  0.0000  0.0000 -0.0000  0.0000 -0.0000  0.0000  0.0000 -0.0000  0.0000 -0.1972  0.0481  0.0000  0.0000
    6   7.0445 THz   0.0000  0.0000  0.0000 -0.0000  0.0000  0.0000  0.0000 -0.0000  0.0000 -0.0000  0.0000 -0.0000 -0.0000 -0.0000  0.3306  0.9438  0.0000 -0.0000 -0.0000 -0.0000  0.0000  0.0000  0.0000 -0.0000
    7   8.2137 THz   0.0000  0.0000  0.0000 -0.0000 -0.0000  0.0000 -0.5849  0.3974  0.0000  0.0000  0.0000  0.0000  0.0000  0.0000 -0.0000 -0.0000 -0.0000  0.0000  0.0000  0.0000 -0.0000  0.0000 -0.5849  0.3974
    8   8.3433 THz   0.0000  0.0000  0.0000 -0.0000  0.0000 -0.0000 -0.0000  0.0000  0.0000 -0.0000 -0.7069  0.0184 -0.0000  0.0000  0.0000  0.0000  0.0000 -0.0000 -0.7069  0.0184 -0.0000  0.0000 -0.0000  0.0000
    9   9.9943 THz   0.0000  0.0000  1.0000  0.0000  0.0000 -0.0000  0.0000 -0.0000 -0.0000  0.0000  0.0000  0.0000  0.0000 -0.0000  0.0000 -0.0000 -0.0000 -0.0000  0.0000  0.0000 -0.0000 -0.0000  0.0000  0.0000
   10  10.5572 THz   0.8960  0.0000  0.0000  0.0000  0.0000  0.0000 -0.0000  0.0000  0.0000  0.0000  0.0000  0.0000  0.0000  0.0000  0.0000  0.0000  0.4440  0.0000  0.0000  0.0000  0.0000  0.0000  0.0000  0.0000
   11  10.5572 THz   0.0000  0.0000 -0.0000 -0.0000  0.8960 -0.0061 -0.0000  0.0000 -0.0000  0.0000  0.0000 -0.0000  0.4440 -0.0030 -0.0000 -0.0000  0.0000  0.0000  0.0000 -0.0000 -0.0000 -0.0000 -0.0000  0.0000


 Q= -0.142979  0.000000  0.000000, q= -0.500000  0.000000  0.000000

                       Al X   0        Al Y   0        Al Z   0        Ni X   1        Ni Y   1        Ni Z   1        Ni X   2        Ni Y   2        Ni Z   2        Ni X   3        Ni Y   3        Ni Z   3     
                    --------------- --------------- --------------- --------------- --------------- --------------- --------------- --------------- --------------- --------------- --------------- ---------------
    0   4.7741 THz   0.0000  0.0000 -0.0000  0.0000 -0.0000  0.0000 -0.0000  0.0000  0.0000 -0.0000 -0.5976  0.2652  0.0000 -0.0000  0.0000 -0.0000 -0.6916  0.3069 -0.0000 -0.0000 -0.0000  0.0000 -0.0000  0.0000
    1   4.7741 THz   0.0000  0.0000 -0.0000 -0.0000  0.0000  0.0000  0.0000  0.0000 -0.0000 -0.7567  0.0000 -0.0000 -0.0000 -0.0000 -0.0000 -0.6538  0.0000 -0.0000 -0.0000 -0.0000 -0.0000 -0.0000  0.0000  0.0000
    2   5.6600 THz   0.0000  0.0000  0.0022  0.0629 -0.2936 -0.2266  0.0000  0.0000  0.0000 -0.0000  0.0000  0.0000 -0.0000 -0.0000  0.0000 -0.0000  0.0000  0.0000 -0.0000 -0.0000  0.0054  0.1550 -0.7232 -0.5580
    3   5.6600 THz   0.0000  0.0000 -0.3697 -0.0299 -0.0440  0.0451  0.0000 -0.0000  0.0000  0.0000  0.0000  0.0000 -0.0000  0.0000  0.0000  0.0000  0.0000  0.0000 -0.0000 -0.0000 -0.9105 -0.0735 -0.1083  0.1111
    4   6.3818 THz   0.0000  0.0000 -0.0000 -0.0000  0.0000 -0.0000 -0.0000 -0.7071  0.0000 -0.0000  0.0000 -0.0000  0.0000  0.7071  0.0000 -0.0000 -0.0000  0.0000  0.0000 -0.0000 -0.0000  0.0000 -0.0000 -0.0000
    5   6.6437 THz   0.0000  0.0000 -0.0000  0.0000  0.0000  0.0000  0.3944  0.5869  0.0000 -0.0000  0.0000 -0.0000  0.3944  0.5869  0.0000  0.0000 -0.0000  0.0000  0.0000  0.0000 -0.0000  0.0000  0.0000 -0.0000
    6   7.1278 THz  -0.0723  0.0000  0.0000  0.0000  0.0000  0.0000 -0.0000 -0.0000  0.0000  0.0000  0.0000  0.0000 -0.0000 -0.0000  0.0000  0.0000  0.0000  0.0000  0.9974  0.0000  0.0000  0.0000  0.0000  0.0000
    7   8.2453 THz   0.0000  0.0000 -0.0000  0.0000  0.0000 -0.0000 -0.0000  0.0000  0.0000 -0.0000  0.6916 -0.3069 -0.0000 -0.0000  0.0000 -0.0000 -0.5976  0.2652 -0.0000 -0.0000 -0.0000  0.0000 -0.0000  0.0000
    8   8.2453 THz   0.0000  0.0000 -0.0000 -0.0000 -0.0000 -0.0000 -0.0000 -0.0000 -0.0000 -0.6538 -0.0000  0.0000 -0.0000 -0.0000  0.0000  0.7567 -0.0000  0.0000 -0.0000 -0.0000  0.0000  0.0000  0.0000  0.0000
    9  10.1585 THz   0.0000  0.0000 -0.2207  0.0501 -0.6753  0.5927 -0.0000  0.0000  0.0000 -0.0000  0.0000 -0.0000  0.0000  0.0000 -0.0000  0.0000  0.0000  0.0000 -0.0000 -0.0000  0.0896 -0.0204  0.2742 -0.2406
   10  10.1585 THz   0.0000  0.0000  0.8985  0.0051 -0.1996  0.1068 -0.0000  0.0000  0.0000 -0.0000  0.0000  0.0000  0.0000  0.0000 -0.0000  0.0000  0.0000 -0.0000  0.0000  0.0000 -0.3648 -0.0021  0.0810 -0.0434
   11  10.2442 THz   0.9974  0.0000  0.0000  0.0000  0.0000  0.0000 -0.0000 -0.0000  0.0000  0.0000  0.0000  0.0000 -0.0000 -0.0000  0.0000  0.0000  0.0000  0.0000  0.0723  0.0000  0.0000  0.0000  0.0000  0.0000


 Q=  0.000000 -0.142979 -0.142979, q=  0.000000 -0.500000 -0.500000

                       Al X   0        Al Y   0        Al Z   0        Ni X   1        Ni Y   1        Ni Z   1        Ni X   2        Ni Y   2        Ni Z   2        Ni X   3        Ni Y   3        Ni Z   3     
                    --------------- --------------- --------------- --------------- --------------- --------------- --------------- --------------- --------------- --------------- --------------- ---------------
    0   4.2453 THz   0.0000  0.0000 -0.0000  0.0000 -0.0000 -0.0000  0.0000 -0.0000  0.0000  0.7071  0.0000 -0.0000  0.0000  0.0000 -0.0000  0.0000  0.0000 -0.7071 -0.0000  0.0000  0.0000  0.0000  0.0000 -0.0000
    1   5.1884 THz   0.0000  0.0000 -0.0005 -0.0833 -0.0299 -0.4351 -0.0000 -0.0000  0.0000 -0.0000  0.0000  0.0000  0.0000 -0.0000 -0.0000 -0.0000 -0.0000  0.0000 -0.0000 -0.0000  0.0604  0.8780  0.0011  0.1682
    2   5.1884 THz   0.0000  0.0000 -0.4121  0.1426  0.0769 -0.0321  0.0000  0.0000 -0.0000 -0.0000 -0.0000  0.0000 -0.0000  0.0000  0.0000 -0.0000  0.0000  0.0000  0.0000  0.0000 -0.1552  0.0648  0.8317 -0.2878
    3   5.3967 THz   0.0000  0.0000 -0.0000  0.0000 -0.0000 -0.0000 -0.0000  0.0000  0.0000 -0.0000 -0.7070 -0.0103  0.0000 -0.0000  0.7070  0.0103 -0.0000 -0.0000 -0.0000  0.0000  0.0000  0.0000  0.0000  0.0000
    4   6.2664 THz   0.0000  0.0000  0.0000 -0.0000 -0.0000 -0.0000  0.7902  0.0002  0.0000 -0.0000  0.0000  0.0000 -0.6128 -0.0002  0.0000  0.0000  0.0000  0.0000  0.0000  0.0000  0.0000  0.0000 -0.0000  0.0000
    5   6.2664 THz   0.0000  0.0000 -0.0000  0.0000  0.0000 -0.0000 -0.6128  0.0000  0.0000  0.0000 -0.0000  0.0000 -0.7902 -0.0000  0.0000  0.0000  0.0000 -0.0000 -0.0000 -0.0000 -0.0000  0.0000  0.0000 -0.0000
    6   7.0445 THz   0.0000  0.0000 -0.0000  0.0000  0.0000  0.0000  0.0000  0.0000 -0.0000 -0.0000 -0.0000  0.0000  0.0000 -0.0000 -0.0000  0.0000 -0.0000  0.0000 -1.0000 -0.0000 -0.0000 -0.0000 -0.0000 -0.0000
    7   8.2137 THz   0.0000  0.0000  0.0000 -0.0000 -0.0000 -0.0000 -0.0000 -0.0000  0.0000 -0.7071  0.0000 -0.0000 -0.0000  0.0000  0.0000 -0.0000  0.0000 -0.7071  0.0000  0.0000 -0.0000 -0.0000  0.0000 -0.0000
    8   8.3433 THz   0.0000  0.0000 -0.0000 -0.0000  0.0000  0.0000  0.0000 -0.0000 -0.0000  0.0000 -0.6563 -0.2631 -0.0000  0.0000 -0.6563 -0.2631  0.0000 -0.0000 -0.0000  0.0000  0.0000  0.0000  0.0000 -0.0000
    9   9.9943 THz   1.0000  0.0000  0.0000  0.0000  0.0000  0.0000  0.0000  0.0000  0.0000  0.0000  0.0000  0.0000  0.0000  0.0000  0.0000  0.0000  0.0000  0.0000  0.0000  0.0000  0.0000  0.0000  0.0000  0.0000
   10  10.5572 THz   0.0000  0.0000  0.0371 -0.8868  0.1188 -0.0299  0.0000 -0.0000  0.0000  0.0000  0.0000  0.0000  0.0000  0.0000  0.0000 -0.0000 -0.0000 -0.0000 -0.0000 -0.0000  0.0589 -0.0148  0.0184 -0.4394
   11  10.5572 THz   0.0000  0.0000  0.0469 -0.1132 -0.8827 -0.0931  0.0000 -0.0000  0.0000  0.0000 -0.0000  0.0000  0.0000  0.0000 -0.0000  0.0000 -0.0000  0.0000 -0.0000 -0.0000 -0.4374 -0.0461  0.0232 -0.0561


 Q=  0.000000 -0.142979  0.000000, q=  0.000000 -0.500000  0.000000

                       Al X   0        Al Y   0        Al Z   0        Ni X   1        Ni Y   1        Ni Z   1        Ni X   2        Ni Y   2        Ni Z   2        Ni X   3        Ni Y   3        Ni Z   3     
                    --------------- --------------- --------------- --------------- --------------- --------------- --------------- --------------- --------------- --------------- --------------- ---------------
    0   4.7741 THz   0.0000  0.0000  0.0000 -0.0000 -0.0000  0.0000  0.7561  0.0300  0.0000 -0.0000 -0.0009 -0.0003 -0.0000  0.0000 -0.0000  0.0000 -0.0000  0.0000  0.6533  0.0259 -0.0000  0.0000 -0.0010 -0.0004
    1   4.7741 THz   0.0000  0.0000  0.0000  0.0000 -0.0000 -0.0000 -0.0011 -0.0000 -0.0000  0.0000 -0.6143 -0.2238  0.0000 -0.0000 -0.0000 -0.0000 -0.0000 -0.0000 -0.0009 -0.0000  0.0000 -0.0000 -0.7109 -0.2591
    2   5.6600 THz   0.0000  0.0000  0.0000  0.0000 -0.3693  0.0718 -0.0000  0.0000  0.0000  0.0000  0.0000  0.0000  0.0000 -0.0000 -0.0000 -0.0000 -0.9095  0.1769 -0.0000 -0.0000 -0.0000 -0.0000  0.0000  0.0000
    3   5.6600 THz  -0.3762  0.0000  0.0000  0.0000  0.0000  0.0000 -0.0000  0.0000  0.0000 -0.0000  0.0000  0.0000 -0.9265  0.0000  0.0000  0.0000  0.0000  0.0000  0.0000 -0.0000  0.0000  0.0000  0.0000  0.0000
    4   6.3818 THz   0.0000  0.0000 -0.0000 -0.0000  0.0000  0.0000  0.0000 -0.0000 -0.0000  0.7071 -0.0000 -0.0000 -0.0000  0.0000  0.0000 -0.0000  0.0000  0.0000  0.0000 -0.0000  0.0000 -0.7071 -0.0000 -0.0000
    5   6.6437 THz   0.0000  0.0000  0.0000 -0.0000  0.0000 -0.0000 -0.0000  0.0000  0.0000 -0.7071 -0.0000 -0.0000  0.0000 -0.0000 -0.0000 -0.0000  0.0000 -0.0000 -0.0000  0.0000 -0.0000 -0.7071  0.0000  0.0000
    6   7.1278 THz   0.0000  0.0000  0.0058  0.0721  0.0000  0.0000  0.0000 -0.0000 -0.0000  0.0000  0.0000  0.0000 -0.0000 -0.0000 -0.0805 -0.9941  0.0000  0.0000 -0.0000 -0.0000 -0.0000  0.0000 -0.0000  0.0000
    7   8.2453 THz   0.0000  0.0000  0.0000  0.0000  0.0000  0.0000 -0.6528  0.0358 -0.0000 -0.0000  0.0000  0.0000  0.0000  0.0000 -0.0000 -0.0000  0.0000  0.0000  0.7555 -0.0415  0.0000  0.0000 -0.0000 -0.0000
    8   8.2453 THz   0.0000  0.0000 -0.0000  0.0000 -0.0000 -0.0000  0.0000 -0.0000  0.0000 -0.0000  0.7109  0.2591 -0.0000 -0.0000 -0.0000  0.0000 -0.0000  0.0000 -0.0000  0.0000 -0.0000  0.0000 -0.6143 -0.2238
    9  10.1585 THz   0.0000  0.0000 -0.0000  0.0000  0.9261  0.0300  0.0000  0.0000  0.0000  0.0000  0.0000  0.0000 -0.0000  0.0000 -0.0000  0.0000 -0.3760 -0.0122 -0.0000  0.0000 -0.0000  0.0000 -0.0000  0.0000
   10  10.1585 THz   0.9265  0.0000  0.0000  0.0000  0.0000  0.0000 -0.0000  0.0000  0.0000 -0.0000  0.0000  0.0000 -0.3762  0.0000  0.0000  0.0000  0.0000  0.0000  0.0000 -0.0000  0.0000  0.0000  0.0000  0.0000
   11  10.2442 THz   0.0000  0.0000 -0.1374  0.9879 -0.0000  0.0000  0.0000  0.0000  0.0000 -0.0000 -0.0000 -0.0000  0.0000 -0.0000 -0.0100  0.0716  0.0000 -0.0000 -0.0000  0.0000  0.0000 -0.0000  0.0000  0.0000


 Q=  0.000000  0.000000 -0.142979, q=  0.000000  0.000000 -0.500000

                       Al X   0        Al Y   0        Al Z   0        Ni X   1        Ni Y   1        Ni Z   1        Ni X   2        Ni Y   2        Ni Z   2        Ni X   3        Ni Y   3        Ni Z   3     
                    --------------- --------------- --------------- --------------- --------------- --------------- --------------- --------------- --------------- --------------- --------------- ---------------
    0   4.7741 THz   0.0000  0.0000  0.0000  0.0000 -0.0000 -0.0000  0.0000  0.0000  0.0000  0.0000 -0.0000  0.0000 -0.0535  0.0003  0.6522  0.0013  0.0000  0.0000 -0.0462  0.0002  0.7548  0.0015  0.0000 -0.0000
    1   4.7741 THz   0.0000  0.0000  0.0000  0.0000  0.0000  0.0000  0.0000  0.0000  0.0000  0.0000 -0.0000 -0.0000 -0.7548  0.0039 -0.0462 -0.0001 -0.0000  0.0000 -0.6522  0.0034 -0.0535 -0.0001  0.0000  0.0000
    2   5.6600 THz  -0.3762  0.0000  0.0000  0.0000  0.0000  0.0000 -0.9265  0.0000  0.0000  0.0000  0.0000  0.0000 -0.0000  0.0000  0.0000  0.0000  0.0000  0.0000  0.0000  0.0000  0.0000  0.0000  0.0000  0.0000
    3   5.6600 THz   0.0000  0.0000  0.3762  0.0000 -0.0000  0.0000 -0.0000 -0.0000  0.9265  0.0000 -0.0000 -0.0000  0.0000 -0.0000 -0.0000 -0.0000 -0.0000  0.0000  0.0000 -0.0000 -0.0000  0.0000  0.0000  0.0000
    4   6.3818 THz   0.0000  0.0000  0.0000  0.0000 -0.0000  0.0000 -0.0000  0.0000  0.0000  0.0000 -0.0000 -0.0000 -0.0000 -0.0000 -0.0000 -0.0000 -0.0000  0.7071 -0.0000 -0.0000 -0.0000 -0.0000  0.0000 -0.7071
    5   6.6437 THz   0.0000  0.0000  0.0000  0.0000 -0.0000 -0.0000 -0.0000  0.0000  0.0000  0.0000 -0.0000 -0.0000 -0.0000  0.0000 -0.0000 -0.0000  0.0000 -0.7071 -0.0000 -0.0000  0.0000  0.0000  0.0000 -0.7071
    6   7.1278 THz   0.0000  0.0000  0.0000 -0.0000 -0.0710  0.0138  0.0000 -0.0000  0.0000 -0.0000  0.9792 -0.1897 -0.0000  0.0000 -0.0000 -0.0000 -0.0000 -0.0000 -0.0000  0.0000  0.0000  0.0000 -0.0000 -0.0000
    7   8.2453 THz   0.0000  0.0000  0.0000 -0.0000  0.0000  0.0000  0.0000 -0.0000  0.0000 -0.0000 -0.0000  0.0000 -0.0033 -0.0000 -0.7566  0.0048  0.0000  0.0000  0.0039  0.0000  0.6538 -0.0042 -0.0000 -0.0000
    8   8.2453 THz   0.0000  0.0000  0.0000 -0.0000 -0.0000  0.0000  0.0000 -0.0000  0.0000  0.0000 -0.0000 -0.0000 -0.6538 -0.0064  0.0039 -0.0000 -0.0000 -0.0000  0.7566  0.0074 -0.0033  0.0000  0.0000 -0.0000
    9  10.1585 THz   0.9265  0.0000  0.0000  0.0000  0.0000  0.0000 -0.3762  0.0000  0.0000  0.0000  0.0000  0.0000 -0.0000  0.0000  0.0000  0.0000  0.0000  0.0000  0.0000  0.0000  0.0000  0.0000  0.0000  0.0000
   10  10.1585 THz   0.0000  0.0000  0.9265  0.0000  0.0000 -0.0000 -0.0000 -0.0000 -0.3762  0.0000  0.0000 -0.0000  0.0000  0.0000  0.0000  0.0000  0.0000  0.0000  0.0000 -0.0000 -0.0000 -0.0000  0.0000 -0.0000
   11  10.2442 THz   0.0000  0.0000 -0.0000 -0.0000  0.9974  0.0002 -0.0000  0.0000  0.0000  0.0000  0.0723  0.0000 -0.0000 -0.0000  0.0000 -0.0000 -0.0000  0.0000  0.0000  0.0000 -0.0000  0.0000 -0.0000 -0.0000


 Q=  0.000000  0.000000  0.000000, q=  0.000000  0.000000  0.000000

                       Al X   0        Al Y   0        Al Z   0        Ni X   1        Ni Y   1        Ni Z   1        Ni X   2        Ni Y   2        Ni Z   2        Ni X   3        Ni Y   3        Ni Z   3     
                    --------------- --------------- --------------- --------------- --------------- --------------- --------------- --------------- --------------- --------------- --------------- ---------------
    0   0.0000 THz   0.0000  0.0000  0.1262  0.0000  0.3420  0.0000  0.0000  0.0000  0.1861  0.0000  0.5044  0.0000  0.0000  0.0000  0.1861  0.0000  0.5044  0.0000 -0.0000  0.0000  0.1861  0.0000  0.5044  0.0000
    1   0.0000 THz   0.0000  0.0000 -0.3420  0.0000  0.1262  0.0000 -0.0000  0.0000 -0.5044  0.0000  0.1861  0.0000 -0.0000  0.0000 -0.5044  0.0000  0.1861  0.0000  0.0000  0.0000 -0.5044  0.0000  0.1861  0.0000
    2  -0.0000 THz   0.3645  0.0000  0.0000  0.0000  0.0000  0.0000  0.5376  0.0000  0.0000  0.0000  0.0000  0.0000  0.5376  0.0000  0.0000  0.0000  0.0000  0.0000  0.5376  0.0000  0.0000  0.0000  0.0000  0.0000
    3   6.5606 THz   0.0000  0.0000  0.0000  0.0000  0.0000  0.0000 -0.7069  0.0000  0.0103  0.0000 -0.0000  0.0000  0.7069  0.0000 -0.0000  0.0000 -0.0126  0.0000  0.0000  0.0000 -0.0103  0.0000  0.0126  0.0000
    4   6.5606 THz   0.0000  0.0000 -0.0000  0.0000 -0.0000  0.0000  0.0163  0.0000  0.4477  0.0000  0.0000  0.0000 -0.0163  0.0000  0.0000  0.0000 -0.5471  0.0000 -0.0000  0.0000 -0.4477  0.0000  0.5471  0.0000
    5   6.5606 THz   0.0000  0.0000 -0.0000  0.0000  0.0000  0.0000  0.0000  0.0000  0.5472  0.0000 -0.0000  0.0000 -0.0000  0.0000  0.0000  0.0000  0.4478  0.0000 -0.0000  0.0000 -0.5472  0.0000 -0.4478  0.0000
    6   7.6481 THz   0.0000  0.0000 -0.0813  0.0000  0.5104  0.0000  0.0000  0.0000 -0.0350  0.0000 -0.7861  0.0000 -0.0000  0.0000  0.1252  0.0000  0.2200  0.0000 -0.0000  0.0000 -0.0350  0.0000  0.2200  0.0000
    7   7.6481 THz   0.0000  0.0000  0.5104  0.0000  0.0813  0.0000  0.0000  0.0000  0.2200  0.0000 -0.1252  0.0000 -0.0000  0.0000 -0.7861  0.0000  0.0350  0.0000 -0.0000  0.0000  0.2200  0.0000  0.0350  0.0000
    8   7.6481 THz  -0.5168  0.0000  0.0000  0.0000  0.0000  0.0000 -0.2228  0.0000  0.0000  0.0000  0.0000  0.0000 -0.2228  0.0000  0.0000  0.0000  0.0000  0.0000  0.7960  0.0000  0.0000  0.0000  0.0000  0.0000
    9  10.7233 THz   0.0000  0.0000  0.7700  0.0000 -0.0847  0.0000  0.0000  0.0000 -0.3992  0.0000 -0.0304  0.0000 -0.0000  0.0000  0.2765  0.0000  0.0439  0.0000 -0.0000  0.0000 -0.3992  0.0000  0.0439  0.0000
   10  10.7233 THz   0.0000  0.0000  0.0847  0.0000  0.7700  0.0000  0.0000  0.0000 -0.0439  0.0000  0.2765  0.0000 -0.0000  0.0000  0.0304  0.0000 -0.3992  0.0000 -0.0000  0.0000 -0.0439  0.0000 -0.3992  0.0000
   11  10.7233 THz   0.7746  0.0000  0.0000  0.0000  0.0000  0.0000 -0.4017  0.0000  0.0000  0.0000  0.0000  0.0000 -0.4017  0.0000  0.0000  0.0000  0.0000  0.0000  0.2781  0.0000  0.0000  0.0000  0.0000  0.0000
