
Used Primitive lattice vector

    0.000000000000      2.035836813200      2.035836813200  
    2.035836813200      0.000000000000      2.035836813200  
    2.035836813200      2.035836813200      0.000000000000  

   1 Atom(s) in the Primitive cell

 -0.0000010000 0.0000010000 0.0000010000 Al    0


 Q=  0.000000  0.000000 -0.245599, q= -0.500000 -0.500000  0.000000

                       Al X   0        Al Y   0        Al Z   0     
                    --------------- --------------- ---------------
    0   5.3745 THz   0.0000  0.0000 -1.0000 -0.0000 -0.0000 -0.0000
    1   5.3745 THz   1.0000  0.0000  0.0000  0.0000  0.0000  0.0000
    2   8.8756 THz   0.0000  0.0000  0.0000  0.0000 -1.0000 -0.0000


 Q=  0.000000 -0.245599  0.000000, q= -0.500000  0.000000 -0.500000

                       Al X   0        Al Y   0        Al Z   0     
                    --------------- --------------- ---------------
    0   5.3745 THz   1.0000  0.0000  0.0000  0.0000  0.0000  0.0000
    1   5.3745 THz   0.0000  0.0000 -0.0000  0.0000 -1.0000  0.0000
    2   8.8756 THz   0.0000  0.0000 -1.0000 -0.0000  0.0000  0.0000


 Q= -0.245599  0.000000  0.000000, q=  0.000000 -0.500000 -0.500000

                       Al X   0        Al Y   0        Al Z   0     
                    --------------- --------------- ---------------
    0   5.3745 THz   0.0000  0.0000  0.3636  0.0000 -0.9316 -0.0000
    1   5.3745 THz   0.0000  0.0000 -0.9316  0.0000 -0.3636  0.0000
    2   8.8756 THz   1.0000  0.0000  0.0000  0.0000  0.0000  0.0000


 Q=  0.000000  0.000000  0.000000, q=  0.000000  0.000000  0.000000

                       Al X   0        Al Y   0        Al Z   0     
                    --------------- --------------- ---------------
    0  -0.0000 THz   0.8737  0.0000  0.1181  0.0000 -0.4719  0.0000
    1   0.0000 THz   0.4742  0.0000  0.0093  0.0000  0.8804  0.0000
    2   0.0000 THz   0.1084  0.0000 -0.9930  0.0000 -0.0479  0.0000
