
Used Primitive lattice vector

    0.000000000000      2.146161000000      2.146161000000  
    2.146161000000      0.000000000000      2.146161000000  
    2.146161000000      2.146161000000      0.000000000000  

   1 Atom(s) in the Primitive cell

 -0.0000010000 0.0000010000 0.0000010000 Al    0


 Q=  0.000000  0.000000 -0.232974, q= -0.500000 -0.500000  0.000000

                       Al X   0        Al Y   0        Al Z   0     
                    --------------- --------------- ---------------
    0   3.2353 THz   0.0000  0.0000 -1.0000  0.0000  0.0000 -0.0000
    1   3.2353 THz   1.0000  0.0000  0.0000  0.0000  0.0000  0.0000
    2   6.2160 THz   0.0000  0.0000  0.0000 -0.0000  1.0000 -0.0000


 Q=  0.000000 -0.232974  0.000000, q= -0.500000  0.000000 -0.500000

                       Al X   0        Al Y   0        Al Z   0     
                    --------------- --------------- ---------------
    0   3.2353 THz   0.0000  0.0000 -0.0000  0.0000 -1.0000  0.0000
    1   3.2353 THz   1.0000  0.0000  0.0000  0.0000  0.0000  0.0000
    2   6.2160 THz   0.0000  0.0000  1.0000 -0.0000 -0.0000  0.0000


 Q= -0.232974  0.000000  0.000000, q=  0.000000 -0.500000 -0.500000

                       Al X   0        Al Y   0        Al Z   0     
                    --------------- --------------- ---------------
    0   3.2353 THz   0.0000  0.0000  0.9115  0.0000 -0.4112  0.0000
    1   3.2353 THz   0.0000  0.0000 -0.4112 -0.0000 -0.9115 -0.0000
    2   6.2160 THz   1.0000  0.0000  0.0000  0.0000  0.0000  0.0000


 Q=  0.000000  0.000000  0.000000, q=  0.000000  0.000000  0.000000

                       Al X   0        Al Y   0        Al Z   0     
                    --------------- --------------- ---------------
    0  -0.0000 THz  -0.2613  0.0000  0.2142  0.0000  0.9412  0.0000
    1  -0.0000 THz  -0.2155  0.0000  0.9375  0.0000 -0.2732  0.0000
    2  -0.0000 THz   0.9409  0.0000  0.2742  0.0000  0.1988  0.0000
