
Used Primitive lattice vector

    0.000000000000      1.753365000000      1.753365000000  
    1.753365000000      0.000000000000      1.753365000000  
    1.753365000000      1.753365000000      0.000000000000  

   1 Atom(s) in the Primitive cell

 -0.0000010000 0.0000010000 0.0000010000 Ni    0


 Q=  0.000000  0.000000 -0.285166, q= -0.500000 -0.500000  0.000000

                       Ni X   0        Ni Y   0        Ni Z   0     
                    --------------- --------------- ---------------
    0   6.2153 THz   1.0000  0.0000  0.0000  0.0000  0.0000  0.0000
    1   6.2153 THz   0.0000  0.0000  1.0000  0.0000 -0.0000 -0.0000
    2   7.9416 THz   0.0000  0.0000 -0.0000 -0.0000 -1.0000 -0.0000


 Q=  0.000000 -0.285166  0.000000, q= -0.500000  0.000000 -0.500000

                       Ni X   0        Ni Y   0        Ni Z   0     
                    --------------- --------------- ---------------
    0   6.2153 THz   1.0000  0.0000  0.0000  0.0000  0.0000  0.0000
    1   6.2153 THz   0.0000  0.0000  0.0000 -0.0000 -1.0000  0.0000
    2   7.9416 THz   0.0000  0.0000  1.0000 -0.0000  0.0000  0.0000


 Q= -0.285166  0.000000  0.000000, q=  0.000000 -0.500000 -0.500000

                       Ni X   0        Ni Y   0        Ni Z   0     
                    --------------- --------------- ---------------
    0   6.2153 THz   0.0000  0.0000 -0.4583 -0.0000 -0.8888  0.0000
    1   6.2153 THz   0.0000  0.0000  0.8888 -0.0000 -0.4583  0.0000
    2   7.9416 THz   1.0000  0.0000  0.0000  0.0000  0.0000  0.0000


 Q=  0.000000  0.000000  0.000000, q=  0.000000  0.000000  0.000000

                       Ni X   0        Ni Y   0        Ni Z   0     
                    --------------- --------------- ---------------
    0  -0.0000 THz  -0.9799  0.0000 -0.1097  0.0000 -0.1665  0.0000
    1   0.0000 THz  -0.0644  0.0000  0.9645  0.0000 -0.2562  0.0000
    2   0.0000 THz   0.1887  0.0000 -0.2403  0.0000 -0.9522  0.0000
