
Used Primitive lattice vector

    0.000000000000      1.733663000000      1.733663000000  
    1.733663000000      0.000000000000      1.733663000000  
    1.733663000000      1.733663000000      0.000000000000  

   1 Atom(s) in the Primitive cell

 -0.0000010000 0.0000010000 0.0000010000 Ni    0


 Q=  0.000000  0.000000 -0.288407, q= -0.500000 -0.500000  0.000000

                       Ni X   0        Ni Y   0        Ni Z   0     
                    --------------- --------------- ---------------
    0   6.7059 THz   1.0000  0.0000  0.0000  0.0000  0.0000  0.0000
    1   6.7059 THz   0.0000  0.0000 -1.0000 -0.0000 -0.0000  0.0000
    2   8.7238 THz   0.0000  0.0000 -0.0000 -0.0000  1.0000 -0.0000


 Q=  0.000000 -0.288407  0.000000, q= -0.500000  0.000000 -0.500000

                       Ni X   0        Ni Y   0        Ni Z   0     
                    --------------- --------------- ---------------
    0   6.7059 THz   1.0000  0.0000  0.0000  0.0000  0.0000  0.0000
    1   6.7059 THz   0.0000  0.0000 -0.0000 -0.0000 -1.0000 -0.0000
    2   8.7238 THz   0.0000  0.0000 -1.0000 -0.0000  0.0000  0.0000


 Q= -0.288407  0.000000  0.000000, q=  0.000000 -0.500000 -0.500000

                       Ni X   0        Ni Y   0        Ni Z   0     
                    --------------- --------------- ---------------
    0   6.7059 THz   0.0000  0.0000 -0.7179  0.0000  0.6962  0.0000
    1   6.7059 THz   0.0000  0.0000 -0.6962  0.0000 -0.7179 -0.0000
    2   8.7238 THz   1.0000  0.0000  0.0000  0.0000  0.0000  0.0000


 Q=  0.000000  0.000000  0.000000, q=  0.000000  0.000000  0.000000

                       Ni X   0        Ni Y   0        Ni Z   0     
                    --------------- --------------- ---------------
    0   0.0000 THz  -0.0461  0.0000  0.0418  0.0000  0.9981  0.0000
    1  -0.0000 THz  -0.7500  0.0000  0.6585  0.0000 -0.0622  0.0000
    2  -0.0000 THz  -0.6598  0.0000 -0.7514  0.0000  0.0009  0.0000
