
Used Primitive lattice vector

    0.000000000000      1.767856000000      1.767856000000  
    1.767856000000      0.000000000000      1.767856000000  
    1.767856000000      1.767856000000      0.000000000000  

   1 Atom(s) in the Primitive cell

 -0.0000010000 0.0000010000 0.0000010000 Ni    0


 Q=  0.000000  0.000000 -0.282828, q= -0.500000 -0.500000  0.000000

                       Ni X   0        Ni Y   0        Ni Z   0     
                    --------------- --------------- ---------------
    0   5.9333 THz   1.0000  0.0000  0.0000  0.0000  0.0000  0.0000
    1   5.9333 THz   0.0000  0.0000 -1.0000 -0.0000 -0.0000 -0.0000
    2   7.4231 THz   0.0000  0.0000  0.0000 -0.0000 -1.0000 -0.0000


 Q=  0.000000 -0.282828  0.000000, q= -0.500000  0.000000 -0.500000

                       Ni X   0        Ni Y   0        Ni Z   0     
                    --------------- --------------- ---------------
    0   5.9333 THz   0.0000  0.0000 -0.0000  0.0000 -1.0000  0.0000
    1   5.9333 THz   1.0000  0.0000  0.0000  0.0000  0.0000  0.0000
    2   7.4231 THz   0.0000  0.0000 -1.0000  0.0000  0.0000 -0.0000


 Q= -0.282828  0.000000  0.000000, q=  0.000000 -0.500000 -0.500000

                       Ni X   0        Ni Y   0        Ni Z   0     
                    --------------- --------------- ---------------
    0   5.9333 THz   0.0000  0.0000 -0.9709 -0.0000  0.2397  0.0000
    1   5.9333 THz   0.0000  0.0000 -0.2397 -0.0000 -0.9709 -0.0000
    2   7.4231 THz   1.0000  0.0000  0.0000  0.0000  0.0000  0.0000


 Q=  0.000000  0.000000  0.000000, q=  0.000000  0.000000  0.000000

                       Ni X   0        Ni Y   0        Ni Z   0     
                    --------------- --------------- ---------------
    0   0.0000 THz   0.9412  0.0000  0.3135  0.0000  0.1261  0.0000
    1   0.0000 THz  -0.3318  0.0000  0.9281  0.0000  0.1691  0.0000
    2   0.0000 THz  -0.0640  0.0000 -0.2010  0.0000  0.9775  0.0000
