
Used Primitive lattice vector

    2.888617000000      0.000000000000      0.000000000000  
    0.000000000000      2.888617000000      0.000000000000  
    0.000000000000      0.000000000000      2.888617000000  

   2 Atom(s) in the Primitive cell

 0.0000000000 0.0000000000 0.0000000000 Al    0
 0.5000000000 0.5000000000 0.5000000000 Ni    1


 Q= -0.173093 -0.173093 -0.173093, q= -0.500000 -0.500000 -0.500000

                       Al X   0        Al Y   0        Al Z   0        Ni X   1        Ni Y   1        Ni Z   1     
                    --------------- --------------- --------------- --------------- --------------- ---------------
    0   5.0401 THz   0.0000  0.0000  0.0000  0.0000 -0.0000  0.0000  0.1956 -0.5361  0.3808 -0.4421 -0.2734  0.5090
    1   5.0401 THz   0.0000  0.0000 -0.0000  0.0000 -0.0000 -0.0000 -0.6899 -0.4317  0.2336  0.4131 -0.2931 -0.1629
    2   5.0401 THz   0.0000  0.0000  0.0000  0.0000  0.0000  0.0000 -0.0390  0.1023 -0.6587  0.0224 -0.6970  0.2605
    3  10.1481 THz   1.0000  0.0000  0.0000  0.0000  0.0000  0.0000  0.0000  0.0000  0.0000  0.0000  0.0000  0.0000
    4  10.1481 THz   0.0000  0.0000  0.1456  0.0165 -0.9829 -0.1116 -0.0000 -0.0000 -0.0000  0.0000  0.0000 -0.0000
    5  10.1481 THz   0.0000  0.0000  0.9892 -0.0000  0.1465  0.0000  0.0000 -0.0000  0.0000  0.0000  0.0000 -0.0000


 Q= -0.173093 -0.173093  0.000000, q= -0.500000 -0.500000  0.000000

                       Al X   0        Al Y   0        Al Z   0        Ni X   1        Ni Y   1        Ni Z   1     
                    --------------- --------------- --------------- --------------- --------------- ---------------
    0   3.8517 THz   0.0000  0.0000  0.3839 -0.0000  0.0000 -0.0000 -0.9234  0.0000  0.0000 -0.0000  0.0000  0.0000
    1   3.8517 THz   0.3839  0.0000  0.0000  0.0000  0.0000  0.0000 -0.0000 -0.0000 -0.9234 -0.0000 -0.0000  0.0000
    2   5.6932 THz   0.0000  0.0000  0.0000  0.0000  0.0000  0.0000 -0.0000 -0.0000  0.0000  0.0000 -1.0000 -0.0000
    3   7.8185 THz   0.0000  0.0000 -0.0000  0.0000 -1.0000  0.0000 -0.0000  0.0000 -0.0000 -0.0000 -0.0000  0.0000
    4  10.5271 THz   0.9234  0.0000  0.0000  0.0000  0.0000  0.0000  0.0000  0.0000  0.3839  0.0000  0.0000 -0.0000
    5  10.5271 THz   0.0000  0.0000 -0.9234 -0.0000 -0.0000  0.0000 -0.3839 -0.0000  0.0000 -0.0000  0.0000 -0.0000


 Q= -0.173093  0.000000 -0.173093, q= -0.500000  0.000000 -0.500000

                       Al X   0        Al Y   0        Al Z   0        Ni X   1        Ni Y   1        Ni Z   1     
                    --------------- --------------- --------------- --------------- --------------- ---------------
    0   3.8517 THz  -0.3839  0.0000  0.0000  0.0000  0.0000  0.0000 -0.0000  0.0000  0.0000 -0.0000  0.9234  0.0000
    1   3.8517 THz   0.0000  0.0000 -0.0000  0.0000  0.3839 -0.0000 -0.9234  0.0000  0.0000 -0.0000  0.0000 -0.0000
    2   5.6932 THz   0.0000  0.0000  0.0000  0.0000 -0.0000  0.0000  0.0000 -0.0000  1.0000 -0.0000  0.0000 -0.0000
    3   7.8185 THz   0.0000  0.0000 -1.0000  0.0000  0.0000  0.0000  0.0000  0.0000  0.0000 -0.0000  0.0000 -0.0000
    4  10.5271 THz   0.0000  0.0000  0.0000 -0.0000  0.9234  0.0000  0.3839  0.0000  0.0000  0.0000  0.0000  0.0000
    5  10.5271 THz   0.9234  0.0000  0.0000  0.0000  0.0000  0.0000 -0.0000  0.0000  0.0000 -0.0000  0.3839  0.0000


 Q= -0.173093  0.000000  0.000000, q= -0.500000  0.000000  0.000000

                       Al X   0        Al Y   0        Al Z   0        Ni X   1        Ni Y   1        Ni Z   1     
                    --------------- --------------- --------------- --------------- --------------- ---------------
    0   5.0250 THz   0.0000  0.0000 -0.0000 -0.0000 -0.0000  0.0000  0.0000 -0.0000  0.0001 -0.0095 -0.0076  0.9999
    1   5.0250 THz   0.0000  0.0000 -0.0000  0.0000 -0.0000 -0.0000 -0.0000  0.0000  0.0000  1.0000  0.0000  0.0095
    2   6.0267 THz   0.0000  0.0000  0.0000  0.0000 -0.0000 -0.0000  0.8348 -0.5506  0.0000  0.0000  0.0000 -0.0000
    3   8.0083 THz   0.0000  0.0000 -0.0000  0.0000 -0.7917  0.6110 -0.0000  0.0000 -0.0000 -0.0000  0.0000  0.0000
    4   8.0083 THz   0.0000  0.0000 -1.0000 -0.0000  0.0000  0.0000  0.0000 -0.0000  0.0000 -0.0000  0.0000 -0.0000
    5  10.6922 THz   1.0000  0.0000  0.0000  0.0000  0.0000  0.0000  0.0000  0.0000  0.0000  0.0000  0.0000  0.0000


 Q= -0.086547 -0.086547 -0.086547, q= -0.250000 -0.250000 -0.250000

                       Al X   0        Al Y   0        Al Z   0        Ni X   1        Ni Y   1        Ni Z   1     
                    --------------- --------------- --------------- --------------- --------------- ---------------
    0   3.4752 THz  -0.2666  0.0000  0.1333  0.0000  0.1333 -0.0000 -0.7717 -0.0000  0.3859  0.0000  0.3859 -0.0000
    1   3.4752 THz   0.0000  0.0000  0.2309 -0.0000 -0.2309  0.0000  0.0000 -0.0000  0.6683 -0.0000 -0.6683  0.0000
    2   5.2650 THz  -0.1408  0.0000 -0.1408  0.0000 -0.1408 -0.0000  0.5599 -0.0000  0.5599 -0.0000  0.5599  0.0000
    3   9.3010 THz   0.0000  0.0000  0.6683  0.0000 -0.6683 -0.0000  0.0000 -0.0000 -0.2309 -0.0000  0.2309  0.0000
    4   9.3010 THz  -0.7717  0.0000  0.3859 -0.0000  0.3859  0.0000  0.2666  0.0000 -0.1333  0.0000 -0.1333 -0.0000
    5   9.4896 THz  -0.5599  0.0000 -0.5599  0.0000 -0.5599 -0.0000 -0.1408 -0.0000 -0.1408 -0.0000 -0.1408  0.0000


 Q= -0.086547 -0.086547  0.086547, q= -0.250000 -0.250000  0.250000

                       Al X   0        Al Y   0        Al Z   0        Ni X   1        Ni Y   1        Ni Z   1     
                    --------------- --------------- --------------- --------------- --------------- ---------------
    0   3.4752 THz   0.2547  0.0000 -0.1956  0.0000  0.0592  0.0000  0.7373  0.0000 -0.5661 -0.0000  0.1712  0.0000
    1   3.4752 THz   0.0788  0.0000  0.1812 -0.0000  0.2600 -0.0000  0.2280  0.0000  0.5245 -0.0000  0.7525  0.0000
    2   5.2650 THz   0.1408  0.0000  0.1408 -0.0000 -0.1408  0.0000 -0.5599 -0.0000 -0.5599 -0.0000  0.5599  0.0000
    3   9.3010 THz   0.7144  0.0000 -0.1044  0.0000  0.6100 -0.0000 -0.2468 -0.0000  0.0361  0.0000 -0.2108 -0.0000
    4   9.3010 THz   0.2919  0.0000 -0.7646  0.0000 -0.4727  0.0000 -0.1009 -0.0000  0.2642  0.0000  0.1633  0.0000
    5   9.4896 THz   0.5599  0.0000  0.5599 -0.0000 -0.5599  0.0000  0.1408 -0.0000  0.1408  0.0000 -0.1408 -0.0000


 Q= -0.086547  0.086547 -0.086547, q= -0.250000  0.250000 -0.250000

                       Al X   0        Al Y   0        Al Z   0        Ni X   1        Ni Y   1        Ni Z   1     
                    --------------- --------------- --------------- --------------- --------------- ---------------
    0   3.4752 THz   0.2644  0.0000  0.1023 -0.0000 -0.1621  0.0000  0.7652 -0.0000  0.2960  0.0000 -0.4692 -0.0000
    1   3.4752 THz  -0.0346  0.0000 -0.2462 -0.0000 -0.2117 -0.0000 -0.1000  0.0000 -0.7127  0.0000 -0.6127  0.0000
    2   5.2650 THz  -0.1408  0.0000  0.1408  0.0000 -0.1408 -0.0000  0.5599 -0.0000 -0.5599 -0.0000  0.5599  0.0000
    3   9.3010 THz  -0.0352  0.0000 -0.6852 -0.0000 -0.6500 -0.0000  0.0122  0.0000  0.2368  0.0000  0.2246  0.0000
    4   9.3010 THz   0.7709  0.0000  0.3550  0.0000 -0.4159 -0.0000 -0.2664 -0.0000 -0.1226  0.0000  0.1437  0.0000
    5   9.4896 THz  -0.5599  0.0000  0.5599  0.0000 -0.5599 -0.0000 -0.1408 -0.0000  0.1408  0.0000 -0.1408 -0.0000


 Q= -0.086547  0.086547  0.086547, q= -0.250000  0.250000  0.250000

                       Al X   0        Al Y   0        Al Z   0        Ni X   1        Ni Y   1        Ni Z   1     
                    --------------- --------------- --------------- --------------- --------------- ---------------
    0   3.4752 THz   0.2666  0.0000  0.1333 -0.0000  0.1333  0.0000  0.7717  0.0000  0.3859 -0.0000  0.3859  0.0000
    1   3.4752 THz   0.0000  0.0000 -0.2309 -0.0000  0.2309  0.0000  0.0000  0.0000 -0.6683 -0.0000  0.6683  0.0000
    2   5.2650 THz   0.1408  0.0000 -0.1408 -0.0000 -0.1408  0.0000 -0.5599  0.0000  0.5599  0.0000  0.5599 -0.0000
    3   9.3010 THz  -0.7717  0.0000 -0.3859 -0.0000 -0.3859  0.0000  0.2666  0.0000  0.1333  0.0000  0.1333 -0.0000
    4   9.3010 THz   0.0000  0.0000  0.6683  0.0000 -0.6683 -0.0000 -0.0000 -0.0000 -0.2309 -0.0000  0.2309  0.0000
    5   9.4896 THz  -0.5599  0.0000  0.5599  0.0000  0.5599 -0.0000 -0.1408 -0.0000  0.1408 -0.0000  0.1408  0.0000


 Q=  0.000000 -0.173093 -0.173093, q=  0.000000 -0.500000 -0.500000

                       Al X   0        Al Y   0        Al Z   0        Ni X   1        Ni Y   1        Ni Z   1     
                    --------------- --------------- --------------- --------------- --------------- ---------------
    0   3.8517 THz   0.0000  0.0000  0.3826  0.0000  0.0323  0.0000  0.0000 -0.0000 -0.0776 -0.0000 -0.9201 -0.0000
    1   3.8517 THz   0.0000  0.0000 -0.0323  0.0000  0.3826  0.0000 -0.0000  0.0000 -0.9201 -0.0000  0.0776 -0.0000
    2   5.6932 THz   0.0000  0.0000  0.0000 -0.0000  0.0000 -0.0000 -1.0000  0.0000  0.0000  0.0000 -0.0000  0.0000
    3   7.8185 THz   1.0000  0.0000  0.0000  0.0000  0.0000  0.0000  0.0000  0.0000  0.0000  0.0000  0.0000  0.0000
    4  10.5271 THz   0.0000  0.0000 -0.3714 -0.0000  0.8454 -0.0000  0.0000 -0.0000  0.3515 -0.0000 -0.1544 -0.0000
    5  10.5271 THz   0.0000  0.0000  0.8454 -0.0000  0.3714 -0.0000  0.0000 -0.0000  0.1544 -0.0000  0.3515 -0.0000


 Q=  0.000000 -0.173093  0.000000, q=  0.000000 -0.500000  0.000000

                       Al X   0        Al Y   0        Al Z   0        Ni X   1        Ni Y   1        Ni Z   1     
                    --------------- --------------- --------------- --------------- --------------- ---------------
    0   5.0250 THz   0.0000  0.0000 -0.0000 -0.0000  0.0000 -0.0000 -0.8337  0.5314  0.0000  0.0000  0.0425  0.1444
    1   5.0250 THz   0.0000  0.0000  0.0000 -0.0000 -0.0000 -0.0000 -0.1500  0.0116  0.0000 -0.0000  0.2007 -0.9680
    2   6.0267 THz   0.0000  0.0000 -0.0000  0.0000 -0.0000  0.0000  0.0000 -0.0000 -0.0000  1.0000 -0.0000 -0.0000
    3   8.0083 THz   1.0000  0.0000  0.0000  0.0000  0.0000  0.0000  0.0000  0.0000  0.0000  0.0000  0.0000  0.0000
    4   8.0083 THz   0.0000  0.0000 -0.0000  0.0000  0.9966 -0.0827  0.0000  0.0000 -0.0000  0.0000 -0.0000 -0.0000
    5  10.6922 THz   0.0000  0.0000  1.0000  0.0000  0.0000  0.0000 -0.0000  0.0000 -0.0000  0.0000  0.0000  0.0000


 Q=  0.000000  0.000000 -0.173093, q=  0.000000  0.000000 -0.500000

                       Al X   0        Al Y   0        Al Z   0        Ni X   1        Ni Y   1        Ni Z   1     
                    --------------- --------------- --------------- --------------- --------------- ---------------
    0   5.0250 THz   0.0000  0.0000 -0.0000  0.0000 -0.0000  0.0000  0.9487  0.2294 -0.0477 -0.2121 -0.0000  0.0000
    1   5.0250 THz   0.0000  0.0000 -0.0000  0.0000  0.0000  0.0000  0.1652  0.1414 -0.2412  0.9458  0.0000 -0.0000
    2   6.0267 THz   0.0000  0.0000  0.0000 -0.0000  0.0000 -0.0000  0.0000  0.0000 -0.0000 -0.0000  0.0000 -1.0000
    3   8.0083 THz   1.0000  0.0000  0.0000  0.0000  0.0000  0.0000  0.0000  0.0000  0.0000  0.0000  0.0000  0.0000
    4   8.0083 THz   0.0000  0.0000  1.0000  0.0000 -0.0000  0.0000 -0.0000  0.0000 -0.0000  0.0000 -0.0000  0.0000
    5  10.6922 THz   0.0000  0.0000  0.0000 -0.0000  0.9916 -0.1295  0.0000  0.0000  0.0000 -0.0000  0.0000  0.0000


 Q=  0.000000  0.000000  0.000000, q=  0.000000  0.000000  0.000000

                       Al X   0        Al Y   0        Al Z   0        Ni X   1        Ni Y   1        Ni Z   1     
                    --------------- --------------- --------------- --------------- --------------- ---------------
    0  -0.0000 THz   0.0000  0.0000  0.3048  0.0000 -0.4712  0.0000 -0.0000  0.0000  0.4496  0.0000 -0.6949  0.0000
    1   0.0000 THz   0.5612  0.0000  0.0000  0.0000 -0.0000  0.0000  0.8277  0.0000  0.0000  0.0000 -0.0000  0.0000
    2  -0.0000 THz   0.0000  0.0000  0.4712  0.0000  0.3048  0.0000  0.0000  0.0000  0.6949  0.0000  0.4496  0.0000
    3   8.7586 THz   0.0000  0.0000  0.4969  0.0000  0.6619  0.0000  0.0000  0.0000 -0.3369  0.0000 -0.4488  0.0000
    4   8.7586 THz   0.0000  0.0000  0.6619  0.0000 -0.4969  0.0000  0.0000  0.0000 -0.4488  0.0000  0.3369  0.0000
    5   8.7586 THz   0.8277  0.0000  0.0000  0.0000  0.0000  0.0000 -0.5612  0.0000 -0.0000  0.0000  0.0000  0.0000


 Q=  0.086547 -0.086547 -0.086547, q=  0.250000 -0.250000 -0.250000

                       Al X   0        Al Y   0        Al Z   0        Ni X   1        Ni Y   1        Ni Z   1     
                    --------------- --------------- --------------- --------------- --------------- ---------------
    0   3.4752 THz   0.2666  0.0000  0.1333  0.0000  0.1333 -0.0000  0.7717 -0.0000  0.3859  0.0000  0.3859 -0.0000
    1   3.4752 THz   0.0000  0.0000 -0.2309  0.0000  0.2309 -0.0000  0.0000 -0.0000 -0.6683  0.0000  0.6683 -0.0000
    2   5.2650 THz   0.1408  0.0000 -0.1408  0.0000 -0.1408 -0.0000 -0.5599 -0.0000  0.5599 -0.0000  0.5599  0.0000
    3   9.3010 THz  -0.7717  0.0000 -0.3859  0.0000 -0.3859 -0.0000  0.2666 -0.0000  0.1333 -0.0000  0.1333  0.0000
    4   9.3010 THz   0.0000  0.0000  0.6683 -0.0000 -0.6683  0.0000 -0.0000  0.0000 -0.2309  0.0000  0.2309 -0.0000
    5   9.4896 THz  -0.5599  0.0000  0.5599 -0.0000  0.5599  0.0000 -0.1408  0.0000  0.1408  0.0000  0.1408 -0.0000


 Q=  0.086547 -0.086547  0.086547, q=  0.250000 -0.250000  0.250000

                       Al X   0        Al Y   0        Al Z   0        Ni X   1        Ni Y   1        Ni Z   1     
                    --------------- --------------- --------------- --------------- --------------- ---------------
    0   3.4752 THz   0.2644  0.0000  0.1023  0.0000 -0.1621 -0.0000  0.7652  0.0000  0.2960 -0.0000 -0.4692  0.0000
    1   3.4752 THz  -0.0346  0.0000 -0.2462  0.0000 -0.2117  0.0000 -0.1000 -0.0000 -0.7127 -0.0000 -0.6127 -0.0000
    2   5.2650 THz  -0.1408  0.0000  0.1408 -0.0000 -0.1408  0.0000  0.5599  0.0000 -0.5599  0.0000  0.5599 -0.0000
    3   9.3010 THz  -0.0352  0.0000 -0.6852  0.0000 -0.6500  0.0000  0.0122 -0.0000  0.2368 -0.0000  0.2246 -0.0000
    4   9.3010 THz   0.7709  0.0000  0.3550 -0.0000 -0.4159  0.0000 -0.2664  0.0000 -0.1226 -0.0000  0.1437 -0.0000
    5   9.4896 THz  -0.5599  0.0000  0.5599 -0.0000 -0.5599  0.0000 -0.1408  0.0000  0.1408 -0.0000 -0.1408  0.0000


 Q=  0.086547  0.086547 -0.086547, q=  0.250000  0.250000 -0.250000

                       Al X   0        Al Y   0        Al Z   0        Ni X   1        Ni Y   1        Ni Z   1     
                    --------------- --------------- --------------- --------------- --------------- ---------------
    0   3.4752 THz   0.2547  0.0000 -0.1956 -0.0000  0.0592 -0.0000  0.7373 -0.0000 -0.5661  0.0000  0.1712 -0.0000
    1   3.4752 THz   0.0788  0.0000  0.1812  0.0000  0.2600  0.0000  0.2280 -0.0000  0.5245  0.0000  0.7525 -0.0000
    2   5.2650 THz   0.1408  0.0000  0.1408  0.0000 -0.1408 -0.0000 -0.5599  0.0000 -0.5599  0.0000  0.5599 -0.0000
    3   9.3010 THz   0.7144  0.0000 -0.1044 -0.0000  0.6100  0.0000 -0.2468  0.0000  0.0361 -0.0000 -0.2108  0.0000
    4   9.3010 THz   0.2919  0.0000 -0.7646 -0.0000 -0.4727 -0.0000 -0.1009  0.0000  0.2642 -0.0000  0.1633 -0.0000
    5   9.4896 THz   0.5599  0.0000  0.5599  0.0000 -0.5599 -0.0000  0.1408  0.0000  0.1408 -0.0000 -0.1408  0.0000


 Q=  0.086547  0.086547  0.086547, q=  0.250000  0.250000  0.250000

                       Al X   0        Al Y   0        Al Z   0        Ni X   1        Ni Y   1        Ni Z   1     
                    --------------- --------------- --------------- --------------- --------------- ---------------
    0   3.4752 THz  -0.2666  0.0000  0.1333 -0.0000  0.1333  0.0000 -0.7717  0.0000  0.3859 -0.0000  0.3859  0.0000
    1   3.4752 THz   0.0000  0.0000  0.2309  0.0000 -0.2309 -0.0000  0.0000  0.0000  0.6683  0.0000 -0.6683 -0.0000
    2   5.2650 THz  -0.1408  0.0000 -0.1408 -0.0000 -0.1408  0.0000  0.5599  0.0000  0.5599  0.0000  0.5599 -0.0000
    3   9.3010 THz   0.0000  0.0000  0.6683 -0.0000 -0.6683  0.0000  0.0000  0.0000 -0.2309  0.0000  0.2309 -0.0000
    4   9.3010 THz  -0.7717  0.0000  0.3859  0.0000  0.3859 -0.0000  0.2666 -0.0000 -0.1333 -0.0000 -0.1333  0.0000
    5   9.4896 THz  -0.5599  0.0000 -0.5599 -0.0000 -0.5599  0.0000 -0.1408  0.0000 -0.1408  0.0000 -0.1408 -0.0000
