
Used Primitive lattice vector

    0.000000000000      1.955917000000      1.955917000000  
    1.955917000000      0.000000000000      1.955917000000  
    1.955917000000      1.955917000000      0.000000000000  

   1 Atom(s) in the Primitive cell

 -0.0000010000 0.0000010000 0.0000010000 Al    0


 Q=  0.000000  0.000000 -0.255635, q= -0.500000 -0.500000  0.000000

                       Al X   0        Al Y   0        Al Z   0     
                    --------------- --------------- ---------------
    0   7.1307 THz   1.0000  0.0000  0.0000  0.0000  0.0000  0.0000
    1   7.1307 THz   0.0000  0.0000  1.0000  0.0000 -0.0000 -0.0000
    2  10.9540 THz   0.0000  0.0000 -0.0000  0.0000 -1.0000  0.0000


 Q=  0.000000 -0.255635  0.000000, q= -0.500000  0.000000 -0.500000

                       Al X   0        Al Y   0        Al Z   0     
                    --------------- --------------- ---------------
    0   7.1307 THz   1.0000  0.0000  0.0000  0.0000  0.0000  0.0000
    1   7.1307 THz   0.0000  0.0000  0.0000  0.0000 -1.0000 -0.0000
    2  10.9540 THz   0.0000  0.0000  1.0000 -0.0000  0.0000 -0.0000


 Q= -0.255635  0.000000  0.000000, q=  0.000000 -0.500000 -0.500000

                       Al X   0        Al Y   0        Al Z   0     
                    --------------- --------------- ---------------
    0   7.1307 THz   0.0000  0.0000 -0.7372 -0.0000 -0.6757  0.0000
    1   7.1307 THz   0.0000  0.0000  0.6757  0.0000 -0.7372  0.0000
    2  10.9540 THz   1.0000  0.0000  0.0000  0.0000  0.0000  0.0000


 Q=  0.000000  0.000000  0.000000, q=  0.000000  0.000000  0.000000

                       Al X   0        Al Y   0        Al Z   0     
                    --------------- --------------- ---------------
    0   0.0000 THz   0.5874  0.0000  0.6742  0.0000  0.4477  0.0000
    1   0.0000 THz   0.8083  0.0000 -0.4611  0.0000 -0.3661  0.0000
    2   0.0000 THz  -0.0403  0.0000  0.5769  0.0000 -0.8158  0.0000
