
Used Primitive lattice vector

    2.981862000000      0.000000000000      0.000000000000  
    0.000000000000      2.981862000000      0.000000000000  
    0.000000000000      0.000000000000      2.981862000000  

   2 Atom(s) in the Primitive cell

 0.0000000000 0.0000000000 0.0000000000 Al    0
 0.5000000000 0.5000000000 0.5000000000 Ni    1


 Q= -0.167680 -0.167680 -0.167680, q= -0.500000 -0.500000 -0.500000

                       Al X   0        Al Y   0        Al Z   0        Ni X   1        Ni Y   1        Ni Z   1     
                    --------------- --------------- --------------- --------------- --------------- ---------------
    0   3.5421 THz   0.0000  0.0000 -0.0000 -0.0000 -0.0000 -0.0000  0.0182 -0.1102 -0.5655 -0.0113 -0.5824 -0.5730
    1   3.5421 THz   0.0000  0.0000  0.0000 -0.0000  0.0000 -0.0000 -0.8671  0.1503  0.2274  0.2395  0.0510 -0.3374
    2   3.5421 THz   0.0000  0.0000 -0.0000 -0.0000  0.0000 -0.0000  0.1305  0.4428 -0.5283  0.5402  0.4629 -0.0408
    3   8.5642 THz   1.0000  0.0000  0.0000  0.0000  0.0000  0.0000  0.0000  0.0000  0.0000  0.0000  0.0000  0.0000
    4   8.5642 THz  -0.0000 -0.0000  0.9864 -0.0000  0.1644 -0.0000  0.0000 -0.0000 -0.0000 -0.0000 -0.0000 -0.0000
    5   8.5642 THz   0.0000  0.0000  0.1643  0.0051 -0.9859 -0.0308 -0.0000  0.0000 -0.0000  0.0000  0.0000 -0.0000


 Q= -0.167680 -0.167680  0.000000, q= -0.500000 -0.500000  0.000000

                       Al X   0        Al Y   0        Al Z   0        Ni X   1        Ni Y   1        Ni Z   1     
                    --------------- --------------- --------------- --------------- --------------- ---------------
    0   2.9932 THz   0.0000  0.0000  0.3251 -0.0000  0.0000 -0.0000 -0.9457 -0.0000 -0.0000 -0.0000 -0.0000 -0.0000
    1   2.9932 THz   0.3251  0.0000  0.0000  0.0000  0.0000  0.0000  0.0000 -0.0000 -0.9457  0.0000  0.0000 -0.0000
    2   4.5948 THz   0.0000  0.0000 -0.0000  0.0000 -0.0000  0.0000  0.0000 -0.0000 -0.0000 -0.0000 -1.0000  0.0000
    3   6.5510 THz   0.0000  0.0000 -0.0000  0.0000 -1.0000  0.0000 -0.0000  0.0000  0.0000  0.0000  0.0000 -0.0000
    4   8.5605 THz   0.0000  0.0000 -0.9457 -0.0000  0.0000 -0.0000 -0.3251 -0.0000 -0.0000 -0.0000 -0.0000 -0.0000
    5   8.5605 THz   0.9457  0.0000  0.0000  0.0000  0.0000  0.0000 -0.0000  0.0000  0.3251 -0.0000 -0.0000  0.0000


 Q= -0.167680  0.000000 -0.167680, q= -0.500000  0.000000 -0.500000

                       Al X   0        Al Y   0        Al Z   0        Ni X   1        Ni Y   1        Ni Z   1     
                    --------------- --------------- --------------- --------------- --------------- ---------------
    0   2.9932 THz   0.0000  0.0000  0.0000  0.0000  0.3251  0.0000 -0.9457 -0.0000 -0.0000  0.0000  0.0000  0.0000
    1   2.9932 THz  -0.3251  0.0000  0.0000  0.0000  0.0000  0.0000  0.0000 -0.0000  0.0000 -0.0000  0.9457 -0.0000
    2   4.5948 THz   0.0000  0.0000 -0.0000  0.0000  0.0000 -0.0000 -0.0000  0.0000  1.0000 -0.0000 -0.0000 -0.0000
    3   6.5510 THz   0.0000  0.0000  1.0000  0.0000  0.0000  0.0000  0.0000  0.0000  0.0000 -0.0000  0.0000  0.0000
    4   8.5605 THz   0.0000  0.0000 -0.0000 -0.0000 -0.9457  0.0000 -0.3251 -0.0000 -0.0000  0.0000  0.0000  0.0000
    5   8.5605 THz   0.9457  0.0000  0.0000  0.0000  0.0000  0.0000  0.0000 -0.0000  0.0000 -0.0000  0.3251 -0.0000


 Q= -0.167680  0.000000  0.000000, q= -0.500000  0.000000  0.000000

                       Al X   0        Al Y   0        Al Z   0        Ni X   1        Ni Y   1        Ni Z   1     
                    --------------- --------------- --------------- --------------- --------------- ---------------
    0   3.8856 THz   0.0000  0.0000  0.0000  0.0000  0.0000  0.0000 -0.0000 -0.0000 -0.0000  1.0000  0.0000  0.0010
    1   3.8856 THz   0.0000  0.0000  0.0000  0.0000 -0.0000 -0.0000 -0.0000 -0.0000  0.0000  0.0010 -0.0115 -0.9999
    2   4.7019 THz   0.0000  0.0000  0.0000 -0.0000 -0.0000 -0.0000  0.6420  0.7667  0.0000  0.0000 -0.0000 -0.0000
    3   6.6979 THz   0.0000  0.0000 -0.0000  0.0000  0.6992 -0.7150  0.0000  0.0000 -0.0000 -0.0000 -0.0000 -0.0000
    4   6.6979 THz   0.0000  0.0000 -1.0000  0.0000 -0.0000  0.0000  0.0000  0.0000  0.0000  0.0000 -0.0000 -0.0000
    5   8.9930 THz   1.0000  0.0000  0.0000  0.0000  0.0000  0.0000  0.0000  0.0000  0.0000  0.0000  0.0000  0.0000


 Q= -0.083840 -0.083840 -0.083840, q= -0.250000 -0.250000 -0.250000

                       Al X   0        Al Y   0        Al Z   0        Ni X   1        Ni Y   1        Ni Z   1     
                    --------------- --------------- --------------- --------------- --------------- ---------------
    0   2.4652 THz  -0.0539  0.0000  0.2187 -0.0000 -0.1647  0.0000 -0.1855 -0.0000  0.7525 -0.0000 -0.5670  0.0000
    1   2.4652 THz   0.2214  0.0000 -0.0640 -0.0000 -0.1574  0.0000  0.7618 -0.0000 -0.2202 -0.0000 -0.5416  0.0000
    2   4.2732 THz   0.1037  0.0000  0.1037 -0.0000  0.1037  0.0000 -0.5680 -0.0000 -0.5680 -0.0000 -0.5680 -0.0000
    3   7.6374 THz   0.6097  0.0000  0.1220 -0.0000 -0.7318 -0.0000 -0.1772  0.0000 -0.0355  0.0000  0.2126 -0.0000
    4   7.6374 THz   0.4929  0.0000 -0.7745  0.0000  0.2816  0.0000 -0.1432  0.0000  0.2251 -0.0000 -0.0818  0.0000
    5   7.9403 THz  -0.5680  0.0000 -0.5680  0.0000 -0.5680 -0.0000 -0.1037 -0.0000 -0.1037 -0.0000 -0.1037  0.0000


 Q= -0.083840 -0.083840  0.083840, q= -0.250000 -0.250000  0.250000

                       Al X   0        Al Y   0        Al Z   0        Ni X   1        Ni Y   1        Ni Z   1     
                    --------------- --------------- --------------- --------------- --------------- ---------------
    0   2.4652 THz   0.0138  0.0000 -0.2039  0.0000 -0.1900  0.0000  0.0476  0.0000 -0.7016  0.0000 -0.6540  0.0000
    1   2.4652 THz   0.2274  0.0000 -0.1017 -0.0000  0.1257  0.0000  0.7826  0.0000 -0.3501 -0.0000  0.4325 -0.0000
    2   4.2732 THz   0.1037  0.0000  0.1037 -0.0000 -0.1037  0.0000 -0.5680 -0.0000 -0.5680  0.0000  0.5680 -0.0000
    3   7.6374 THz   0.7617  0.0000 -0.2196  0.0000  0.5420 -0.0000 -0.2213  0.0000  0.0638 -0.0000 -0.1575  0.0000
    4   7.6374 THz   0.1861  0.0000 -0.7527  0.0000 -0.5666  0.0000 -0.0541 -0.0000  0.2187  0.0000  0.1646  0.0000
    5   7.9403 THz   0.5680  0.0000  0.5680 -0.0000 -0.5680  0.0000  0.1037 -0.0000  0.1037  0.0000 -0.1037  0.0000


 Q= -0.083840  0.083840 -0.083840, q= -0.250000  0.250000 -0.250000

                       Al X   0        Al Y   0        Al Z   0        Ni X   1        Ni Y   1        Ni Z   1     
                    --------------- --------------- --------------- --------------- --------------- ---------------
    0   2.4652 THz  -0.2214  0.0000 -0.0640  0.0000  0.1574 -0.0000 -0.7618 -0.0000 -0.2202 -0.0000  0.5416  0.0000
    1   2.4652 THz   0.0539 -0.0000  0.2187  0.0000  0.1648  0.0000  0.1855  0.0000  0.7525 -0.0000  0.5670 -0.0000
    2   4.2732 THz   0.1037  0.0000 -0.1037 -0.0000  0.1037  0.0000 -0.5680  0.0000  0.5680  0.0000 -0.5680 -0.0000
    3   7.6374 THz   0.1807  0.0000 -0.5704 -0.0000 -0.7511 -0.0000 -0.0525 -0.0000  0.1657 -0.0000  0.2183 -0.0000
    4   7.6374 THz   0.7630  0.0000  0.5380  0.0000 -0.2250 -0.0000 -0.2217 -0.0000 -0.1563 -0.0000  0.0654  0.0000
    5   7.9403 THz  -0.5680  0.0000  0.5680  0.0000 -0.5680 -0.0000 -0.1037 -0.0000  0.1037 -0.0000 -0.1037  0.0000


 Q= -0.083840  0.083840  0.083840, q= -0.250000  0.250000  0.250000

                       Al X   0        Al Y   0        Al Z   0        Ni X   1        Ni Y   1        Ni Z   1     
                    --------------- --------------- --------------- --------------- --------------- ---------------
    0   2.4652 THz   0.0000  0.0000  0.1973  0.0000 -0.1973 -0.0000  0.0000 -0.0000  0.6790  0.0000 -0.6790 -0.0000
    1   2.4652 THz  -0.2278  0.0000 -0.1139  0.0000 -0.1139 -0.0000 -0.7841 -0.0000 -0.3920  0.0000 -0.3920 -0.0000
    2   4.2732 THz   0.1037  0.0000 -0.1037 -0.0000 -0.1037  0.0000 -0.5680  0.0000  0.5680 -0.0000  0.5680 -0.0000
    3   7.6374 THz   0.0000  0.0000  0.6790  0.0000 -0.6790 -0.0000  0.0000  0.0000 -0.1973 -0.0000  0.1973  0.0000
    4   7.6374 THz   0.7841  0.0000  0.3920  0.0000  0.3920 -0.0000 -0.2278 -0.0000 -0.1139 -0.0000 -0.1139 -0.0000
    5   7.9403 THz   0.5680  0.0000 -0.5680 -0.0000 -0.5680  0.0000  0.1037 -0.0000 -0.1037  0.0000 -0.1037 -0.0000


 Q=  0.000000 -0.167680 -0.167680, q=  0.000000 -0.500000 -0.500000

                       Al X   0        Al Y   0        Al Z   0        Ni X   1        Ni Y   1        Ni Z   1     
                    --------------- --------------- --------------- --------------- --------------- ---------------
    0   2.9932 THz   0.0000  0.0000  0.1796 -0.0000  0.2710 -0.0000  0.0000 -0.0000 -0.7883  0.0000 -0.5224  0.0000
    1   2.9932 THz   0.0000  0.0000 -0.2710  0.0000  0.1796  0.0000 -0.0000 -0.0000 -0.5224 -0.0000  0.7883 -0.0000
    2   4.5948 THz   0.0000  0.0000  0.0000 -0.0000  0.0000  0.0000 -1.0000 -0.0000  0.0000 -0.0000 -0.0000  0.0000
    3   6.5510 THz   1.0000  0.0000  0.0000  0.0000  0.0000  0.0000  0.0000  0.0000  0.0000  0.0000  0.0000  0.0000
    4   8.5605 THz   0.0000  0.0000 -0.9137  0.0000  0.2439  0.0000 -0.0000 -0.0000  0.0838  0.0000 -0.3141  0.0000
    5   8.5605 THz   0.0000  0.0000  0.2439 -0.0000  0.9137  0.0000  0.0000 -0.0000  0.3141  0.0000  0.0838 -0.0000


 Q=  0.000000 -0.167680  0.000000, q=  0.000000 -0.500000  0.000000

                       Al X   0        Al Y   0        Al Z   0        Ni X   1        Ni Y   1        Ni Z   1     
                    --------------- --------------- --------------- --------------- --------------- ---------------
    0   3.8856 THz   0.0000  0.0000 -0.0000  0.0000 -0.0000  0.0000 -0.9823  0.1686 -0.0000 -0.0000  0.0029 -0.0813
    1   3.8856 THz   0.0000  0.0000  0.0000 -0.0000 -0.0000 -0.0000  0.0794 -0.0176  0.0000  0.0000 -0.0119 -0.9966
    2   4.7019 THz  -0.0000 -0.0000 -0.0000  0.0000 -0.0000  0.0000 -0.0000  0.0000  0.0000  1.0000 -0.0000  0.0000
    3   6.6979 THz   0.0000  0.0000  0.0000 -0.0000  0.9895 -0.1444 -0.0000 -0.0000 -0.0000  0.0000 -0.0000  0.0000
    4   6.6979 THz   1.0000  0.0000  0.0000  0.0000  0.0000  0.0000  0.0000  0.0000  0.0000  0.0000  0.0000  0.0000
    5   8.9930 THz   0.0000  0.0000  1.0000  0.0000 -0.0000 -0.0000 -0.0000  0.0000 -0.0000 -0.0000 -0.0000  0.0000


 Q=  0.000000  0.000000 -0.167680, q=  0.000000  0.000000 -0.500000

                       Al X   0        Al Y   0        Al Z   0        Ni X   1        Ni Y   1        Ni Z   1     
                    --------------- --------------- --------------- --------------- --------------- ---------------
    0   3.8856 THz   0.0000  0.0000 -0.0000  0.0000  0.0000 -0.0000 -0.6540 -0.0267  0.2411  0.7166 -0.0000 -0.0000
    1   3.8856 THz   0.0000  0.0000 -0.0000  0.0000 -0.0000 -0.0000  0.7388  0.1607  0.0986  0.6471 -0.0000  0.0000
    2   4.7019 THz   0.0000  0.0000 -0.0000 -0.0000  0.0000 -0.0000 -0.0000 -0.0000  0.0000 -0.0000  0.0000 -1.0000
    3   6.6979 THz   1.0000  0.0000  0.0000  0.0000  0.0000  0.0000  0.0000  0.0000  0.0000  0.0000  0.0000  0.0000
    4   6.6979 THz   0.0000  0.0000  1.0000 -0.0000 -0.0000  0.0000 -0.0000 -0.0000 -0.0000 -0.0000 -0.0000 -0.0000
    5   8.9930 THz   0.0000  0.0000 -0.0000 -0.0000 -0.9925 -0.1225 -0.0000 -0.0000 -0.0000 -0.0000  0.0000  0.0000


 Q=  0.000000  0.000000  0.000000, q=  0.000000  0.000000  0.000000

                       Al X   0        Al Y   0        Al Z   0        Ni X   1        Ni Y   1        Ni Z   1     
                    --------------- --------------- --------------- --------------- --------------- ---------------
    0  -0.0000 THz   0.5612  0.0000  0.0000  0.0000 -0.0000  0.0000  0.8277  0.0000 -0.0000  0.0000  0.0000  0.0000
    1  -0.0000 THz   0.0000  0.0000  0.4419  0.0000  0.3459  0.0000  0.0000  0.0000  0.6517  0.0000  0.5102  0.0000
    2  -0.0000 THz   0.0000  0.0000  0.3459  0.0000 -0.4419  0.0000  0.0000  0.0000  0.5102  0.0000 -0.6517  0.0000
    3   7.0374 THz   0.0000  0.0000  0.6117  0.0000 -0.5575  0.0000 -0.0000  0.0000 -0.4148  0.0000  0.3780  0.0000
    4   7.0374 THz   0.0000  0.0000  0.5575  0.0000  0.6117  0.0000  0.0000  0.0000 -0.3780  0.0000 -0.4148  0.0000
    5   7.0374 THz   0.8277  0.0000  0.0000  0.0000  0.0000  0.0000 -0.5612  0.0000  0.0000  0.0000 -0.0000  0.0000


 Q=  0.083840 -0.083840 -0.083840, q=  0.250000 -0.250000 -0.250000

                       Al X   0        Al Y   0        Al Z   0        Ni X   1        Ni Y   1        Ni Z   1     
                    --------------- --------------- --------------- --------------- --------------- ---------------
    0   2.4652 THz   0.0000  0.0000  0.1973 -0.0000 -0.1973  0.0000  0.0000  0.0000  0.6790 -0.0000 -0.6790  0.0000
    1   2.4652 THz  -0.2278  0.0000 -0.1139 -0.0000 -0.1139  0.0000 -0.7841  0.0000 -0.3920 -0.0000 -0.3920  0.0000
    2   4.2732 THz   0.1037  0.0000 -0.1037  0.0000 -0.1037 -0.0000 -0.5680 -0.0000  0.5680  0.0000  0.5680  0.0000
    3   7.6374 THz   0.0000  0.0000  0.6790 -0.0000 -0.6790  0.0000  0.0000 -0.0000 -0.1973  0.0000  0.1973 -0.0000
    4   7.6374 THz   0.7841  0.0000  0.3920 -0.0000  0.3920  0.0000 -0.2278  0.0000 -0.1139  0.0000 -0.1139  0.0000
    5   7.9403 THz   0.5680  0.0000 -0.5680  0.0000 -0.5680 -0.0000  0.1037  0.0000 -0.1037 -0.0000 -0.1037  0.0000


 Q=  0.083840 -0.083840  0.083840, q=  0.250000 -0.250000  0.250000

                       Al X   0        Al Y   0        Al Z   0        Ni X   1        Ni Y   1        Ni Z   1     
                    --------------- --------------- --------------- --------------- --------------- ---------------
    0   2.4652 THz  -0.2214  0.0000 -0.0640 -0.0000  0.1574  0.0000 -0.7618  0.0000 -0.2202  0.0000  0.5416 -0.0000
    1   2.4652 THz   0.0539 -0.0000  0.2187 -0.0000  0.1648 -0.0000  0.1855 -0.0000  0.7525  0.0000  0.5670  0.0000
    2   4.2732 THz   0.1037  0.0000 -0.1037  0.0000  0.1037 -0.0000 -0.5680 -0.0000  0.5680 -0.0000 -0.5680  0.0000
    3   7.6374 THz   0.1807  0.0000 -0.5704  0.0000 -0.7511  0.0000 -0.0525  0.0000  0.1657  0.0000  0.2183  0.0000
    4   7.6374 THz   0.7630  0.0000  0.5380 -0.0000 -0.2250  0.0000 -0.2217  0.0000 -0.1563  0.0000  0.0654 -0.0000
    5   7.9403 THz  -0.5680  0.0000  0.5680 -0.0000 -0.5680  0.0000 -0.1037  0.0000  0.1037  0.0000 -0.1037 -0.0000


 Q=  0.083840  0.083840 -0.083840, q=  0.250000  0.250000 -0.250000

                       Al X   0        Al Y   0        Al Z   0        Ni X   1        Ni Y   1        Ni Z   1     
                    --------------- --------------- --------------- --------------- --------------- ---------------
    0   2.4652 THz   0.0138  0.0000 -0.2039 -0.0000 -0.1900 -0.0000  0.0476 -0.0000 -0.7016 -0.0000 -0.6540 -0.0000
    1   2.4652 THz   0.2274  0.0000 -0.1017  0.0000  0.1257 -0.0000  0.7826 -0.0000 -0.3501  0.0000  0.4325  0.0000
    2   4.2732 THz   0.1037  0.0000  0.1037  0.0000 -0.1037 -0.0000 -0.5680  0.0000 -0.5680 -0.0000  0.5680  0.0000
    3   7.6374 THz   0.7617  0.0000 -0.2196 -0.0000  0.5420  0.0000 -0.2213 -0.0000  0.0638  0.0000 -0.1575 -0.0000
    4   7.6374 THz   0.1861  0.0000 -0.7527 -0.0000 -0.5666 -0.0000 -0.0541  0.0000  0.2187 -0.0000  0.1646 -0.0000
    5   7.9403 THz   0.5680  0.0000  0.5680  0.0000 -0.5680 -0.0000  0.1037  0.0000  0.1037 -0.0000 -0.1037 -0.0000


 Q=  0.083840  0.083840  0.083840, q=  0.250000  0.250000  0.250000

                       Al X   0        Al Y   0        Al Z   0        Ni X   1        Ni Y   1        Ni Z   1     
                    --------------- --------------- --------------- --------------- --------------- ---------------
    0   2.4652 THz  -0.0539  0.0000  0.2187  0.0000 -0.1647 -0.0000 -0.1855  0.0000  0.7525  0.0000 -0.5670 -0.0000
    1   2.4652 THz   0.2214  0.0000 -0.0640  0.0000 -0.1574 -0.0000  0.7618  0.0000 -0.2202  0.0000 -0.5416 -0.0000
    2   4.2732 THz   0.1037  0.0000  0.1037  0.0000  0.1037 -0.0000 -0.5680  0.0000 -0.5680  0.0000 -0.5680  0.0000
    3   7.6374 THz   0.6097  0.0000  0.1220  0.0000 -0.7318  0.0000 -0.1772 -0.0000 -0.0355 -0.0000  0.2126  0.0000
    4   7.6374 THz   0.4929  0.0000 -0.7745 -0.0000  0.2816 -0.0000 -0.1432 -0.0000  0.2251  0.0000 -0.0818 -0.0000
    5   7.9403 THz  -0.5680  0.0000 -0.5680 -0.0000 -0.5680  0.0000 -0.1037  0.0000 -0.1037  0.0000 -0.1037 -0.0000
