
Used Primitive lattice vector

    0.000000000000      1.996921000000      1.996921000000  
    1.996921000000      0.000000000000      1.996921000000  
    1.996921000000      1.996921000000      0.000000000000  

   1 Atom(s) in the Primitive cell

 -0.0000010000 0.0000010000 0.0000010000 Al    0


 Q=  0.000000  0.000000 -0.250385, q= -0.500000 -0.500000  0.000000

                       Al X   0        Al Y   0        Al Z   0     
                    --------------- --------------- ---------------
    0   6.2185 THz   0.0000  0.0000 -1.0000  0.0000  0.0000 -0.0000
    1   6.2185 THz   1.0000  0.0000  0.0000  0.0000  0.0000  0.0000
    2   9.8509 THz   0.0000  0.0000 -0.0000 -0.0000 -1.0000  0.0000


 Q=  0.000000 -0.250385  0.000000, q= -0.500000  0.000000 -0.500000

                       Al X   0        Al Y   0        Al Z   0     
                    --------------- --------------- ---------------
    0   6.2185 THz   0.0000  0.0000  0.0000 -0.0000  1.0000 -0.0000
    1   6.2185 THz   1.0000  0.0000  0.0000  0.0000  0.0000  0.0000
    2   9.8509 THz   0.0000  0.0000 -1.0000 -0.0000  0.0000  0.0000


 Q= -0.250385  0.000000  0.000000, q=  0.000000 -0.500000 -0.500000

                       Al X   0        Al Y   0        Al Z   0     
                    --------------- --------------- ---------------
    0   6.2185 THz   0.0000  0.0000 -0.7802  0.0000  0.6255  0.0000
    1   6.2185 THz   0.0000  0.0000 -0.6255  0.0000 -0.7802 -0.0000
    2   9.8509 THz   1.0000  0.0000  0.0000  0.0000  0.0000  0.0000


 Q=  0.000000  0.000000  0.000000, q=  0.000000  0.000000  0.000000

                       Al X   0        Al Y   0        Al Z   0     
                    --------------- --------------- ---------------
    0   0.0000 THz   0.1251  0.0000 -0.4254  0.0000  0.8963  0.0000
    1   0.0000 THz   0.0779  0.0000 -0.8964  0.0000 -0.4363  0.0000
    2   0.0000 THz   0.9891  0.0000  0.1244  0.0000 -0.0790  0.0000
