
Used Primitive lattice vector

    3.672158000000      0.000000000000      0.000000000000  
    0.000000000000      3.672158000000      0.000000000000  
    0.000000000000      0.000000000000      3.672158000000  

   4 Atom(s) in the Primitive cell

 0.0000000000 0.0000000000 0.0000000000 Al    0
 0.5000000000 0.5000000000 0.0000000000 Ni    1
 0.5000000000 0.0000000000 0.5000000000 Ni    2
 0.0000000000 0.5000000000 0.5000000000 Ni    3


 Q= -0.136160 -0.136160 -0.136160, q= -0.500000 -0.500000 -0.500000

                       Al X   0        Al Y   0        Al Z   0        Ni X   1        Ni Y   1        Ni Z   1        Ni X   2        Ni Y   2        Ni Z   2        Ni X   3        Ni Y   3        Ni Z   3     
                    --------------- --------------- --------------- --------------- --------------- --------------- --------------- --------------- --------------- --------------- --------------- ---------------
    0   3.7705 THz   0.0000  0.0000  0.0000 -0.0000  0.0000  0.0000 -0.4610 -0.0000  0.5149 -0.0000 -0.0000  0.0000 -0.1495 -0.0000 -0.0000 -0.0000 -0.5149  0.0000  0.0000  0.0000  0.1495  0.0000  0.4610  0.0000
    1   3.7705 THz   0.0000  0.0000 -0.0000  0.0000  0.0000  0.0000  0.0143  0.0000 -0.1853  0.0000 -0.0000  0.0000 -0.6823 -0.0000 -0.0000 -0.0000  0.1853 -0.0000  0.0000  0.0000  0.6823  0.0000 -0.0143 -0.0000
    2   3.7705 THz  -0.0000 -0.0000  0.0000 -0.0000 -0.0000 -0.0000  0.5360  0.0000  0.4478  0.0000  0.0000 -0.0000 -0.1104 -0.0000 -0.0000  0.0000 -0.4478 -0.0000  0.0000  0.0000  0.1104  0.0000 -0.5360 -0.0000
    3   4.4104 THz  -0.5448  0.0000  0.0000  0.0000  0.0000  0.0000  0.0000 -0.0000  0.5930  0.0000  0.0000  0.0000  0.0000  0.0000  0.0000  0.0000  0.5930  0.0000  0.0000 -0.0000  0.0000  0.0000  0.0000  0.0000
    4   4.4104 THz   0.0000  0.0000 -0.1946  0.0000  0.5088 -0.0000  0.2118 -0.0000  0.0000 -0.0000 -0.0000  0.0000 -0.5539  0.0000  0.0000 -0.0000 -0.0000  0.0000  0.0000  0.0000 -0.5539  0.0000  0.2118 -0.0000
    5   4.4104 THz   0.0000  0.0000  0.5088  0.0000  0.1946 -0.0000 -0.5539 -0.0000 -0.0000 -0.0000 -0.0000  0.0000 -0.2118  0.0000  0.0000 -0.0000  0.0000  0.0000  0.0000  0.0000 -0.2118  0.0000 -0.5539 -0.0000
    6   4.6180 THz   0.0000  0.0000  0.0000  0.0000 -0.0000 -0.0000 -0.0000 -0.0000 -0.0000  0.0000 -0.5530 -0.0000  0.0000  0.0000 -0.2437  0.0000  0.0000 -0.0000  0.7967  0.0000  0.0000  0.0000 -0.0000 -0.0000
    7   4.6180 THz   0.0000  0.0000  0.0000  0.0000 -0.0000 -0.0000 -0.0000 -0.0000  0.0000  0.0000 -0.6007 -0.0000  0.0000  0.0000  0.7793  0.0000 -0.0000 -0.0000 -0.1786  0.0000  0.0000  0.0000 -0.0000 -0.0000
    8   6.7386 THz   0.0000  0.0000 -0.0000  0.0000  0.0000  0.0000  0.0000 -0.0000  0.0000  0.0000  0.5774 -0.0000  0.0000  0.0000  0.5774 -0.0000 -0.0000 -0.0000  0.5774 -0.0000  0.0000 -0.0000  0.0000 -0.0000
    9   8.1204 THz   0.8386  0.0000  0.0000  0.0000  0.0000  0.0000  0.0000 -0.0000  0.3852  0.0000  0.0000  0.0000  0.0000  0.0000  0.0000  0.0000  0.3852  0.0000  0.0000 -0.0000  0.0000  0.0000  0.0000  0.0000
   10   8.1204 THz   0.0000  0.0000 -0.8185  0.0000  0.1823 -0.0000 -0.3760  0.0000  0.0000  0.0000 -0.0000 -0.0000  0.0837 -0.0000  0.0000 -0.0000 -0.0000  0.0000  0.0000  0.0000  0.0837 -0.0000 -0.3760  0.0000
   11   8.1204 THz   0.0000  0.0000  0.1823 -0.0000  0.8185 -0.0000  0.0837 -0.0000  0.0000 -0.0000 -0.0000 -0.0000  0.3760 -0.0000  0.0000 -0.0000 -0.0000  0.0000 -0.0000  0.0000  0.3760 -0.0000  0.0837 -0.0000


 Q= -0.136160 -0.136160  0.000000, q= -0.500000 -0.500000  0.000000

                       Al X   0        Al Y   0        Al Z   0        Ni X   1        Ni Y   1        Ni Z   1        Ni X   2        Ni Y   2        Ni Z   2        Ni X   3        Ni Y   3        Ni Z   3     
                    --------------- --------------- --------------- --------------- --------------- --------------- --------------- --------------- --------------- --------------- --------------- ---------------
    0   3.7778 THz   0.0000  0.0000  0.0000  0.0000 -0.0000  0.0000 -0.0000 -0.0000 -0.0000 -0.0000 -0.0000 -0.0000 -0.5905 -0.3890 -0.0000 -0.0000 -0.0000 -0.0000 -0.0000  0.0000  0.5905  0.3890 -0.0000  0.0000
    1   4.4263 THz   0.0000  0.0000 -0.3808 -0.0000  0.0000 -0.0000  0.9247  0.0000 -0.0000  0.0000 -0.0000 -0.0000 -0.0000  0.0000  0.0000  0.0000 -0.0000 -0.0000  0.0000 -0.0000  0.0000  0.0000 -0.0000  0.0000
    2   4.4263 THz  -0.3808  0.0000  0.0000  0.0000  0.0000  0.0000  0.0000 -0.0000  0.9247  0.0000  0.0000  0.0000 -0.0000 -0.0000  0.0000  0.0000  0.0000  0.0000  0.0000  0.0000  0.0000  0.0000  0.0000  0.0000
    3   4.5779 THz   0.0000  0.0000 -0.0000 -0.0000  0.0000  0.0000  0.0000  0.0000 -0.0000  0.0000 -0.0000 -0.0000 -0.0000  0.0000  0.0000 -0.0000  0.9150  0.4035  0.0000 -0.0000 -0.0000  0.0000 -0.0001  0.0001
    4   4.5779 THz   0.0000  0.0000  0.0000  0.0000 -0.0000  0.0000 -0.0000 -0.0000  0.0000 -0.0000 -0.0000 -0.0000  0.0000  0.0000 -0.0000 -0.0000 -0.0000 -0.0001 -0.0000  0.0000  0.0000 -0.0000 -0.9150 -0.4035
    5   4.6627 THz   0.0000  0.0000  0.0000  0.0000 -0.0000  0.0000  0.0000 -0.0000 -0.0000  0.0000 -0.0000  0.0000  0.0000 -0.0000 -0.6771 -0.2038 -0.0000 -0.0000  0.6771  0.2038 -0.0000 -0.0000  0.0000 -0.0000
    6   5.3104 THz   0.0000  0.0000  0.0000 -0.0000 -0.0000 -0.0000 -0.0000  0.0000  0.0000 -0.0000 -0.9802  0.1978  0.0000 -0.0000  0.0000  0.0000 -0.0000  0.0000  0.0000  0.0000 -0.0000 -0.0000  0.0000 -0.0000
    7   5.9825 THz   0.0000  0.0000  0.0000  0.0000  0.0000  0.0000 -0.0000 -0.0000 -0.0000  0.0000  0.0000 -0.0000  0.0000  0.0000  0.6898  0.1555 -0.0000 -0.0000  0.6898  0.1555  0.0000  0.0000 -0.0000  0.0000
    8   5.9848 THz   0.0000  0.0000  0.0000  0.0000  0.0000 -0.0000 -0.0000  0.0000  0.0000  0.0000 -0.0000  0.0000  0.5900  0.3898 -0.0000 -0.0000  0.0000  0.0000 -0.0000 -0.0000  0.5900  0.3898 -0.0000 -0.0000
    9   7.7809 THz   0.0000  0.0000 -0.0000  0.0000  0.9998 -0.0187 -0.0000 -0.0000 -0.0000 -0.0000 -0.0000  0.0000 -0.0000 -0.0000 -0.0000 -0.0000  0.0000  0.0000 -0.0000  0.0000 -0.0000 -0.0000 -0.0000 -0.0000
   10   7.9284 THz   0.9247  0.0000  0.0000  0.0000  0.0000  0.0000  0.0000 -0.0000  0.3808  0.0000  0.0000  0.0000 -0.0000 -0.0000  0.0000  0.0000  0.0000  0.0000  0.0000  0.0000  0.0000  0.0000  0.0000  0.0000
   11   7.9284 THz   0.0000  0.0000 -0.9247  0.0000 -0.0000  0.0000 -0.3808  0.0000  0.0000  0.0000  0.0000 -0.0000 -0.0000 -0.0000 -0.0000 -0.0000 -0.0000 -0.0000  0.0000 -0.0000  0.0000  0.0000  0.0000  0.0000


 Q= -0.136160  0.000000 -0.136160, q= -0.500000  0.000000 -0.500000

                       Al X   0        Al Y   0        Al Z   0        Ni X   1        Ni Y   1        Ni Z   1        Ni X   2        Ni Y   2        Ni Z   2        Ni X   3        Ni Y   3        Ni Z   3     
                    --------------- --------------- --------------- --------------- --------------- --------------- --------------- --------------- --------------- --------------- --------------- ---------------
    0   3.7778 THz   0.0000  0.0000  0.0000 -0.0000  0.0000 -0.0000 -0.4061  0.5789  0.0000  0.0000  0.0000  0.0000  0.0000  0.0000  0.0000  0.0000 -0.0000  0.0000 -0.0000  0.0000 -0.0000 -0.0000  0.4061 -0.5789
    1   4.4263 THz  -0.3808  0.0000  0.0000  0.0000  0.0000  0.0000 -0.0000  0.0000  0.0000  0.0000  0.0000  0.0000  0.0000  0.0000  0.0000  0.0000  0.9247  0.0000  0.0000 -0.0000  0.0000  0.0000  0.0000  0.0000
    2   4.4263 THz   0.0000  0.0000  0.0000 -0.0000  0.3740 -0.0717  0.0000 -0.0000 -0.0000 -0.0000 -0.0000  0.0000 -0.9081  0.1742  0.0000  0.0000  0.0000 -0.0000 -0.0000  0.0000 -0.0000  0.0000  0.0000 -0.0000
    3   4.5779 THz   0.0000  0.0000  0.0000  0.0000  0.0000 -0.0000  0.0000 -0.0000  0.1532  0.1323  0.0000  0.0000 -0.0000  0.0000  0.0000 -0.0000  0.0000  0.0000 -0.0000 -0.0000  0.8637  0.4616 -0.0000  0.0000
    4   4.5779 THz   0.0000  0.0000 -0.0000  0.0000  0.0000 -0.0000  0.0000 -0.0000  0.7345  0.6478  0.0000  0.0000 -0.0000  0.0000  0.0000 -0.0000  0.0000  0.0000 -0.0000 -0.0000 -0.1775 -0.0972 -0.0000  0.0000
    5   4.6627 THz   0.0000  0.0000 -0.0000 -0.0000  0.0000  0.0000 -0.0000  0.0000  0.0000  0.0000 -0.6669  0.2349 -0.0000 -0.0000  0.0000  0.0000 -0.0000  0.0000  0.6669 -0.2349 -0.0000  0.0000 -0.0000  0.0000
    6   5.3104 THz   0.0000  0.0000  0.0000 -0.0000 -0.0000  0.0000 -0.0000  0.0000 -0.0000 -0.0000  0.0000 -0.0000  0.0000 -0.0000  0.9753 -0.2210 -0.0000  0.0000  0.0000 -0.0000 -0.0000 -0.0000 -0.0000  0.0000
    7   5.9825 THz   0.0000  0.0000  0.0000 -0.0000 -0.0000  0.0000  0.0000 -0.0000 -0.0000  0.0000 -0.6634  0.2447  0.0000 -0.0000  0.0000  0.0000  0.0000 -0.0000 -0.6634  0.2447  0.0000 -0.0000  0.0000 -0.0000
    8   5.9848 THz   0.0000  0.0000 -0.0000 -0.0000 -0.0000 -0.0000  0.4019 -0.5818  0.0000  0.0000  0.0000 -0.0000  0.0000 -0.0000  0.0000  0.0000  0.0000 -0.0000  0.0000 -0.0000  0.0000  0.0000  0.4019 -0.5818
    9   7.7809 THz   0.0000  0.0000 -1.0000 -0.0000  0.0000  0.0000  0.0000  0.0000  0.0000 -0.0000 -0.0000  0.0000  0.0000  0.0000 -0.0000  0.0000 -0.0000  0.0000 -0.0000  0.0000  0.0000  0.0000  0.0000  0.0000
   10   7.9284 THz   0.9247  0.0000  0.0000  0.0000  0.0000  0.0000 -0.0000  0.0000  0.0000  0.0000  0.0000  0.0000  0.0000  0.0000  0.0000  0.0000  0.3808  0.0000  0.0000 -0.0000  0.0000  0.0000  0.0000  0.0000
   11   7.9284 THz   0.0000  0.0000 -0.0000 -0.0000 -0.9246 -0.0108 -0.0000  0.0000  0.0000  0.0000  0.0000 -0.0000 -0.3808 -0.0044 -0.0000 -0.0000  0.0000 -0.0000  0.0000 -0.0000 -0.0000 -0.0000 -0.0000  0.0000


 Q= -0.136160  0.000000  0.000000, q= -0.500000  0.000000  0.000000

                       Al X   0        Al Y   0        Al Z   0        Ni X   1        Ni Y   1        Ni Z   1        Ni X   2        Ni Y   2        Ni Z   2        Ni X   3        Ni Y   3        Ni Z   3     
                    --------------- --------------- --------------- --------------- --------------- --------------- --------------- --------------- --------------- --------------- --------------- ---------------
    0   3.9099 THz   0.0000  0.0000  0.0000  0.0000 -0.0000  0.0000 -0.0000  0.0000 -0.0000 -0.1939  0.5798  0.1574 -0.0000 -0.0000 -0.0000 -0.1532  0.7337  0.1991  0.0000  0.0000  0.0000  0.0000 -0.0000 -0.0000
    1   3.9099 THz   0.0000  0.0000 -0.0000 -0.0000  0.0000 -0.0000 -0.0000 -0.0000 -0.0000 -0.7603 -0.1479 -0.0401  0.0000 -0.0000 -0.0000 -0.6008 -0.1871 -0.0508  0.0000  0.0000 -0.0000 -0.0000  0.0000 -0.0000
    2   4.5341 THz   0.0000  0.0000  0.2833 -0.0585  0.0535 -0.0059 -0.0000 -0.0000 -0.0000 -0.0000  0.0000  0.0000 -0.0000  0.0000 -0.0000 -0.0000  0.0000  0.0000  0.0000 -0.0000  0.9202 -0.1899  0.1736 -0.0193
    3   4.5341 THz   0.0000  0.0000  0.0520 -0.0136 -0.2854  0.0472  0.0000  0.0000  0.0000  0.0000 -0.0000 -0.0000  0.0000 -0.0000  0.0000 -0.0000 -0.0000 -0.0000 -0.0000  0.0000  0.1690 -0.0443 -0.9271  0.1532
    4   4.9089 THz   0.0000  0.0000 -0.0000 -0.0000 -0.0000 -0.0000  0.0000  0.7071  0.0000  0.0000  0.0000  0.0000  0.0000 -0.7071  0.0000  0.0000 -0.0000 -0.0000  0.0000 -0.0000 -0.0000  0.0000  0.0000 -0.0000
    5   4.9379 THz   0.0000  0.0000  0.0000  0.0000 -0.0000 -0.0000 -0.5893  0.3908  0.0000  0.0000  0.0000  0.0000 -0.5893  0.3908  0.0000  0.0000 -0.0000 -0.0000 -0.0000  0.0000  0.0000  0.0000 -0.0000 -0.0000
    6   5.5631 THz  -0.1049  0.0000  0.0000  0.0000  0.0000  0.0000 -0.0000 -0.0000  0.0000  0.0000  0.0000  0.0000 -0.0000  0.0000  0.0000  0.0000  0.0000  0.0000  0.9945  0.0000  0.0000  0.0000  0.0000  0.0000
    7   6.0031 THz   0.0000  0.0000  0.0000  0.0000 -0.0000  0.0000  0.0000  0.0000 -0.0000  0.6139 -0.1063 -0.0288  0.0000 -0.0000 -0.0000 -0.7768  0.0840  0.0228 -0.0000  0.0000  0.0000  0.0000 -0.0000  0.0000
    8   6.0031 THz   0.0000  0.0000 -0.0000  0.0000 -0.0000  0.0000 -0.0000  0.0000  0.0000 -0.0870 -0.7497 -0.2035 -0.0000  0.0000  0.0000  0.1101  0.5924  0.1608  0.0000  0.0000 -0.0000  0.0000 -0.0000  0.0000
    9   7.6553 THz   0.0000  0.0000  0.8379 -0.0760 -0.3894 -0.2321 -0.0000  0.0000 -0.0000 -0.0000  0.0000  0.0000  0.0000 -0.0000 -0.0000  0.0000  0.0000  0.0000  0.0000 -0.0000 -0.2580  0.0234  0.1199  0.0714
   10   7.6553 THz   0.0000  0.0000 -0.3923 -0.2272 -0.3415 -0.7689 -0.0000 -0.0000 -0.0000  0.0000 -0.0000  0.0000  0.0000 -0.0000 -0.0000  0.0000  0.0000  0.0000 -0.0000  0.0000  0.1208  0.0700  0.1051  0.2367
   11   7.9940 THz   0.9945  0.0000  0.0000  0.0000  0.0000  0.0000 -0.0000 -0.0000  0.0000  0.0000  0.0000  0.0000 -0.0000  0.0000  0.0000  0.0000  0.0000  0.0000  0.1049  0.0000  0.0000  0.0000  0.0000  0.0000


 Q=  0.000000 -0.136160 -0.136160, q=  0.000000 -0.500000 -0.500000

                       Al X   0        Al Y   0        Al Z   0        Ni X   1        Ni Y   1        Ni Z   1        Ni X   2        Ni Y   2        Ni Z   2        Ni X   3        Ni Y   3        Ni Z   3     
                    --------------- --------------- --------------- --------------- --------------- --------------- --------------- --------------- --------------- --------------- --------------- ---------------
    0   3.7778 THz   0.0000  0.0000  0.0000  0.0000  0.0000 -0.0000 -0.0000 -0.0000 -0.0000  0.7071  0.0000  0.0000  0.0000  0.0000 -0.0000 -0.0000  0.0000 -0.7071  0.0000  0.0000 -0.0000  0.0000 -0.0000 -0.0000
    1   4.4263 THz   0.0000  0.0000  0.1139  0.0058 -0.1697 -0.3213 -0.0000 -0.0000 -0.0000 -0.0000 -0.0000  0.0000 -0.0000  0.0000  0.0000 -0.0000  0.0000  0.0000 -0.0000 -0.0000  0.4121  0.7800 -0.2765 -0.0142
    2   4.4263 THz   0.0000  0.0000 -0.3593 -0.0542 -0.0431 -0.1056  0.0000  0.0000 -0.0000  0.0000  0.0000  0.0000  0.0000 -0.0000 -0.0000 -0.0000 -0.0000 -0.0000 -0.0000  0.0000  0.1047  0.2563  0.8724  0.1315
    3   4.5779 THz   0.0000  0.0000 -0.0000 -0.0000  0.0000 -0.0000 -0.9186 -0.0088 -0.0000 -0.0000 -0.0000  0.0000 -0.3949  0.0088 -0.0000 -0.0000  0.0000  0.0000 -0.0000 -0.0000 -0.0000  0.0000  0.0000  0.0000
    4   4.5779 THz   0.0000  0.0000  0.0000  0.0000  0.0000 -0.0000 -0.3944 -0.0221 -0.0000 -0.0000 -0.0000  0.0000  0.9184  0.0221 -0.0000 -0.0000  0.0000  0.0000  0.0000 -0.0000 -0.0000  0.0000 -0.0000 -0.0000
    5   4.6627 THz   0.0000  0.0000  0.0000  0.0000  0.0000 -0.0000 -0.0000 -0.0000 -0.0000  0.0000  0.6986 -0.1096  0.0000  0.0000 -0.6986  0.1096  0.0000 -0.0000 -0.0000 -0.0000 -0.0000  0.0000 -0.0000 -0.0000
    6   5.3104 THz   0.0000  0.0000  0.0000 -0.0000  0.0000  0.0000 -0.0000  0.0000 -0.0000 -0.0000 -0.0000 -0.0000 -0.0000 -0.0000  0.0000 -0.0000  0.0000 -0.0000  1.0000  0.0000 -0.0000  0.0000 -0.0000  0.0000
    7   5.9825 THz   0.0000  0.0000 -0.0000 -0.0000 -0.0000  0.0000 -0.0000  0.0000  0.0000  0.0000 -0.0008 -0.7071  0.0000 -0.0000 -0.0008 -0.7071  0.0000  0.0000 -0.0000  0.0000  0.0000  0.0000  0.0000 -0.0000
    8   5.9848 THz   0.0000  0.0000 -0.0000  0.0000 -0.0000  0.0000  0.0000 -0.0000  0.0000  0.7071  0.0000  0.0000  0.0000  0.0000  0.0000  0.0000 -0.0000  0.7071  0.0000 -0.0000 -0.0000  0.0000 -0.0000 -0.0000
    9   7.7809 THz   1.0000  0.0000  0.0000  0.0000  0.0000  0.0000  0.0000  0.0000  0.0000  0.0000  0.0000  0.0000  0.0000  0.0000  0.0000  0.0000  0.0000  0.0000  0.0000  0.0000  0.0000  0.0000  0.0000  0.0000
   10   7.9284 THz   0.0000  0.0000 -0.9208  0.0111  0.0762  0.0354 -0.0000  0.0000  0.0000 -0.0000  0.0000  0.0000 -0.0000  0.0000  0.0000 -0.0000 -0.0000 -0.0000 -0.0000 -0.0000  0.0314  0.0146 -0.3792  0.0046
   11   7.9284 THz   0.0000  0.0000  0.0812 -0.0216  0.9047  0.1717  0.0000 -0.0000 -0.0000  0.0000  0.0000  0.0000  0.0000  0.0000  0.0000 -0.0000 -0.0000  0.0000 -0.0000  0.0000  0.3726  0.0707  0.0335 -0.0089


 Q=  0.000000 -0.136160  0.000000, q=  0.000000 -0.500000  0.000000

                       Al X   0        Al Y   0        Al Z   0        Ni X   1        Ni Y   1        Ni Z   1        Ni X   2        Ni Y   2        Ni Z   2        Ni X   3        Ni Y   3        Ni Z   3     
                    --------------- --------------- --------------- --------------- --------------- --------------- --------------- --------------- --------------- --------------- --------------- ---------------
    0   3.9099 THz   0.0000  0.0000  0.0000  0.0000  0.0000  0.0000  0.7649  0.1617  0.0000  0.0000 -0.0521  0.0016 -0.0000 -0.0000 -0.0000 -0.0000 -0.0000  0.0000  0.6044  0.1278  0.0000  0.0000 -0.0659  0.0020
    1   3.9099 THz   0.0000  0.0000  0.0000  0.0000  0.0000 -0.0000  0.0645  0.0136 -0.0000 -0.0000  0.6175 -0.0186 -0.0000 -0.0000 -0.0000  0.0000  0.0000 -0.0000  0.0510  0.0108 -0.0000 -0.0000  0.7815 -0.0236
    2   4.5341 THz  -0.2943  0.0000  0.0000  0.0000  0.0000  0.0000 -0.0000  0.0000  0.0000  0.0000  0.0000  0.0000 -0.9557  0.0000  0.0000  0.0000  0.0000  0.0000 -0.0000 -0.0000  0.0000  0.0000  0.0000  0.0000
    3   4.5341 THz   0.0000  0.0000  0.0000  0.0000  0.2941  0.0106 -0.0000 -0.0000  0.0000  0.0000 -0.0000 -0.0000  0.0000 -0.0000 -0.0000 -0.0000  0.9551  0.0344 -0.0000 -0.0000 -0.0000  0.0000 -0.0000 -0.0000
    4   4.9089 THz   0.0000  0.0000 -0.0000  0.0000 -0.0000 -0.0000  0.0000 -0.0000 -0.0000  0.7071  0.0000 -0.0000  0.0000  0.0000  0.0000 -0.0000  0.0000 -0.0000  0.0000 -0.0000  0.0000 -0.7071 -0.0000  0.0000
    5   4.9379 THz   0.0000  0.0000  0.0000  0.0000  0.0000 -0.0000  0.0000 -0.0000  0.0000  0.7071  0.0000 -0.0000  0.0000 -0.0000 -0.0000 -0.0000 -0.0000 -0.0000 -0.0000 -0.0000  0.0000  0.7071  0.0000  0.0000
    6   5.5631 THz   0.0000  0.0000 -0.1049  0.0000 -0.0000  0.0000 -0.0000  0.0000  0.0000  0.0000 -0.0000 -0.0000 -0.0000  0.0000  0.9945 -0.0000  0.0000 -0.0000  0.0000  0.0000 -0.0000  0.0000  0.0000  0.0000
    7   6.0031 THz   0.0000  0.0000  0.0000 -0.0000  0.0000 -0.0000 -0.1577  0.0013  0.0000 -0.0000 -0.7588  0.0014  0.0000  0.0000 -0.0000  0.0000 -0.0000  0.0000  0.1995 -0.0017  0.0000 -0.0000  0.5996 -0.0011
    8   6.0031 THz   0.0000  0.0000  0.0000 -0.0000 -0.0000  0.0000 -0.5996  0.0050  0.0000 -0.0000  0.1995 -0.0004  0.0000  0.0000 -0.0000 -0.0000 -0.0000 -0.0000  0.7588 -0.0064  0.0000  0.0000 -0.1577  0.0003
    9   7.6553 THz   0.9557  0.0000  0.0000  0.0000  0.0000  0.0000 -0.0000  0.0000  0.0000  0.0000  0.0000  0.0000 -0.2943  0.0000  0.0000  0.0000  0.0000  0.0000 -0.0000 -0.0000  0.0000  0.0000  0.0000  0.0000
   10   7.6553 THz   0.0000  0.0000  0.0000 -0.0000  0.9557 -0.0083 -0.0000 -0.0000 -0.0000  0.0000  0.0000  0.0000  0.0000  0.0000  0.0000 -0.0000 -0.2942  0.0026  0.0000  0.0000 -0.0000 -0.0000 -0.0000 -0.0000
   11   7.9940 THz   0.0000  0.0000  0.9945  0.0000 -0.0000  0.0000  0.0000  0.0000 -0.0000  0.0000 -0.0000  0.0000  0.0000  0.0000  0.1049 -0.0000  0.0000 -0.0000  0.0000  0.0000 -0.0000 -0.0000  0.0000 -0.0000


 Q=  0.000000  0.000000 -0.136160, q=  0.000000  0.000000 -0.500000

                       Al X   0        Al Y   0        Al Z   0        Ni X   1        Ni Y   1        Ni Z   1        Ni X   2        Ni Y   2        Ni Z   2        Ni X   3        Ni Y   3        Ni Z   3     
                    --------------- --------------- --------------- --------------- --------------- --------------- --------------- --------------- --------------- --------------- --------------- ---------------
    0   3.9099 THz   0.0000  0.0000 -0.0000  0.0000  0.0000  0.0000  0.0000  0.0000 -0.0000  0.0000 -0.0000 -0.0000 -0.0089  0.0002 -0.6198  0.0139 -0.0000 -0.0000 -0.0071  0.0002 -0.7844  0.0176 -0.0000  0.0000
    1   3.9099 THz   0.0000  0.0000  0.0000 -0.0000  0.0000  0.0000 -0.0000 -0.0000  0.0000 -0.0000 -0.0000 -0.0000  0.7844 -0.0173 -0.0071  0.0002 -0.0000 -0.0000  0.6198 -0.0137 -0.0089  0.0002  0.0000  0.0000
    2   4.5341 THz   0.0000  0.0000 -0.2943  0.0000  0.0000 -0.0000  0.0000 -0.0000 -0.9557  0.0000  0.0000  0.0000  0.0000 -0.0000  0.0000  0.0000 -0.0000 -0.0000  0.0000 -0.0000  0.0000  0.0000 -0.0000  0.0000
    3   4.5341 THz  -0.2943  0.0000  0.0000  0.0000  0.0000  0.0000 -0.9557  0.0000  0.0000  0.0000  0.0000  0.0000 -0.0000  0.0000  0.0000  0.0000  0.0000  0.0000 -0.0000  0.0000  0.0000  0.0000  0.0000  0.0000
    4   4.9089 THz   0.0000  0.0000 -0.0000  0.0000  0.0000 -0.0000  0.0000 -0.0000 -0.0000  0.0000 -0.0000  0.0000  0.0000  0.0000  0.0000  0.0000  0.0000  0.7071 -0.0000 -0.0000 -0.0000 -0.0000 -0.0000 -0.7071
    5   4.9379 THz   0.0000  0.0000 -0.0000  0.0000  0.0000 -0.0000 -0.0000  0.0000 -0.0000  0.0000 -0.0000 -0.0000  0.0000  0.0000 -0.0000 -0.0000 -0.0000 -0.7071 -0.0000 -0.0000  0.0000  0.0000 -0.0000 -0.7071
    6   5.5631 THz   0.0000  0.0000  0.0000  0.0000 -0.1045 -0.0093 -0.0000  0.0000  0.0000  0.0000  0.9906  0.0881  0.0000  0.0000  0.0000 -0.0000 -0.0000  0.0000  0.0000 -0.0000 -0.0000  0.0000 -0.0000 -0.0000
    7   6.0031 THz   0.0000  0.0000 -0.0000  0.0000  0.0000 -0.0000 -0.0000  0.0000  0.0000  0.0000 -0.0000 -0.0000  0.0093  0.0004  0.7837  0.0366  0.0000 -0.0000 -0.0117 -0.0005 -0.6192 -0.0290  0.0000 -0.0000
    8   6.0031 THz   0.0000  0.0000 -0.0000 -0.0000  0.0000 -0.0000  0.0000 -0.0000 -0.0000 -0.0000  0.0000  0.0000 -0.6193 -0.0286  0.0117  0.0005  0.0000 -0.0000  0.7837  0.0363 -0.0093 -0.0004  0.0000 -0.0000
    9   7.6553 THz   0.9557  0.0000  0.0000  0.0000  0.0000  0.0000 -0.2943  0.0000  0.0000  0.0000  0.0000  0.0000 -0.0000  0.0000  0.0000  0.0000  0.0000  0.0000 -0.0000  0.0000  0.0000  0.0000  0.0000  0.0000
   10   7.6553 THz   0.0000  0.0000 -0.9557 -0.0000  0.0000 -0.0000  0.0000  0.0000  0.2943 -0.0000  0.0000 -0.0000 -0.0000  0.0000 -0.0000 -0.0000  0.0000 -0.0000 -0.0000 -0.0000  0.0000  0.0000 -0.0000  0.0000
   11   7.9940 THz   0.0000  0.0000 -0.0000 -0.0000 -0.9944  0.0110 -0.0000 -0.0000 -0.0000 -0.0000 -0.1049  0.0012  0.0000 -0.0000 -0.0000  0.0000  0.0000  0.0000  0.0000 -0.0000  0.0000 -0.0000  0.0000 -0.0000


 Q=  0.000000  0.000000  0.000000, q=  0.000000  0.000000  0.000000

                       Al X   0        Al Y   0        Al Z   0        Ni X   1        Ni Y   1        Ni Z   1        Ni X   2        Ni Y   2        Ni Z   2        Ni X   3        Ni Y   3        Ni Z   3     
                    --------------- --------------- --------------- --------------- --------------- --------------- --------------- --------------- --------------- --------------- --------------- ---------------
    0  -0.0000 THz  -0.1296  0.0000  0.1917  0.0000  0.2817  0.0000 -0.1911  0.0000  0.2827  0.0000  0.4154  0.0000 -0.1911  0.0000  0.2827  0.0000  0.4154  0.0000 -0.1911  0.0000  0.2827  0.0000  0.4154  0.0000
    1  -0.0000 THz   0.0589  0.0000 -0.2842  0.0000  0.2205  0.0000  0.0869  0.0000 -0.4192  0.0000  0.3252  0.0000  0.0869  0.0000 -0.4192  0.0000  0.3252  0.0000  0.0869  0.0000 -0.4192  0.0000  0.3252  0.0000
    2  -0.0000 THz  -0.3356  0.0000 -0.1239  0.0000 -0.0701  0.0000 -0.4949  0.0000 -0.1828  0.0000 -0.1034  0.0000 -0.4949  0.0000 -0.1828  0.0000 -0.1034  0.0000 -0.4949  0.0000 -0.1828  0.0000 -0.1034  0.0000
    3   5.0562 THz  -0.0000  0.0000  0.0000  0.0000 -0.0000  0.0000  0.7023  0.0000 -0.0801  0.0000  0.0000  0.0000 -0.7023  0.0000 -0.0000  0.0000 -0.0196  0.0000  0.0000  0.0000  0.0801  0.0000  0.0196  0.0000
    4   5.0562 THz  -0.0000  0.0000  0.0000  0.0000 -0.0000  0.0000  0.0818  0.0000  0.6548  0.0000 -0.0000  0.0000 -0.0818  0.0000 -0.0000  0.0000  0.2540  0.0000  0.0000  0.0000 -0.6548  0.0000 -0.2540  0.0000
    5   5.0562 THz   0.0000  0.0000  0.0000  0.0000  0.0000  0.0000 -0.0106  0.0000 -0.2545  0.0000 -0.0000  0.0000  0.0106  0.0000  0.0000  0.0000  0.6596  0.0000 -0.0000  0.0000  0.2545  0.0000 -0.6596  0.0000
    6   5.8911 THz  -0.3774  0.0000 -0.1953  0.0000  0.0909  0.0000 -0.2283  0.0000 -0.1181  0.0000 -0.1716  0.0000 -0.2283  0.0000  0.3687  0.0000  0.0550  0.0000  0.7124  0.0000 -0.1181  0.0000  0.0550  0.0000
    7   5.8911 THz   0.0728  0.0000  0.0569  0.0000  0.4247  0.0000  0.0440  0.0000  0.0344  0.0000 -0.8016  0.0000  0.0440  0.0000 -0.1075  0.0000  0.2568  0.0000 -0.1375  0.0000  0.0344  0.0000  0.2568  0.0000
    8   5.8911 THz  -0.2028  0.0000  0.3840  0.0000 -0.0167  0.0000 -0.1226  0.0000  0.2323  0.0000  0.0315  0.0000 -0.1226  0.0000 -0.7249  0.0000 -0.0101  0.0000  0.3827  0.0000  0.2323  0.0000 -0.0101  0.0000
    9   7.8290 THz  -0.0000  0.0000  0.7988  0.0000 -0.2002  0.0000 -0.0000  0.0000 -0.3654  0.0000 -0.0474  0.0000  0.0000  0.0000  0.1891  0.0000  0.0916  0.0000 -0.0000  0.0000 -0.3654  0.0000  0.0916  0.0000
   10   7.8290 THz   0.8236  0.0000  0.0000  0.0000 -0.0000  0.0000 -0.3767  0.0000 -0.0000  0.0000 -0.0000  0.0000 -0.3767  0.0000  0.0000  0.0000  0.0000  0.0000  0.1949  0.0000 -0.0000  0.0000  0.0000  0.0000
   11   7.8290 THz  -0.0000  0.0000  0.2002  0.0000  0.7988  0.0000 -0.0000  0.0000 -0.0916  0.0000  0.1891  0.0000  0.0000  0.0000  0.0474  0.0000 -0.3654  0.0000 -0.0000  0.0000 -0.0916  0.0000 -0.3654  0.0000
