
Used Primitive lattice vector

    0.000000000000      1.832534000000      1.832534000000  
    1.832534000000      0.000000000000      1.832534000000  
    1.832534000000      1.832534000000      0.000000000000  

   1 Atom(s) in the Primitive cell

 -0.0000010000 0.0000010000 0.0000010000 Ni    0


 Q=  0.000000  0.000000 -0.272846, q= -0.500000 -0.500000  0.000000

                       Ni X   0        Ni Y   0        Ni Z   0     
                    --------------- --------------- ---------------
    0   4.8797 THz   1.0000  0.0000  0.0000  0.0000  0.0000  0.0000
    1   4.8797 THz   0.0000  0.0000  1.0000  0.0000 -0.0000 -0.0000
    2   5.3764 THz   0.0000  0.0000 -0.0000  0.0000 -1.0000 -0.0000


 Q=  0.000000 -0.272846  0.000000, q= -0.500000  0.000000 -0.500000

                       Ni X   0        Ni Y   0        Ni Z   0     
                    --------------- --------------- ---------------
    0   4.8797 THz   0.0000  0.0000  0.0000  0.0000 -1.0000 -0.0000
    1   4.8797 THz   1.0000  0.0000  0.0000  0.0000  0.0000  0.0000
    2   5.3764 THz   0.0000  0.0000  1.0000  0.0000  0.0000 -0.0000


 Q= -0.272846  0.000000  0.000000, q=  0.000000 -0.500000 -0.500000

                       Ni X   0        Ni Y   0        Ni Z   0     
                    --------------- --------------- ---------------
    0   4.8797 THz   0.0000  0.0000  0.9225 -0.0000 -0.3860  0.0000
    1   4.8797 THz   0.0000  0.0000 -0.3860 -0.0000 -0.9225  0.0000
    2   5.3764 THz   1.0000  0.0000  0.0000  0.0000  0.0000  0.0000


 Q=  0.000000  0.000000  0.000000, q=  0.000000  0.000000  0.000000

                       Ni X   0        Ni Y   0        Ni Z   0     
                    --------------- --------------- ---------------
    0  -0.0000 THz  -0.9646  0.0000 -0.1912  0.0000 -0.1817  0.0000
    1  -0.0000 THz  -0.1176  0.0000  0.9283  0.0000 -0.3527  0.0000
    2  -0.0000 THz   0.2361  0.0000 -0.3188  0.0000 -0.9179  0.0000
