
Used Primitive lattice vector

    3.584830743900      0.000000000000      0.000000000000  
    0.000000000000      3.584830743900      0.000000000000  
    0.000000000000      0.000000000000      3.584830743900  

   4 Atom(s) in the Primitive cell

 0.0000000000 0.0000000000 0.0000000000 Al    0
 0.5000000000 0.5000000000 0.0000000000 Ni    1
 0.5000000000 0.0000000000 0.5000000000 Ni    2
 0.0000000000 0.5000000000 0.5000000000 Ni    3


 Q= -0.139477 -0.139477 -0.139477, q= -0.500000 -0.500000 -0.500000

                       Al X   0        Al Y   0        Al Z   0        Ni X   1        Ni Y   1        Ni Z   1        Ni X   2        Ni Y   2        Ni Z   2        Ni X   3        Ni Y   3        Ni Z   3     
                    --------------- --------------- --------------- --------------- --------------- --------------- --------------- --------------- --------------- --------------- --------------- ---------------
    0   4.1432 THz  -0.0000  0.0000 -0.0000 -0.0000 -0.0000  0.0000  0.1658 -0.0000  0.0266  0.0000  0.0000 -0.0000 -0.6869  0.0000 -0.0000  0.0000 -0.0266 -0.0000 -0.0000 -0.0000  0.6869 -0.0000 -0.1658  0.0000
    1   4.1432 THz   0.0000  0.0000 -0.0000  0.0000  0.0000  0.0000 -0.0335 -0.0000 -0.7054  0.0000  0.0000 -0.0000 -0.0355  0.0000 -0.0000  0.0000  0.7054 -0.0000 -0.0000 -0.0000  0.0355 -0.0000  0.0335  0.0000
    2   4.1432 THz  -0.0000  0.0000 -0.0000 -0.0000  0.0000  0.0000  0.6866  0.0000 -0.0408  0.0000 -0.0000 -0.0000  0.1642  0.0000  0.0000  0.0000  0.0408 -0.0000 -0.0000 -0.0000 -0.1642 -0.0000 -0.6866 -0.0000
    3   4.9115 THz  -0.6080  0.0000  0.0000  0.0000  0.0000 -0.0000 -0.0000 -0.0000  0.5614 -0.0000 -0.0000 -0.0000 -0.0000  0.0000  0.0000 -0.0000  0.5614  0.0000 -0.0000  0.0000  0.0000 -0.0000 -0.0000  0.0000
    4   4.9115 THz   0.0000  0.0000  0.6058  0.0000  0.0515 -0.0000 -0.5594 -0.0000 -0.0000 -0.0000  0.0000  0.0000 -0.0476  0.0000 -0.0000 -0.0000 -0.0000  0.0000  0.0000 -0.0000 -0.0476  0.0000 -0.5594 -0.0000
    5   4.9115 THz   0.0000  0.0000 -0.0515  0.0000  0.6058 -0.0000  0.0476 -0.0000 -0.0000  0.0000  0.0000 -0.0000 -0.5594  0.0000 -0.0000  0.0000  0.0000 -0.0000 -0.0000  0.0000 -0.5594  0.0000  0.0476 -0.0000
    6   4.9310 THz  -0.0000  0.0000 -0.0000  0.0000 -0.0000 -0.0000  0.0000 -0.0000 -0.0000  0.0000  0.1004  0.0000  0.0000  0.0000 -0.7519  0.0000  0.0000 -0.0000  0.6515 -0.0000  0.0000  0.0000  0.0000 -0.0000
    7   4.9310 THz  -0.0000  0.0000 -0.0000  0.0000 -0.0000  0.0000  0.0000 -0.0000  0.0000 -0.0000  0.8103  0.0000  0.0000 -0.0000 -0.3182 -0.0000 -0.0000  0.0000 -0.4921  0.0000  0.0000 -0.0000  0.0000 -0.0000
    8   8.1657 THz  -0.0000  0.0000  0.0000  0.0000  0.0000 -0.0000 -0.0000  0.0000  0.0000  0.0000  0.5774  0.0000 -0.0000  0.0000  0.5774  0.0000  0.0000 -0.0000  0.5774  0.0000 -0.0000  0.0000 -0.0000  0.0000
    9   9.5729 THz   0.7940  0.0000  0.0000  0.0000  0.0000 -0.0000 -0.0000  0.0000  0.4299 -0.0000 -0.0000 -0.0000  0.0000 -0.0000  0.0000 -0.0000  0.4299  0.0000  0.0000 -0.0000  0.0000 -0.0000 -0.0000  0.0000
   10   9.5729 THz   0.0000  0.0000  0.7625  0.0000 -0.2213  0.0000  0.4129  0.0000 -0.0000 -0.0000 -0.0000  0.0000 -0.1198  0.0000  0.0000 -0.0000 -0.0000  0.0000 -0.0000 -0.0000 -0.1198  0.0000  0.4129  0.0000
   11   9.5729 THz  -0.0000 -0.0000 -0.2213  0.0000 -0.7625  0.0000 -0.1198  0.0000  0.0000 -0.0000 -0.0000  0.0000 -0.4129  0.0000  0.0000 -0.0000 -0.0000  0.0000  0.0000 -0.0000 -0.4129  0.0000 -0.1198  0.0000


 Q= -0.139477 -0.139477  0.000000, q= -0.500000 -0.500000  0.000000

                       Al X   0        Al Y   0        Al Z   0        Ni X   1        Ni Y   1        Ni Z   1        Ni X   2        Ni Y   2        Ni Z   2        Ni X   3        Ni Y   3        Ni Z   3     
                    --------------- --------------- --------------- --------------- --------------- --------------- --------------- --------------- --------------- --------------- --------------- ---------------
    0   4.2046 THz   0.0000  0.0000 -0.0000 -0.0000 -0.0000 -0.0000  0.0000  0.0000 -0.0000 -0.0000 -0.0000 -0.0000 -0.6667  0.2356  0.0000  0.0000  0.0000 -0.0000  0.0000  0.0000  0.6667 -0.2356 -0.0000  0.0000
    1   4.9204 THz   0.4421  0.0000  0.0000  0.0000  0.0000  0.0000 -0.0000 -0.0000 -0.8970  0.0000  0.0000  0.0000  0.0000 -0.0000 -0.0000  0.0000  0.0000  0.0000 -0.0000  0.0000 -0.0000  0.0000  0.0000  0.0000
    2   4.9204 THz   0.0000  0.0000  0.4421  0.0000  0.0000 -0.0000 -0.8970 -0.0000  0.0000 -0.0000  0.0000  0.0000 -0.0000  0.0000 -0.0000 -0.0000 -0.0000  0.0000  0.0000  0.0000  0.0000 -0.0000  0.0000 -0.0000
    3   4.9815 THz   0.0000  0.0000 -0.0000  0.0000  0.0000 -0.0000  0.0000 -0.0000 -0.0000 -0.0000 -0.0000  0.0000 -0.0000  0.0000 -0.3731 -0.6007 -0.0000  0.0000  0.3731  0.6007 -0.0000  0.0000 -0.0000  0.0000
    4   5.5681 THz   0.0000  0.0000  0.0000 -0.0000 -0.0000  0.0000 -0.0000  0.0000  0.0000 -0.0000 -0.0000 -0.0000  0.0000  0.0000 -0.0000 -0.0000  0.4068 -0.9111  0.0000  0.0000  0.0000  0.0000  0.0173 -0.0648
    5   5.5681 THz   0.0000  0.0000  0.0000  0.0000 -0.0000  0.0000 -0.0000 -0.0000  0.0000  0.0000  0.0000 -0.0000 -0.0000  0.0000  0.0000 -0.0000  0.0558  0.0372 -0.0000  0.0000 -0.0000  0.0000 -0.9068 -0.4161
    6   6.1442 THz   0.0000  0.0000  0.0000 -0.0000  0.0000 -0.0000 -0.0000  0.0000 -0.0000  0.0000 -0.9988 -0.0488  0.0000 -0.0000  0.0000  0.0000  0.0000  0.0000 -0.0000 -0.0000 -0.0000  0.0000  0.0000 -0.0000
    7   7.1565 THz   0.0000  0.0000 -0.0000  0.0000 -0.0000  0.0000 -0.0000 -0.0000  0.0000  0.0000 -0.0000 -0.0000  0.0000 -0.0000 -0.3484 -0.6153  0.0000  0.0000 -0.3484 -0.6153  0.0000 -0.0000  0.0000 -0.0000
    8   7.2064 THz   0.0000  0.0000 -0.0000 -0.0000  0.0000 -0.0000 -0.0000  0.0000 -0.0000 -0.0000  0.0000  0.0000 -0.6785  0.1991 -0.0000 -0.0000 -0.0000 -0.0000 -0.0000 -0.0000 -0.6785  0.1991 -0.0000  0.0000
    9   8.7442 THz   0.0000  0.0000 -0.0000  0.0000  0.9974  0.0718 -0.0000  0.0000 -0.0000  0.0000  0.0000  0.0000 -0.0000  0.0000 -0.0000 -0.0000 -0.0000  0.0000 -0.0000 -0.0000  0.0000  0.0000 -0.0000 -0.0000
   10   9.1342 THz   0.0000  0.0000 -0.8970  0.0000 -0.0000 -0.0000 -0.4421  0.0000 -0.0000  0.0000  0.0000  0.0000  0.0000 -0.0000  0.0000  0.0000  0.0000 -0.0000  0.0000  0.0000  0.0000 -0.0000  0.0000  0.0000
   11   9.1342 THz   0.8970  0.0000  0.0000  0.0000  0.0000  0.0000  0.0000  0.0000  0.4421  0.0000  0.0000  0.0000 -0.0000  0.0000  0.0000 -0.0000  0.0000  0.0000  0.0000 -0.0000  0.0000 -0.0000  0.0000  0.0000


 Q= -0.139477  0.000000 -0.139477, q= -0.500000  0.000000 -0.500000

                       Al X   0        Al Y   0        Al Z   0        Ni X   1        Ni Y   1        Ni Z   1        Ni X   2        Ni Y   2        Ni Z   2        Ni X   3        Ni Y   3        Ni Z   3     
                    --------------- --------------- --------------- --------------- --------------- --------------- --------------- --------------- --------------- --------------- --------------- ---------------
    0   4.2046 THz   0.0000  0.0000 -0.0000  0.0000 -0.0000  0.0000 -0.1186  0.6971 -0.0000 -0.0000 -0.0000 -0.0000  0.0000 -0.0000 -0.0000 -0.0000 -0.0000 -0.0000 -0.0000 -0.0000 -0.0000 -0.0000  0.1186 -0.6971
    1   4.9204 THz   0.0000  0.0000 -0.0000  0.0000  0.4421  0.0000 -0.0000  0.0000  0.0000 -0.0000 -0.0000 -0.0000 -0.8970 -0.0000 -0.0000  0.0000  0.0000 -0.0000  0.0000  0.0000  0.0000 -0.0000  0.0000 -0.0000
    2   4.9204 THz  -0.4421  0.0000  0.0000  0.0000  0.0000  0.0000 -0.0000  0.0000  0.0000  0.0000  0.0000  0.0000  0.0000  0.0000  0.0000  0.0000  0.8970  0.0000  0.0000 -0.0000  0.0000  0.0000  0.0000  0.0000
    3   4.9815 THz   0.0000  0.0000  0.0000  0.0000  0.0000 -0.0000 -0.0000  0.0000  0.0000  0.0000  0.6481  0.2828 -0.0000  0.0000  0.0000 -0.0000  0.0000  0.0000 -0.6481 -0.2828 -0.0000 -0.0000 -0.0000 -0.0000
    4   5.5681 THz   0.0000  0.0000 -0.0000  0.0000 -0.0000 -0.0000 -0.0000 -0.0000  0.8099 -0.4068 -0.0000  0.0000  0.0000 -0.0000 -0.0000  0.0000 -0.0000 -0.0000  0.0000 -0.0000 -0.0616 -0.4180 -0.0000  0.0000
    5   5.5681 THz   0.0000  0.0000 -0.0000  0.0000  0.0000  0.0000 -0.0000  0.0000 -0.2052  0.3693  0.0000 -0.0000 -0.0000  0.0000  0.0000  0.0000  0.0000 -0.0000 -0.0000  0.0000 -0.6141 -0.6666  0.0000 -0.0000
    6   6.1442 THz   0.0000  0.0000 -0.0000  0.0000  0.0000  0.0000 -0.0000 -0.0000  0.0000  0.0000 -0.0000 -0.0000 -0.0000 -0.0000  0.9401  0.3409  0.0000  0.0000 -0.0000 -0.0000  0.0000 -0.0000  0.0000 -0.0000
    7   7.1565 THz   0.0000  0.0000  0.0000  0.0000 -0.0000 -0.0000 -0.0000  0.0000 -0.0000 -0.0000  0.5935  0.3844 -0.0000 -0.0000  0.0000  0.0000  0.0000 -0.0000  0.5935  0.3844 -0.0000 -0.0000 -0.0000  0.0000
    8   7.2064 THz   0.0000  0.0000  0.0000 -0.0000 -0.0000  0.0000  0.1192 -0.6970  0.0000 -0.0000  0.0000 -0.0000  0.0000  0.0000 -0.0000 -0.0000  0.0000  0.0000  0.0000 -0.0000 -0.0000  0.0000  0.1192 -0.6970
    9   8.7442 THz   0.0000  0.0000 -1.0000 -0.0000  0.0000  0.0000  0.0000 -0.0000  0.0000 -0.0000  0.0000 -0.0000  0.0000  0.0000 -0.0000 -0.0000  0.0000  0.0000  0.0000 -0.0000  0.0000  0.0000  0.0000 -0.0000
   10   9.1342 THz   0.8970  0.0000  0.0000  0.0000  0.0000  0.0000 -0.0000  0.0000  0.0000  0.0000  0.0000  0.0000  0.0000  0.0000  0.0000  0.0000  0.4421  0.0000  0.0000 -0.0000  0.0000  0.0000  0.0000  0.0000
   11   9.1342 THz   0.0000  0.0000 -0.0000 -0.0000 -0.8970 -0.0000 -0.0000  0.0000  0.0000  0.0000 -0.0000 -0.0000 -0.4421 -0.0000 -0.0000  0.0000  0.0000 -0.0000  0.0000  0.0000 -0.0000  0.0000 -0.0000 -0.0000


 Q= -0.139477  0.000000  0.000000, q= -0.500000  0.000000  0.000000

                       Al X   0        Al Y   0        Al Z   0        Ni X   1        Ni Y   1        Ni Z   1        Ni X   2        Ni Y   2        Ni Z   2        Ni X   3        Ni Y   3        Ni Z   3     
                    --------------- --------------- --------------- --------------- --------------- --------------- --------------- --------------- --------------- --------------- --------------- ---------------
    0   4.4250 THz   0.0000  0.0000 -0.0000 -0.0000  0.0000  0.0000 -0.0000 -0.0000  0.0000 -0.7472 -0.0000  0.0000 -0.0000  0.0000  0.0000 -0.6646 -0.0000  0.0000 -0.0000 -0.0000 -0.0000 -0.0000  0.0000 -0.0000
    1   4.4250 THz   0.0000  0.0000  0.0000 -0.0000 -0.0000  0.0000  0.0000 -0.0000  0.0000 -0.0000  0.3135 -0.5860  0.0000 -0.0000  0.0000 -0.0000  0.3525 -0.6589 -0.0000 -0.0000  0.0000 -0.0000  0.0000 -0.0000
    2   5.2103 THz  -0.0000  0.0000 -0.3649 -0.0000  0.0045  0.0010  0.0000  0.0000  0.0000  0.0000 -0.0000 -0.0000 -0.0000  0.0000  0.0000  0.0000  0.0000  0.0000  0.0000  0.0000 -0.9310 -0.0000  0.0115  0.0025
    3   5.2103 THz   0.0000  0.0000  0.0046  0.0000  0.3564  0.0785 -0.0000  0.0000 -0.0000  0.0000 -0.0000 -0.0000  0.0000 -0.0000 -0.0000  0.0000 -0.0000  0.0000 -0.0000 -0.0000  0.0118  0.0000  0.9091  0.2004
    4   5.7936 THz   0.0000  0.0000  0.0000 -0.0000 -0.0000  0.0000  0.0000 -0.7071  0.0000  0.0000 -0.0000 -0.0000 -0.0000  0.7071  0.0000 -0.0000  0.0000 -0.0000  0.0000  0.0000  0.0000 -0.0000  0.0000  0.0000
    5   5.9163 THz   0.0000  0.0000  0.0000 -0.0000 -0.0000 -0.0000  0.4491 -0.5462 -0.0000 -0.0000  0.0000  0.0000  0.4491 -0.5462 -0.0000 -0.0000 -0.0000  0.0000  0.0000 -0.0000 -0.0000 -0.0000  0.0000  0.0000
    6   6.3134 THz  -0.0942  0.0000 -0.0000 -0.0000  0.0000 -0.0000 -0.0000  0.0000 -0.0000 -0.0000 -0.0000 -0.0000 -0.0000  0.0000  0.0000  0.0000  0.0000  0.0000  0.9956 -0.0000  0.0000 -0.0000 -0.0000  0.0000
    7   7.1518 THz   0.0000  0.0000 -0.0000 -0.0000 -0.0000 -0.0000 -0.0000 -0.0000 -0.0000 -0.6633 -0.0428 -0.0174  0.0000  0.0000  0.0000  0.7458  0.0381  0.0155 -0.0000 -0.0000  0.0000  0.0000 -0.0000  0.0000
    8   7.1518 THz   0.0000  0.0000 -0.0000 -0.0000  0.0000  0.0000 -0.0000 -0.0000 -0.0000 -0.0411  0.6907  0.2813 -0.0000 -0.0000  0.0000  0.0462 -0.6143 -0.2502 -0.0000 -0.0000 -0.0000 -0.0000  0.0000  0.0000
    9   8.7825 THz  -0.0000  0.0000  0.9298  0.0000 -0.0474  0.0019 -0.0000  0.0000 -0.0000  0.0000  0.0000  0.0000 -0.0000 -0.0000  0.0000  0.0000 -0.0000 -0.0000  0.0000 -0.0000 -0.3645  0.0000  0.0186 -0.0007
   10   8.7825 THz   0.0000  0.0000 -0.0475 -0.0000 -0.9291  0.0367  0.0000  0.0000  0.0000  0.0000  0.0000  0.0000 -0.0000 -0.0000 -0.0000 -0.0000 -0.0000 -0.0000 -0.0000  0.0000  0.0186  0.0000  0.3642 -0.0144
   11   8.9731 THz   0.9956  0.0000  0.0000  0.0000  0.0000 -0.0000 -0.0000  0.0000 -0.0000  0.0000  0.0000  0.0000 -0.0000 -0.0000  0.0000 -0.0000 -0.0000 -0.0000  0.0942 -0.0000 -0.0000  0.0000 -0.0000  0.0000


 Q=  0.000000 -0.139477 -0.139477, q=  0.000000 -0.500000 -0.500000

                       Al X   0        Al Y   0        Al Z   0        Ni X   1        Ni Y   1        Ni Z   1        Ni X   2        Ni Y   2        Ni Z   2        Ni X   3        Ni Y   3        Ni Z   3     
                    --------------- --------------- --------------- --------------- --------------- --------------- --------------- --------------- --------------- --------------- --------------- ---------------
    0   4.2046 THz   0.0000  0.0000 -0.0000  0.0000 -0.0000  0.0000 -0.0000 -0.0000 -0.2056 -0.6766  0.0000 -0.0000  0.0000  0.0000 -0.0000  0.0000  0.2056  0.6766  0.0000 -0.0000  0.0000 -0.0000  0.0000 -0.0000
    1   4.9204 THz   0.0000  0.0000 -0.0101  0.0019  0.4387 -0.0536 -0.0000 -0.0000  0.0000 -0.0000  0.0000 -0.0000  0.0000  0.0000 -0.0000  0.0000  0.0000  0.0000  0.0000 -0.0000 -0.8901  0.1088  0.0206 -0.0039
    2   4.9204 THz   0.0000  0.0000 -0.4332  0.0874 -0.0102  0.0014 -0.0000  0.0000  0.0000  0.0000 -0.0000 -0.0000 -0.0000  0.0000  0.0000  0.0000 -0.0000 -0.0000  0.0000 -0.0000  0.0208 -0.0028  0.8790 -0.1773
    3   4.9815 THz   0.0000  0.0000  0.0000 -0.0000  0.0000  0.0000  0.0000 -0.0000  0.0000 -0.0000 -0.6644  0.2420 -0.0000  0.0000  0.6644 -0.2420 -0.0000  0.0000 -0.0000 -0.0000 -0.0000 -0.0000 -0.0000  0.0000
    4   5.5681 THz   0.0000  0.0000 -0.0000  0.0000 -0.0000  0.0000  0.5685 -0.6772 -0.0000  0.0000  0.0000 -0.0000  0.4259 -0.1918 -0.0000 -0.0000  0.0000 -0.0000 -0.0000 -0.0000  0.0000 -0.0000  0.0000 -0.0000
    5   5.5681 THz   0.0000  0.0000 -0.0000  0.0000  0.0000  0.0000  0.3657 -0.2907 -0.0000  0.0000  0.0000  0.0000 -0.8624  0.1950 -0.0000 -0.0000  0.0000 -0.0000 -0.0000  0.0000 -0.0000  0.0000  0.0000 -0.0000
    6   6.1442 THz   0.0000  0.0000 -0.0000 -0.0000  0.0000  0.0000  0.0000 -0.0000  0.0000 -0.0000 -0.0000  0.0000  0.0000 -0.0000 -0.0000  0.0000  0.0000 -0.0000  1.0000 -0.0000  0.0000  0.0000 -0.0000  0.0000
    7   7.1565 THz   0.0000  0.0000 -0.0000  0.0000  0.0000  0.0000 -0.0000 -0.0000 -0.0000  0.0000  0.5068 -0.4931 -0.0000  0.0000  0.5068 -0.4931 -0.0000  0.0000  0.0000 -0.0000 -0.0000  0.0000  0.0000 -0.0000
    8   7.2064 THz   0.0000  0.0000 -0.0000 -0.0000  0.0000 -0.0000 -0.0000  0.0000 -0.2925 -0.6438  0.0000 -0.0000  0.0000  0.0000  0.0000 -0.0000 -0.2925 -0.6438  0.0000  0.0000 -0.0000 -0.0000 -0.0000  0.0000
    9   8.7442 THz   1.0000  0.0000  0.0000  0.0000  0.0000  0.0000  0.0000  0.0000  0.0000  0.0000  0.0000  0.0000  0.0000  0.0000  0.0000  0.0000  0.0000  0.0000  0.0000  0.0000  0.0000  0.0000  0.0000  0.0000
   10   9.1342 THz   0.0000  0.0000  0.8807 -0.1699 -0.0060 -0.0087 -0.0000  0.0000 -0.0000 -0.0000  0.0000 -0.0000 -0.0000  0.0000 -0.0000  0.0000 -0.0000 -0.0000  0.0000 -0.0000 -0.0030 -0.0043  0.4340 -0.0837
   11   9.1342 THz   0.0000  0.0000 -0.0096 -0.0044  0.0117 -0.8968  0.0000  0.0000  0.0000 -0.0000  0.0000  0.0000  0.0000  0.0000  0.0000  0.0000  0.0000  0.0000 -0.0000  0.0000  0.0058 -0.4420 -0.0047 -0.0022


 Q=  0.000000 -0.139477  0.000000, q=  0.000000 -0.500000  0.000000

                       Al X   0        Al Y   0        Al Z   0        Ni X   1        Ni Y   1        Ni Z   1        Ni X   2        Ni Y   2        Ni Z   2        Ni X   3        Ni Y   3        Ni Z   3     
                    --------------- --------------- --------------- --------------- --------------- --------------- --------------- --------------- --------------- --------------- --------------- ---------------
    0   4.4250 THz   0.0000  0.0000  0.0000  0.0000  0.0000 -0.0000  0.4790 -0.5735  0.0000 -0.0000  0.0000  0.0000 -0.0000 -0.0000 -0.0000 -0.0000  0.0000 -0.0000  0.4260 -0.5100 -0.0000 -0.0000  0.0000  0.0000
    1   4.4250 THz   0.0000  0.0000  0.0000  0.0000 -0.0000 -0.0000  0.0000 -0.0000  0.0000 -0.0000 -0.6618 -0.0609 -0.0000 -0.0000 -0.0000 -0.0000  0.0000 -0.0000  0.0000 -0.0000 -0.0000  0.0000 -0.7441 -0.0685
    2   5.2103 THz   0.0000  0.0000 -0.0000  0.0000  0.3639 -0.0279 -0.0000  0.0000  0.0000 -0.0000  0.0000  0.0000 -0.0000  0.0000  0.0000  0.0000  0.9283 -0.0711 -0.0000  0.0000 -0.0000 -0.0000 -0.0000  0.0000
    3   5.2103 THz  -0.3649  0.0000  0.0000  0.0000  0.0000  0.0000 -0.0000  0.0000  0.0000  0.0000  0.0000  0.0000 -0.9310  0.0000  0.0000  0.0000  0.0000  0.0000 -0.0000  0.0000  0.0000  0.0000  0.0000  0.0000
    4   5.7936 THz   0.0000  0.0000 -0.0000 -0.0000  0.0000 -0.0000 -0.0000 -0.0000 -0.0000  0.7071 -0.0000  0.0000  0.0000  0.0000 -0.0000  0.0000  0.0000 -0.0000 -0.0000  0.0000  0.0000 -0.7071 -0.0000  0.0000
    5   5.9163 THz   0.0000  0.0000 -0.0000  0.0000 -0.0000  0.0000  0.0000  0.0000 -0.0000 -0.7071 -0.0000 -0.0000  0.0000 -0.0000  0.0000 -0.0000 -0.0000 -0.0000 -0.0000  0.0000 -0.0000 -0.7071 -0.0000 -0.0000
    6   6.3134 THz   0.0000  0.0000  0.0942 -0.0000 -0.0000 -0.0000 -0.0000  0.0000  0.0000 -0.0000 -0.0000 -0.0000  0.0000  0.0000 -0.9956  0.0000  0.0000 -0.0000  0.0000  0.0000  0.0000 -0.0000  0.0000  0.0000
    7   7.1518 THz   0.0000  0.0000 -0.0000 -0.0000  0.0000 -0.0000 -0.6048  0.2753 -0.0000  0.0000  0.0080 -0.0000  0.0000  0.0000  0.0000 -0.0000 -0.0000  0.0000  0.6801 -0.3095 -0.0000  0.0000 -0.0071  0.0000
    8   7.1518 THz   0.0000  0.0000  0.0000 -0.0000 -0.0000  0.0000  0.0065 -0.0030  0.0000 -0.0000  0.7472 -0.0026 -0.0000 -0.0000 -0.0000  0.0000 -0.0000  0.0000 -0.0073  0.0033  0.0000  0.0000 -0.6645  0.0023
    9   8.7825 THz   0.9310  0.0000  0.0000  0.0000  0.0000  0.0000 -0.0000  0.0000  0.0000  0.0000  0.0000  0.0000 -0.3649  0.0000  0.0000  0.0000  0.0000  0.0000 -0.0000  0.0000  0.0000  0.0000  0.0000  0.0000
   10   8.7825 THz   0.0000  0.0000  0.0000  0.0000  0.9157 -0.1685  0.0000  0.0000  0.0000 -0.0000 -0.0000  0.0000 -0.0000 -0.0000 -0.0000  0.0000 -0.3589  0.0660 -0.0000 -0.0000  0.0000 -0.0000  0.0000 -0.0000
   11   8.9731 THz   0.0000  0.0000  0.9956 -0.0000 -0.0000  0.0000 -0.0000  0.0000  0.0000 -0.0000 -0.0000 -0.0000 -0.0000  0.0000  0.0942 -0.0000  0.0000 -0.0000  0.0000 -0.0000 -0.0000 -0.0000  0.0000  0.0000


 Q=  0.000000  0.000000 -0.139477, q=  0.000000  0.000000 -0.500000

                       Al X   0        Al Y   0        Al Z   0        Ni X   1        Ni Y   1        Ni Z   1        Ni X   2        Ni Y   2        Ni Z   2        Ni X   3        Ni Y   3        Ni Z   3     
                    --------------- --------------- --------------- --------------- --------------- --------------- --------------- --------------- --------------- --------------- --------------- ---------------
    0   4.4250 THz   0.0000  0.0000 -0.0000  0.0000 -0.0000 -0.0000 -0.0000 -0.0000 -0.0000  0.0000  0.0000  0.0000  0.0127  0.0048 -0.6202 -0.2386  0.0000 -0.0000  0.0113  0.0043 -0.6973 -0.2682 -0.0000  0.0000
    1   4.4250 THz   0.0000  0.0000  0.0000  0.0000 -0.0000  0.0000 -0.0000 -0.0000  0.0000  0.0000 -0.0000 -0.0000  0.6988  0.2643  0.0113  0.0043 -0.0000 -0.0000  0.6215  0.2351  0.0127  0.0049 -0.0000 -0.0000
    2   5.2103 THz   0.0000  0.0000 -0.3649  0.0000  0.0000  0.0000  0.0000 -0.0000 -0.9310  0.0000 -0.0000 -0.0000  0.0000  0.0000  0.0000  0.0000  0.0000 -0.0000  0.0000  0.0000  0.0000  0.0000 -0.0000  0.0000
    3   5.2103 THz  -0.3649  0.0000  0.0000  0.0000  0.0000  0.0000 -0.9310  0.0000  0.0000  0.0000  0.0000  0.0000 -0.0000  0.0000  0.0000  0.0000  0.0000  0.0000 -0.0000 -0.0000  0.0000  0.0000  0.0000  0.0000
    4   5.7936 THz   0.0000  0.0000  0.0000 -0.0000  0.0000 -0.0000 -0.0000  0.0000  0.0000 -0.0000 -0.0000  0.0000  0.0000  0.0000  0.0000  0.0000 -0.0000 -0.7071  0.0000 -0.0000  0.0000 -0.0000  0.0000  0.7071
    5   5.9163 THz   0.0000  0.0000  0.0000 -0.0000 -0.0000 -0.0000 -0.0000 -0.0000 -0.0000 -0.0000 -0.0000  0.0000  0.0000 -0.0000 -0.0000 -0.0000  0.0000  0.7071 -0.0000  0.0000 -0.0000  0.0000  0.0000  0.7071
    6   6.3134 THz   0.0000  0.0000  0.0000 -0.0000  0.0928  0.0160 -0.0000  0.0000  0.0000 -0.0000 -0.9810 -0.1696 -0.0000  0.0000  0.0000 -0.0000  0.0000 -0.0000 -0.0000 -0.0000 -0.0000 -0.0000  0.0000 -0.0000
    7   7.1518 THz   0.0000  0.0000  0.0000 -0.0000  0.0000  0.0000 -0.0000 -0.0000  0.0000  0.0000 -0.0000  0.0000  0.0000 -0.0000 -0.5982  0.4478  0.0000  0.0000 -0.0000  0.0000  0.5320 -0.3983 -0.0000 -0.0000
    8   7.1518 THz   0.0000  0.0000  0.0000 -0.0000 -0.0000 -0.0000 -0.0000 -0.0000  0.0000  0.0000 -0.0000 -0.0000  0.5132 -0.4223  0.0000 -0.0000 -0.0000 -0.0000 -0.5770  0.4748 -0.0000  0.0000 -0.0000  0.0000
    9   8.7825 THz   0.0000  0.0000  0.9310  0.0000  0.0000 -0.0000 -0.0000 -0.0000 -0.3649  0.0000  0.0000 -0.0000  0.0000  0.0000  0.0000  0.0000 -0.0000  0.0000  0.0000 -0.0000 -0.0000 -0.0000 -0.0000 -0.0000
   10   8.7825 THz   0.9310  0.0000  0.0000  0.0000  0.0000  0.0000 -0.3649  0.0000  0.0000  0.0000  0.0000  0.0000 -0.0000  0.0000  0.0000  0.0000  0.0000  0.0000 -0.0000 -0.0000  0.0000  0.0000  0.0000  0.0000
   11   8.9731 THz   0.0000  0.0000 -0.0000 -0.0000  0.9955 -0.0034  0.0000  0.0000  0.0000 -0.0000  0.0942 -0.0003  0.0000 -0.0000  0.0000 -0.0000  0.0000  0.0000 -0.0000  0.0000 -0.0000  0.0000  0.0000  0.0000


 Q=  0.000000  0.000000  0.000000, q=  0.000000  0.000000  0.000000

                       Al X   0        Al Y   0        Al Z   0        Ni X   1        Ni Y   1        Ni Z   1        Ni X   2        Ni Y   2        Ni Z   2        Ni X   3        Ni Y   3        Ni Z   3     
                    --------------- --------------- --------------- --------------- --------------- --------------- --------------- --------------- --------------- --------------- --------------- ---------------
    0   0.0000 THz  -0.0402  0.0000  0.2767  0.0000 -0.2338  0.0000 -0.0593  0.0000  0.4081  0.0000 -0.3449  0.0000 -0.0593  0.0000  0.4081  0.0000 -0.3449  0.0000 -0.0593  0.0000  0.4081  0.0000 -0.3449  0.0000
    1  -0.0000 THz  -0.0964  0.0000  0.2186  0.0000  0.2753  0.0000 -0.1422  0.0000  0.3225  0.0000  0.4060  0.0000 -0.1422  0.0000  0.3225  0.0000  0.4060  0.0000 -0.1422  0.0000  0.3225  0.0000  0.4060  0.0000
    2  -0.0000 THz   0.3492  0.0000  0.0922  0.0000  0.0491  0.0000  0.5151  0.0000  0.1359  0.0000  0.0724  0.0000  0.5151  0.0000  0.1359  0.0000  0.0724  0.0000  0.5151  0.0000  0.1359  0.0000  0.0724  0.0000
    3   5.9314 THz  -0.0000  0.0000 -0.0000  0.0000  0.0000  0.0000  0.0186  0.0000  0.6934  0.0000 -0.0000  0.0000 -0.0186  0.0000  0.0000  0.0000  0.1373  0.0000  0.0000  0.0000 -0.6934  0.0000 -0.1373  0.0000
    4   5.9314 THz  -0.0000  0.0000 -0.0000  0.0000  0.0000  0.0000  0.7068  0.0000 -0.0204  0.0000 -0.0000  0.0000 -0.7068  0.0000  0.0000  0.0000  0.0071  0.0000  0.0000  0.0000  0.0204  0.0000 -0.0071  0.0000
    5   5.9314 THz   0.0000  0.0000  0.0000  0.0000  0.0000  0.0000 -0.0109  0.0000 -0.1371  0.0000 -0.0000  0.0000  0.0109  0.0000  0.0000  0.0000  0.6936  0.0000 -0.0000  0.0000  0.1371  0.0000 -0.6936  0.0000
    6   6.7243 THz   0.1049 -0.0000  0.4708 -0.0000 -0.1470 -0.0000  0.0477 -0.0000  0.2140 -0.0000  0.2334 -0.0000  0.0477 -0.0000 -0.7473 -0.0000 -0.0668 -0.0000 -0.1665 -0.0000  0.2140 -0.0000 -0.0668 -0.0000
    7   6.7243 THz  -0.4745  0.0000  0.1373  0.0000  0.1011  0.0000 -0.2158  0.0000  0.0624  0.0000 -0.1604  0.0000 -0.2158  0.0000 -0.2180  0.0000  0.0460  0.0000  0.7533  0.0000  0.0624  0.0000  0.0460  0.0000
    8   6.7243 THz  -0.1344  0.0000 -0.1173  0.0000 -0.4716  0.0000 -0.0611  0.0000 -0.0533  0.0000  0.7486  0.0000 -0.0611  0.0000  0.1863  0.0000 -0.2144  0.0000  0.2133  0.0000 -0.0533  0.0000 -0.2144  0.0000
    9   9.2476 THz  -0.0000  0.0000  0.7665  0.0000 -0.1593  0.0000  0.0000  0.0000 -0.3897  0.0000 -0.0540  0.0000 -0.0000  0.0000  0.2596  0.0000  0.0810  0.0000 -0.0000  0.0000 -0.3897  0.0000  0.0810  0.0000
   10   9.2476 THz   0.0000  0.0000  0.1593  0.0000  0.7665  0.0000 -0.0000  0.0000 -0.0810  0.0000  0.2596  0.0000 -0.0000  0.0000  0.0540  0.0000 -0.3897  0.0000 -0.0000  0.0000 -0.0810  0.0000 -0.3897  0.0000
   11   9.2476 THz  -0.7829  0.0000 -0.0000  0.0000  0.0000  0.0000  0.3980  0.0000  0.0000  0.0000  0.0000  0.0000  0.3980  0.0000 -0.0000  0.0000 -0.0000  0.0000 -0.2652  0.0000  0.0000  0.0000 -0.0000  0.0000
