
Used Primitive lattice vector

    3.026374000000      0.000000000000      0.000000000000  
    0.000000000000      3.026374000000      0.000000000000  
    0.000000000000      0.000000000000      3.026374000000  

   2 Atom(s) in the Primitive cell

 0.0000000000 0.0000000000 0.0000000000 Al    0
 0.5000000000 0.5000000000 0.5000000000 Ni    1


 Q= -0.165214 -0.165214 -0.165214, q= -0.500000 -0.500000 -0.500000

                       Al X   0        Al Y   0        Al Z   0        Ni X   1        Ni Y   1        Ni Z   1     
                    --------------- --------------- --------------- --------------- --------------- ---------------
    0   2.2885 THz   0.0000  0.0000 -0.0000 -0.0000  0.0000  0.0000  0.1243 -0.6656 -0.5918 -0.1969 -0.0075  0.3905
    1   2.2885 THz   0.0000  0.0000  0.0000  0.0000  0.0000  0.0000  0.2867 -0.5062  0.0639  0.4080 -0.2458 -0.6562
    2   2.2885 THz   0.0000  0.0000  0.0000  0.0000 -0.0000  0.0000 -0.0000 -0.4506  0.5970 -0.2900  0.5970  0.0019
    3   7.6964 THz   1.0000  0.0000  0.0000  0.0000  0.0000  0.0000  0.0000  0.0000  0.0000  0.0000  0.0000  0.0000
    4   7.6964 THz   0.0000  0.0000 -0.7906 -0.0362  0.6059  0.0815 -0.0000  0.0000  0.0000  0.0000  0.0000  0.0000
    5   7.6964 THz   0.0000  0.0000 -0.6110  0.0196 -0.7902 -0.0441  0.0000  0.0000  0.0000 -0.0000 -0.0000 -0.0000


 Q= -0.165214 -0.165214  0.000000, q= -0.500000 -0.500000  0.000000

                       Al X   0        Al Y   0        Al Z   0        Ni X   1        Ni Y   1        Ni Z   1     
                    --------------- --------------- --------------- --------------- --------------- ---------------
    0   2.0292 THz  -0.2656  0.0000  0.0000  0.0000  0.0000  0.0000  0.0000  0.0000  0.9641  0.0000 -0.0000  0.0000
    1   2.0292 THz   0.0000  0.0000  0.2656  0.0000  0.0000 -0.0000 -0.9641 -0.0000  0.0000 -0.0000 -0.0000 -0.0000
    2   3.8721 THz   0.0000  0.0000 -0.0000  0.0000  0.0000 -0.0000  0.0000 -0.0000  0.0000 -0.0000 -1.0000  0.0000
    3   5.7566 THz   0.0000  0.0000  0.0000  0.0000  1.0000  0.0000  0.0000  0.0000  0.0000  0.0000  0.0000  0.0000
    4   7.4608 THz   0.0000  0.0000 -0.9641  0.0000  0.0000  0.0000 -0.2656  0.0000 -0.0000 -0.0000 -0.0000  0.0000
    5   7.4608 THz   0.9641  0.0000  0.0000  0.0000  0.0000  0.0000  0.0000  0.0000  0.2656  0.0000 -0.0000  0.0000


 Q= -0.165214  0.000000 -0.165214, q= -0.500000  0.000000 -0.500000

                       Al X   0        Al Y   0        Al Z   0        Ni X   1        Ni Y   1        Ni Z   1     
                    --------------- --------------- --------------- --------------- --------------- ---------------
    0   2.0292 THz   0.2656  0.0000  0.0000  0.0000  0.0000  0.0000  0.0000  0.0000 -0.0000  0.0000 -0.9641 -0.0000
    1   2.0292 THz   0.0000  0.0000  0.0000  0.0000 -0.2656  0.0000  0.9641 -0.0000 -0.0000 -0.0000  0.0000  0.0000
    2   3.8721 THz   0.0000  0.0000  0.0000  0.0000 -0.0000  0.0000 -0.0000  0.0000  1.0000 -0.0000 -0.0000  0.0000
    3   5.7566 THz   0.0000  0.0000  1.0000  0.0000 -0.0000  0.0000 -0.0000 -0.0000 -0.0000  0.0000  0.0000  0.0000
    4   7.4608 THz   0.9641  0.0000  0.0000  0.0000  0.0000  0.0000 -0.0000  0.0000  0.0000 -0.0000  0.2656  0.0000
    5   7.4608 THz   0.0000  0.0000 -0.0000 -0.0000 -0.9641 -0.0000 -0.2656 -0.0000 -0.0000 -0.0000 -0.0000  0.0000


 Q= -0.165214  0.000000  0.000000, q= -0.500000  0.000000  0.000000

                       Al X   0        Al Y   0        Al Z   0        Ni X   1        Ni Y   1        Ni Z   1     
                    --------------- --------------- --------------- --------------- --------------- ---------------
    0   3.0269 THz   0.0000  0.0000  0.0000 -0.0000  0.0000 -0.0000  0.0000 -0.0000  0.0687 -0.9970  0.0024 -0.0347
    1   3.0269 THz   0.0000  0.0000 -0.0000 -0.0000 -0.0000  0.0000 -0.0000  0.0000 -0.0000 -0.0347  0.0000  0.9994
    2   3.6844 THz   0.0000  0.0000  0.0000 -0.0000 -0.0000  0.0000 -0.9744  0.2247 -0.0000  0.0000  0.0000 -0.0000
    3   5.8933 THz   0.0000  0.0000  0.0000 -0.0000 -0.9884 -0.1522  0.0000 -0.0000  0.0000 -0.0000  0.0000 -0.0000
    4   5.8933 THz   0.0000  0.0000  1.0000 -0.0000  0.0000  0.0000  0.0000 -0.0000 -0.0000 -0.0000  0.0000  0.0000
    5   8.0468 THz   1.0000  0.0000  0.0000  0.0000  0.0000  0.0000  0.0000  0.0000  0.0000  0.0000  0.0000  0.0000


 Q= -0.082607 -0.082607 -0.082607, q= -0.250000 -0.250000 -0.250000

                       Al X   0        Al Y   0        Al Z   0        Ni X   1        Ni Y   1        Ni Z   1     
                    --------------- --------------- --------------- --------------- --------------- ---------------
    0   1.2404 THz   0.1930  0.0000 -0.0701  0.0000 -0.1228  0.0000  0.7831 -0.0000 -0.2846 -0.0000 -0.4985  0.0000
    1   1.2404 THz  -0.0304  0.0000  0.1823  0.0000 -0.1519 -0.0000 -0.1235 -0.0000  0.7399  0.0000 -0.6165 -0.0000
    2   3.4779 THz   0.0743  0.0000  0.0743 -0.0000  0.0743  0.0000 -0.5725 -0.0000 -0.5725 -0.0000 -0.5725 -0.0000
    3   6.6880 THz   0.7916  0.0000 -0.4333  0.0000 -0.3583 -0.0000 -0.1950  0.0000  0.1068  0.0000  0.0883 -0.0000
    4   6.6880 THz   0.0433  0.0000  0.6639  0.0000 -0.7072 -0.0000 -0.0107  0.0000 -0.1636  0.0000  0.1742 -0.0000
    5   7.0837 THz  -0.5725  0.0000 -0.5725  0.0000 -0.5725 -0.0000 -0.0743 -0.0000 -0.0743 -0.0000 -0.0743 -0.0000


 Q= -0.082607 -0.082607  0.082607, q= -0.250000 -0.250000  0.250000

                       Al X   0        Al Y   0        Al Z   0        Ni X   1        Ni Y   1        Ni Z   1     
                    --------------- --------------- --------------- --------------- --------------- ---------------
    0   1.2404 THz   0.0325  0.0000 -0.1830 -0.0000 -0.1506 -0.0000  0.1318  0.0000 -0.7429 -0.0000 -0.6111 -0.0000
    1   1.2404 THz  -0.1926 -0.0000  0.0682 -0.0000 -0.1244  0.0000 -0.7818  0.0000  0.2768  0.0000 -0.5050  0.0000
    2   3.4779 THz   0.0743  0.0000  0.0743  0.0000 -0.0743 -0.0000 -0.5725 -0.0000 -0.5725 -0.0000  0.5725  0.0000
    3   6.6880 THz  -0.5676  0.0000  0.7631  0.0000  0.1955 -0.0000  0.1399  0.0000 -0.1880  0.0000 -0.0482  0.0000
    4   6.6880 THz   0.5534  0.0000  0.2149 -0.0000  0.7683  0.0000 -0.1364  0.0000 -0.0529  0.0000 -0.1893  0.0000
    5   7.0837 THz   0.5725  0.0000  0.5725  0.0000 -0.5725 -0.0000  0.0743  0.0000  0.0743  0.0000 -0.0743 -0.0000


 Q= -0.082607  0.082607 -0.082607, q= -0.250000  0.250000 -0.250000

                       Al X   0        Al Y   0        Al Z   0        Ni X   1        Ni Y   1        Ni Z   1     
                    --------------- --------------- --------------- --------------- --------------- ---------------
    0   1.2404 THz   0.0594  0.0000 -0.1314  0.0000 -0.1909 -0.0000  0.2412  0.0000 -0.5334  0.0000 -0.7746 -0.0000
    1   1.2404 THz  -0.1861  0.0000 -0.1445  0.0000  0.0416 -0.0000 -0.7552  0.0000 -0.5865  0.0000  0.1687  0.0000
    2   3.4779 THz   0.0743  0.0000 -0.0743 -0.0000  0.0743  0.0000 -0.5725 -0.0000  0.5725  0.0000 -0.5725 -0.0000
    3   6.6880 THz   0.7037  0.0000  0.6681  0.0000 -0.0356 -0.0000 -0.1734  0.0000 -0.1646  0.0000  0.0088  0.0000
    4   6.6880 THz  -0.3652  0.0000  0.4268  0.0000  0.7920 -0.0000  0.0900  0.0000 -0.1052  0.0000 -0.1951  0.0000
    5   7.0837 THz  -0.5725  0.0000  0.5725  0.0000 -0.5725 -0.0000 -0.0743 -0.0000  0.0743  0.0000 -0.0743 -0.0000


 Q= -0.082607  0.082607  0.082607, q= -0.250000  0.250000  0.250000

                       Al X   0        Al Y   0        Al Z   0        Ni X   1        Ni Y   1        Ni Z   1     
                    --------------- --------------- --------------- --------------- --------------- ---------------
    0   1.2404 THz   0.0000  0.0000  0.1692 -0.0000 -0.1692  0.0000  0.0000 -0.0000  0.6866 -0.0000 -0.6866  0.0000
    1   1.2404 THz  -0.1953  0.0000 -0.0977  0.0000 -0.0977 -0.0000 -0.7928 -0.0000 -0.3964  0.0000 -0.3964 -0.0000
    2   3.4779 THz   0.0743  0.0000 -0.0743 -0.0000 -0.0743  0.0000 -0.5725 -0.0000  0.5725  0.0000  0.5725  0.0000
    3   6.6880 THz   0.7928  0.0000  0.3964  0.0000  0.3964 -0.0000 -0.1953 -0.0000 -0.0977 -0.0000 -0.0977 -0.0000
    4   6.6880 THz   0.0000  0.0000  0.6866  0.0000 -0.6866 -0.0000 -0.0000  0.0000 -0.1692 -0.0000  0.1692  0.0000
    5   7.0837 THz   0.5725  0.0000 -0.5725 -0.0000 -0.5725  0.0000  0.0743  0.0000 -0.0743  0.0000 -0.0743 -0.0000


 Q=  0.000000 -0.165214 -0.165214, q=  0.000000 -0.500000 -0.500000

                       Al X   0        Al Y   0        Al Z   0        Ni X   1        Ni Y   1        Ni Z   1     
                    --------------- --------------- --------------- --------------- --------------- ---------------
    0   2.0292 THz   0.0000  0.0000  0.0628  0.0000 -0.2581 -0.0000  0.0000  0.0000  0.9367  0.0000 -0.2280 -0.0000
    1   2.0292 THz   0.0000  0.0000  0.2581  0.0000  0.0628  0.0000  0.0000  0.0000 -0.2280 -0.0000 -0.9367 -0.0000
    2   3.8721 THz   0.0000  0.0000  0.0000  0.0000 -0.0000  0.0000 -1.0000 -0.0000  0.0000 -0.0000 -0.0000 -0.0000
    3   5.7566 THz   1.0000  0.0000  0.0000  0.0000  0.0000  0.0000  0.0000  0.0000  0.0000  0.0000  0.0000  0.0000
    4   7.4608 THz  -0.0000 -0.0000  0.1322  0.0000 -0.9550  0.0000 -0.0000 -0.0000 -0.2631  0.0000  0.0364  0.0000
    5   7.4608 THz   0.0000  0.0000 -0.9550 -0.0000 -0.1322  0.0000 -0.0000  0.0000 -0.0364  0.0000 -0.2631 -0.0000


 Q=  0.000000 -0.165214  0.000000, q=  0.000000 -0.500000  0.000000

                       Al X   0        Al Y   0        Al Z   0        Ni X   1        Ni Y   1        Ni Z   1     
                    --------------- --------------- --------------- --------------- --------------- ---------------
    0   3.0269 THz   0.0000  0.0000 -0.0000 -0.0000 -0.0000  0.0000  0.8897  0.2052  0.0000 -0.0000 -0.0000  0.4078
    1   3.0269 THz   0.0000  0.0000  0.0000  0.0000  0.0000  0.0000  0.3990  0.0845 -0.0000 -0.0000 -0.0165 -0.9129
    2   3.6844 THz   0.0000  0.0000  0.0000  0.0000  0.0000 -0.0000 -0.0000 -0.0000 -0.0000 -1.0000 -0.0000  0.0000
    3   5.8933 THz   1.0000  0.0000  0.0000  0.0000  0.0000  0.0000  0.0000  0.0000  0.0000  0.0000  0.0000  0.0000
    4   5.8933 THz   0.0000  0.0000 -0.0000 -0.0000  0.9240  0.3823  0.0000  0.0000 -0.0000  0.0000 -0.0000  0.0000
    5   8.0468 THz   0.0000  0.0000 -1.0000  0.0000 -0.0000  0.0000 -0.0000 -0.0000 -0.0000 -0.0000 -0.0000 -0.0000


 Q=  0.000000  0.000000 -0.165214, q=  0.000000  0.000000 -0.500000

                       Al X   0        Al Y   0        Al Z   0        Ni X   1        Ni Y   1        Ni Z   1     
                    --------------- --------------- --------------- --------------- --------------- ---------------
    0   3.0269 THz   0.0000  0.0000 -0.0000  0.0000 -0.0000 -0.0000  0.4076  0.0582  0.0805  0.9078  0.0000  0.0000
    1   3.0269 THz   0.0000  0.0000  0.0000  0.0000  0.0000 -0.0000 -0.8879 -0.2053  0.0012  0.4117 -0.0000 -0.0000
    2   3.6844 THz   0.0000  0.0000 -0.0000  0.0000 -0.0000 -0.0000  0.0000  0.0000  0.0000  0.0000 -0.0000 -1.0000
    3   5.8933 THz  -0.0000 -0.0000  1.0000 -0.0000 -0.0000  0.0000  0.0000  0.0000 -0.0000 -0.0000  0.0000 -0.0000
    4   5.8933 THz   1.0000  0.0000  0.0000  0.0000  0.0000  0.0000  0.0000  0.0000  0.0000  0.0000  0.0000  0.0000
    5   8.0468 THz   0.0000  0.0000 -0.0000  0.0000  0.9989  0.0460  0.0000 -0.0000  0.0000  0.0000 -0.0000 -0.0000


 Q=  0.000000  0.000000  0.000000, q=  0.000000  0.000000  0.000000

                       Al X   0        Al Y   0        Al Z   0        Ni X   1        Ni Y   1        Ni Z   1     
                    --------------- --------------- --------------- --------------- --------------- ---------------
    0   0.0000 THz   0.0000  0.0000  0.0133  0.0000 -0.5610  0.0000  0.0000  0.0000  0.0197  0.0000 -0.8275  0.0000
    1   0.0000 THz  -0.5612  0.0000  0.0000  0.0000 -0.0000  0.0000 -0.8277  0.0000  0.0000  0.0000 -0.0000  0.0000
    2   0.0000 THz   0.0000  0.0000  0.5610  0.0000  0.0133  0.0000  0.0000  0.0000  0.8275  0.0000  0.0197  0.0000
    3   5.9347 THz   0.0000  0.0000  0.8267  0.0000  0.0397  0.0000  0.0000  0.0000 -0.5605  0.0000 -0.0269  0.0000
    4   5.9347 THz   0.0000  0.0000  0.0397  0.0000 -0.8267  0.0000 -0.0000  0.0000 -0.0269  0.0000  0.5605  0.0000
    5   5.9347 THz   0.8277  0.0000  0.0000  0.0000 -0.0000  0.0000 -0.5612  0.0000  0.0000  0.0000 -0.0000  0.0000


 Q=  0.082607 -0.082607 -0.082607, q=  0.250000 -0.250000 -0.250000

                       Al X   0        Al Y   0        Al Z   0        Ni X   1        Ni Y   1        Ni Z   1     
                    --------------- --------------- --------------- --------------- --------------- ---------------
    0   1.2404 THz   0.0000  0.0000  0.1692  0.0000 -0.1692 -0.0000  0.0000  0.0000  0.6866  0.0000 -0.6866 -0.0000
    1   1.2404 THz  -0.1953  0.0000 -0.0977 -0.0000 -0.0977  0.0000 -0.7928  0.0000 -0.3964 -0.0000 -0.3964  0.0000
    2   3.4779 THz   0.0743  0.0000 -0.0743  0.0000 -0.0743 -0.0000 -0.5725  0.0000  0.5725 -0.0000  0.5725 -0.0000
    3   6.6880 THz   0.7928  0.0000  0.3964 -0.0000  0.3964  0.0000 -0.1953  0.0000 -0.0977  0.0000 -0.0977  0.0000
    4   6.6880 THz   0.0000  0.0000  0.6866 -0.0000 -0.6866  0.0000 -0.0000 -0.0000 -0.1692  0.0000  0.1692 -0.0000
    5   7.0837 THz   0.5725  0.0000 -0.5725  0.0000 -0.5725 -0.0000  0.0743 -0.0000 -0.0743 -0.0000 -0.0743  0.0000


 Q=  0.082607 -0.082607  0.082607, q=  0.250000 -0.250000  0.250000

                       Al X   0        Al Y   0        Al Z   0        Ni X   1        Ni Y   1        Ni Z   1     
                    --------------- --------------- --------------- --------------- --------------- ---------------
    0   1.2404 THz   0.0594  0.0000 -0.1314 -0.0000 -0.1909  0.0000  0.2412 -0.0000 -0.5334 -0.0000 -0.7746  0.0000
    1   1.2404 THz  -0.1861  0.0000 -0.1445 -0.0000  0.0416  0.0000 -0.7552 -0.0000 -0.5865 -0.0000  0.1687 -0.0000
    2   3.4779 THz   0.0743  0.0000 -0.0743  0.0000  0.0743 -0.0000 -0.5725  0.0000  0.5725 -0.0000 -0.5725  0.0000
    3   6.6880 THz   0.7037  0.0000  0.6681 -0.0000 -0.0356  0.0000 -0.1734 -0.0000 -0.1646 -0.0000  0.0088 -0.0000
    4   6.6880 THz  -0.3652  0.0000  0.4268 -0.0000  0.7920  0.0000  0.0900 -0.0000 -0.1052 -0.0000 -0.1951 -0.0000
    5   7.0837 THz  -0.5725  0.0000  0.5725 -0.0000 -0.5725  0.0000 -0.0743  0.0000  0.0743 -0.0000 -0.0743  0.0000


 Q=  0.082607  0.082607 -0.082607, q=  0.250000  0.250000 -0.250000

                       Al X   0        Al Y   0        Al Z   0        Ni X   1        Ni Y   1        Ni Z   1     
                    --------------- --------------- --------------- --------------- --------------- ---------------
    0   1.2404 THz   0.0325  0.0000 -0.1830  0.0000 -0.1506  0.0000  0.1318 -0.0000 -0.7429  0.0000 -0.6111  0.0000
    1   1.2404 THz  -0.1926 -0.0000  0.0682  0.0000 -0.1244 -0.0000 -0.7818 -0.0000  0.2768 -0.0000 -0.5050 -0.0000
    2   3.4779 THz   0.0743  0.0000  0.0743 -0.0000 -0.0743  0.0000 -0.5725  0.0000 -0.5725  0.0000  0.5725 -0.0000
    3   6.6880 THz  -0.5676  0.0000  0.7631 -0.0000  0.1955  0.0000  0.1399 -0.0000 -0.1880 -0.0000 -0.0482 -0.0000
    4   6.6880 THz   0.5534  0.0000  0.2149  0.0000  0.7683 -0.0000 -0.1364 -0.0000 -0.0529 -0.0000 -0.1893 -0.0000
    5   7.0837 THz   0.5725  0.0000  0.5725 -0.0000 -0.5725  0.0000  0.0743 -0.0000  0.0743 -0.0000 -0.0743  0.0000


 Q=  0.082607  0.082607  0.082607, q=  0.250000  0.250000  0.250000

                       Al X   0        Al Y   0        Al Z   0        Ni X   1        Ni Y   1        Ni Z   1     
                    --------------- --------------- --------------- --------------- --------------- ---------------
    0   1.2404 THz   0.1930  0.0000 -0.0701 -0.0000 -0.1228 -0.0000  0.7831  0.0000 -0.2846  0.0000 -0.4985 -0.0000
    1   1.2404 THz  -0.0304  0.0000  0.1823 -0.0000 -0.1519  0.0000 -0.1235  0.0000  0.7399 -0.0000 -0.6165  0.0000
    2   3.4779 THz   0.0743  0.0000  0.0743  0.0000  0.0743 -0.0000 -0.5725  0.0000 -0.5725  0.0000 -0.5725  0.0000
    3   6.6880 THz   0.7916  0.0000 -0.4333 -0.0000 -0.3583  0.0000 -0.1950 -0.0000  0.1068 -0.0000  0.0883  0.0000
    4   6.6880 THz   0.0433  0.0000  0.6639 -0.0000 -0.7072  0.0000 -0.0107 -0.0000 -0.1636 -0.0000  0.1742  0.0000
    5   7.0837 THz  -0.5725  0.0000 -0.5725 -0.0000 -0.5725  0.0000 -0.0743  0.0000 -0.0743  0.0000 -0.0743  0.0000
