
Used Primitive lattice vector

    0.000000000000      2.036307000000      2.036307000000  
    2.036307000000      0.000000000000      2.036307000000  
    2.036307000000      2.036307000000      0.000000000000  

   1 Atom(s) in the Primitive cell

 -0.0000010000 0.0000010000 0.0000010000 Al    0


 Q=  0.000000  0.000000 -0.245543, q= -0.500000 -0.500000  0.000000

                       Al X   0        Al Y   0        Al Z   0     
                    --------------- --------------- ---------------
    0   5.3641 THz   1.0000  0.0000  0.0000  0.0000  0.0000  0.0000
    1   5.3641 THz   0.0000  0.0000 -1.0000  0.0000  0.0000  0.0000
    2   8.8637 THz   0.0000  0.0000 -0.0000  0.0000 -1.0000  0.0000


 Q=  0.000000 -0.245543  0.000000, q= -0.500000  0.000000 -0.500000

                       Al X   0        Al Y   0        Al Z   0     
                    --------------- --------------- ---------------
    0   5.3641 THz   0.0000  0.0000 -0.0000 -0.0000  1.0000  0.0000
    1   5.3641 THz   1.0000  0.0000  0.0000  0.0000  0.0000  0.0000
    2   8.8637 THz   0.0000  0.0000 -1.0000 -0.0000 -0.0000 -0.0000


 Q= -0.245543  0.000000  0.000000, q=  0.000000 -0.500000 -0.500000

                       Al X   0        Al Y   0        Al Z   0     
                    --------------- --------------- ---------------
    0   5.3641 THz   0.0000  0.0000 -0.5615 -0.0000 -0.8275  0.0000
    1   5.3641 THz   0.0000  0.0000 -0.8275 -0.0000  0.5615 -0.0000
    2   8.8637 THz   1.0000  0.0000  0.0000  0.0000  0.0000  0.0000


 Q=  0.000000  0.000000  0.000000, q=  0.000000  0.000000  0.000000

                       Al X   0        Al Y   0        Al Z   0     
                    --------------- --------------- ---------------
    0   0.0000 THz  -0.2297  0.0000 -0.6502  0.0000  0.7242  0.0000
    1   0.0000 THz  -0.1825  0.0000 -0.7022  0.0000 -0.6882  0.0000
    2   0.0000 THz   0.9560  0.0000 -0.2902  0.0000  0.0426  0.0000
