
Used Primitive lattice vector

    0.000000000000      1.913117000000      1.913117000000  
    1.913117000000      0.000000000000      1.913117000000  
    1.913117000000      1.913117000000      0.000000000000  

   1 Atom(s) in the Primitive cell

 -0.0000010000 0.0000010000 0.0000010000 Al    0


 Q=  0.000000  0.000000 -0.261354, q= -0.500000 -0.500000  0.000000

                       Al X   0        Al Y   0        Al Z   0     
                    --------------- --------------- ---------------
    0   8.1217 THz   0.0000  0.0000 -1.0000  0.0000  0.0000 -0.0000
    1   8.1217 THz   1.0000  0.0000  0.0000  0.0000  0.0000  0.0000
    2  12.1957 THz   0.0000  0.0000 -0.0000 -0.0000 -1.0000 -0.0000


 Q=  0.000000 -0.261354  0.000000, q= -0.500000  0.000000 -0.500000

                       Al X   0        Al Y   0        Al Z   0     
                    --------------- --------------- ---------------
    0   8.1217 THz   1.0000  0.0000  0.0000  0.0000  0.0000  0.0000
    1   8.1217 THz   0.0000  0.0000  0.0000 -0.0000 -1.0000 -0.0000
    2  12.1957 THz   0.0000  0.0000 -1.0000 -0.0000  0.0000 -0.0000


 Q= -0.261354  0.000000  0.000000, q=  0.000000 -0.500000 -0.500000

                       Al X   0        Al Y   0        Al Z   0     
                    --------------- --------------- ---------------
    0   8.1217 THz   0.0000  0.0000 -0.5985 -0.0000  0.8012  0.0000
    1   8.1217 THz   0.0000  0.0000 -0.8012 -0.0000 -0.5985  0.0000
    2  12.1957 THz   1.0000  0.0000  0.0000  0.0000  0.0000  0.0000


 Q=  0.000000  0.000000  0.000000, q=  0.000000  0.000000  0.000000

                       Al X   0        Al Y   0        Al Z   0     
                    --------------- --------------- ---------------
    0   0.0000 THz   0.6878  0.0000  0.7028  0.0000  0.1816  0.0000
    1   0.0000 THz   0.6062  0.0000 -0.4185  0.0000 -0.6763  0.0000
    2  -0.0000 THz  -0.3993  0.0000  0.5752  0.0000 -0.7139  0.0000
