
Used Primitive lattice vector

    3.615654000000      0.000000000000      0.000000000000  
    0.000000000000      3.615654000000      0.000000000000  
    0.000000000000      0.000000000000      3.615654000000  

   4 Atom(s) in the Primitive cell

 0.0000000000 0.0000000000 0.0000000000 Al    0
 0.5000000000 0.5000000000 0.0000000000 Ni    1
 0.5000000000 0.0000000000 0.5000000000 Ni    2
 0.0000000000 0.5000000000 0.5000000000 Ni    3


 Q= -0.138288 -0.138288 -0.138288, q= -0.500000 -0.500000 -0.500000

                       Al X   0        Al Y   0        Al Z   0        Ni X   1        Ni Y   1        Ni Z   1        Ni X   2        Ni Y   2        Ni Z   2        Ni X   3        Ni Y   3        Ni Z   3     
                    --------------- --------------- --------------- --------------- --------------- --------------- --------------- --------------- --------------- --------------- --------------- ---------------
    0   3.9881 THz   0.0000  0.0000  0.0000 -0.0000  0.0000  0.0000  0.6808 -0.0000  0.1909  0.0000 -0.0000 -0.0000  0.0108  0.0016  0.0000 -0.0000 -0.1909 -0.0000  0.0000 -0.0000 -0.0108 -0.0016 -0.6808  0.0000
    1   3.9881 THz   0.0000  0.0000 -0.0000 -0.0000 -0.0000 -0.0000  0.0086  0.0000  0.0098  0.0000 -0.0000 -0.0000 -0.6996 -0.1021  0.0000  0.0000 -0.0098 -0.0000 -0.0000 -0.0000  0.6996  0.1021 -0.0086 -0.0000
    2   3.9881 THz   0.0000  0.0000  0.0000 -0.0000  0.0000 -0.0000  0.1911 -0.0000 -0.6808  0.0000 -0.0000 -0.0000 -0.0071 -0.0010  0.0000  0.0000  0.6808 -0.0000  0.0000 -0.0000  0.0071  0.0010 -0.1911  0.0000
    3   4.8009 THz  -0.5751  0.0000  0.0000  0.0000  0.0000  0.0000  0.0000  0.0000  0.5785  0.0000  0.0000  0.0000  0.0000  0.0000  0.0000  0.0000  0.5785  0.0000  0.0000  0.0000  0.0000  0.0000  0.0000  0.0000
    4   4.8009 THz  -0.0000 -0.0000 -0.5751 -0.0000  0.0000  0.0000  0.5785  0.0000 -0.0000 -0.0000 -0.0000  0.0000 -0.0000 -0.0000 -0.0000 -0.0000  0.0000  0.0000 -0.0000 -0.0000 -0.0000 -0.0000  0.5785  0.0000
    5   4.8009 THz   0.0000  0.0000  0.0000  0.0000  0.5751  0.0000 -0.0000 -0.0000 -0.0000 -0.0000 -0.0000  0.0000 -0.5785 -0.0000 -0.0000  0.0000  0.0000  0.0000  0.0000 -0.0000 -0.5785 -0.0000 -0.0000  0.0000
    6   4.9344 THz   0.0000  0.0000 -0.0000 -0.0000 -0.0000  0.0000  0.0000 -0.0000  0.0000  0.0000 -0.0528 -0.2018  0.0000 -0.0000  0.7071  0.1637 -0.0000 -0.0000 -0.6543  0.0381 -0.0000 -0.0000 -0.0000  0.0000
    7   4.9344 THz   0.0000  0.0000  0.0000  0.0000  0.0000  0.0000  0.0000  0.0000 -0.0000 -0.0000  0.7233  0.3161 -0.0000 -0.0000 -0.2372 -0.2890  0.0000  0.0000 -0.4861 -0.0271  0.0000 -0.0000 -0.0000 -0.0000
    8   7.7658 THz   0.0000  0.0000 -0.0000  0.0000  0.0000 -0.0000  0.0000  0.0000 -0.0000 -0.0000  0.4741  0.3295 -0.0000 -0.0000  0.4741  0.3295  0.0000  0.0000  0.4741  0.3295  0.0000 -0.0000 -0.0000 -0.0000
    9   9.1135 THz   0.0000  0.0000 -0.0000 -0.0000 -0.8181 -0.0000  0.0000  0.0000  0.0000  0.0000  0.0000  0.0000 -0.4067 -0.0000  0.0000  0.0000 -0.0000 -0.0000  0.0000  0.0000 -0.4067 -0.0000  0.0000 -0.0000
   10   9.1135 THz   0.8181  0.0000  0.0000  0.0000  0.0000  0.0000  0.0000  0.0000  0.4067  0.0000  0.0000  0.0000  0.0000  0.0000  0.0000  0.0000  0.4067  0.0000  0.0000  0.0000  0.0000  0.0000  0.0000  0.0000
   11   9.1135 THz   0.0000  0.0000  0.8181 -0.0000 -0.0000 -0.0000  0.4067 -0.0000 -0.0000 -0.0000 -0.0000  0.0000 -0.0000 -0.0000 -0.0000  0.0000  0.0000  0.0000 -0.0000  0.0000 -0.0000 -0.0000  0.4067 -0.0000


 Q= -0.138288 -0.138288  0.000000, q= -0.500000 -0.500000  0.000000

                       Al X   0        Al Y   0        Al Z   0        Ni X   1        Ni Y   1        Ni Z   1        Ni X   2        Ni Y   2        Ni Z   2        Ni X   3        Ni Y   3        Ni Z   3     
                    --------------- --------------- --------------- --------------- --------------- --------------- --------------- --------------- --------------- --------------- --------------- ---------------
    0   4.0309 THz   0.0000  0.0000  0.0000  0.0000  0.0000  0.0000 -0.0000 -0.0000  0.0000 -0.0000  0.0000 -0.0000  0.3203 -0.6304 -0.0000  0.0000 -0.0000  0.0000  0.0000  0.0000 -0.3203  0.6304  0.0000 -0.0000
    1   4.7720 THz  -0.4087  0.0000  0.0000  0.0000  0.0000  0.0000  0.0000  0.0000  0.9127  0.0000  0.0000  0.0000 -0.0000  0.0000  0.0000  0.0000  0.0000  0.0000  0.0000  0.0000  0.0000  0.0000  0.0000  0.0000
    2   4.7720 THz   0.0000  0.0000 -0.4087  0.0000  0.0000  0.0000  0.9127 -0.0000 -0.0000  0.0000  0.0000 -0.0000  0.0000 -0.0000 -0.0000  0.0000 -0.0000  0.0000  0.0000 -0.0000 -0.0000  0.0000  0.0000 -0.0000
    3   4.9858 THz   0.0000  0.0000  0.0000  0.0000  0.0000  0.0000 -0.0000 -0.0000 -0.0000  0.0000 -0.0000 -0.0000 -0.0000  0.0000 -0.7062  0.0349 -0.0000  0.0000  0.7062 -0.0349 -0.0000 -0.0000 -0.0000  0.0000
    4   5.2054 THz   0.0000  0.0000 -0.0000 -0.0000 -0.0000  0.0000  0.0000  0.0000 -0.0000 -0.0000 -0.0000 -0.0000 -0.0000  0.0000 -0.0000 -0.0000  0.0001  0.0000  0.0000  0.0000 -0.0000  0.0000 -0.9839  0.1789
    5   5.2054 THz   0.0000  0.0000 -0.0000 -0.0000 -0.0000  0.0000  0.0000  0.0000 -0.0000  0.0000 -0.0000  0.0000 -0.0000  0.0000 -0.0000 -0.0000  0.9258 -0.3781  0.0000 -0.0000 -0.0000  0.0000  0.0001 -0.0001
    6   5.9544 THz   0.0000  0.0000  0.0000  0.0000 -0.0000 -0.0000 -0.0000 -0.0000  0.0000 -0.0000  1.0000 -0.0085 -0.0000 -0.0000 -0.0000  0.0000  0.0000  0.0000 -0.0000 -0.0000  0.0000 -0.0000 -0.0000  0.0000
    7   6.7585 THz   0.0000  0.0000  0.0000  0.0000  0.0000 -0.0000 -0.0000 -0.0000  0.0000 -0.0000 -0.0000 -0.0000  0.3192 -0.6310 -0.0000  0.0000  0.0000 -0.0000 -0.0000  0.0000  0.3192 -0.6310  0.0000  0.0000
    8   6.8182 THz   0.0000  0.0000  0.0000  0.0000  0.0000  0.0000 -0.0000  0.0000 -0.0000  0.0000  0.0000  0.0000  0.0000 -0.0000  0.7022 -0.0831 -0.0000  0.0000  0.7022 -0.0831  0.0000 -0.0000 -0.0000  0.0000
    9   8.5167 THz   0.0000  0.0000 -0.0000 -0.0000  1.0000 -0.0060 -0.0000  0.0000  0.0000 -0.0000  0.0000 -0.0000 -0.0000  0.0000 -0.0000  0.0000  0.0000 -0.0000 -0.0000  0.0000 -0.0000  0.0000 -0.0000  0.0000
   10   8.7875 THz   0.9127  0.0000  0.0000  0.0000  0.0000  0.0000  0.0000  0.0000  0.4087  0.0000  0.0000  0.0000 -0.0000  0.0000  0.0000  0.0000  0.0000  0.0000  0.0000  0.0000  0.0000  0.0000  0.0000  0.0000
   11   8.7875 THz   0.0000  0.0000  0.9127 -0.0000  0.0000 -0.0000  0.4087 -0.0000  0.0000 -0.0000  0.0000  0.0000 -0.0000 -0.0000  0.0000  0.0000  0.0000 -0.0000 -0.0000  0.0000 -0.0000  0.0000 -0.0000  0.0000


 Q= -0.138288  0.000000 -0.138288, q= -0.500000  0.000000 -0.500000

                       Al X   0        Al Y   0        Al Z   0        Ni X   1        Ni Y   1        Ni Z   1        Ni X   2        Ni Y   2        Ni Z   2        Ni X   3        Ni Y   3        Ni Z   3     
                    --------------- --------------- --------------- --------------- --------------- --------------- --------------- --------------- --------------- --------------- --------------- ---------------
    0   4.0309 THz   0.0000  0.0000  0.0000 -0.0000  0.0000 -0.0000 -0.5040  0.4960 -0.0000 -0.0000 -0.0000 -0.0000 -0.0000  0.0000  0.0000 -0.0000 -0.0000  0.0000  0.0000  0.0000  0.0000  0.0000  0.5040 -0.4960
    1   4.7720 THz  -0.4087  0.0000  0.0000  0.0000  0.0000  0.0000 -0.0000  0.0000  0.0000  0.0000  0.0000  0.0000  0.0000  0.0000  0.0000  0.0000  0.9127  0.0000  0.0000  0.0000  0.0000  0.0000  0.0000  0.0000
    2   4.7720 THz   0.0000  0.0000  0.0000  0.0000  0.4049  0.0556  0.0000 -0.0000  0.0000  0.0000 -0.0000 -0.0000 -0.9042 -0.1241  0.0000  0.0000  0.0000 -0.0000  0.0000 -0.0000 -0.0000  0.0000  0.0000 -0.0000
    3   4.9858 THz   0.0000  0.0000  0.0000 -0.0000 -0.0000 -0.0000  0.0000 -0.0000 -0.0000 -0.0000 -0.7071 -0.0000  0.0000  0.0000  0.0000  0.0000 -0.0000 -0.0000  0.7071  0.0000  0.0000 -0.0000 -0.0000  0.0000
    4   5.2054 THz   0.0000  0.0000  0.0000 -0.0000  0.0000 -0.0000 -0.0000  0.0000 -0.9980 -0.0635  0.0000 -0.0000 -0.0000  0.0000  0.0000 -0.0000  0.0000 -0.0000 -0.0000 -0.0000  0.0000 -0.0000 -0.0000  0.0000
    5   5.2054 THz   0.0000  0.0000  0.0000 -0.0000 -0.0000  0.0000  0.0000  0.0000 -0.0000  0.0000  0.0000 -0.0000  0.0000 -0.0000  0.0000 -0.0000  0.0000  0.0000 -0.0000 -0.0000  0.9881 -0.1540  0.0000  0.0000
    6   5.9544 THz   0.0000  0.0000 -0.0000 -0.0000  0.0000  0.0000 -0.0000  0.0000  0.0000 -0.0000 -0.0000 -0.0000 -0.0000 -0.0000  0.0000 -1.0000 -0.0000  0.0000  0.0000  0.0000  0.0000  0.0000 -0.0000  0.0000
    7   6.7585 THz   0.0000  0.0000 -0.0000 -0.0000  0.0000 -0.0000  0.5029 -0.4971 -0.0000 -0.0000  0.0000  0.0000  0.0000 -0.0000  0.0000 -0.0000  0.0000 -0.0000  0.0000  0.0000  0.0000  0.0000  0.5029 -0.4971
    8   6.8182 THz   0.0000  0.0000 -0.0000 -0.0000  0.0000 -0.0000  0.0000 -0.0000 -0.0000 -0.0000 -0.7071  0.0000  0.0000 -0.0000  0.0000  0.0000  0.0000 -0.0000 -0.7071  0.0000  0.0000  0.0000  0.0000 -0.0000
    9   8.5167 THz   0.0000  0.0000 -1.0000  0.0000  0.0000  0.0000  0.0000 -0.0000  0.0000 -0.0000 -0.0000  0.0000  0.0000  0.0000  0.0000  0.0000  0.0000  0.0000 -0.0000  0.0000  0.0000 -0.0000  0.0000 -0.0000
   10   8.7875 THz   0.9127  0.0000  0.0000  0.0000  0.0000  0.0000 -0.0000  0.0000  0.0000  0.0000  0.0000  0.0000  0.0000  0.0000  0.0000  0.0000  0.4087  0.0000  0.0000  0.0000  0.0000  0.0000  0.0000  0.0000
   11   8.7875 THz   0.0000  0.0000 -0.0000 -0.0000 -0.3851 -0.8274  0.0000  0.0000  0.0000  0.0000 -0.0000 -0.0000 -0.1725 -0.3706 -0.0000 -0.0000  0.0000  0.0000 -0.0000 -0.0000  0.0000 -0.0000  0.0000  0.0000


 Q= -0.138288  0.000000  0.000000, q= -0.500000  0.000000  0.000000

                       Al X   0        Al Y   0        Al Z   0        Ni X   1        Ni Y   1        Ni Z   1        Ni X   2        Ni Y   2        Ni Z   2        Ni X   3        Ni Y   3        Ni Z   3     
                    --------------- --------------- --------------- --------------- --------------- --------------- --------------- --------------- --------------- --------------- --------------- ---------------
    0   4.2933 THz   0.0000  0.0000 -0.0000 -0.0000 -0.0000  0.0000  0.0000 -0.0000 -0.0000  0.2714 -0.5925 -0.0025 -0.0000  0.0000 -0.0000  0.2217 -0.7253 -0.0031 -0.0000  0.0000 -0.0000 -0.0000 -0.0000  0.0000
    1   4.2933 THz   0.0000  0.0000 -0.0000 -0.0000 -0.0000 -0.0000 -0.0000 -0.0000  0.0000 -0.7253 -0.2217 -0.0009  0.0000 -0.0000  0.0000 -0.5925 -0.2714 -0.0012  0.0000 -0.0000 -0.0000 -0.0000 -0.0000  0.0000
    2   4.9861 THz   0.0000  0.0000 -0.2881  0.1229 -0.0945  0.0217 -0.0000 -0.0000  0.0000 -0.0000  0.0000 -0.0000  0.0000  0.0000  0.0000 -0.0000  0.0000 -0.0000  0.0000 -0.0000 -0.8301  0.3541 -0.2722  0.0624
    3   4.9861 THz   0.0000  0.0000  0.0960 -0.0132 -0.3130 -0.0128 -0.0000 -0.0000 -0.0000 -0.0000  0.0000  0.0000 -0.0000  0.0000  0.0000 -0.0000  0.0000  0.0000  0.0000 -0.0000  0.2766 -0.0381 -0.9017 -0.0370
    4   5.4616 THz   0.0000  0.0000  0.0000  0.0000  0.0000  0.0000 -0.0000 -0.7071 -0.0000  0.0000 -0.0000 -0.0000  0.0000  0.7071 -0.0000 -0.0000  0.0000  0.0000 -0.0000 -0.0000  0.0000 -0.0000  0.0000  0.0000
    5   5.5297 THz   0.0000  0.0000 -0.0000 -0.0000  0.0000  0.0000  0.3293 -0.6257 -0.0000  0.0000 -0.0000 -0.0000  0.3293 -0.6257 -0.0000 -0.0000  0.0000  0.0000  0.0000 -0.0000 -0.0000 -0.0000 -0.0000  0.0000
    6   6.1589 THz  -0.1085  0.0000  0.0000  0.0000  0.0000  0.0000 -0.0000  0.0000  0.0000  0.0000  0.0000  0.0000 -0.0000  0.0000  0.0000  0.0000  0.0000  0.0000  0.9941  0.0000  0.0000  0.0000  0.0000  0.0000
    7   6.7836 THz   0.0000  0.0000 -0.0000  0.0000  0.0000  0.0000 -0.0000  0.0000  0.0000  0.0463 -0.7724 -0.0033 -0.0000 -0.0000 -0.0000 -0.0566  0.6309  0.0027 -0.0000  0.0000 -0.0000  0.0000  0.0000 -0.0000
    8   6.7836 THz   0.0000  0.0000 -0.0000  0.0000  0.0000  0.0000 -0.0000  0.0000  0.0000  0.6309  0.0566  0.0002  0.0000 -0.0000 -0.0000 -0.7724 -0.0462 -0.0002 -0.0000  0.0000  0.0000  0.0000 -0.0000 -0.0000
    9   8.4773 THz   0.0000  0.0000  0.1995 -0.3164  0.5023  0.7073  0.0000 -0.0000  0.0000 -0.0000  0.0000  0.0000 -0.0000  0.0000 -0.0000  0.0000  0.0000  0.0000  0.0000 -0.0000 -0.0692  0.1098 -0.1743 -0.2455
   10   8.4773 THz   0.0000  0.0000 -0.8546 -0.1490 -0.1997  0.3162  0.0000  0.0000  0.0000 -0.0000  0.0000  0.0000 -0.0000 -0.0000 -0.0000  0.0000  0.0000 -0.0000 -0.0000  0.0000  0.2966  0.0517  0.0693 -0.1098
   11   8.7358 THz   0.9941  0.0000  0.0000  0.0000  0.0000  0.0000 -0.0000  0.0000  0.0000  0.0000  0.0000  0.0000 -0.0000  0.0000  0.0000  0.0000  0.0000  0.0000  0.1085  0.0000  0.0000  0.0000  0.0000  0.0000


 Q=  0.000000 -0.138288 -0.138288, q=  0.000000 -0.500000 -0.500000

                       Al X   0        Al Y   0        Al Z   0        Ni X   1        Ni Y   1        Ni Z   1        Ni X   2        Ni Y   2        Ni Z   2        Ni X   3        Ni Y   3        Ni Z   3     
                    --------------- --------------- --------------- --------------- --------------- --------------- --------------- --------------- --------------- --------------- --------------- ---------------
    0   4.0309 THz   0.0000  0.0000 -0.0000 -0.0000 -0.0000  0.0000 -0.0000 -0.0000 -0.0000 -0.7071  0.0000  0.0000 -0.0000  0.0000  0.0000 -0.0000 -0.0000  0.7071 -0.0000  0.0000  0.0000 -0.0000  0.0000  0.0000
    1   4.7720 THz   0.0000  0.0000  0.0757  0.0002 -0.3997  0.0394  0.0000 -0.0000 -0.0000  0.0000  0.0000  0.0000 -0.0000  0.0000  0.0000 -0.0000 -0.0000 -0.0000 -0.0000 -0.0000  0.8925 -0.0881 -0.1691 -0.0004
    2   4.7720 THz   0.0000  0.0000  0.1424  0.3756  0.0338  0.0678 -0.0000 -0.0000  0.0000 -0.0000 -0.0000  0.0000  0.0000  0.0000  0.0000 -0.0000 -0.0000  0.0000 -0.0000  0.0000 -0.0755 -0.1513 -0.3179 -0.8386
    3   4.9858 THz   0.0000  0.0000 -0.0000  0.0000 -0.0000  0.0000  0.0000 -0.0000 -0.0000  0.0000  0.7071 -0.0000 -0.0000  0.0000 -0.7071  0.0000  0.0000 -0.0000 -0.0000  0.0000  0.0000 -0.0000  0.0000 -0.0000
    4   5.2054 THz   0.0000  0.0000 -0.0000 -0.0000 -0.0000 -0.0000 -0.7071  0.0000 -0.0000  0.0000 -0.0000  0.0000 -0.7071 -0.0000  0.0000  0.0000  0.0000 -0.0000  0.0000 -0.0000  0.0000 -0.0000 -0.0000  0.0000
    5   5.2054 THz   0.0000  0.0000 -0.0000 -0.0000 -0.0000 -0.0000 -0.7071 -0.0000  0.0000  0.0000  0.0000  0.0000  0.7071  0.0000 -0.0000 -0.0000  0.0000 -0.0000 -0.0000  0.0000  0.0000  0.0000  0.0000  0.0000
    6   5.9544 THz   0.0000  0.0000 -0.0000  0.0000 -0.0000  0.0000 -0.0000  0.0000 -0.0000 -0.0000  0.0000  0.0000  0.0000 -0.0000 -0.0000  0.0000  0.0000  0.0000  0.9978 -0.0665  0.0000 -0.0000 -0.0000  0.0000
    7   6.7585 THz   0.0000  0.0000 -0.0000 -0.0000 -0.0000 -0.0000 -0.0000  0.0000 -0.0000 -0.7071 -0.0000  0.0000 -0.0000 -0.0000 -0.0000  0.0000  0.0000 -0.7071 -0.0000  0.0000 -0.0000 -0.0000  0.0000 -0.0000
    8   6.8182 THz   0.0000  0.0000 -0.0000  0.0000 -0.0000  0.0000 -0.0000 -0.0000  0.0000  0.0000 -0.7071  0.0000  0.0000  0.0000 -0.7071  0.0000  0.0000  0.0000 -0.0000  0.0000 -0.0000  0.0000 -0.0000  0.0000
    9   8.5167 THz   1.0000  0.0000  0.0000  0.0000  0.0000  0.0000  0.0000  0.0000  0.0000  0.0000  0.0000  0.0000  0.0000  0.0000  0.0000  0.0000  0.0000  0.0000  0.0000  0.0000  0.0000  0.0000  0.0000  0.0000
   10   8.7875 THz   0.0000  0.0000 -0.7438  0.0918  0.5004  0.1444  0.0000 -0.0000  0.0000 -0.0000 -0.0000 -0.0000  0.0000  0.0000  0.0000 -0.0000  0.0000  0.0000 -0.0000 -0.0000  0.2241  0.0647 -0.3331  0.0411
   11   8.7875 THz   0.0000  0.0000  0.4356  0.2855  0.4151  0.6240  0.0000 -0.0000  0.0000 -0.0000 -0.0000 -0.0000  0.0000 -0.0000  0.0000 -0.0000  0.0000 -0.0000 -0.0000 -0.0000  0.1859  0.2795  0.1951  0.1279


 Q=  0.000000 -0.138288  0.000000, q=  0.000000 -0.500000  0.000000

                       Al X   0        Al Y   0        Al Z   0        Ni X   1        Ni Y   1        Ni Z   1        Ni X   2        Ni Y   2        Ni Z   2        Ni X   3        Ni Y   3        Ni Z   3     
                    --------------- --------------- --------------- --------------- --------------- --------------- --------------- --------------- --------------- --------------- --------------- ---------------
    0   4.2933 THz   0.0000  0.0000 -0.0000  0.0000 -0.0000  0.0000  0.0820 -0.0030 -0.0000  0.0000 -0.6289 -0.0160  0.0000 -0.0000  0.0000 -0.0000 -0.0000  0.0000  0.0670 -0.0025  0.0000  0.0000 -0.7699 -0.0196
    1   4.2933 THz  -0.0000  0.0000  0.0000 -0.0000 -0.0000  0.0000 -0.7696  0.0282 -0.0000 -0.0000 -0.0670 -0.0017 -0.0000  0.0000 -0.0000  0.0000 -0.0000  0.0000 -0.6286  0.0231  0.0000 -0.0000 -0.0820 -0.0021
    2   4.9861 THz   0.3279  0.0000  0.0000  0.0000  0.0000  0.0000 -0.0000  0.0000  0.0000  0.0000 -0.0000 -0.0000  0.9447  0.0000 -0.0000  0.0000  0.0000  0.0000 -0.0000 -0.0000  0.0000  0.0000  0.0000  0.0000
    3   4.9861 THz   0.0000  0.0000 -0.0000 -0.0000 -0.3279 -0.0001  0.0000  0.0000 -0.0000  0.0000  0.0000  0.0000  0.0000  0.0000  0.0000  0.0000 -0.9447 -0.0002 -0.0000  0.0000 -0.0000 -0.0000  0.0000  0.0000
    4   5.4616 THz   0.0000  0.0000  0.0000 -0.0000  0.0000 -0.0000  0.0000 -0.0000 -0.0000  0.7071  0.0000  0.0000  0.0000  0.0000 -0.0000  0.0000  0.0000 -0.0000  0.0000 -0.0000  0.0000 -0.7071 -0.0000 -0.0000
    5   5.5297 THz  -0.0000  0.0000 -0.0000 -0.0000  0.0000 -0.0000 -0.0000 -0.0000  0.0000  0.7071  0.0000  0.0000 -0.0000  0.0000  0.0000  0.0000 -0.0000 -0.0000 -0.0000 -0.0000  0.0000  0.7071  0.0000 -0.0000
    6   6.1589 THz   0.0000  0.0000 -0.1085 -0.0000 -0.0000  0.0000  0.0000  0.0000 -0.0000 -0.0000 -0.0000 -0.0000  0.0000  0.0000  0.9941 -0.0000  0.0000 -0.0000 -0.0000 -0.0000 -0.0000 -0.0000  0.0000  0.0000
    7   6.7836 THz  -0.0000  0.0000 -0.0000 -0.0000  0.0000  0.0000 -0.6243 -0.0407  0.0000  0.0000 -0.1148 -0.0018  0.0000 -0.0000  0.0000  0.0000  0.0000  0.0000  0.7643  0.0499  0.0000 -0.0000  0.0937  0.0014
    8   6.7836 THz  -0.0000  0.0000 -0.0000 -0.0000 -0.0000 -0.0000 -0.0936 -0.0061 -0.0000 -0.0000  0.7658  0.0118  0.0000 -0.0000  0.0000  0.0000 -0.0000 -0.0000  0.1145  0.0075 -0.0000  0.0000 -0.6256 -0.0097
    9   8.4773 THz   0.9447  0.0000  0.0000  0.0000 -0.0000 -0.0000 -0.0000 -0.0000 -0.0000 -0.0000 -0.0000 -0.0000 -0.3279 -0.0000  0.0000 -0.0000  0.0000 -0.0000  0.0000  0.0000 -0.0000 -0.0000  0.0000  0.0000
   10   8.4773 THz   0.0000  0.0000  0.0000 -0.0000  0.9447  0.0002  0.0000  0.0000 -0.0000 -0.0000  0.0000  0.0000  0.0000  0.0000  0.0000  0.0000 -0.3279 -0.0001 -0.0000 -0.0000 -0.0000 -0.0000 -0.0000 -0.0000
   11   8.7358 THz   0.0000  0.0000 -0.9941 -0.0000  0.0000  0.0000  0.0000  0.0000  0.0000  0.0000  0.0000  0.0000  0.0000  0.0000 -0.1085  0.0000 -0.0000 -0.0000 -0.0000 -0.0000  0.0000  0.0000 -0.0000 -0.0000


 Q=  0.000000  0.000000 -0.138288, q=  0.000000  0.000000 -0.500000

                       Al X   0        Al Y   0        Al Z   0        Ni X   1        Ni Y   1        Ni Z   1        Ni X   2        Ni Y   2        Ni Z   2        Ni X   3        Ni Y   3        Ni Z   3     
                    --------------- --------------- --------------- --------------- --------------- --------------- --------------- --------------- --------------- --------------- --------------- ---------------
    0   4.2933 THz   0.0000  0.0000 -0.0000 -0.0000 -0.0000  0.0000 -0.0000 -0.0000 -0.0000 -0.0000  0.0000 -0.0000  0.0000 -0.0000 -0.6326  0.0000  0.0000 -0.0000  0.0000 -0.0000 -0.7745  0.0000 -0.0000  0.0000
    1   4.2933 THz   0.0000  0.0000 -0.0000 -0.0000  0.0000  0.0000  0.0000 -0.0000 -0.0000 -0.0000 -0.0000  0.0000 -0.7745 -0.0000 -0.0000  0.0000  0.0000  0.0000 -0.6326 -0.0000 -0.0000  0.0000 -0.0000  0.0000
    2   4.9861 THz   0.0000  0.0000 -0.3279  0.0000  0.0000  0.0000 -0.0000 -0.0000 -0.9447  0.0000  0.0000  0.0000  0.0000 -0.0000  0.0000 -0.0000 -0.0000 -0.0000  0.0000  0.0000  0.0000 -0.0000  0.0000  0.0000
    3   4.9861 THz  -0.3279  0.0000  0.0000  0.0000  0.0000  0.0000 -0.9447  0.0000  0.0000  0.0000  0.0000  0.0000 -0.0000  0.0000  0.0000  0.0000  0.0000 -0.0000 -0.0000  0.0000  0.0000  0.0000  0.0000  0.0000
    4   5.4616 THz   0.0000  0.0000  0.0000  0.0000  0.0000  0.0000  0.0000 -0.0000  0.0000  0.0000 -0.0000  0.0000  0.0000  0.0000 -0.0000  0.0000 -0.0000 -0.7071  0.0000  0.0000 -0.0000 -0.0000  0.0000  0.7071
    5   5.5297 THz   0.0000  0.0000 -0.0000 -0.0000  0.0000 -0.0000  0.0000 -0.0000 -0.0000  0.0000 -0.0000 -0.0000 -0.0000  0.0000 -0.0000  0.0000 -0.0000 -0.7071  0.0000  0.0000 -0.0000 -0.0000  0.0000 -0.7071
    6   6.1589 THz   0.0000  0.0000 -0.0000 -0.0000  0.1041  0.0305 -0.0000 -0.0000 -0.0000 -0.0000 -0.9539 -0.2798  0.0000  0.0000  0.0000  0.0000 -0.0000  0.0000 -0.0000 -0.0000 -0.0000 -0.0000  0.0000 -0.0000
    7   6.7836 THz   0.0000  0.0000 -0.0000  0.0000  0.0000  0.0000  0.0000 -0.0000 -0.0000  0.0000 -0.0000 -0.0000 -0.0027 -0.0000 -0.7745 -0.0000  0.0000  0.0000  0.0033 -0.0000  0.6326  0.0000 -0.0000 -0.0000
    8   6.7836 THz   0.0000  0.0000 -0.0000  0.0000  0.0000 -0.0000 -0.0000 -0.0000 -0.0000  0.0000  0.0000 -0.0000  0.6326 -0.0000 -0.0033 -0.0000  0.0000 -0.0000 -0.7745 -0.0000  0.0027  0.0000 -0.0000 -0.0000
    9   8.4773 THz   0.9447  0.0000  0.0000  0.0000  0.0000  0.0000 -0.3279  0.0000  0.0000  0.0000  0.0000  0.0000 -0.0000  0.0000  0.0000  0.0000  0.0000 -0.0000 -0.0000  0.0000  0.0000  0.0000  0.0000  0.0000
   10   8.4773 THz   0.0000  0.0000 -0.9447 -0.0000  0.0000  0.0000 -0.0000 -0.0000  0.3279  0.0000  0.0000 -0.0000  0.0000 -0.0000  0.0000  0.0000 -0.0000 -0.0000 -0.0000 -0.0000 -0.0000  0.0000  0.0000  0.0000
   11   8.7358 THz   0.0000  0.0000 -0.0000 -0.0000 -0.9941 -0.0021  0.0000 -0.0000  0.0000  0.0000 -0.1085 -0.0002  0.0000  0.0000  0.0000 -0.0000  0.0000  0.0000 -0.0000 -0.0000 -0.0000  0.0000  0.0000  0.0000


 Q=  0.000000  0.000000  0.000000, q=  0.000000  0.000000  0.000000

                       Al X   0        Al Y   0        Al Z   0        Ni X   1        Ni Y   1        Ni Z   1        Ni X   2        Ni Y   2        Ni Z   2        Ni X   3        Ni Y   3        Ni Z   3     
                    --------------- --------------- --------------- --------------- --------------- --------------- --------------- --------------- --------------- --------------- --------------- ---------------
    0   0.0000 THz   0.3645  0.0000  0.0000  0.0000  0.0000  0.0000  0.5376  0.0000  0.0000  0.0000  0.0000  0.0000  0.5376  0.0000  0.0000  0.0000  0.0000  0.0000  0.5376  0.0000  0.0000  0.0000  0.0000  0.0000
    1  -0.0000 THz   0.0000  0.0000  0.0214  0.0000  0.3639  0.0000 -0.0000  0.0000  0.0315  0.0000  0.5367  0.0000  0.0000  0.0000  0.0315  0.0000  0.5367  0.0000 -0.0000  0.0000  0.0315  0.0000  0.5367  0.0000
    2   0.0000 THz   0.0000  0.0000 -0.3639  0.0000  0.0214  0.0000 -0.0000  0.0000 -0.5367  0.0000  0.0315  0.0000  0.0000  0.0000 -0.5367  0.0000  0.0315  0.0000  0.0000  0.0000 -0.5367  0.0000  0.0315  0.0000
    3   5.6015 THz   0.0000  0.0000 -0.0000  0.0000 -0.0000  0.0000  0.1918  0.0000  0.6749  0.0000  0.0000  0.0000 -0.1918  0.0000  0.0000  0.0000 -0.0878  0.0000 -0.0000  0.0000 -0.6749  0.0000  0.0878  0.0000
    4   5.6015 THz   0.0000  0.0000  0.0000  0.0000  0.0000  0.0000  0.6726  0.0000 -0.2019  0.0000 -0.0000  0.0000 -0.6726  0.0000 -0.0000  0.0000 -0.0828  0.0000 -0.0000  0.0000  0.2019  0.0000  0.0828  0.0000
    5   5.6015 THz   0.0000  0.0000 -0.0000  0.0000  0.0000  0.0000  0.1041  0.0000  0.0611  0.0000  0.0000  0.0000 -0.1041  0.0000  0.0000  0.0000  0.6967  0.0000 -0.0000  0.0000 -0.0611  0.0000 -0.6967  0.0000
    6   6.5264 THz   0.0000  0.0000  0.0251  0.0000  0.4709  0.0000 -0.0000  0.0000  0.0131  0.0000 -0.8095  0.0000  0.0000  0.0000 -0.0432  0.0000  0.2451  0.0000  0.0000  0.0000  0.0131  0.0000  0.2451  0.0000
    7   6.5264 THz   0.0000  0.0000 -0.4709  0.0000  0.0251  0.0000  0.0000  0.0000 -0.2451  0.0000 -0.0432  0.0000 -0.0000  0.0000  0.8095  0.0000  0.0131  0.0000  0.0000  0.0000 -0.2451  0.0000  0.0131  0.0000
    8   6.5264 THz  -0.4716  0.0000  0.0000  0.0000  0.0000  0.0000 -0.2454  0.0000  0.0000  0.0000  0.0000  0.0000 -0.2454  0.0000  0.0000  0.0000  0.0000  0.0000  0.8106  0.0000  0.0000  0.0000  0.0000  0.0000
    9   8.7820 THz   0.0000  0.0000  0.8020  0.0000 -0.0386  0.0000 -0.0000  0.0000 -0.3878  0.0000 -0.0111  0.0000 -0.0000  0.0000  0.2318  0.0000  0.0187  0.0000 -0.0000  0.0000 -0.3878  0.0000  0.0187  0.0000
   10   8.7820 THz   0.8029  0.0000  0.0000  0.0000  0.0000  0.0000 -0.3882  0.0000  0.0000  0.0000  0.0000  0.0000 -0.3882  0.0000  0.0000  0.0000  0.0000  0.0000  0.2321  0.0000  0.0000  0.0000  0.0000  0.0000
   11   8.7820 THz   0.0000  0.0000  0.0386  0.0000  0.8020  0.0000  0.0000  0.0000 -0.0187  0.0000  0.2318  0.0000 -0.0000  0.0000  0.0111  0.0000 -0.3878  0.0000  0.0000  0.0000 -0.0187  0.0000 -0.3878  0.0000
