
Used Primitive lattice vector

    0.000000000000      1.660907000000      1.660907000000  
    1.660907000000      0.000000000000      1.660907000000  
    1.660907000000      1.660907000000      0.000000000000  

   1 Atom(s) in the Primitive cell

 -0.0000010000 0.0000010000 0.0000010000 Ni    0


 Q=  0.000000  0.000000 -0.301040, q= -0.500000 -0.500000  0.000000

                       Ni X   0        Ni Y   0        Ni Z   0     
                    --------------- --------------- ---------------
    0   8.3536 THz   1.0000  0.0000  0.0000  0.0000  0.0000  0.0000
    1   8.3536 THz   0.0000  0.0000 -1.0000 -0.0000 -0.0000 -0.0000
    2  11.6538 THz   0.0000  0.0000 -0.0000  0.0000  1.0000  0.0000


 Q=  0.000000 -0.301040  0.000000, q= -0.500000  0.000000 -0.500000

                       Ni X   0        Ni Y   0        Ni Z   0     
                    --------------- --------------- ---------------
    0   8.3536 THz   0.0000  0.0000  0.0000 -0.0000 -1.0000  0.0000
    1   8.3536 THz   1.0000  0.0000  0.0000  0.0000  0.0000  0.0000
    2  11.6538 THz   0.0000  0.0000  1.0000  0.0000  0.0000  0.0000


 Q= -0.301040  0.000000  0.000000, q=  0.000000 -0.500000 -0.500000

                       Ni X   0        Ni Y   0        Ni Z   0     
                    --------------- --------------- ---------------
    0   8.3536 THz   0.0000  0.0000 -0.3259 -0.0000  0.9454  0.0000
    1   8.3536 THz   0.0000  0.0000 -0.9454 -0.0000 -0.3259  0.0000
    2  11.6538 THz   1.0000  0.0000  0.0000  0.0000  0.0000  0.0000


 Q=  0.000000  0.000000  0.000000, q=  0.000000  0.000000  0.000000

                       Ni X   0        Ni Y   0        Ni Z   0     
                    --------------- --------------- ---------------
    0  -0.0000 THz   0.2993  0.0000 -0.1945  0.0000  0.9341  0.0000
    1  -0.0000 THz  -0.9532  0.0000 -0.0159  0.0000  0.3021  0.0000
    2  -0.0000 THz  -0.0439  0.0000 -0.9808  0.0000 -0.1902  0.0000
