
Used Primitive lattice vector

    0.000000000000      1.769363116200      1.769363116200  
    1.769363116200      0.000000000000      1.769363116200  
    1.769363116200      1.769363116200      0.000000000000  

   1 Atom(s) in the Primitive cell

 -0.0000010000 0.0000010000 0.0000010000 Ni    0


 Q=  0.000000  0.000000 -0.282588, q= -0.500000 -0.500000  0.000000

                       Ni X   0        Ni Y   0        Ni Z   0     
                    --------------- --------------- ---------------
    0   5.9095 THz   0.0000  0.0000  1.0000 -0.0000  0.0000 -0.0000
    1   5.9095 THz   1.0000  0.0000  0.0000  0.0000  0.0000  0.0000
    2   7.3776 THz   0.0000  0.0000  0.0000 -0.0000 -1.0000  0.0000


 Q=  0.000000 -0.282588  0.000000, q= -0.500000  0.000000 -0.500000

                       Ni X   0        Ni Y   0        Ni Z   0     
                    --------------- --------------- ---------------
    0   5.9095 THz   1.0000  0.0000  0.0000  0.0000  0.0000  0.0000
    1   5.9095 THz   0.0000  0.0000 -0.0000  0.0000  1.0000 -0.0000
    2   7.3776 THz   0.0000  0.0000 -1.0000 -0.0000 -0.0000 -0.0000


 Q= -0.282588  0.000000  0.000000, q=  0.000000 -0.500000 -0.500000

                       Ni X   0        Ni Y   0        Ni Z   0     
                    --------------- --------------- ---------------
    0   5.9095 THz   0.0000  0.0000 -0.9870 -0.0000 -0.1608  0.0000
    1   5.9095 THz   0.0000  0.0000 -0.1608 -0.0000  0.9870  0.0000
    2   7.3776 THz   1.0000  0.0000  0.0000  0.0000  0.0000  0.0000


 Q=  0.000000  0.000000  0.000000, q=  0.000000  0.000000  0.000000

                       Ni X   0        Ni Y   0        Ni Z   0     
                    --------------- --------------- ---------------
    0   0.0000 THz   0.9998  0.0000 -0.0113  0.0000  0.0169  0.0000
    1  -0.0000 THz   0.0149  0.0000 -0.1533  0.0000 -0.9881  0.0000
    2   0.0000 THz   0.0138  0.0000  0.9881  0.0000 -0.1531  0.0000
