
Used Primitive lattice vector

    3.726974000000      0.000000000000      0.000000000000  
    0.000000000000      3.726974000000      0.000000000000  
    0.000000000000      0.000000000000      3.726974000000  

   4 Atom(s) in the Primitive cell

 0.0000000000 0.0000000000 0.0000000000 Al    0
 0.5000000000 0.5000000000 0.0000000000 Ni    1
 0.5000000000 0.0000000000 0.5000000000 Ni    2
 0.0000000000 0.5000000000 0.5000000000 Ni    3


 Q= -0.134157 -0.134157 -0.134157, q= -0.500000 -0.500000 -0.500000

                       Al X   0        Al Y   0        Al Z   0        Ni X   1        Ni Y   1        Ni Z   1        Ni X   2        Ni Y   2        Ni Z   2        Ni X   3        Ni Y   3        Ni Z   3     
                    --------------- --------------- --------------- --------------- --------------- --------------- --------------- --------------- --------------- --------------- --------------- ---------------
    0   3.4701 THz   0.0000  0.0000 -0.0000  0.0000 -0.0000  0.0000 -0.0239 -0.1038 -0.5943  0.3474  0.0000  0.0000 -0.0582 -0.1067 -0.0000  0.0000  0.5943 -0.3474 -0.0000 -0.0000  0.0582  0.1067  0.0239  0.1038
    1   3.4701 THz   0.0000  0.0000 -0.0000 -0.0000  0.0000 -0.0000  0.4445  0.2757 -0.0325 -0.0046 -0.0000  0.0000 -0.4714  0.0556  0.0000 -0.0000  0.0325  0.0046 -0.0000 -0.0000  0.4714 -0.0556 -0.4445 -0.2757
    2   3.4701 THz   0.0000  0.0000  0.0000  0.0000  0.0000  0.0000 -0.0531 -0.4607  0.1258 -0.0960 -0.0000  0.0000 -0.3688 -0.3520  0.0000 -0.0000 -0.1258  0.0960  0.0000 -0.0000  0.3688  0.3520  0.0531  0.4607
    3   3.9767 THz   0.0000  0.0000 -0.4970  0.0001 -0.1142 -0.0037  0.5928 -0.0001  0.0000 -0.0000  0.0000  0.0000  0.1362  0.0044 -0.0000 -0.0000 -0.0000 -0.0000  0.0000  0.0000  0.1362  0.0044  0.5928 -0.0001
    4   3.9767 THz   0.0000  0.0000 -0.1143 -0.0006  0.4967  0.0187  0.1363  0.0007 -0.0000  0.0000 -0.0000  0.0000 -0.5924 -0.0223  0.0000 -0.0000  0.0000 -0.0000 -0.0000 -0.0000 -0.5924 -0.0223  0.1363  0.0007
    5   3.9767 THz  -0.5100  0.0000  0.0000  0.0000  0.0000  0.0000 -0.0000 -0.0000  0.6082 -0.0000  0.0000  0.0000 -0.0000 -0.0000  0.0000  0.0000  0.6082 -0.0000 -0.0000 -0.0000  0.0000  0.0000  0.0000  0.0000
    6   4.2591 THz   0.0000  0.0000  0.0000 -0.0000  0.0000  0.0000 -0.0000 -0.0000 -0.0000 -0.0000 -0.1174 -0.4426 -0.0000 -0.0000 -0.0241 -0.3582  0.0000  0.0000  0.1415  0.8009 -0.0000  0.0000 -0.0000  0.0000
    7   4.2591 THz   0.0000  0.0000 -0.0000  0.0000  0.0000 -0.0000 -0.0000 -0.0000 -0.0000 -0.0000 -0.5158 -0.4369 -0.0000  0.0000  0.5285  0.5084  0.0000  0.0000 -0.0126 -0.0715  0.0000  0.0000  0.0000  0.0000
    8   5.7869 THz   0.0000  0.0000 -0.0000  0.0000 -0.0000  0.0000  0.0000 -0.0000 -0.0000  0.0000 -0.1005 -0.5685 -0.0000 -0.0000 -0.1005 -0.5685  0.0000 -0.0000 -0.1005 -0.5685 -0.0000  0.0000  0.0000  0.0000
    9   7.1653 THz   0.8602  0.0000  0.0000  0.0000  0.0000  0.0000 -0.0000 -0.0000  0.3606 -0.0000  0.0000  0.0000 -0.0000 -0.0000  0.0000  0.0000  0.3606 -0.0000 -0.0000 -0.0000  0.0000  0.0000  0.0000  0.0000
   10   7.1653 THz   0.0000  0.0000 -0.7692  0.0001 -0.3851 -0.0041 -0.3224  0.0001  0.0000 -0.0000 -0.0000  0.0000 -0.1614 -0.0017  0.0000  0.0000  0.0000  0.0000 -0.0000  0.0000 -0.1614 -0.0017 -0.3224  0.0001
   11   7.1653 THz   0.0000  0.0000  0.3851  0.0003 -0.7691 -0.0088  0.1614  0.0001 -0.0000 -0.0000 -0.0000  0.0000 -0.3224 -0.0037  0.0000  0.0000 -0.0000  0.0000 -0.0000  0.0000 -0.3224 -0.0037  0.1614  0.0001


 Q= -0.134157 -0.134157  0.000000, q= -0.500000 -0.500000  0.000000

                       Al X   0        Al Y   0        Al Z   0        Ni X   1        Ni Y   1        Ni Z   1        Ni X   2        Ni Y   2        Ni Z   2        Ni X   3        Ni Y   3        Ni Z   3     
                    --------------- --------------- --------------- --------------- --------------- --------------- --------------- --------------- --------------- --------------- --------------- ---------------
    0   3.4724 THz   0.0000  0.0000 -0.0000  0.0000 -0.0000 -0.0000  0.0000 -0.0000  0.0000 -0.0000  0.0000  0.0000  0.4803 -0.5189 -0.0000 -0.0000 -0.0000 -0.0000 -0.0000 -0.0000 -0.4803  0.5189  0.0000  0.0000
    1   3.9361 THz   0.0000  0.0000 -0.0000  0.0000 -0.0000 -0.0000  0.0000 -0.0000 -0.0000  0.0000 -0.0000 -0.0000 -0.0000  0.0000 -0.0000 -0.0000 -0.0009 -0.0048  0.0000  0.0000 -0.0000  0.0000 -0.8038 -0.5948
    2   3.9361 THz   0.0000  0.0000 -0.0000  0.0000 -0.0000  0.0000  0.0000 -0.0000 -0.0000  0.0000 -0.0000 -0.0000 -0.0000  0.0000  0.0000 -0.0000 -0.3094 -0.9509  0.0000  0.0000 -0.0000  0.0000  0.0043  0.0024
    3   4.0234 THz  -0.3482  0.0000  0.0000  0.0000  0.0000  0.0000  0.0000 -0.0000  0.9374 -0.0000  0.0000  0.0000 -0.0000  0.0000  0.0000  0.0000  0.0000  0.0000 -0.0000  0.0000  0.0000  0.0000  0.0000  0.0000
    4   4.0234 THz   0.0000  0.0000  0.3482 -0.0000 -0.0000  0.0000 -0.9374  0.0000  0.0000 -0.0000 -0.0000  0.0000  0.0000 -0.0000  0.0000  0.0000 -0.0000 -0.0000 -0.0000 -0.0000 -0.0000  0.0000  0.0000  0.0000
    5   4.2948 THz   0.0000  0.0000  0.0000  0.0000 -0.0000  0.0000 -0.0000 -0.0000  0.0000  0.0000 -0.0000 -0.0000  0.0000 -0.0000 -0.4828 -0.5166  0.0000  0.0000  0.4828  0.5166  0.0000 -0.0000  0.0000  0.0000
    6   4.6825 THz   0.0000  0.0000 -0.0000 -0.0000  0.0000 -0.0000  0.0000  0.0000  0.0000  0.0000 -0.9934 -0.1146  0.0000 -0.0000  0.0000  0.0000  0.0000  0.0000 -0.0000 -0.0000 -0.0000  0.0000  0.0000  0.0000
    7   5.1916 THz   0.0000  0.0000 -0.0000 -0.0000  0.0000 -0.0000 -0.0000  0.0000  0.0000 -0.0000 -0.0000 -0.0000  0.0000 -0.0000 -0.5321 -0.4656 -0.0000 -0.0000 -0.5321 -0.4656  0.0000 -0.0000 -0.0000  0.0000
    8   5.2342 THz   0.0000  0.0000 -0.0000 -0.0000  0.0000  0.0000 -0.0000  0.0000 -0.0000  0.0000  0.0000  0.0000 -0.4724  0.5261 -0.0000 -0.0000  0.0000  0.0000 -0.0000 -0.0000 -0.4724  0.5261 -0.0000 -0.0000
    9   7.0598 THz   0.0000  0.0000  0.0000 -0.0000  0.9005 -0.4350  0.0000  0.0000  0.0000 -0.0000  0.0000  0.0000 -0.0000 -0.0000  0.0000  0.0000 -0.0000 -0.0000  0.0000  0.0000 -0.0000 -0.0000 -0.0000  0.0000
   10   7.0924 THz   0.0000  0.0000  0.9374  0.0000 -0.0000  0.0000  0.3482 -0.0000 -0.0000  0.0000  0.0000  0.0000 -0.0000 -0.0000 -0.0000  0.0000  0.0000  0.0000 -0.0000 -0.0000 -0.0000  0.0000  0.0000 -0.0000
   11   7.0924 THz   0.9374  0.0000  0.0000  0.0000  0.0000  0.0000  0.0000 -0.0000  0.3482 -0.0000  0.0000  0.0000 -0.0000  0.0000  0.0000  0.0000  0.0000  0.0000 -0.0000  0.0000  0.0000  0.0000  0.0000  0.0000


 Q= -0.134157  0.000000 -0.134157, q= -0.500000  0.000000 -0.500000

                       Al X   0        Al Y   0        Al Z   0        Ni X   1        Ni Y   1        Ni Z   1        Ni X   2        Ni Y   2        Ni Z   2        Ni X   3        Ni Y   3        Ni Z   3     
                    --------------- --------------- --------------- --------------- --------------- --------------- --------------- --------------- --------------- --------------- --------------- ---------------
    0   3.4724 THz   0.0000  0.0000  0.0000 -0.0000  0.0000 -0.0000 -0.6607  0.2520  0.0000  0.0000  0.0000 -0.0000 -0.0000  0.0000 -0.0000 -0.0000 -0.0000  0.0000  0.0000  0.0000 -0.0000  0.0000  0.6607 -0.2520
    1   3.9361 THz   0.0000  0.0000  0.0000  0.0000  0.0000  0.0000  0.0000 -0.0000  0.9915  0.0994 -0.0000  0.0000 -0.0000 -0.0000 -0.0000 -0.0000  0.0000  0.0000  0.0000 -0.0000  0.0829 -0.0139 -0.0000  0.0000
    2   3.9361 THz   0.0000  0.0000  0.0000  0.0000 -0.0000 -0.0000 -0.0000  0.0000 -0.0769 -0.0341  0.0000  0.0000  0.0000  0.0000  0.0000  0.0000 -0.0000  0.0000 -0.0000 -0.0000  0.9849  0.1510  0.0000  0.0000
    3   4.0234 THz  -0.3482  0.0000  0.0000  0.0000  0.0000  0.0000 -0.0000  0.0000  0.0000  0.0000  0.0000  0.0000 -0.0000 -0.0000  0.0000  0.0000  0.9374 -0.0000 -0.0000  0.0000  0.0000  0.0000  0.0000  0.0000
    4   4.0234 THz   0.0000  0.0000  0.0000  0.0000  0.3482  0.0000 -0.0000  0.0000 -0.0000 -0.0000  0.0000 -0.0000 -0.9374  0.0000  0.0000  0.0000 -0.0000  0.0000 -0.0000  0.0000 -0.0000 -0.0000 -0.0000 -0.0000
    5   4.2948 THz   0.0000  0.0000  0.0000  0.0000 -0.0000 -0.0000 -0.0000 -0.0000  0.0000  0.0000  0.7070 -0.0111  0.0000  0.0000  0.0000 -0.0000 -0.0000 -0.0000 -0.7070  0.0111  0.0000 -0.0000 -0.0000 -0.0000
    6   4.6825 THz   0.0000  0.0000  0.0000 -0.0000  0.0000  0.0000  0.0000 -0.0000  0.0000 -0.0000 -0.0000  0.0000 -0.0000 -0.0000  1.0000 -0.0059  0.0000 -0.0000 -0.0000  0.0000  0.0000 -0.0000  0.0000 -0.0000
    7   5.1916 THz   0.0000  0.0000  0.0000  0.0000  0.0000 -0.0000 -0.0000  0.0000 -0.0000 -0.0000  0.7062 -0.0354  0.0000 -0.0000  0.0000 -0.0000  0.0000  0.0000  0.7062 -0.0354  0.0000 -0.0000 -0.0000  0.0000
    8   5.2342 THz   0.0000  0.0000  0.0000 -0.0000 -0.0000  0.0000 -0.6571  0.2611 -0.0000  0.0000 -0.0000  0.0000  0.0000 -0.0000  0.0000 -0.0000 -0.0000  0.0000 -0.0000  0.0000 -0.0000 -0.0000 -0.6571  0.2611
    9   7.0598 THz   0.0000  0.0000  1.0000 -0.0000 -0.0000 -0.0000  0.0000  0.0000 -0.0000  0.0000 -0.0000 -0.0000 -0.0000 -0.0000 -0.0000  0.0000 -0.0000  0.0000 -0.0000  0.0000 -0.0000 -0.0000  0.0000  0.0000
   10   7.0924 THz   0.9374  0.0000  0.0000  0.0000  0.0000  0.0000 -0.0000  0.0000  0.0000  0.0000  0.0000  0.0000 -0.0000 -0.0000  0.0000  0.0000  0.3482 -0.0000 -0.0000  0.0000  0.0000  0.0000  0.0000  0.0000
   11   7.0924 THz   0.0000  0.0000  0.0000 -0.0000  0.9374 -0.0000  0.0000 -0.0000  0.0000  0.0000 -0.0000  0.0000  0.3482 -0.0000 -0.0000  0.0000 -0.0000 -0.0000 -0.0000  0.0000 -0.0000  0.0000 -0.0000  0.0000


 Q= -0.134157  0.000000  0.000000, q= -0.500000  0.000000  0.000000

                       Al X   0        Al Y   0        Al Z   0        Ni X   1        Ni Y   1        Ni Z   1        Ni X   2        Ni Y   2        Ni Z   2        Ni X   3        Ni Y   3        Ni Z   3     
                    --------------- --------------- --------------- --------------- --------------- --------------- --------------- --------------- --------------- --------------- --------------- ---------------
    0   3.4772 THz   0.0000  0.0000 -0.0000  0.0000  0.0000  0.0000 -0.0000 -0.0000 -0.0000 -0.7945  0.0514 -0.0130  0.0000  0.0000 -0.0000 -0.6009  0.0680 -0.0172  0.0000 -0.0000 -0.0000  0.0000  0.0000  0.0000
    1   3.4772 THz   0.0000  0.0000  0.0000 -0.0000 -0.0000  0.0000 -0.0000  0.0000  0.0000  0.0701  0.5825 -0.1474  0.0000 -0.0000  0.0000  0.0530  0.7702 -0.1948 -0.0000 -0.0000  0.0000 -0.0000 -0.0000 -0.0000
    2   4.0208 THz   0.0000  0.0000 -0.1213  0.0000 -0.2177 -0.0543 -0.0000 -0.0000 -0.0000  0.0000 -0.0000 -0.0000  0.0000 -0.0000 -0.0000 -0.0000 -0.0000  0.0000 -0.0000 -0.0000 -0.4597  0.0000 -0.8254 -0.2059
    3   4.0208 THz   0.0000  0.0000  0.2244 -0.0000 -0.1176 -0.0294  0.0000  0.0000  0.0000 -0.0000 -0.0000 -0.0000 -0.0000  0.0000  0.0000  0.0000 -0.0000 -0.0000  0.0000  0.0000  0.8507 -0.0000 -0.4460 -0.1113
    4   4.3452 THz   0.0000  0.0000  0.0000  0.0000  0.0000 -0.0000 -0.0000 -0.7071 -0.0000  0.0000  0.0000  0.0000  0.0000  0.7071 -0.0000  0.0000 -0.0000 -0.0000  0.0000 -0.0000  0.0000  0.0000  0.0000 -0.0000
    5   4.3678 THz   0.0000  0.0000  0.0000  0.0000 -0.0000  0.0000  0.3793 -0.5968 -0.0000 -0.0000 -0.0000  0.0000  0.3793 -0.5968 -0.0000  0.0000  0.0000 -0.0000  0.0000 -0.0000  0.0000  0.0000  0.0000  0.0000
    6   4.9672 THz  -0.0932  0.0000  0.0000  0.0000  0.0000  0.0000 -0.0000  0.0000  0.0000  0.0000  0.0000  0.0000 -0.0000  0.0000  0.0000  0.0000  0.0000  0.0000  0.9956  0.0000  0.0000  0.0000  0.0000  0.0000
    7   5.2467 THz   0.0000  0.0000 -0.0000 -0.0000 -0.0000  0.0000 -0.0000  0.0000 -0.0000 -0.4046 -0.5915 -0.0075  0.0000  0.0000  0.0000  0.5350  0.4474  0.0057  0.0000  0.0000 -0.0000  0.0000  0.0000 -0.0000
    8   5.2467 THz   0.0000  0.0000 -0.0000 -0.0000  0.0000  0.0000  0.0000  0.0000 -0.0000 -0.4474  0.5349  0.0068 -0.0000  0.0000  0.0000  0.5916 -0.4046 -0.0051  0.0000  0.0000 -0.0000  0.0000 -0.0000  0.0000
    9   6.8607 THz  -0.0000 -0.0000 -0.7961 -0.0000  0.5488  0.0008  0.0000 -0.0000  0.0000  0.0000 -0.0000 -0.0000  0.0000 -0.0000  0.0000  0.0000 -0.0000  0.0000 -0.0000 -0.0000  0.2100  0.0000 -0.1448 -0.0002
   10   6.8607 THz   0.0000  0.0000  0.5488 -0.0000  0.7961  0.0011  0.0000 -0.0000  0.0000  0.0000 -0.0000 -0.0000  0.0000 -0.0000  0.0000  0.0000 -0.0000  0.0000  0.0000  0.0000 -0.1448  0.0000 -0.2100 -0.0003
   11   7.2438 THz   0.9956  0.0000  0.0000  0.0000  0.0000  0.0000 -0.0000  0.0000  0.0000  0.0000  0.0000  0.0000 -0.0000  0.0000  0.0000  0.0000  0.0000  0.0000  0.0932  0.0000  0.0000  0.0000  0.0000  0.0000


 Q=  0.000000 -0.134157 -0.134157, q=  0.000000 -0.500000 -0.500000

                       Al X   0        Al Y   0        Al Z   0        Ni X   1        Ni Y   1        Ni Z   1        Ni X   2        Ni Y   2        Ni Z   2        Ni X   3        Ni Y   3        Ni Z   3     
                    --------------- --------------- --------------- --------------- --------------- --------------- --------------- --------------- --------------- --------------- --------------- ---------------
    0   3.4724 THz   0.0000  0.0000  0.0000 -0.0000  0.0000  0.0000  0.0000 -0.0000 -0.0000 -0.7071  0.0000 -0.0000 -0.0000 -0.0000  0.0000  0.0000  0.0000  0.7071  0.0000  0.0000 -0.0000 -0.0000 -0.0000  0.0000
    1   3.9361 THz   0.0000  0.0000 -0.0000  0.0000  0.0000  0.0000 -0.6756  0.2086 -0.0000 -0.0000  0.0000 -0.0000 -0.6756  0.2086 -0.0000  0.0000  0.0000  0.0000  0.0000  0.0000 -0.0000 -0.0000  0.0000 -0.0000
    2   3.9361 THz   0.0000  0.0000  0.0000  0.0000 -0.0000 -0.0000  0.6995  0.1034 -0.0000  0.0000  0.0000 -0.0000 -0.6995 -0.1034 -0.0000  0.0000  0.0000 -0.0000 -0.0000  0.0000  0.0000  0.0000 -0.0000  0.0000
    3   4.0234 THz   0.0000  0.0000  0.2052 -0.2738  0.0561  0.0321 -0.0000  0.0000  0.0000  0.0000  0.0000 -0.0000  0.0000 -0.0000 -0.0000  0.0000  0.0000 -0.0000  0.0000  0.0000 -0.1510 -0.0864 -0.5523  0.7372
    4   4.0234 THz   0.0000  0.0000  0.0240 -0.0600 -0.3309 -0.0869 -0.0000  0.0000  0.0000 -0.0000 -0.0000  0.0000  0.0000 -0.0000  0.0000 -0.0000 -0.0000  0.0000  0.0000  0.0000  0.8909  0.2339 -0.0646  0.1615
    5   4.2948 THz   0.0000  0.0000  0.0000  0.0000  0.0000 -0.0000  0.0000  0.0000 -0.0000  0.0000 -0.6783  0.1998 -0.0000 -0.0000  0.6783 -0.1998 -0.0000  0.0000  0.0000  0.0000 -0.0000 -0.0000 -0.0000 -0.0000
    6   4.6825 THz   0.0000  0.0000  0.0000 -0.0000 -0.0000 -0.0000  0.0000  0.0000  0.0000 -0.0000 -0.0000  0.0000 -0.0000 -0.0000 -0.0000  0.0000 -0.0000  0.0000  1.0000 -0.0000 -0.0000  0.0000  0.0000 -0.0000
    7   5.1916 THz   0.0000  0.0000 -0.0000  0.0000  0.0000 -0.0000  0.0000 -0.0000 -0.0000 -0.0000  0.7032 -0.0740 -0.0000  0.0000  0.7032 -0.0740  0.0000 -0.0000  0.0000  0.0000  0.0000 -0.0000  0.0000  0.0000
    8   5.2342 THz   0.0000  0.0000  0.0000 -0.0000  0.0000  0.0000 -0.0000  0.0000 -0.0000  0.7071  0.0000 -0.0000 -0.0000  0.0000  0.0000 -0.0000 -0.0000  0.7071  0.0000 -0.0000  0.0000  0.0000  0.0000  0.0000
    9   7.0598 THz   1.0000  0.0000  0.0000  0.0000  0.0000  0.0000  0.0000  0.0000  0.0000  0.0000  0.0000  0.0000  0.0000  0.0000  0.0000  0.0000  0.0000  0.0000  0.0000  0.0000  0.0000  0.0000  0.0000  0.0000
   10   7.0924 THz   0.0000  0.0000 -0.1465  0.0397  0.9250  0.0020 -0.0000  0.0000 -0.0000 -0.0000 -0.0000  0.0000  0.0000 -0.0000 -0.0000 -0.0000 -0.0000 -0.0000  0.0000 -0.0000  0.3436  0.0007 -0.0544  0.0148
   11   7.0924 THz   0.0000  0.0000 -0.9250 -0.0102 -0.1460 -0.0417  0.0000  0.0000 -0.0000  0.0000 -0.0000 -0.0000 -0.0000  0.0000 -0.0000  0.0000 -0.0000  0.0000 -0.0000  0.0000 -0.0542 -0.0155 -0.3436 -0.0038


 Q=  0.000000 -0.134157  0.000000, q=  0.000000 -0.500000  0.000000

                       Al X   0        Al Y   0        Al Z   0        Ni X   1        Ni Y   1        Ni Z   1        Ni X   2        Ni Y   2        Ni Z   2        Ni X   3        Ni Y   3        Ni Z   3     
                    --------------- --------------- --------------- --------------- --------------- --------------- --------------- --------------- --------------- --------------- --------------- ---------------
    0   3.4772 THz   0.0000  0.0000  0.0000  0.0000 -0.0000  0.0000  0.0080 -0.0006 -0.0000 -0.0000 -0.3198  0.5114 -0.0000  0.0000  0.0000 -0.0000 -0.0000  0.0000  0.0061 -0.0005 -0.0000 -0.0000 -0.4229  0.6762
    1   3.4772 THz   0.0000  0.0000  0.0000  0.0000 -0.0000 -0.0000  0.7951 -0.0623  0.0000  0.0000  0.0032 -0.0052 -0.0000  0.0000 -0.0000 -0.0000 -0.0000 -0.0000  0.6013 -0.0471 -0.0000 -0.0000  0.0043 -0.0068
    2   4.0208 THz  -0.2551  0.0000  0.0000  0.0000  0.0000  0.0000 -0.0000 -0.0000  0.0000  0.0000  0.0000  0.0000 -0.9669  0.0000  0.0000  0.0000  0.0000  0.0000 -0.0000 -0.0000  0.0000  0.0000  0.0000  0.0000
    3   4.0208 THz   0.0000  0.0000  0.0000 -0.0000 -0.2550  0.0060 -0.0000 -0.0000  0.0000 -0.0000  0.0000  0.0000 -0.0000 -0.0000 -0.0000  0.0000 -0.9667  0.0229 -0.0000  0.0000  0.0000  0.0000  0.0000 -0.0000
    4   4.3452 THz   0.0000  0.0000 -0.0000  0.0000 -0.0000 -0.0000 -0.0000  0.0000  0.0000 -0.7071  0.0000 -0.0000 -0.0000 -0.0000  0.0000 -0.0000  0.0000 -0.0000  0.0000  0.0000 -0.0000  0.7071  0.0000 -0.0000
    5   4.3678 THz   0.0000  0.0000  0.0000  0.0000  0.0000 -0.0000  0.0000  0.0000 -0.0000 -0.7071  0.0000  0.0000 -0.0000  0.0000 -0.0000 -0.0000 -0.0000 -0.0000  0.0000  0.0000 -0.0000 -0.7071  0.0000 -0.0000
    6   4.9672 THz   0.0000  0.0000 -0.0932  0.0000  0.0000 -0.0000  0.0000 -0.0000 -0.0000  0.0000 -0.0000  0.0000  0.0000  0.0000  0.9956  0.0000 -0.0000  0.0000 -0.0000  0.0000 -0.0000 -0.0000  0.0000 -0.0000
    7   5.2467 THz   0.0000  0.0000  0.0000 -0.0000  0.0000 -0.0000  0.0289 -0.0097 -0.0000 -0.0000  0.6212 -0.4986 -0.0000  0.0000 -0.0000  0.0000 -0.0000 -0.0000 -0.0382  0.0128 -0.0000 -0.0000 -0.4698  0.3771
    8   5.2467 THz   0.0000  0.0000  0.0000 -0.0000 -0.0000 -0.0000  0.5711 -0.1919 -0.0000 -0.0000 -0.0314  0.0252 -0.0000  0.0000 -0.0000  0.0000  0.0000  0.0000 -0.7551  0.2537  0.0000  0.0000  0.0238 -0.0191
    9   6.8607 THz   0.9669  0.0000  0.0000  0.0000  0.0000  0.0000 -0.0000 -0.0000  0.0000  0.0000  0.0000  0.0000 -0.2551  0.0000  0.0000  0.0000  0.0000  0.0000 -0.0000 -0.0000  0.0000  0.0000  0.0000  0.0000
   10   6.8607 THz   0.0000  0.0000 -0.0000 -0.0000  0.9669  0.0029  0.0000 -0.0000  0.0000 -0.0000  0.0000  0.0000 -0.0000  0.0000 -0.0000 -0.0000 -0.2551 -0.0008 -0.0000  0.0000  0.0000  0.0000 -0.0000 -0.0000
   11   7.2438 THz   0.0000  0.0000  0.9956 -0.0000  0.0000  0.0000 -0.0000  0.0000 -0.0000 -0.0000 -0.0000  0.0000 -0.0000  0.0000  0.0932  0.0000 -0.0000 -0.0000  0.0000  0.0000 -0.0000  0.0000  0.0000 -0.0000


 Q=  0.000000  0.000000 -0.134157, q=  0.000000  0.000000 -0.500000

                       Al X   0        Al Y   0        Al Z   0        Ni X   1        Ni Y   1        Ni Z   1        Ni X   2        Ni Y   2        Ni Z   2        Ni X   3        Ni Y   3        Ni Z   3     
                    --------------- --------------- --------------- --------------- --------------- --------------- --------------- --------------- --------------- --------------- --------------- ---------------
    0   3.4772 THz   0.0000  0.0000  0.0000 -0.0000 -0.0000 -0.0000  0.0000 -0.0000  0.0000 -0.0000  0.0000  0.0000  0.0039 -0.0005  0.6017 -0.0420  0.0000  0.0000  0.0030 -0.0003  0.7956 -0.0556  0.0000  0.0000
    1   3.4772 THz   0.0000  0.0000  0.0000  0.0000  0.0000  0.0000  0.0000 -0.0000  0.0000  0.0000  0.0000  0.0000  0.7923 -0.0918 -0.0030  0.0002 -0.0000 -0.0000  0.5992 -0.0694 -0.0039  0.0003  0.0000  0.0000
    2   4.0208 THz  -0.2109  0.0000 -0.1434 -0.0000 -0.0000  0.0000 -0.7996  0.0000 -0.5437  0.0000  0.0000  0.0000  0.0000 -0.0000  0.0000  0.0000 -0.0000 -0.0000  0.0000 -0.0000  0.0000  0.0000  0.0000  0.0000
    3   4.0208 THz  -0.1434  0.0000  0.2109  0.0000  0.0000 -0.0000 -0.5437  0.0000  0.7996 -0.0000 -0.0000 -0.0000 -0.0000  0.0000 -0.0000 -0.0000  0.0000  0.0000 -0.0000  0.0000 -0.0000 -0.0000 -0.0000 -0.0000
    4   4.3452 THz   0.0000  0.0000  0.0000  0.0000 -0.0000 -0.0000  0.0000 -0.0000  0.0000  0.0000  0.0000 -0.0000 -0.0000 -0.0000 -0.0000  0.0000  0.0000 -0.7071 -0.0000  0.0000  0.0000 -0.0000  0.0000  0.7071
    5   4.3678 THz   0.0000  0.0000  0.0000  0.0000 -0.0000 -0.0000  0.0000  0.0000  0.0000  0.0000  0.0000  0.0000 -0.0000 -0.0000  0.0000 -0.0000 -0.0000  0.7071 -0.0000  0.0000 -0.0000  0.0000 -0.0000  0.7071
    6   4.9672 THz   0.0000  0.0000 -0.0000  0.0000  0.0932 -0.0008  0.0000 -0.0000 -0.0000  0.0000 -0.9956  0.0081  0.0000 -0.0000  0.0000 -0.0000  0.0000 -0.0000 -0.0000  0.0000 -0.0000  0.0000 -0.0000  0.0000
    7   5.2467 THz   0.0000  0.0000  0.0000  0.0000  0.0000 -0.0000  0.0000 -0.0000  0.0000  0.0000  0.0000 -0.0000  0.5806 -0.1635 -0.0111  0.0031  0.0000  0.0000 -0.7676  0.2162  0.0084 -0.0023  0.0000 -0.0000
    8   5.2467 THz  -0.0000  0.0000  0.0000 -0.0000  0.0000  0.0000 -0.0000  0.0000  0.0000 -0.0000 -0.0000 -0.0000 -0.0084  0.0024 -0.7679  0.2152  0.0000  0.0000  0.0111 -0.0031  0.5808 -0.1628  0.0000  0.0000
    9   6.8607 THz  -0.0000  0.0000  0.9669  0.0000 -0.0000 -0.0000 -0.0000  0.0000 -0.2551  0.0000 -0.0000 -0.0000  0.0000  0.0000  0.0000 -0.0000 -0.0000  0.0000  0.0000 -0.0000 -0.0000  0.0000  0.0000 -0.0000
   10   6.8607 THz   0.9669  0.0000  0.0000  0.0000 -0.0000 -0.0000 -0.2551  0.0000 -0.0000  0.0000 -0.0000 -0.0000 -0.0000  0.0000  0.0000  0.0000  0.0000  0.0000  0.0000 -0.0000 -0.0000 -0.0000 -0.0000 -0.0000
   11   7.2438 THz  -0.0000  0.0000 -0.0000  0.0000 -0.9956 -0.0013 -0.0000 -0.0000  0.0000  0.0000 -0.0932 -0.0001  0.0000 -0.0000 -0.0000 -0.0000  0.0000  0.0000  0.0000  0.0000  0.0000  0.0000 -0.0000 -0.0000


 Q=  0.000000  0.000000  0.000000, q=  0.000000  0.000000  0.000000

                       Al X   0        Al Y   0        Al Z   0        Ni X   1        Ni Y   1        Ni Z   1        Ni X   2        Ni Y   2        Ni Z   2        Ni X   3        Ni Y   3        Ni Z   3     
                    --------------- --------------- --------------- --------------- --------------- --------------- --------------- --------------- --------------- --------------- --------------- ---------------
    0   0.0000 THz   0.0000  0.0000 -0.0207  0.0000  0.3639  0.0000 -0.0000  0.0000 -0.0305  0.0000  0.5368  0.0000  0.0000  0.0000 -0.0305  0.0000  0.5368  0.0000 -0.0000  0.0000 -0.0305  0.0000  0.5368  0.0000
    1   0.0000 THz   0.3645  0.0000 -0.0000  0.0000  0.0000  0.0000  0.5376  0.0000  0.0000  0.0000  0.0000  0.0000  0.5376  0.0000  0.0000  0.0000  0.0000  0.0000  0.5376  0.0000  0.0000  0.0000  0.0000  0.0000
    2   0.0000 THz   0.0000  0.0000  0.3639  0.0000  0.0207  0.0000  0.0000  0.0000  0.5368  0.0000  0.0305  0.0000  0.0000  0.0000  0.5368  0.0000  0.0305  0.0000  0.0000  0.0000  0.5368  0.0000  0.0305  0.0000
    3   4.4719 THz   0.0000  0.0000 -0.0000  0.0000 -0.0000  0.0000  0.5695  0.0000 -0.4159  0.0000  0.0000  0.0000 -0.5695  0.0000  0.0000  0.0000  0.0524  0.0000 -0.0000  0.0000  0.4159  0.0000 -0.0524  0.0000
    4   4.4719 THz   0.0000  0.0000 -0.0000  0.0000 -0.0000  0.0000 -0.0087  0.0000  0.0766  0.0000 -0.0000  0.0000  0.0087  0.0000  0.0000  0.0000  0.7029  0.0000  0.0000  0.0000 -0.0766  0.0000 -0.7029  0.0000
    5   4.4719 THz   0.0000  0.0000 -0.0000  0.0000 -0.0000  0.0000  0.4191  0.0000  0.5667  0.0000  0.0000  0.0000 -0.4191  0.0000  0.0000  0.0000 -0.0565  0.0000 -0.0000  0.0000 -0.5667  0.0000  0.0565  0.0000
    6   5.2478 THz  -0.3899  0.0000 -0.0000  0.0000  0.0000  0.0000 -0.2826  0.0000  0.0000  0.0000  0.0000  0.0000 -0.2826  0.0000  0.0000  0.0000  0.0000  0.0000  0.8296  0.0000  0.0000  0.0000  0.0000  0.0000
    7   5.2478 THz   0.0000  0.0000 -0.2711  0.0000  0.2802  0.0000  0.0000  0.0000 -0.1965  0.0000 -0.5962  0.0000 -0.0000  0.0000  0.5768  0.0000  0.2031  0.0000 -0.0000  0.0000 -0.1965  0.0000  0.2031  0.0000
    8   5.2478 THz   0.0000  0.0000 -0.2802  0.0000 -0.2711  0.0000 -0.0000  0.0000 -0.2031  0.0000  0.5768  0.0000  0.0000  0.0000  0.5962  0.0000 -0.1965  0.0000 -0.0000  0.0000 -0.2031  0.0000 -0.1965  0.0000
    9   6.9090 THz   0.8456  0.0000 -0.0000  0.0000  0.0000  0.0000 -0.3621  0.0000  0.0000  0.0000  0.0000  0.0000 -0.3621  0.0000  0.0000  0.0000  0.0000  0.0000  0.1508  0.0000  0.0000  0.0000  0.0000  0.0000
   10   6.9090 THz   0.0000  0.0000  0.4350  0.0000 -0.7251  0.0000 -0.0000  0.0000 -0.1863  0.0000 -0.1293  0.0000  0.0000  0.0000  0.0776  0.0000  0.3105  0.0000  0.0000  0.0000 -0.1863  0.0000  0.3105  0.0000
   11   6.9090 THz   0.0000  0.0000  0.7251  0.0000  0.4350  0.0000  0.0000  0.0000 -0.3105  0.0000  0.0776  0.0000  0.0000  0.0000  0.1293  0.0000 -0.1863  0.0000  0.0000  0.0000 -0.3105  0.0000 -0.1863  0.0000
