
Used Primitive lattice vector

    0.000000000000      2.074225000000      2.074225000000  
    2.074225000000      0.000000000000      2.074225000000  
    2.074225000000      2.074225000000      0.000000000000  

   1 Atom(s) in the Primitive cell

 -0.0000010000 0.0000010000 0.0000010000 Al    0


 Q=  0.000000  0.000000 -0.241054, q= -0.500000 -0.500000  0.000000

                       Al X   0        Al Y   0        Al Z   0     
                    --------------- --------------- ---------------
    0   4.5849 THz   1.0000  0.0000  0.0000  0.0000  0.0000  0.0000
    1   4.5849 THz   0.0000  0.0000 -1.0000 -0.0000 -0.0000 -0.0000
    2   7.9538 THz   0.0000  0.0000 -0.0000  0.0000  1.0000  0.0000


 Q=  0.000000 -0.241054  0.000000, q= -0.500000  0.000000 -0.500000

                       Al X   0        Al Y   0        Al Z   0     
                    --------------- --------------- ---------------
    0   4.5849 THz   0.0000  0.0000 -0.0000  0.0000 -1.0000 -0.0000
    1   4.5849 THz   1.0000  0.0000  0.0000  0.0000  0.0000  0.0000
    2   7.9538 THz   0.0000  0.0000  1.0000 -0.0000 -0.0000  0.0000


 Q= -0.241054  0.000000  0.000000, q=  0.000000 -0.500000 -0.500000

                       Al X   0        Al Y   0        Al Z   0     
                    --------------- --------------- ---------------
    0   4.5849 THz   0.0000  0.0000  0.7944  0.0000 -0.6074 -0.0000
    1   4.5849 THz   0.0000  0.0000 -0.6074  0.0000 -0.7944 -0.0000
    2   7.9538 THz   1.0000  0.0000  0.0000  0.0000  0.0000  0.0000


 Q=  0.000000  0.000000  0.000000, q=  0.000000  0.000000  0.000000

                       Al X   0        Al Y   0        Al Z   0     
                    --------------- --------------- ---------------
    0   0.0000 THz   0.8466  0.0000  0.5314  0.0000 -0.0294  0.0000
    1   0.0000 THz   0.5322  0.0000 -0.8459  0.0000  0.0360  0.0000
    2  -0.0000 THz  -0.0057  0.0000 -0.0461  0.0000 -0.9989  0.0000
