
Used Primitive lattice vector

    2.736295000000      0.000000000000      0.000000000000  
    0.000000000000      2.736295000000      0.000000000000  
    0.000000000000      0.000000000000      2.736295000000  

   2 Atom(s) in the Primitive cell

 0.0000000000 0.0000000000 0.0000000000 Al    0
 0.5000000000 0.5000000000 0.5000000000 Ni    1


 Q= -0.182729 -0.182729 -0.182729, q= -0.500000 -0.500000 -0.500000

                       Al X   0        Al Y   0        Al Z   0        Ni X   1        Ni Y   1        Ni Z   1     
                    --------------- --------------- --------------- --------------- --------------- ---------------
    0   7.3361 THz   0.0000  0.0000 -0.0000 -0.0000 -0.0000 -0.0000 -0.4656  0.4657 -0.6541  0.0915 -0.3607 -0.0033
    1   7.3361 THz   0.0000  0.0000  0.0000 -0.0000 -0.0000 -0.0000 -0.6226  0.3664  0.4324  0.1260  0.5246 -0.0025
    2   7.3361 THz   0.0000  0.0000  0.0000  0.0000  0.0000  0.0000 -0.2092  0.0259  0.5991  0.0458 -0.7711 -0.0055
    3  13.0558 THz  -0.0000 -0.0000  1.0000 -0.0000  0.0000 -0.0000  0.0000 -0.0000  0.0000 -0.0000  0.0000  0.0000
    4  13.0558 THz   1.0000  0.0000  0.0000  0.0000  0.0000  0.0000  0.0000  0.0000  0.0000  0.0000  0.0000  0.0000
    5  13.0558 THz  -0.0000 -0.0000  0.0000  0.0000 -0.9999 -0.0120  0.0000 -0.0000 -0.0000 -0.0000  0.0000  0.0000


 Q= -0.182729 -0.182729  0.000000, q= -0.500000 -0.500000  0.000000

                       Al X   0        Al Y   0        Al Z   0        Ni X   1        Ni Y   1        Ni Z   1     
                    --------------- --------------- --------------- --------------- --------------- ---------------
    0   4.9984 THz  -0.4365  0.0000  0.0000  0.0000  0.0000  0.0000 -0.0000  0.0000  0.8997  0.0000 -0.0000  0.0000
    1   4.9984 THz   0.0000  0.0000  0.4365  0.0000  0.0000  0.0000 -0.8997 -0.0000 -0.0000 -0.0000  0.0000 -0.0000
    2   7.4962 THz   0.0000  0.0000 -0.0000 -0.0000 -0.0000 -0.0000 -0.0000 -0.0000 -0.0000  0.0000 -1.0000  0.0000
    3  10.0164 THz   0.0000  0.0000 -0.0000 -0.0000 -1.0000 -0.0000 -0.0000 -0.0000 -0.0000 -0.0000  0.0000 -0.0000
    4  14.1150 THz   0.8997  0.0000  0.0000  0.0000  0.0000  0.0000 -0.0000  0.0000  0.4365  0.0000 -0.0000  0.0000
    5  14.1150 THz   0.0000  0.0000  0.8997 -0.0000 -0.0000 -0.0000  0.4365 -0.0000  0.0000  0.0000 -0.0000  0.0000


 Q= -0.182729  0.000000 -0.182729, q= -0.500000  0.000000 -0.500000

                       Al X   0        Al Y   0        Al Z   0        Ni X   1        Ni Y   1        Ni Z   1     
                    --------------- --------------- --------------- --------------- --------------- ---------------
    0   4.9984 THz   0.4365  0.0000  0.0000  0.0000  0.0000  0.0000  0.0000  0.0000 -0.0000  0.0000 -0.8997 -0.0000
    1   4.9984 THz   0.0000  0.0000 -0.0000  0.0000 -0.4365  0.0000  0.8997 -0.0000  0.0000 -0.0000 -0.0000 -0.0000
    2   7.4962 THz   0.0000  0.0000  0.0000  0.0000 -0.0000 -0.0000  0.0000  0.0000 -1.0000  0.0000  0.0000 -0.0000
    3  10.0164 THz   0.0000  0.0000 -1.0000 -0.0000 -0.0000  0.0000 -0.0000  0.0000  0.0000  0.0000  0.0000  0.0000
    4  14.1150 THz   0.0000  0.0000 -0.0000  0.0000  0.8997 -0.0000  0.4365 -0.0000 -0.0000  0.0000  0.0000 -0.0000
    5  14.1150 THz   0.8997  0.0000  0.0000  0.0000  0.0000  0.0000  0.0000 -0.0000  0.0000 -0.0000  0.4365  0.0000


 Q= -0.182729  0.000000  0.000000, q= -0.500000  0.000000  0.000000

                       Al X   0        Al Y   0        Al Z   0        Ni X   1        Ni Y   1        Ni Z   1     
                    --------------- --------------- --------------- --------------- --------------- ---------------
    0   6.8593 THz   0.0000  0.0000  0.0000 -0.0000  0.0000 -0.0000 -0.0000 -0.0000  0.0189 -0.7437 -0.0189 -0.6680
    1   6.8593 THz   0.0000  0.0000 -0.0000 -0.0000  0.0000  0.0000  0.0000 -0.0000  0.3157 -0.5890 -0.3157  0.6736
    2   8.2766 THz   0.0000  0.0000  0.0000 -0.0000 -0.0000  0.0000 -0.8090 -0.5878  0.0000  0.0000  0.0000  0.0000
    3  10.2907 THz   0.0000  0.0000 -0.6459  0.0000 -0.7517  0.1333 -0.0000 -0.0000  0.0000 -0.0000  0.0000 -0.0000
    4  10.2907 THz   0.0000  0.0000  0.7634 -0.0000 -0.6360  0.1127  0.0000  0.0000  0.0000 -0.0000  0.0000  0.0000
    5  13.4975 THz   1.0000  0.0000  0.0000  0.0000  0.0000  0.0000  0.0000  0.0000  0.0000  0.0000  0.0000  0.0000


 Q= -0.091364 -0.091364 -0.091364, q= -0.250000 -0.250000 -0.250000

                       Al X   0        Al Y   0        Al Z   0        Ni X   1        Ni Y   1        Ni Z   1     
                    --------------- --------------- --------------- --------------- --------------- ---------------
    0   4.8834 THz   0.0000  0.0000 -0.2651 -0.0000  0.2651  0.0000 -0.0000  0.0000 -0.6555 -0.0000  0.6555  0.0000
    1   4.8834 THz  -0.3061  0.0000  0.1530  0.0000  0.1530 -0.0000 -0.7570 -0.0000  0.3785  0.0000  0.3785 -0.0000
    2   6.7695 THz   0.1823  0.0000  0.1823  0.0000  0.1823 -0.0000 -0.5478  0.0000 -0.5478  0.0000 -0.5478 -0.0000
    3  12.3253 THz   0.0000  0.0000  0.6555  0.0000 -0.6555 -0.0000 -0.0000 -0.0000 -0.2651 -0.0000  0.2651  0.0000
    4  12.3253 THz  -0.7570  0.0000  0.3785 -0.0000  0.3785  0.0000  0.3061  0.0000 -0.1530  0.0000 -0.1530 -0.0000
    5  12.4090 THz   0.5478  0.0000  0.5478 -0.0000  0.5478  0.0000  0.1823  0.0000  0.1823  0.0000  0.1823 -0.0000


 Q= -0.091364 -0.091364  0.091364, q= -0.250000 -0.250000  0.250000

                       Al X   0        Al Y   0        Al Z   0        Ni X   1        Ni Y   1        Ni Z   1     
                    --------------- --------------- --------------- --------------- --------------- ---------------
    0   4.8834 THz   0.0000  0.0000 -0.2651 -0.0000 -0.2651 -0.0000  0.0000  0.0000 -0.6555 -0.0000 -0.6555 -0.0000
    1   4.8834 THz  -0.3061  0.0000  0.1530 -0.0000 -0.1530  0.0000 -0.7570  0.0000  0.3785 -0.0000 -0.3785  0.0000
    2   6.7695 THz  -0.1823  0.0000 -0.1823  0.0000  0.1823 -0.0000  0.5478  0.0000  0.5478  0.0000 -0.5478 -0.0000
    3  12.3253 THz   0.0000  0.0000  0.6555  0.0000  0.6555  0.0000 -0.0000 -0.0000 -0.2651 -0.0000 -0.2651 -0.0000
    4  12.3253 THz  -0.7570  0.0000  0.3785 -0.0000 -0.3785 -0.0000  0.3061 -0.0000 -0.1530  0.0000  0.1530 -0.0000
    5  12.4090 THz   0.5478  0.0000  0.5478 -0.0000 -0.5478 -0.0000  0.1823  0.0000  0.1823  0.0000 -0.1823 -0.0000


 Q= -0.091364  0.091364 -0.091364, q= -0.250000  0.250000 -0.250000

                       Al X   0        Al Y   0        Al Z   0        Ni X   1        Ni Y   1        Ni Z   1     
                    --------------- --------------- --------------- --------------- --------------- ---------------
    0   4.8834 THz   0.2956  0.0000  0.0789 -0.0000 -0.2167 -0.0000  0.7309  0.0000  0.1951 -0.0000 -0.5358 -0.0000
    1   4.8834 THz  -0.0796  0.0000 -0.2957 -0.0000 -0.2162 -0.0000 -0.1967 -0.0000 -0.7314 -0.0000 -0.5346 -0.0000
    2   6.7695 THz  -0.1823  0.0000  0.1823 -0.0000 -0.1823  0.0000  0.5478 -0.0000 -0.5478  0.0000  0.5478 -0.0000
    3  12.3253 THz   0.6096  0.0000 -0.0839 -0.0000 -0.6934 -0.0000 -0.2465 -0.0000  0.0339  0.0000  0.2804  0.0000
    4  12.3253 THz  -0.4488 -0.0000 -0.7523 -0.0000 -0.3035 -0.0000  0.1815  0.0000  0.3042  0.0000  0.1227  0.0000
    5  12.4090 THz  -0.5478  0.0000  0.5478  0.0000 -0.5478 -0.0000 -0.1823 -0.0000  0.1823  0.0000 -0.1823 -0.0000


 Q= -0.091364  0.091364  0.091364, q= -0.250000  0.250000  0.250000

                       Al X   0        Al Y   0        Al Z   0        Ni X   1        Ni Y   1        Ni Z   1     
                    --------------- --------------- --------------- --------------- --------------- ---------------
    0   4.8834 THz  -0.1185  0.0000  0.1852  0.0000 -0.3037 -0.0000 -0.2930 -0.0000  0.4579  0.0000 -0.7509 -0.0000
    1   4.8834 THz   0.2822  0.0000  0.2437  0.0000  0.0385 -0.0000  0.6979  0.0000  0.6027  0.0000  0.0952 -0.0000
    2   6.7695 THz   0.1823  0.0000 -0.1823  0.0000 -0.1823 -0.0000 -0.5478  0.0000  0.5478 -0.0000  0.5478 -0.0000
    3  12.3253 THz   0.7570  0.0000  0.3785  0.0000  0.3785 -0.0000 -0.3061 -0.0000 -0.1530 -0.0000 -0.1530  0.0000
    4  12.3253 THz  -0.0000  0.0000 -0.6555 -0.0000  0.6555  0.0000 -0.0000  0.0000  0.2651  0.0000 -0.2651 -0.0000
    5  12.4090 THz  -0.5478  0.0000  0.5478  0.0000  0.5478 -0.0000 -0.1823 -0.0000  0.1823 -0.0000  0.1823  0.0000


 Q=  0.000000 -0.182729 -0.182729, q=  0.000000 -0.500000 -0.500000

                       Al X   0        Al Y   0        Al Z   0        Ni X   1        Ni Y   1        Ni Z   1     
                    --------------- --------------- --------------- --------------- --------------- ---------------
    0   4.9984 THz   0.0000  0.0000 -0.3095  0.0000 -0.3077  0.0000  0.0000 -0.0000  0.6343 -0.0000  0.6381 -0.0000
    1   4.9984 THz   0.0000  0.0000  0.3077 -0.0000 -0.3095  0.0000 -0.0000  0.0000  0.6381 -0.0000 -0.6343  0.0000
    2   7.4962 THz   0.0000  0.0000  0.0000  0.0000  0.0000 -0.0000  1.0000 -0.0000 -0.0000  0.0000 -0.0000 -0.0000
    3  10.0164 THz   1.0000  0.0000  0.0000  0.0000  0.0000  0.0000  0.0000  0.0000  0.0000  0.0000  0.0000  0.0000
    4  14.1150 THz   0.0000  0.0000  0.1738  0.0000  0.8828 -0.0000 -0.0000  0.0000  0.4282 -0.0000  0.0843  0.0000
    5  14.1150 THz   0.0000  0.0000  0.8828  0.0000 -0.1738  0.0000 -0.0000 -0.0000 -0.0843  0.0000  0.4282  0.0000


 Q=  0.000000 -0.182729  0.000000, q=  0.000000 -0.500000  0.000000

                       Al X   0        Al Y   0        Al Z   0        Ni X   1        Ni Y   1        Ni Z   1     
                    --------------- --------------- --------------- --------------- --------------- ---------------
    0   6.8593 THz   0.0000  0.0000  0.0000  0.0000  0.0000  0.0000  1.0000 -0.0000  0.0000 -0.0000 -0.0000 -0.0030
    1   6.8593 THz   0.0000  0.0000 -0.0000  0.0000  0.0000  0.0000  0.0030  0.0000  0.0000  0.0000 -0.0000  1.0000
    2   8.2766 THz   0.0000  0.0000 -0.0000  0.0000  0.0000  0.0000 -0.0000 -0.0000  0.0000  1.0000 -0.0000 -0.0000
    3  10.2907 THz   0.0000  0.0000  0.0000 -0.0000 -1.0000 -0.0000  0.0000  0.0000  0.0000  0.0000 -0.0000  0.0000
    4  10.2907 THz   1.0000  0.0000  0.0000  0.0000  0.0000  0.0000  0.0000  0.0000  0.0000  0.0000  0.0000  0.0000
    5  13.4975 THz   0.0000  0.0000  1.0000 -0.0000 -0.0000 -0.0000  0.0000  0.0000 -0.0000  0.0000  0.0000  0.0000


 Q=  0.000000  0.000000 -0.182729, q=  0.000000  0.000000 -0.500000

                       Al X   0        Al Y   0        Al Z   0        Ni X   1        Ni Y   1        Ni Z   1     
                    --------------- --------------- --------------- --------------- --------------- ---------------
    0   6.8593 THz   0.0000  0.0000  0.0000 -0.0000 -0.0000 -0.0000 -0.9663 -0.2344 -0.1031 -0.0269  0.0000  0.0000
    1   6.8593 THz   0.0000  0.0000 -0.0000  0.0000 -0.0000 -0.0000  0.1042  0.0223 -0.9685 -0.2251  0.0000  0.0000
    2   8.2766 THz  -0.0000 -0.0000  0.0000  0.0000 -0.0000  0.0000  0.0000 -0.0000  0.0000  0.0000  0.0000  1.0000
    3  10.2907 THz   0.0000  0.0000 -1.0000  0.0000  0.0000 -0.0000  0.0000  0.0000  0.0000  0.0000  0.0000  0.0000
    4  10.2907 THz   1.0000  0.0000  0.0000  0.0000  0.0000  0.0000  0.0000  0.0000  0.0000  0.0000  0.0000  0.0000
    5  13.4975 THz   0.0000  0.0000  0.0000  0.0000  0.9910 -0.1341 -0.0000 -0.0000 -0.0000  0.0000 -0.0000  0.0000


 Q=  0.000000  0.000000  0.000000, q=  0.000000  0.000000  0.000000

                       Al X   0        Al Y   0        Al Z   0        Ni X   1        Ni Y   1        Ni Z   1     
                    --------------- --------------- --------------- --------------- --------------- ---------------
    0   0.0000 THz   0.0000  0.0000 -0.2510  0.0000 -0.5019  0.0000 -0.0000  0.0000 -0.3702  0.0000 -0.7403  0.0000
    1   0.0000 THz  -0.5612  0.0000  0.0000  0.0000  0.0000  0.0000 -0.8277  0.0000  0.0000  0.0000  0.0000  0.0000
    2   0.0000 THz   0.0000  0.0000 -0.5019  0.0000  0.2510  0.0000  0.0000  0.0000 -0.7403  0.0000  0.3702  0.0000
    3  11.8091 THz   0.0000  0.0000  0.7403  0.0000 -0.3702  0.0000  0.0000  0.0000 -0.5019  0.0000  0.2510  0.0000
    4  11.8091 THz   0.8277  0.0000  0.0000  0.0000  0.0000  0.0000 -0.5612  0.0000  0.0000  0.0000  0.0000  0.0000
    5  11.8091 THz   0.0000  0.0000 -0.3702  0.0000 -0.7403  0.0000  0.0000  0.0000  0.2510  0.0000  0.5019  0.0000


 Q=  0.091364 -0.091364 -0.091364, q=  0.250000 -0.250000 -0.250000

                       Al X   0        Al Y   0        Al Z   0        Ni X   1        Ni Y   1        Ni Z   1     
                    --------------- --------------- --------------- --------------- --------------- ---------------
    0   4.8834 THz  -0.1185  0.0000  0.1852 -0.0000 -0.3037  0.0000 -0.2930  0.0000  0.4579 -0.0000 -0.7509  0.0000
    1   4.8834 THz   0.2822  0.0000  0.2437 -0.0000  0.0385  0.0000  0.6979 -0.0000  0.6027 -0.0000  0.0952  0.0000
    2   6.7695 THz   0.1823  0.0000 -0.1823 -0.0000 -0.1823  0.0000 -0.5478 -0.0000  0.5478  0.0000  0.5478  0.0000
    3  12.3253 THz   0.7570  0.0000  0.3785 -0.0000  0.3785  0.0000 -0.3061  0.0000 -0.1530  0.0000 -0.1530 -0.0000
    4  12.3253 THz  -0.0000  0.0000 -0.6555  0.0000  0.6555 -0.0000 -0.0000 -0.0000  0.2651 -0.0000 -0.2651  0.0000
    5  12.4090 THz  -0.5478  0.0000  0.5478 -0.0000  0.5478  0.0000 -0.1823  0.0000  0.1823  0.0000  0.1823 -0.0000


 Q=  0.091364 -0.091364  0.091364, q=  0.250000 -0.250000  0.250000

                       Al X   0        Al Y   0        Al Z   0        Ni X   1        Ni Y   1        Ni Z   1     
                    --------------- --------------- --------------- --------------- --------------- ---------------
    0   4.8834 THz   0.2956  0.0000  0.0789  0.0000 -0.2167  0.0000  0.7309 -0.0000  0.1951  0.0000 -0.5358  0.0000
    1   4.8834 THz  -0.0796  0.0000 -0.2957  0.0000 -0.2162  0.0000 -0.1967  0.0000 -0.7314  0.0000 -0.5346  0.0000
    2   6.7695 THz  -0.1823  0.0000  0.1823  0.0000 -0.1823 -0.0000  0.5478  0.0000 -0.5478 -0.0000  0.5478  0.0000
    3  12.3253 THz   0.6096  0.0000 -0.0839  0.0000 -0.6934  0.0000 -0.2465  0.0000  0.0339 -0.0000  0.2804 -0.0000
    4  12.3253 THz  -0.4488 -0.0000 -0.7523  0.0000 -0.3035  0.0000  0.1815 -0.0000  0.3042 -0.0000  0.1227 -0.0000
    5  12.4090 THz  -0.5478  0.0000  0.5478 -0.0000 -0.5478  0.0000 -0.1823  0.0000  0.1823 -0.0000 -0.1823  0.0000


 Q=  0.091364  0.091364 -0.091364, q=  0.250000  0.250000 -0.250000

                       Al X   0        Al Y   0        Al Z   0        Ni X   1        Ni Y   1        Ni Z   1     
                    --------------- --------------- --------------- --------------- --------------- ---------------
    0   4.8834 THz   0.0000  0.0000 -0.2651  0.0000 -0.2651  0.0000  0.0000 -0.0000 -0.6555  0.0000 -0.6555  0.0000
    1   4.8834 THz  -0.3061  0.0000  0.1530  0.0000 -0.1530 -0.0000 -0.7570 -0.0000  0.3785  0.0000 -0.3785 -0.0000
    2   6.7695 THz  -0.1823  0.0000 -0.1823 -0.0000  0.1823  0.0000  0.5478 -0.0000  0.5478 -0.0000 -0.5478  0.0000
    3  12.3253 THz   0.0000  0.0000  0.6555 -0.0000  0.6555 -0.0000 -0.0000  0.0000 -0.2651  0.0000 -0.2651  0.0000
    4  12.3253 THz  -0.7570  0.0000  0.3785  0.0000 -0.3785  0.0000  0.3061  0.0000 -0.1530 -0.0000  0.1530  0.0000
    5  12.4090 THz   0.5478  0.0000  0.5478  0.0000 -0.5478  0.0000  0.1823 -0.0000  0.1823 -0.0000 -0.1823  0.0000


 Q=  0.091364  0.091364  0.091364, q=  0.250000  0.250000  0.250000

                       Al X   0        Al Y   0        Al Z   0        Ni X   1        Ni Y   1        Ni Z   1     
                    --------------- --------------- --------------- --------------- --------------- ---------------
    0   4.8834 THz   0.0000  0.0000 -0.2651  0.0000  0.2651 -0.0000 -0.0000 -0.0000 -0.6555  0.0000  0.6555 -0.0000
    1   4.8834 THz  -0.3061  0.0000  0.1530 -0.0000  0.1530  0.0000 -0.7570  0.0000  0.3785 -0.0000  0.3785  0.0000
    2   6.7695 THz   0.1823  0.0000  0.1823 -0.0000  0.1823  0.0000 -0.5478 -0.0000 -0.5478 -0.0000 -0.5478  0.0000
    3  12.3253 THz   0.0000  0.0000  0.6555 -0.0000 -0.6555  0.0000 -0.0000  0.0000 -0.2651  0.0000  0.2651 -0.0000
    4  12.3253 THz  -0.7570  0.0000  0.3785  0.0000  0.3785 -0.0000  0.3061 -0.0000 -0.1530 -0.0000 -0.1530  0.0000
    5  12.4090 THz   0.5478  0.0000  0.5478  0.0000  0.5478 -0.0000  0.1823 -0.0000  0.1823 -0.0000  0.1823  0.0000
