
Used Primitive lattice vector

    0.000000000000      1.863228000000      1.863228000000  
    1.863228000000      0.000000000000      1.863228000000  
    1.863228000000      1.863228000000      0.000000000000  

   1 Atom(s) in the Primitive cell

 -0.0000010000 0.0000010000 0.0000010000 Ni    0


 Q=  0.000000  0.000000 -0.268351, q= -0.500000 -0.500000  0.000000

                       Ni X   0        Ni Y   0        Ni Z   0     
                    --------------- --------------- ---------------
    0   4.2970 THz   0.0000  0.0000 -1.0000  0.0000  0.0000 -0.0000
    1   4.2970 THz   1.0000  0.0000  0.0000  0.0000  0.0000  0.0000
    2   4.3823 THz   0.0000  0.0000  0.0000  0.0000  1.0000 -0.0000


 Q=  0.000000 -0.268351  0.000000, q= -0.500000  0.000000 -0.500000

                       Ni X   0        Ni Y   0        Ni Z   0     
                    --------------- --------------- ---------------
    0   4.2970 THz   1.0000  0.0000  0.0000  0.0000  0.0000  0.0000
    1   4.2970 THz   0.0000  0.0000 -0.0000  0.0000 -1.0000 -0.0000
    2   4.3823 THz   0.0000  0.0000 -1.0000 -0.0000  0.0000  0.0000


 Q= -0.268351  0.000000  0.000000, q=  0.000000 -0.500000 -0.500000

                       Ni X   0        Ni Y   0        Ni Z   0     
                    --------------- --------------- ---------------
    0   4.2970 THz   0.0000  0.0000 -0.9657  0.0000 -0.2598  0.0000
    1   4.2970 THz   0.0000  0.0000 -0.2598  0.0000  0.9657  0.0000
    2   4.3823 THz   1.0000  0.0000  0.0000  0.0000  0.0000  0.0000


 Q=  0.000000  0.000000  0.000000, q=  0.000000  0.000000  0.000000

                       Ni X   0        Ni Y   0        Ni Z   0     
                    --------------- --------------- ---------------
    0  -0.0000 THz   0.0381  0.0000 -0.4435  0.0000 -0.8955  0.0000
    1  -0.0000 THz  -0.2924  0.0000 -0.8619  0.0000  0.4144  0.0000
    2  -0.0000 THz   0.9555  0.0000 -0.2460  0.0000  0.1625  0.0000
