
Used Primitive lattice vector

    2.911395835300      0.000000000000      0.000000000000  
    0.000000000000      2.911395835300      0.000000000000  
    0.000000000000      0.000000000000      2.911395835300  

   2 Atom(s) in the Primitive cell

 0.0000000000 0.0000000000 0.0000000000 Al    0
 0.5000000000 0.5000000000 0.5000000000 Ni    1


 Q= -0.171739 -0.171739 -0.171739, q= -0.500000 -0.500000 -0.500000

                       Al X   0        Al Y   0        Al Z   0        Ni X   1        Ni Y   1        Ni Z   1     
                    --------------- --------------- --------------- --------------- --------------- ---------------
    0   4.5727 THz   0.0000  0.0000  0.0000  0.0000 -0.0000 -0.0000 -0.0792 -0.1617  0.8057 -0.5506 -0.1193 -0.0322
    1   4.5727 THz   0.0000  0.0000 -0.0000 -0.0000  0.0000  0.0000  0.0851  0.4136  0.0162  0.0727 -0.8879  0.1667
    2   4.5727 THz   0.0000  0.0000  0.0000 -0.0000  0.0000 -0.0000  0.0032  0.8884  0.1949 -0.0645  0.4105 -0.0106
    3   9.6535 THz   0.0000  0.0000 -0.0218  0.0006  0.9994 -0.0284 -0.0000  0.0000 -0.0000 -0.0000  0.0000 -0.0000
    4   9.6535 THz   1.0000  0.0000  0.0000  0.0000  0.0000  0.0000  0.0000  0.0000  0.0000  0.0000  0.0000  0.0000
    5   9.6535 THz   0.0000  0.0000  0.9998 -0.0000  0.0218 -0.0000  0.0000 -0.0000 -0.0000  0.0000 -0.0000 -0.0000


 Q= -0.171739 -0.171739  0.000000, q= -0.500000 -0.500000  0.000000

                       Al X   0        Al Y   0        Al Z   0        Ni X   1        Ni Y   1        Ni Z   1     
                    --------------- --------------- --------------- --------------- --------------- ---------------
    0   3.4682 THz  -0.3721  0.0000  0.0000  0.0000 -0.0000  0.0000  0.0000  0.0000  0.9282  0.0000 -0.0000  0.0000
    1   3.4682 THz   0.0000  0.0000  0.3721  0.0000  0.0000  0.0000 -0.9282 -0.0000  0.0000 -0.0000 -0.0000  0.0000
    2   5.3442 THz   0.0000  0.0000 -0.0000  0.0000  0.0000 -0.0000  0.0000 -0.0000 -0.0000  0.0000 -1.0000  0.0000
    3   7.3677 THz   0.0000  0.0000 -0.0000  0.0000 -1.0000  0.0000 -0.0000  0.0000 -0.0000  0.0000 -0.0000  0.0000
    4   9.9415 THz   0.9282  0.0000  0.0000  0.0000 -0.0000  0.0000  0.0000  0.0000  0.3721  0.0000 -0.0000  0.0000
    5   9.9415 THz   0.0000  0.0000  0.9282  0.0000 -0.0000 -0.0000  0.3721  0.0000 -0.0000  0.0000 -0.0000  0.0000


 Q= -0.171739  0.000000 -0.171739, q= -0.500000  0.000000 -0.500000

                       Al X   0        Al Y   0        Al Z   0        Ni X   1        Ni Y   1        Ni Z   1     
                    --------------- --------------- --------------- --------------- --------------- ---------------
    0   3.4682 THz   0.0000  0.0000 -0.0000  0.0000 -0.3721  0.0000  0.9282 -0.0000  0.0000  0.0000  0.0000  0.0000
    1   3.4682 THz  -0.3721  0.0000  0.0000  0.0000  0.0000 -0.0000 -0.0000  0.0000  0.0000  0.0000  0.9282 -0.0000
    2   5.3442 THz   0.0000  0.0000 -0.0000 -0.0000 -0.0000  0.0000  0.0000 -0.0000 -1.0000 -0.0000  0.0000 -0.0000
    3   7.3677 THz   0.0000  0.0000 -1.0000 -0.0000 -0.0000 -0.0000 -0.0000 -0.0000  0.0000  0.0000 -0.0000  0.0000
    4   9.9415 THz   0.0000  0.0000 -0.0000  0.0000  0.9282 -0.0000  0.3721 -0.0000 -0.0000  0.0000  0.0000  0.0000
    5   9.9415 THz   0.9282  0.0000  0.0000  0.0000  0.0000 -0.0000 -0.0000  0.0000  0.0000  0.0000  0.3721 -0.0000


 Q= -0.171739  0.000000  0.000000, q= -0.500000  0.000000  0.000000

                       Al X   0        Al Y   0        Al Z   0        Ni X   1        Ni Y   1        Ni Z   1     
                    --------------- --------------- --------------- --------------- --------------- ---------------
    0   4.6544 THz   0.0000  0.0000  0.0000 -0.0000 -0.0000 -0.0000 -0.0000  0.0000 -0.0000 -0.8961 -0.0000 -0.4439
    1   4.6544 THz  -0.0000 -0.0000 -0.0000  0.0000  0.0000  0.0000 -0.0000  0.0000 -0.0096  0.4438  0.0193 -0.8959
    2   5.5528 THz   0.0000  0.0000  0.0000  0.0000  0.0000  0.0000  0.2997 -0.9540 -0.0000 -0.0000 -0.0000 -0.0000
    3   7.5509 THz   0.0000  0.0000 -0.1190 -0.0084  0.9928 -0.0092 -0.0000  0.0000 -0.0000 -0.0000  0.0000 -0.0000
    4   7.5509 THz   0.0000  0.0000  0.9928 -0.0098  0.1188 -0.0107  0.0000 -0.0000 -0.0000  0.0000  0.0000 -0.0000
    5  10.1877 THz   1.0000  0.0000  0.0000  0.0000  0.0000  0.0000  0.0000  0.0000  0.0000  0.0000  0.0000  0.0000


 Q= -0.085869 -0.085869 -0.085869, q= -0.250000 -0.250000 -0.250000

                       Al X   0        Al Y   0        Al Z   0        Ni X   1        Ni Y   1        Ni Z   1     
                    --------------- --------------- --------------- --------------- --------------- ---------------
    0   3.0727 THz  -0.1848  0.0000  0.2524  0.0029 -0.0676 -0.0029 -0.5471  0.0000  0.7471  0.0087 -0.2000 -0.0087
    1   3.0727 THz   0.1847  0.0000  0.0677  0.0029 -0.2524 -0.0029  0.5469 -0.0000  0.2003  0.0087 -0.7472 -0.0087
    2   4.8988 THz  -0.1334  0.0000 -0.1334 -0.0000 -0.1334 -0.0000  0.5617 -0.0000  0.5617  0.0000  0.5617 -0.0000
    3   8.7799 THz   0.1435  0.0000 -0.7300 -0.0084  0.5865  0.0084 -0.0485 -0.0000  0.2466  0.0028 -0.1981 -0.0028
    4   8.7799 THz   0.7601  0.0000 -0.2558  0.0016 -0.5043 -0.0016 -0.2568  0.0000  0.0864 -0.0005  0.1704  0.0005
    5   8.9860 THz  -0.5617  0.0000 -0.5617 -0.0000 -0.5617  0.0000 -0.1334 -0.0000 -0.1334  0.0000 -0.1334 -0.0000


 Q= -0.085869 -0.085869  0.085869, q= -0.250000 -0.250000  0.250000

                       Al X   0        Al Y   0        Al Z   0        Ni X   1        Ni Y   1        Ni Z   1     
                    --------------- --------------- --------------- --------------- --------------- ---------------
    0   3.0727 THz   0.2511  0.0000 -0.1882  0.0009  0.0629  0.0009  0.7433  0.0000 -0.5571  0.0027  0.1862  0.0027
    1   3.0727 THz  -0.0724  0.0000 -0.1813  0.0031 -0.2536  0.0031 -0.2142 -0.0000 -0.5366  0.0092 -0.7508  0.0092
    2   4.8988 THz  -0.1334  0.0000 -0.1334  0.0000  0.1334 -0.0000  0.5617 -0.0000  0.5617 -0.0000 -0.5617  0.0000
    3   8.7799 THz   0.1839  0.0000 -0.7427 -0.0011 -0.5588 -0.0011 -0.0621  0.0000  0.2509  0.0004  0.1888  0.0004
    4   8.7799 THz   0.7514  0.0000 -0.2164  0.0003  0.5349  0.0003 -0.2538  0.0000  0.0731 -0.0001 -0.1807 -0.0001
    5   8.9860 THz   0.5617  0.0000  0.5617 -0.0000 -0.5617  0.0000  0.1334 -0.0000  0.1334 -0.0000 -0.1334  0.0000


 Q= -0.085869  0.085869 -0.085869, q= -0.250000  0.250000 -0.250000

                       Al X   0        Al Y   0        Al Z   0        Ni X   1        Ni Y   1        Ni Z   1     
                    --------------- --------------- --------------- --------------- --------------- ---------------
    0   3.0727 THz  -0.2546  0.0000 -0.1784 -0.0010  0.0762 -0.0010 -0.7536  0.0000 -0.5281 -0.0029  0.2255 -0.0029
    1   3.0727 THz   0.0590  0.0000 -0.1909 -0.0043 -0.2499 -0.0043  0.1747 -0.0000 -0.5651 -0.0126 -0.7398 -0.0126
    2   4.8988 THz  -0.1334 -0.0000  0.1334 -0.0000 -0.1334 -0.0000  0.5617  0.0000 -0.5617 -0.0000  0.5617  0.0000
    3   8.7799 THz   0.2526  0.0000  0.7595  0.0042  0.5069  0.0042 -0.0853  0.0000 -0.2566 -0.0014 -0.1712 -0.0014
    4   8.7799 THz   0.7311  0.0000  0.1468 -0.0014 -0.5843 -0.0014 -0.2470  0.0000 -0.0496  0.0005  0.1974  0.0005
    5   8.9860 THz  -0.5617  0.0000  0.5617 -0.0000 -0.5617  0.0000 -0.1334  0.0000  0.1334  0.0000 -0.1334  0.0000


 Q= -0.085869  0.085869  0.085869, q= -0.250000  0.250000  0.250000

                       Al X   0        Al Y   0        Al Z   0        Ni X   1        Ni Y   1        Ni Z   1     
                    --------------- --------------- --------------- --------------- --------------- ---------------
    0   3.0727 THz   0.2380  0.0000  0.2125 -0.0008  0.0255  0.0008  0.7045  0.0000  0.6290 -0.0025  0.0755  0.0025
    1   3.0727 THz  -0.1080  0.0000  0.1521 -0.0018 -0.2601  0.0018 -0.3196  0.0000  0.4503 -0.0055 -0.7698  0.0055
    2   4.8988 THz  -0.1334  0.0000  0.1334 -0.0000  0.1334  0.0000  0.5617 -0.0000 -0.5617  0.0000 -0.5617 -0.0000
    3   8.7799 THz  -0.5185  0.0000 -0.7564  0.0001  0.2379 -0.0001  0.1752 -0.0000  0.2555 -0.0000 -0.0804  0.0000
    4   8.7799 THz   0.5741  0.0000 -0.1620  0.0001  0.7361 -0.0001 -0.1939 -0.0000  0.0547 -0.0000 -0.2487  0.0000
    5   8.9860 THz   0.5617  0.0000 -0.5617  0.0000 -0.5617 -0.0000  0.1334  0.0000 -0.1334 -0.0000 -0.1334  0.0000


 Q=  0.000000 -0.171739 -0.171739, q=  0.000000 -0.500000 -0.500000

                       Al X   0        Al Y   0        Al Z   0        Ni X   1        Ni Y   1        Ni Z   1     
                    --------------- --------------- --------------- --------------- --------------- ---------------
    0   3.4682 THz   0.0000  0.0000  0.0926  0.0000  0.3604  0.0000  0.0000 -0.0000 -0.8990 -0.0000 -0.2310 -0.0000
    1   3.4682 THz   0.0000  0.0000 -0.3604 -0.0000  0.0926 -0.0000 -0.0000  0.0000 -0.2310  0.0000  0.8990  0.0000
    2   5.3442 THz   0.0000  0.0000 -0.0000  0.0000 -0.0000 -0.0000  1.0000 -0.0000  0.0000  0.0000  0.0000  0.0000
    3   7.3677 THz   1.0000  0.0000  0.0000  0.0000  0.0000  0.0000  0.0000  0.0000  0.0000  0.0000  0.0000  0.0000
    4   9.9415 THz   0.0000  0.0000 -0.2852 -0.0000 -0.8833 -0.0000  0.0000 -0.0000 -0.3541 -0.0000 -0.1143 -0.0000
    5   9.9415 THz   0.0000  0.0000 -0.8833 -0.0000  0.2852 -0.0000  0.0000 -0.0000  0.1143 -0.0000 -0.3541 -0.0000


 Q=  0.000000 -0.171739  0.000000, q=  0.000000 -0.500000  0.000000

                       Al X   0        Al Y   0        Al Z   0        Ni X   1        Ni Y   1        Ni Z   1     
                    --------------- --------------- --------------- --------------- --------------- ---------------
    0   4.6544 THz   0.0000  0.0000  0.0000 -0.0000 -0.0000 -0.0000 -0.1535 -0.1074  0.0000  0.0000 -0.4508  0.8727
    1   4.6544 THz   0.0000  0.0000  0.0000  0.0000 -0.0000 -0.0000  0.8193 -0.5418  0.0000  0.0000  0.1232  0.1411
    2   5.5528 THz   0.0000  0.0000 -0.0000 -0.0000  0.0000  0.0000  0.0000 -0.0000 -0.0000 -1.0000 -0.0000  0.0000
    3   7.5509 THz   0.0000  0.0000  0.0000  0.0000  1.0000  0.0000 -0.0000 -0.0000  0.0000  0.0000 -0.0000  0.0000
    4   7.5509 THz   1.0000  0.0000  0.0000  0.0000  0.0000  0.0000  0.0000  0.0000  0.0000  0.0000  0.0000  0.0000
    5  10.1877 THz   0.0000  0.0000 -1.0000 -0.0000 -0.0000 -0.0000  0.0000 -0.0000  0.0000 -0.0000 -0.0000  0.0000


 Q=  0.000000  0.000000 -0.171739, q=  0.000000  0.000000 -0.500000

                       Al X   0        Al Y   0        Al Z   0        Ni X   1        Ni Y   1        Ni Z   1     
                    --------------- --------------- --------------- --------------- --------------- ---------------
    0   4.6544 THz   0.0000  0.0000  0.0000 -0.0000  0.0000 -0.0000  0.1441  0.1016  0.4132 -0.8934 -0.0000 -0.0000
    1   4.6544 THz   0.0000  0.0000  0.0000 -0.0000 -0.0000  0.0000 -0.8215  0.5423 -0.1221 -0.1272  0.0000 -0.0000
    2   5.5528 THz   0.0000  0.0000  0.0000 -0.0000  0.0000 -0.0000  0.0000  0.0000  0.0000 -0.0000  0.0000  1.0000
    3   7.5509 THz   1.0000  0.0000  0.0000  0.0000  0.0000  0.0000  0.0000  0.0000  0.0000  0.0000  0.0000  0.0000
    4   7.5509 THz   0.0000  0.0000 -1.0000  0.0000  0.0000  0.0000 -0.0000  0.0000 -0.0000 -0.0000 -0.0000  0.0000
    5  10.1877 THz   0.0000  0.0000  0.0000 -0.0000  1.0000 -0.0000 -0.0000  0.0000  0.0000  0.0000 -0.0000 -0.0000


 Q=  0.000000  0.000000  0.000000, q=  0.000000  0.000000  0.000000

                       Al X   0        Al Y   0        Al Z   0        Ni X   1        Ni Y   1        Ni Z   1     
                    --------------- --------------- --------------- --------------- --------------- ---------------
    0   0.0000 THz   0.0000  0.0000 -0.4132  0.0000  0.3797  0.0000 -0.0000  0.0000 -0.6094  0.0000  0.5601  0.0000
    1   0.0000 THz   0.0000  0.0000  0.3797  0.0000  0.4132  0.0000 -0.0000  0.0000  0.5601  0.0000  0.6094  0.0000
    2   0.0000 THz  -0.5612  0.0000  0.0000  0.0000 -0.0000  0.0000 -0.8277  0.0000 -0.0000  0.0000 -0.0000  0.0000
    3   8.2367 THz   0.0000  0.0000  0.6527  0.0000 -0.5090  0.0000 -0.0000  0.0000 -0.4425  0.0000  0.3451  0.0000
    4   8.2367 THz   0.0000  0.0000  0.5090  0.0000  0.6527  0.0000  0.0000  0.0000 -0.3451  0.0000 -0.4425  0.0000
    5   8.2367 THz   0.8277  0.0000  0.0000  0.0000 -0.0000  0.0000 -0.5612  0.0000 -0.0000  0.0000 -0.0000  0.0000


 Q=  0.085869 -0.085869 -0.085869, q=  0.250000 -0.250000 -0.250000

                       Al X   0        Al Y   0        Al Z   0        Ni X   1        Ni Y   1        Ni Z   1     
                    --------------- --------------- --------------- --------------- --------------- ---------------
    0   3.0727 THz   0.2380  0.0000  0.2125  0.0008  0.0255 -0.0008  0.7045 -0.0000  0.6290  0.0025  0.0755 -0.0025
    1   3.0727 THz  -0.1080  0.0000  0.1521  0.0018 -0.2601 -0.0018 -0.3196 -0.0000  0.4503  0.0055 -0.7698 -0.0055
    2   4.8988 THz  -0.1334  0.0000  0.1334  0.0000  0.1334 -0.0000  0.5617  0.0000 -0.5617 -0.0000 -0.5617  0.0000
    3   8.7799 THz  -0.5185  0.0000 -0.7564 -0.0001  0.2379  0.0001  0.1752  0.0000  0.2555  0.0000 -0.0804 -0.0000
    4   8.7799 THz   0.5741  0.0000 -0.1620 -0.0001  0.7361  0.0001 -0.1939  0.0000  0.0547  0.0000 -0.2487 -0.0000
    5   8.9860 THz   0.5617  0.0000 -0.5617 -0.0000 -0.5617  0.0000  0.1334 -0.0000 -0.1334  0.0000 -0.1334 -0.0000


 Q=  0.085869 -0.085869  0.085869, q=  0.250000 -0.250000  0.250000

                       Al X   0        Al Y   0        Al Z   0        Ni X   1        Ni Y   1        Ni Z   1     
                    --------------- --------------- --------------- --------------- --------------- ---------------
    0   3.0727 THz  -0.2546  0.0000 -0.1784  0.0010  0.0762  0.0010 -0.7536 -0.0000 -0.5281  0.0029  0.2255  0.0029
    1   3.0727 THz   0.0590  0.0000 -0.1909  0.0043 -0.2499  0.0043  0.1747  0.0000 -0.5651  0.0126 -0.7398  0.0126
    2   4.8988 THz  -0.1334 -0.0000  0.1334  0.0000 -0.1334  0.0000  0.5617 -0.0000 -0.5617  0.0000  0.5617 -0.0000
    3   8.7799 THz   0.2526  0.0000  0.7595 -0.0042  0.5069 -0.0042 -0.0853 -0.0000 -0.2566  0.0014 -0.1712  0.0014
    4   8.7799 THz   0.7311  0.0000  0.1468  0.0014 -0.5843  0.0014 -0.2470 -0.0000 -0.0496 -0.0005  0.1974 -0.0005
    5   8.9860 THz  -0.5617  0.0000  0.5617  0.0000 -0.5617 -0.0000 -0.1334 -0.0000  0.1334 -0.0000 -0.1334 -0.0000


 Q=  0.085869  0.085869 -0.085869, q=  0.250000  0.250000 -0.250000

                       Al X   0        Al Y   0        Al Z   0        Ni X   1        Ni Y   1        Ni Z   1     
                    --------------- --------------- --------------- --------------- --------------- ---------------
    0   3.0727 THz   0.2511  0.0000 -0.1882 -0.0009  0.0629 -0.0009  0.7433 -0.0000 -0.5571 -0.0027  0.1862 -0.0027
    1   3.0727 THz  -0.0724  0.0000 -0.1813 -0.0031 -0.2536 -0.0031 -0.2142  0.0000 -0.5366 -0.0092 -0.7508 -0.0092
    2   4.8988 THz  -0.1334  0.0000 -0.1334 -0.0000  0.1334  0.0000  0.5617  0.0000  0.5617  0.0000 -0.5617 -0.0000
    3   8.7799 THz   0.1839  0.0000 -0.7427  0.0011 -0.5588  0.0011 -0.0621 -0.0000  0.2509 -0.0004  0.1888 -0.0004
    4   8.7799 THz   0.7514  0.0000 -0.2164 -0.0003  0.5349 -0.0003 -0.2538 -0.0000  0.0731  0.0001 -0.1807  0.0001
    5   8.9860 THz   0.5617  0.0000  0.5617  0.0000 -0.5617 -0.0000  0.1334  0.0000  0.1334  0.0000 -0.1334 -0.0000


 Q=  0.085869  0.085869  0.085869, q=  0.250000  0.250000  0.250000

                       Al X   0        Al Y   0        Al Z   0        Ni X   1        Ni Y   1        Ni Z   1     
                    --------------- --------------- --------------- --------------- --------------- ---------------
    0   3.0727 THz  -0.1848  0.0000  0.2524 -0.0029 -0.0676  0.0029 -0.5471 -0.0000  0.7471 -0.0087 -0.2000  0.0087
    1   3.0727 THz   0.1847  0.0000  0.0677 -0.0029 -0.2524  0.0029  0.5469  0.0000  0.2003 -0.0087 -0.7472  0.0087
    2   4.8988 THz  -0.1334  0.0000 -0.1334  0.0000 -0.1334  0.0000  0.5617  0.0000  0.5617 -0.0000  0.5617  0.0000
    3   8.7799 THz   0.1435  0.0000 -0.7300  0.0084  0.5865 -0.0084 -0.0485  0.0000  0.2466 -0.0028 -0.1981  0.0028
    4   8.7799 THz   0.7601  0.0000 -0.2558 -0.0016 -0.5043  0.0016 -0.2568 -0.0000  0.0864  0.0005  0.1704 -0.0005
    5   8.9860 THz  -0.5617  0.0000 -0.5617  0.0000 -0.5617 -0.0000 -0.1334  0.0000 -0.1334 -0.0000 -0.1334  0.0000
