
Used Primitive lattice vector

    3.557327000000      0.000000000000      0.000000000000  
    0.000000000000      3.557327000000      0.000000000000  
    0.000000000000      0.000000000000      3.557327000000  

   4 Atom(s) in the Primitive cell

 0.0000000000 0.0000000000 0.0000000000 Al    0
 0.5000000000 0.5000000000 0.0000000000 Ni    1
 0.5000000000 0.0000000000 0.5000000000 Ni    2
 0.0000000000 0.5000000000 0.5000000000 Ni    3


 Q= -0.140555 -0.140555 -0.140555, q= -0.500000 -0.500000 -0.500000

                       Al X   0        Al Y   0        Al Z   0        Ni X   1        Ni Y   1        Ni Z   1        Ni X   2        Ni Y   2        Ni Z   2        Ni X   3        Ni Y   3        Ni Z   3     
                    --------------- --------------- --------------- --------------- --------------- --------------- --------------- --------------- --------------- --------------- --------------- ---------------
    0   4.0455 THz   0.0000  0.0000 -0.0000 -0.0000 -0.0000  0.0000  0.1534  0.0000  0.6889  0.0000 -0.0000  0.0000  0.0435 -0.0000  0.0000 -0.0000 -0.6889 -0.0000  0.0000  0.0000 -0.0435  0.0000 -0.1534 -0.0000
    1   4.0455 THz   0.0000  0.0000 -0.0000 -0.0000 -0.0000  0.0000  0.1867  0.0000  0.0015  0.0000 -0.0000  0.0000 -0.6820 -0.0000  0.0000 -0.0000 -0.0015 -0.0000 -0.0000  0.0000  0.6820  0.0000 -0.1867 -0.0000
    2   4.0455 THz   0.0000  0.0000  0.0000 -0.0000 -0.0000 -0.0000 -0.6645  0.0000  0.1595  0.0000  0.0000  0.0000 -0.1816 -0.0000 -0.0000  0.0000 -0.1595 -0.0000 -0.0000 -0.0000  0.1816  0.0000  0.6645 -0.0000
    3   5.0594 THz   0.0000  0.0000  0.5959  0.0000  0.0005 -0.0000 -0.5678 -0.0000  0.0000 -0.0000 -0.0000  0.0000 -0.0005  0.0000  0.0000 -0.0000 -0.0000  0.0000  0.0000  0.0000 -0.0005  0.0000 -0.5678 -0.0000
    4   5.0594 THz  -0.5959  0.0000  0.0000  0.0000  0.0000  0.0000 -0.0000  0.0000  0.5678  0.0000  0.0000  0.0000 -0.0000  0.0000  0.0000  0.0000  0.5678  0.0000 -0.0000 -0.0000  0.0000  0.0000  0.0000  0.0000
    5   5.0594 THz   0.0000  0.0000  0.0005  0.0000 -0.5959  0.0000 -0.0005 -0.0000 -0.0000 -0.0000 -0.0000  0.0000  0.5678 -0.0000  0.0000 -0.0000  0.0000  0.0000  0.0000  0.0000  0.5678 -0.0000 -0.0005 -0.0000
    6   5.0845 THz   0.0000  0.0000 -0.0000 -0.0000  0.0000  0.0000  0.0000  0.0000 -0.0000 -0.0000 -0.7217 -0.0000 -0.0000 -0.0000  0.6916  0.0000  0.0000  0.0000  0.0301  0.0000 -0.0000 -0.0000  0.0000  0.0000
    7   5.0845 THz   0.0000  0.0000  0.0000 -0.0000  0.0000  0.0000 -0.0000  0.0000 -0.0000 -0.0000  0.3819  0.0000  0.0000 -0.0000  0.4340 -0.0000  0.0000  0.0000 -0.8159 -0.0000 -0.0000 -0.0000  0.0000  0.0000
    8   8.5983 THz   0.0000  0.0000  0.0000 -0.0000  0.0000  0.0000  0.0000  0.0000  0.0000 -0.0000  0.5774  0.0000  0.0000  0.0000  0.5774  0.0000 -0.0000  0.0000  0.5774  0.0000 -0.0000  0.0000 -0.0000  0.0000
    9  10.0909 THz   0.8030  0.0000  0.0000  0.0000  0.0000  0.0000 -0.0000  0.0000  0.4214  0.0000  0.0000  0.0000 -0.0000  0.0000  0.0000  0.0000  0.4214  0.0000 -0.0000 -0.0000  0.0000  0.0000  0.0000  0.0000
   10  10.0909 THz   0.0000  0.0000  0.8002 -0.0000  0.0674  0.0000  0.4199 -0.0000 -0.0000  0.0000  0.0000 -0.0000  0.0354  0.0000  0.0000 -0.0000  0.0000 -0.0000  0.0000  0.0000  0.0354  0.0000  0.4199 -0.0000
   11  10.0909 THz   0.0000  0.0000  0.0674 -0.0000 -0.8002 -0.0000  0.0354 -0.0000  0.0000  0.0000 -0.0000 -0.0000 -0.4199 -0.0000  0.0000 -0.0000 -0.0000 -0.0000 -0.0000  0.0000 -0.4199 -0.0000  0.0354 -0.0000


 Q= -0.140555 -0.140555  0.000000, q= -0.500000 -0.500000  0.000000

                       Al X   0        Al Y   0        Al Z   0        Ni X   1        Ni Y   1        Ni Z   1        Ni X   2        Ni Y   2        Ni Z   2        Ni X   3        Ni Y   3        Ni Z   3     
                    --------------- --------------- --------------- --------------- --------------- --------------- --------------- --------------- --------------- --------------- --------------- ---------------
    0   4.1267 THz   0.0000  0.0000  0.0000 -0.0000  0.0000 -0.0000 -0.0000  0.0000  0.0000 -0.0000  0.0000 -0.0000  0.4498 -0.5456 -0.0000  0.0000 -0.0000 -0.0000  0.0000  0.0000 -0.4498  0.5456  0.0000  0.0000
    1   4.9837 THz  -0.4295  0.0000  0.0000  0.0000  0.0000  0.0000 -0.0000  0.0000  0.9031  0.0000  0.0000  0.0000 -0.0000  0.0000  0.0000  0.0000  0.0000  0.0000  0.0000  0.0000  0.0000  0.0000  0.0000  0.0000
    2   4.9837 THz   0.0000  0.0000  0.4295  0.0000  0.0000  0.0000 -0.9031 -0.0000 -0.0000 -0.0000 -0.0000  0.0000 -0.0000  0.0000  0.0000  0.0000  0.0000  0.0000 -0.0000 -0.0000  0.0000 -0.0000 -0.0000 -0.0000
    3   5.1325 THz   0.0000  0.0000  0.0000 -0.0000  0.0000 -0.0000 -0.0000  0.0000 -0.0000  0.0000 -0.0000 -0.0000  0.0000 -0.0000 -0.7071  0.0040 -0.0000 -0.0000  0.7071 -0.0040  0.0000 -0.0000 -0.0000 -0.0000
    4   5.7066 THz   0.0000  0.0000 -0.0000 -0.0000  0.0000 -0.0000  0.0000  0.0000 -0.0000  0.0000 -0.0000  0.0000 -0.0000  0.0000 -0.0000 -0.0000  0.9683  0.2500  0.0000 -0.0000 -0.0000  0.0000  0.0007 -0.0004
    5   5.7066 THz   0.0000  0.0000 -0.0000  0.0000 -0.0000 -0.0000  0.0000 -0.0000  0.0000 -0.0000 -0.0000  0.0000 -0.0000  0.0000 -0.0000  0.0000  0.0008  0.0000  0.0000 -0.0000 -0.0000  0.0000 -0.7526  0.6585
    6   6.4317 THz   0.0000  0.0000 -0.0000 -0.0000  0.0000  0.0000  0.0000  0.0000  0.0000 -0.0000 -0.9890  0.1477  0.0000 -0.0000  0.0000 -0.0000 -0.0000 -0.0000 -0.0000  0.0000 -0.0000  0.0000  0.0000 -0.0000
    7   7.4558 THz   0.0000  0.0000  0.0000  0.0000  0.0000 -0.0000 -0.0000 -0.0000 -0.0000  0.0000 -0.0000  0.0000 -0.4463  0.5484 -0.0000 -0.0000 -0.0000 -0.0000 -0.0000 -0.0000 -0.4463  0.5484 -0.0000  0.0000
    8   7.5498 THz   0.0000  0.0000 -0.0000 -0.0000  0.0000  0.0000  0.0000  0.0000  0.0000 -0.0000 -0.0000 -0.0000  0.0000 -0.0000 -0.7071  0.0076  0.0000  0.0000 -0.7071  0.0076  0.0000 -0.0000 -0.0000  0.0000
    9   9.2160 THz   0.0000  0.0000 -0.0000  0.0000  0.9996  0.0269 -0.0000 -0.0000 -0.0000  0.0000  0.0000 -0.0000  0.0000 -0.0000  0.0000 -0.0000 -0.0000 -0.0000  0.0000 -0.0000  0.0000 -0.0000 -0.0000  0.0000
   10   9.6270 THz   0.9031  0.0000  0.0000  0.0000  0.0000  0.0000 -0.0000  0.0000  0.4295  0.0000  0.0000  0.0000 -0.0000  0.0000  0.0000  0.0000  0.0000  0.0000  0.0000  0.0000  0.0000  0.0000  0.0000  0.0000
   11   9.6270 THz   0.0000  0.0000 -0.9031 -0.0000 -0.0000 -0.0000 -0.4295  0.0000 -0.0000  0.0000  0.0000 -0.0000  0.0000  0.0000 -0.0000 -0.0000  0.0000 -0.0000  0.0000 -0.0000 -0.0000  0.0000  0.0000 -0.0000


 Q= -0.140555  0.000000 -0.140555, q= -0.500000  0.000000 -0.500000

                       Al X   0        Al Y   0        Al Z   0        Ni X   1        Ni Y   1        Ni Z   1        Ni X   2        Ni Y   2        Ni Z   2        Ni X   3        Ni Y   3        Ni Z   3     
                    --------------- --------------- --------------- --------------- --------------- --------------- --------------- --------------- --------------- --------------- --------------- ---------------
    0   4.1267 THz   0.0000  0.0000 -0.0000  0.0000 -0.0000 -0.0000  0.4750 -0.5238  0.0000  0.0000  0.0000 -0.0000 -0.0000  0.0000  0.0000  0.0000  0.0000 -0.0000  0.0000  0.0000  0.0000  0.0000 -0.4750  0.5238
    1   4.9837 THz  -0.4295  0.0000  0.0000  0.0000  0.0000  0.0000 -0.0000  0.0000  0.0000  0.0000  0.0000  0.0000 -0.0000  0.0000  0.0000  0.0000  0.9031  0.0000  0.0000  0.0000  0.0000  0.0000  0.0000  0.0000
    2   4.9837 THz   0.0000  0.0000 -0.0000 -0.0000  0.4295 -0.0000  0.0000 -0.0000  0.0000  0.0000  0.0000 -0.0000 -0.9031  0.0000  0.0000  0.0000 -0.0000 -0.0000 -0.0000  0.0000  0.0000 -0.0000  0.0000 -0.0000
    3   5.1325 THz   0.0000  0.0000 -0.0000 -0.0000  0.0000  0.0000  0.0000  0.0000 -0.0000 -0.0000 -0.7068  0.0198 -0.0000 -0.0000  0.0000  0.0000 -0.0000  0.0000  0.7068 -0.0198  0.0000 -0.0000 -0.0000 -0.0000
    4   5.7066 THz   0.0000  0.0000  0.0000 -0.0000  0.0000 -0.0000  0.0000 -0.0000 -0.8948  0.3394  0.0000 -0.0000 -0.0000  0.0000 -0.0000  0.0000 -0.0000  0.0000 -0.0000  0.0000 -0.2901 -0.0048 -0.0000  0.0000
    5   5.7066 THz   0.0000  0.0000 -0.0000 -0.0000 -0.0000  0.0000 -0.0000  0.0000  0.2635 -0.1215 -0.0000  0.0000  0.0000 -0.0000  0.0000  0.0000  0.0000 -0.0000  0.0000 -0.0000 -0.9556  0.0506  0.0000 -0.0000
    6   6.4317 THz   0.0000  0.0000 -0.0000 -0.0000 -0.0000 -0.0000  0.0000 -0.0000 -0.0000  0.0000  0.0000  0.0000  0.0000  0.0000  0.9265  0.3763  0.0000 -0.0000 -0.0000 -0.0000  0.0000 -0.0000  0.0000 -0.0000
    7   7.4558 THz   0.0000  0.0000  0.0000  0.0000 -0.0000  0.0000  0.4745 -0.5243 -0.0000  0.0000  0.0000 -0.0000  0.0000  0.0000 -0.0000 -0.0000  0.0000 -0.0000  0.0000 -0.0000 -0.0000  0.0000  0.4745 -0.5243
    8   7.5498 THz   0.0000  0.0000 -0.0000 -0.0000  0.0000  0.0000 -0.0000  0.0000 -0.0000 -0.0000  0.7061 -0.0381 -0.0000 -0.0000  0.0000 -0.0000 -0.0000  0.0000  0.7061 -0.0381 -0.0000  0.0000 -0.0000  0.0000
    9   9.2160 THz   0.0000  0.0000  1.0000  0.0000  0.0000  0.0000 -0.0000  0.0000  0.0000 -0.0000 -0.0000 -0.0000 -0.0000 -0.0000  0.0000  0.0000 -0.0000  0.0000 -0.0000  0.0000 -0.0000  0.0000  0.0000  0.0000
   10   9.6270 THz   0.9031  0.0000  0.0000  0.0000  0.0000  0.0000 -0.0000  0.0000  0.0000  0.0000  0.0000  0.0000 -0.0000  0.0000  0.0000  0.0000  0.4295  0.0000  0.0000  0.0000  0.0000  0.0000  0.0000  0.0000
   11   9.6270 THz   0.0000  0.0000 -0.0000 -0.0000  0.9031 -0.0000  0.0000 -0.0000  0.0000 -0.0000  0.0000 -0.0000  0.4295 -0.0000  0.0000 -0.0000  0.0000  0.0000  0.0000 -0.0000  0.0000 -0.0000  0.0000  0.0000


 Q= -0.140555  0.000000  0.000000, q= -0.500000  0.000000  0.000000

                       Al X   0        Al Y   0        Al Z   0        Ni X   1        Ni Y   1        Ni Z   1        Ni X   2        Ni Y   2        Ni Z   2        Ni X   3        Ni Y   3        Ni Z   3     
                    --------------- --------------- --------------- --------------- --------------- --------------- --------------- --------------- --------------- --------------- --------------- ---------------
    0   4.4905 THz   0.0000  0.0000 -0.0000 -0.0000 -0.0000 -0.0000 -0.0000  0.0000 -0.0000  0.1184 -0.6197 -0.1669  0.0000 -0.0000 -0.0000  0.1012 -0.7250 -0.1953  0.0000  0.0000 -0.0000 -0.0000 -0.0000 -0.0000
    1   4.4905 THz   0.0000  0.0000 -0.0000 -0.0000  0.0000 -0.0000  0.0000  0.0000  0.0000 -0.7509 -0.0977 -0.0263  0.0000 -0.0000  0.0000 -0.6418 -0.1143 -0.0308 -0.0000 -0.0000  0.0000 -0.0000 -0.0000 -0.0000
    2   5.3016 THz   0.0000  0.0000 -0.2967  0.0185  0.1747  0.0795 -0.0000 -0.0000  0.0000 -0.0000  0.0000 -0.0000  0.0000  0.0000  0.0000 -0.0000  0.0000 -0.0000  0.0000 -0.0000 -0.7842  0.0489  0.4618  0.2102
    3   5.3016 THz   0.0000  0.0000 -0.1302  0.1410 -0.2807  0.0980  0.0000  0.0000  0.0000 -0.0000  0.0000 -0.0000 -0.0000 -0.0000  0.0000 -0.0000  0.0000 -0.0000 -0.0000  0.0000 -0.3442  0.3728 -0.7418  0.2590
    4   5.9140 THz   0.0000  0.0000  0.0000  0.0000  0.0000  0.0000 -0.0000  0.7071 -0.0000  0.0000  0.0000  0.0000  0.0000 -0.7071  0.0000  0.0000  0.0000  0.0000 -0.0000 -0.0000  0.0000  0.0000  0.0000  0.0000
    5   6.0849 THz   0.0000  0.0000 -0.0000  0.0000  0.0000  0.0000  0.2432  0.6640 -0.0000 -0.0000 -0.0000 -0.0000  0.2432  0.6640  0.0000  0.0000  0.0000  0.0000  0.0000  0.0000 -0.0000  0.0000 -0.0000  0.0000
    6   6.5690 THz  -0.0766  0.0000  0.0000  0.0000  0.0000  0.0000 -0.0000 -0.0000  0.0000  0.0000  0.0000  0.0000 -0.0000 -0.0000  0.0000  0.0000  0.0000  0.0000  0.9971  0.0000  0.0000  0.0000  0.0000  0.0000
    7   7.4705 THz   0.0000  0.0000 -0.0000  0.0000 -0.0000  0.0000  0.0000  0.0000  0.0000  0.0707  0.7296  0.1966  0.0000 -0.0000  0.0000 -0.0828 -0.6236 -0.1680  0.0000  0.0000 -0.0000 -0.0000 -0.0000 -0.0000
    8   7.4705 THz   0.0000  0.0000  0.0000 -0.0000 -0.0000  0.0000  0.0000 -0.0000  0.0000 -0.6459  0.0799  0.0215 -0.0000 -0.0000 -0.0000  0.7556 -0.0683 -0.0184 -0.0000 -0.0000 -0.0000 -0.0000  0.0000 -0.0000
    9   9.2712 THz   0.0000  0.0000 -0.8117 -0.0484 -0.2131  0.4100 -0.0000  0.0000  0.0000  0.0000  0.0000 -0.0000  0.0000 -0.0000 -0.0000 -0.0000 -0.0000  0.0000  0.0000 -0.0000  0.3071  0.0183  0.0806 -0.1551
   10   9.2712 THz   0.0000  0.0000 -0.4484  0.1117  0.1421 -0.8007  0.0000 -0.0000 -0.0000 -0.0000  0.0000 -0.0000 -0.0000  0.0000  0.0000  0.0000 -0.0000  0.0000  0.0000 -0.0000  0.1696 -0.0423 -0.0538  0.3029
   11   9.4459 THz   0.9971  0.0000  0.0000  0.0000  0.0000  0.0000 -0.0000 -0.0000  0.0000  0.0000  0.0000  0.0000 -0.0000 -0.0000  0.0000  0.0000  0.0000  0.0000  0.0766  0.0000  0.0000  0.0000  0.0000  0.0000


 Q=  0.000000 -0.140555 -0.140555, q=  0.000000 -0.500000 -0.500000

                       Al X   0        Al Y   0        Al Z   0        Ni X   1        Ni Y   1        Ni Z   1        Ni X   2        Ni Y   2        Ni Z   2        Ni X   3        Ni Y   3        Ni Z   3     
                    --------------- --------------- --------------- --------------- --------------- --------------- --------------- --------------- --------------- --------------- --------------- ---------------
    0   4.1267 THz   0.0000  0.0000  0.0000  0.0000 -0.0000  0.0000  0.0000 -0.0000  0.0000 -0.7071  0.0000 -0.0000  0.0000 -0.0000 -0.0000  0.0000 -0.0000  0.7071  0.0000 -0.0000  0.0000 -0.0000 -0.0000 -0.0000
    1   4.9837 THz   0.0000  0.0000 -0.1300 -0.1483 -0.3273 -0.1962 -0.0000 -0.0000 -0.0000  0.0000 -0.0000 -0.0000  0.0000  0.0000  0.0000  0.0000  0.0000 -0.0000  0.0000 -0.0000  0.6881  0.4124  0.2733  0.3118
    2   4.9837 THz   0.0000  0.0000  0.3794 -0.0405 -0.1803  0.0800 -0.0000  0.0000  0.0000  0.0000 -0.0000  0.0000  0.0000 -0.0000  0.0000 -0.0000 -0.0000 -0.0000 -0.0000 -0.0000  0.3790 -0.1681 -0.7977  0.0851
    3   5.1325 THz   0.0000  0.0000 -0.0000 -0.0000 -0.0000  0.0000  0.0000 -0.0000  0.0000  0.0000  0.6534 -0.2704 -0.0000  0.0000 -0.6534  0.2704  0.0000 -0.0000 -0.0000 -0.0000  0.0000 -0.0000  0.0000  0.0000
    4   5.7066 THz   0.0000  0.0000  0.0000 -0.0000 -0.0000 -0.0000 -0.8445  0.3133  0.0000  0.0000  0.0000 -0.0000 -0.4110  0.1407 -0.0000  0.0000 -0.0000  0.0000 -0.0000 -0.0000  0.0000  0.0000 -0.0000  0.0000
    5   5.7066 THz   0.0000  0.0000 -0.0000  0.0000  0.0000 -0.0000 -0.4008  0.1676  0.0000  0.0000  0.0000 -0.0000  0.8395 -0.3262 -0.0000  0.0000 -0.0000 -0.0000  0.0000 -0.0000 -0.0000  0.0000  0.0000 -0.0000
    6   6.4317 THz   0.0000  0.0000  0.0000  0.0000 -0.0000  0.0000  0.0000 -0.0000  0.0000  0.0000 -0.0000 -0.0000  0.0000  0.0000  0.0000 -0.0000 -0.0000  0.0000 -1.0000  0.0000  0.0000  0.0000  0.0000  0.0000
    7   7.4558 THz   0.0000  0.0000 -0.0000 -0.0000 -0.0000 -0.0000 -0.0000  0.0000 -0.0000 -0.7071  0.0000 -0.0000 -0.0000  0.0000  0.0000 -0.0000  0.0000 -0.7071 -0.0000 -0.0000 -0.0000 -0.0000 -0.0000 -0.0000
    8   7.5498 THz   0.0000  0.0000 -0.0000  0.0000 -0.0000 -0.0000  0.0000 -0.0000  0.0000  0.0000  0.6858  0.1724 -0.0000  0.0000  0.6858  0.1724  0.0000 -0.0000 -0.0000  0.0000 -0.0000 -0.0000  0.0000  0.0000
    9   9.2160 THz   1.0000  0.0000  0.0000  0.0000  0.0000  0.0000  0.0000  0.0000  0.0000  0.0000  0.0000  0.0000  0.0000  0.0000  0.0000  0.0000  0.0000  0.0000  0.0000  0.0000  0.0000  0.0000  0.0000  0.0000
   10   9.6270 THz   0.0000  0.0000 -0.0842  0.0072 -0.8984 -0.0347 -0.0000  0.0000 -0.0000  0.0000 -0.0000  0.0000 -0.0000  0.0000 -0.0000  0.0000 -0.0000  0.0000 -0.0000  0.0000 -0.4273 -0.0165 -0.0401  0.0034
   11   9.6270 THz   0.0000  0.0000 -0.8832 -0.1684  0.0805  0.0259 -0.0000  0.0000  0.0000 -0.0000  0.0000 -0.0000  0.0000  0.0000 -0.0000 -0.0000  0.0000  0.0000 -0.0000  0.0000  0.0383  0.0123 -0.4201 -0.0801


 Q=  0.000000 -0.140555  0.000000, q=  0.000000 -0.500000  0.000000

                       Al X   0        Al Y   0        Al Z   0        Ni X   1        Ni Y   1        Ni Z   1        Ni X   2        Ni Y   2        Ni Z   2        Ni X   3        Ni Y   3        Ni Z   3     
                    --------------- --------------- --------------- --------------- --------------- --------------- --------------- --------------- --------------- --------------- --------------- ---------------
    0   4.4905 THz   0.0000  0.0000  0.0000 -0.0000  0.0000 -0.0000  0.6924 -0.3138  0.0000  0.0000 -0.0011  0.0000 -0.0000 -0.0000 -0.0000 -0.0000  0.0000 -0.0000  0.5918 -0.2682  0.0000 -0.0000 -0.0012  0.0000
    1   4.4905 THz   0.0000  0.0000 -0.0000 -0.0000  0.0000 -0.0000  0.0011 -0.0005  0.0000  0.0000  0.6497 -0.0067 -0.0000 -0.0000 -0.0000  0.0000  0.0000 -0.0000  0.0010 -0.0004  0.0000  0.0000  0.7601 -0.0079
    2   5.3016 THz   0.0000  0.0000  0.0000 -0.0000  0.2212 -0.2762 -0.0000  0.0000  0.0000  0.0000 -0.0000 -0.0000 -0.0000  0.0000 -0.0000 -0.0000  0.5846 -0.7301  0.0000 -0.0000 -0.0000 -0.0000 -0.0000 -0.0000
    3   5.3016 THz  -0.3539  0.0000  0.0000  0.0000  0.0000  0.0000 -0.0000  0.0000  0.0000  0.0000  0.0000  0.0000 -0.9353  0.0000  0.0000  0.0000  0.0000  0.0000 -0.0000  0.0000  0.0000  0.0000  0.0000  0.0000
    4   5.9140 THz   0.0000  0.0000  0.0000 -0.0000 -0.0000 -0.0000  0.0000 -0.0000  0.0000 -0.7071  0.0000 -0.0000 -0.0000 -0.0000  0.0000 -0.0000  0.0000  0.0000  0.0000  0.0000  0.0000  0.7071  0.0000 -0.0000
    5   6.0849 THz   0.0000  0.0000 -0.0000  0.0000 -0.0000  0.0000 -0.0000 -0.0000 -0.0000  0.7071  0.0000 -0.0000  0.0000  0.0000  0.0000  0.0000  0.0000 -0.0000  0.0000 -0.0000 -0.0000  0.7071 -0.0000  0.0000
    6   6.5690 THz   0.0000  0.0000 -0.0020 -0.0766  0.0000 -0.0000  0.0000 -0.0000  0.0000 -0.0000 -0.0000 -0.0000  0.0000  0.0000  0.0263  0.9967  0.0000 -0.0000 -0.0000  0.0000  0.0000 -0.0000  0.0000  0.0000
    7   7.4705 THz  -0.0000 -0.0000  0.0000 -0.0000  0.0000  0.0000 -0.5847  0.2832 -0.0000 -0.0000 -0.0000  0.0000  0.0000  0.0000  0.0000 -0.0000 -0.0000  0.0000  0.6841 -0.3314 -0.0000 -0.0000  0.0000 -0.0000
    8   7.4705 THz   0.0000  0.0000  0.0000 -0.0000 -0.0000 -0.0000 -0.0000  0.0000  0.0000 -0.0000  0.7601 -0.0079  0.0000  0.0000  0.0000  0.0000  0.0000  0.0000  0.0000 -0.0000  0.0000 -0.0000 -0.6497  0.0067
    9   9.2712 THz   0.0000  0.0000 -0.0000  0.0000  0.8933 -0.2771  0.0000 -0.0000  0.0000  0.0000  0.0000  0.0000 -0.0000 -0.0000 -0.0000  0.0000 -0.3380  0.1048 -0.0000  0.0000  0.0000  0.0000 -0.0000  0.0000
   10   9.2712 THz   0.9353  0.0000  0.0000  0.0000  0.0000  0.0000 -0.0000  0.0000  0.0000  0.0000  0.0000  0.0000 -0.3539  0.0000  0.0000  0.0000  0.0000  0.0000 -0.0000  0.0000  0.0000  0.0000  0.0000  0.0000
   11   9.4459 THz   0.0000  0.0000 -0.4769  0.8756 -0.0000  0.0000 -0.0000  0.0000 -0.0000 -0.0000 -0.0000 -0.0000  0.0000  0.0000 -0.0367  0.0673  0.0000 -0.0000  0.0000 -0.0000 -0.0000 -0.0000  0.0000  0.0000


 Q=  0.000000  0.000000 -0.140555, q=  0.000000  0.000000 -0.500000

                       Al X   0        Al Y   0        Al Z   0        Ni X   1        Ni Y   1        Ni Z   1        Ni X   2        Ni Y   2        Ni Z   2        Ni X   3        Ni Y   3        Ni Z   3     
                    --------------- --------------- --------------- --------------- --------------- --------------- --------------- --------------- --------------- --------------- --------------- ---------------
    0   4.4905 THz   0.0000  0.0000 -0.0000  0.0000 -0.0000  0.0000  0.0000  0.0000 -0.0000  0.0000 -0.0000  0.0000 -0.7522  0.1095 -0.0000  0.0000 -0.0000 -0.0000 -0.6430  0.0936 -0.0000  0.0000  0.0000  0.0000
    1   4.4905 THz   0.0000  0.0000  0.0000  0.0000  0.0000 -0.0000 -0.0000 -0.0000 -0.0000 -0.0000  0.0000  0.0000  0.0000 -0.0000 -0.6430  0.0936 -0.0000  0.0000  0.0000 -0.0000 -0.7522  0.1095 -0.0000 -0.0000
    2   5.3016 THz  -0.3539  0.0000  0.0000  0.0000  0.0000  0.0000 -0.9353  0.0000  0.0000  0.0000  0.0000  0.0000 -0.0000  0.0000  0.0000  0.0000  0.0000  0.0000 -0.0000 -0.0000  0.0000  0.0000  0.0000  0.0000
    3   5.3016 THz   0.0000  0.0000 -0.3355  0.1126 -0.0000 -0.0000  0.0000 -0.0000 -0.8867  0.2977  0.0000  0.0000  0.0000 -0.0000  0.0000  0.0000 -0.0000 -0.0000  0.0000 -0.0000  0.0000 -0.0000  0.0000  0.0000
    4   5.9140 THz   0.0000  0.0000 -0.0000  0.0000 -0.0000  0.0000  0.0000  0.0000 -0.0000  0.0000  0.0000 -0.0000 -0.0000  0.0000  0.0000 -0.0000 -0.0000  0.7071 -0.0000  0.0000  0.0000 -0.0000  0.0000 -0.7071
    5   6.0849 THz   0.0000  0.0000  0.0000  0.0000 -0.0000  0.0000  0.0000  0.0000  0.0000 -0.0000  0.0000  0.0000  0.0000 -0.0000  0.0000 -0.0000 -0.0000  0.7071 -0.0000  0.0000  0.0000 -0.0000 -0.0000  0.7071
    6   6.5690 THz   0.0000  0.0000 -0.0000  0.0000  0.0022  0.0766 -0.0000  0.0000 -0.0000  0.0000 -0.0282 -0.9967 -0.0000 -0.0000 -0.0000 -0.0000 -0.0000  0.0000  0.0000  0.0000 -0.0000  0.0000 -0.0000  0.0000
    7   7.4705 THz   0.0000  0.0000  0.0000 -0.0000  0.0000  0.0000 -0.0000 -0.0000 -0.0000  0.0000 -0.0000 -0.0000  0.6400 -0.1119  0.0056 -0.0010 -0.0000 -0.0000 -0.7488  0.1309 -0.0048  0.0008 -0.0000 -0.0000
    8   7.4705 THz   0.0000  0.0000  0.0000 -0.0000  0.0000 -0.0000  0.0000  0.0000  0.0000 -0.0000 -0.0000  0.0000 -0.0048  0.0008  0.7488 -0.1309 -0.0000 -0.0000  0.0056 -0.0010 -0.6400  0.1119 -0.0000  0.0000
    9   9.2712 THz   0.9353  0.0000  0.0000  0.0000  0.0000  0.0000 -0.3539  0.0000  0.0000  0.0000  0.0000  0.0000 -0.0000  0.0000  0.0000  0.0000  0.0000  0.0000 -0.0000 -0.0000  0.0000  0.0000  0.0000  0.0000
   10   9.2712 THz   0.0000  0.0000  0.9177 -0.1804 -0.0000  0.0000  0.0000  0.0000 -0.3472  0.0682 -0.0000  0.0000 -0.0000  0.0000 -0.0000  0.0000  0.0000  0.0000  0.0000 -0.0000  0.0000 -0.0000 -0.0000 -0.0000
   11   9.4459 THz   0.0000  0.0000  0.0000  0.0000  0.9687 -0.2362 -0.0000 -0.0000 -0.0000 -0.0000  0.0745 -0.0182 -0.0000  0.0000 -0.0000  0.0000 -0.0000  0.0000 -0.0000 -0.0000  0.0000 -0.0000 -0.0000 -0.0000


 Q=  0.000000  0.000000  0.000000, q=  0.000000  0.000000  0.000000

                       Al X   0        Al Y   0        Al Z   0        Ni X   1        Ni Y   1        Ni Z   1        Ni X   2        Ni Y   2        Ni Z   2        Ni X   3        Ni Y   3        Ni Z   3     
                    --------------- --------------- --------------- --------------- --------------- --------------- --------------- --------------- --------------- --------------- --------------- ---------------
    0   0.0000 THz   0.0000  0.0000  0.0323  0.0000  0.3631  0.0000  0.0000  0.0000  0.0476  0.0000  0.5355  0.0000 -0.0000  0.0000  0.0476  0.0000  0.5355  0.0000  0.0000  0.0000  0.0476  0.0000  0.5355  0.0000
    1   0.0000 THz   0.3645  0.0000  0.0000  0.0000  0.0000  0.0000  0.5376  0.0000  0.0000  0.0000  0.0000  0.0000  0.5376  0.0000  0.0000  0.0000  0.0000  0.0000  0.5376  0.0000  0.0000  0.0000  0.0000  0.0000
    2   0.0000 THz   0.0000  0.0000  0.3631  0.0000 -0.0323  0.0000  0.0000  0.0000  0.5355  0.0000 -0.0476  0.0000 -0.0000  0.0000  0.5355  0.0000 -0.0476  0.0000 -0.0000  0.0000  0.5355  0.0000 -0.0476  0.0000
    3   6.0540 THz   0.0000  0.0000  0.0000  0.0000 -0.0000  0.0000  0.2040  0.0000  0.5897  0.0000  0.0000  0.0000 -0.2040  0.0000  0.0000  0.0000  0.3326  0.0000  0.0000  0.0000 -0.5897  0.0000 -0.3326  0.0000
    4   6.0540 THz   0.0000  0.0000  0.0000  0.0000 -0.0000  0.0000 -0.0128  0.0000 -0.3439  0.0000  0.0000  0.0000  0.0128  0.0000 -0.0000  0.0000  0.6177  0.0000 -0.0000  0.0000  0.3439  0.0000 -0.6177  0.0000
    5   6.0540 THz   0.0000  0.0000 -0.0000  0.0000 -0.0000  0.0000  0.6769  0.0000 -0.1843  0.0000  0.0000  0.0000 -0.6769  0.0000  0.0000  0.0000 -0.0886  0.0000  0.0000  0.0000  0.1843  0.0000  0.0886  0.0000
    6   7.0465 THz   0.0000  0.0000 -0.4927  0.0000  0.0759  0.0000 -0.0000  0.0000 -0.2294  0.0000 -0.1221  0.0000  0.0000  0.0000  0.7929  0.0000  0.0353  0.0000  0.0000  0.0000 -0.2294  0.0000  0.0353  0.0000
    7   7.0465 THz  -0.4985  0.0000  0.0000  0.0000  0.0000  0.0000 -0.2321  0.0000  0.0000  0.0000  0.0000  0.0000 -0.2321  0.0000  0.0000  0.0000  0.0000  0.0000  0.8023  0.0000  0.0000  0.0000  0.0000  0.0000
    8   7.0465 THz   0.0000  0.0000  0.0759  0.0000  0.4927  0.0000  0.0000  0.0000  0.0353  0.0000 -0.7929  0.0000 -0.0000  0.0000 -0.1221  0.0000  0.2294  0.0000  0.0000  0.0000  0.0353  0.0000  0.2294  0.0000
    9   9.7045 THz   0.0000  0.0000  0.5170  0.0000  0.5927  0.0000 -0.0000  0.0000 -0.2605  0.0000  0.1955  0.0000  0.0000  0.0000  0.1705  0.0000 -0.2987  0.0000  0.0000  0.0000 -0.2605  0.0000 -0.2987  0.0000
   10   9.7045 THz   0.0000  0.0000  0.5927  0.0000 -0.5170  0.0000 -0.0000  0.0000 -0.2987  0.0000 -0.1705  0.0000 -0.0000  0.0000  0.1955  0.0000  0.2605  0.0000 -0.0000  0.0000 -0.2987  0.0000  0.2605  0.0000
   11   9.7045 THz   0.7865  0.0000  0.0000  0.0000  0.0000  0.0000 -0.3963  0.0000  0.0000  0.0000  0.0000  0.0000 -0.3963  0.0000  0.0000  0.0000  0.0000  0.0000  0.2594  0.0000  0.0000  0.0000  0.0000  0.0000
