
Used Primitive lattice vector

    2.788929000000      0.000000000000      0.000000000000  
    0.000000000000      2.788929000000      0.000000000000  
    0.000000000000      0.000000000000      2.788929000000  

   2 Atom(s) in the Primitive cell

 0.0000000000 0.0000000000 0.0000000000 Al    0
 0.5000000000 0.5000000000 0.5000000000 Ni    1


 Q= -0.179280 -0.179280 -0.179280, q= -0.500000 -0.500000 -0.500000

                       Al X   0        Al Y   0        Al Z   0        Ni X   1        Ni Y   1        Ni Z   1     
                    --------------- --------------- --------------- --------------- --------------- ---------------
    0   6.4354 THz   0.0000  0.0000 -0.0000  0.0000  0.0000  0.0000 -0.0554 -0.8729 -0.2817 -0.2387 -0.3130 -0.0257
    1   6.4354 THz   0.0000  0.0000 -0.0000  0.0000  0.0000  0.0000 -0.3646 -0.2888  0.5684 -0.2560  0.5746 -0.2546
    2   6.4354 THz   0.0000  0.0000 -0.0000  0.0000  0.0000  0.0000  0.0899 -0.1025 -0.5752  0.3797  0.5366 -0.4674
    3  11.9553 THz   1.0000  0.0000  0.0000  0.0000  0.0000  0.0000  0.0000  0.0000  0.0000  0.0000  0.0000  0.0000
    4  11.9553 THz   0.0000  0.0000 -0.9135  0.0000  0.4068 -0.0000 -0.0000  0.0000  0.0000 -0.0000 -0.0000  0.0000
    5  11.9553 THz   0.0000  0.0000  0.4064  0.0179  0.9127  0.0402  0.0000  0.0000 -0.0000  0.0000  0.0000  0.0000


 Q= -0.179280 -0.179280  0.000000, q= -0.500000 -0.500000  0.000000

                       Al X   0        Al Y   0        Al Z   0        Ni X   1        Ni Y   1        Ni Z   1     
                    --------------- --------------- --------------- --------------- --------------- ---------------
    0   4.4466 THz  -0.4217  0.0000  0.0000  0.0000  0.0000  0.0000 -0.0000 -0.0000  0.9067  0.0000 -0.0000  0.0000
    1   4.4466 THz   0.0000  0.0000 -0.4217  0.0000 -0.0000  0.0000  0.9067 -0.0000 -0.0000 -0.0000  0.0000 -0.0000
    2   6.7546 THz   0.0000  0.0000 -0.0000  0.0000  0.0000  0.0000  0.0000 -0.0000 -0.0000 -0.0000 -1.0000  0.0000
    3   9.1666 THz   0.0000  0.0000 -0.0000 -0.0000  1.0000 -0.0000 -0.0000  0.0000 -0.0000  0.0000  0.0000 -0.0000
    4  12.7837 THz   0.0000  0.0000 -0.9067  0.0000 -0.0000  0.0000 -0.4217  0.0000 -0.0000  0.0000  0.0000  0.0000
    5  12.7837 THz   0.9067  0.0000  0.0000  0.0000  0.0000  0.0000 -0.0000 -0.0000  0.4217  0.0000 -0.0000  0.0000


 Q= -0.179280  0.000000 -0.179280, q= -0.500000  0.000000 -0.500000

                       Al X   0        Al Y   0        Al Z   0        Ni X   1        Ni Y   1        Ni Z   1     
                    --------------- --------------- --------------- --------------- --------------- ---------------
    0   4.4466 THz   0.4217  0.0000  0.0000  0.0000  0.0000  0.0000 -0.0000 -0.0000 -0.0000 -0.0000 -0.9067 -0.0000
    1   4.4466 THz   0.0000  0.0000 -0.0000 -0.0000  0.4217 -0.0000 -0.9067  0.0000 -0.0000  0.0000  0.0000 -0.0000
    2   6.7546 THz   0.0000  0.0000  0.0000  0.0000 -0.0000 -0.0000  0.0000  0.0000 -1.0000 -0.0000  0.0000 -0.0000
    3   9.1666 THz   0.0000  0.0000  1.0000 -0.0000 -0.0000 -0.0000 -0.0000  0.0000  0.0000  0.0000 -0.0000  0.0000
    4  12.7837 THz   0.0000  0.0000 -0.0000  0.0000 -0.9067 -0.0000 -0.4217 -0.0000 -0.0000  0.0000 -0.0000 -0.0000
    5  12.7837 THz   0.9067  0.0000  0.0000  0.0000  0.0000  0.0000  0.0000  0.0000  0.0000  0.0000  0.4217  0.0000


 Q= -0.179280  0.000000  0.000000, q= -0.500000  0.000000  0.000000

                       Al X   0        Al Y   0        Al Z   0        Ni X   1        Ni Y   1        Ni Z   1     
                    --------------- --------------- --------------- --------------- --------------- ---------------
    0   6.0962 THz   0.0000  0.0000 -0.0000 -0.0000  0.0000  0.0000 -0.0000  0.0000  0.0026 -0.0236 -0.1075  0.9939
    1   6.0962 THz   0.0000  0.0000 -0.0000  0.0000  0.0000  0.0000 -0.0000  0.0000 -0.0000  0.9997 -0.0000  0.0238
    2   7.3668 THz   0.0000  0.0000  0.0000 -0.0000 -0.0000 -0.0000 -0.7490 -0.6626  0.0000  0.0000  0.0000  0.0000
    3   9.4121 THz   0.0000  0.0000 -0.0000  0.0000 -0.9929  0.1194  0.0000  0.0000  0.0000  0.0000  0.0000  0.0000
    4   9.4121 THz   0.0000  0.0000  1.0000 -0.0000 -0.0000 -0.0000  0.0000  0.0000 -0.0000  0.0000 -0.0000  0.0000
    5  12.3839 THz   1.0000  0.0000  0.0000  0.0000  0.0000  0.0000  0.0000  0.0000  0.0000  0.0000  0.0000  0.0000


 Q= -0.089640 -0.089640 -0.089640, q= -0.250000 -0.250000 -0.250000

                       Al X   0        Al Y   0        Al Z   0        Ni X   1        Ni Y   1        Ni Z   1     
                    --------------- --------------- --------------- --------------- --------------- ---------------
    0   4.2364 THz  -0.2363  0.0000  0.2706  0.0000 -0.0343 -0.0000 -0.6107  0.0000  0.6993 -0.0000 -0.0886 -0.0000
    1   4.2364 THz   0.1761  0.0000  0.1167  0.0000 -0.2927 -0.0000  0.4549 -0.0000  0.3014  0.0000 -0.7563  0.0000
    2   6.1439 THz   0.1690  0.0000  0.1690 -0.0000  0.1690 -0.0000 -0.5521 -0.0000 -0.5521 -0.0000 -0.5521 -0.0000
    3  11.1850 THz   0.6830  0.0000 -0.6331 -0.0000 -0.0499  0.0000 -0.2643  0.0000  0.2450  0.0000  0.0193 -0.0000
    4  11.1850 THz   0.3367  0.0000  0.4231  0.0000 -0.7598 -0.0000 -0.1303  0.0000 -0.1638 -0.0000  0.2941  0.0000
    5  11.3196 THz   0.5521  0.0000  0.5521  0.0000  0.5521  0.0000  0.1690  0.0000  0.1690  0.0000  0.1690  0.0000


 Q= -0.089640 -0.089640  0.089640, q= -0.250000 -0.250000  0.250000

                       Al X   0        Al Y   0        Al Z   0        Ni X   1        Ni Y   1        Ni Z   1     
                    --------------- --------------- --------------- --------------- --------------- ---------------
    0   4.2364 THz   0.0764  0.0000  0.2083 -0.0000  0.2847 -0.0000  0.1974  0.0000  0.5382 -0.0000  0.7356 -0.0000
    1   4.2364 THz  -0.2846  0.0000  0.2085 -0.0000 -0.0761 -0.0000 -0.7354 -0.0000  0.5387  0.0000 -0.1967 -0.0000
    2   6.1439 THz  -0.1690  0.0000 -0.1690 -0.0000  0.1690 -0.0000  0.5521 -0.0000  0.5521 -0.0000 -0.5521  0.0000
    3  11.1850 THz   0.1524  0.0000  0.5699 -0.0000  0.7223 -0.0000 -0.0590 -0.0000 -0.2206  0.0000 -0.2796  0.0000
    4  11.1850 THz   0.7460  0.0000 -0.5050  0.0000  0.2410  0.0000 -0.2887 -0.0000  0.1955  0.0000 -0.0933 -0.0000
    5  11.3196 THz   0.5521  0.0000  0.5521 -0.0000 -0.5521 -0.0000  0.1690 -0.0000  0.1690 -0.0000 -0.1690  0.0000


 Q= -0.089640  0.089640 -0.089640, q= -0.250000  0.250000 -0.250000

                       Al X   0        Al Y   0        Al Z   0        Ni X   1        Ni Y   1        Ni Z   1     
                    --------------- --------------- --------------- --------------- --------------- ---------------
    0   4.2364 THz   0.2945  0.0000  0.1372 -0.0000 -0.1572  0.0000  0.7609 -0.0000  0.3546 -0.0000 -0.4063 -0.0000
    1   4.2364 THz  -0.0116  0.0000 -0.2608 -0.0000 -0.2493 -0.0000 -0.0299  0.0000 -0.6739 -0.0000 -0.6440 -0.0000
    2   6.1439 THz   0.1690  0.0000 -0.1690  0.0000  0.1690 -0.0000 -0.5521  0.0000  0.5521 -0.0000 -0.5521  0.0000
    3  11.1850 THz   0.4389  0.0000  0.7583  0.0000  0.3195 -0.0000 -0.1699 -0.0000 -0.2935 -0.0000 -0.1236 -0.0000
    4  11.1850 THz   0.6223  0.0000 -0.0689  0.0000 -0.6912 -0.0000 -0.2408 -0.0000  0.0267  0.0000  0.2675  0.0000
    5  11.3196 THz   0.5521  0.0000 -0.5521 -0.0000  0.5521  0.0000  0.1690  0.0000 -0.1690  0.0000  0.1690  0.0000


 Q= -0.089640  0.089640  0.089640, q= -0.250000  0.250000  0.250000

                       Al X   0        Al Y   0        Al Z   0        Ni X   1        Ni Y   1        Ni Z   1     
                    --------------- --------------- --------------- --------------- --------------- ---------------
    0   4.2364 THz   0.0000  0.0000  0.2552 -0.0000 -0.2552  0.0000  0.0000 -0.0000  0.6594 -0.0000 -0.6594  0.0000
    1   4.2364 THz   0.2947  0.0000  0.1474 -0.0000  0.1474 -0.0000  0.7615 -0.0000  0.3807  0.0000  0.3807  0.0000
    2   6.1439 THz   0.1690  0.0000 -0.1690  0.0000 -0.1690  0.0000 -0.5521  0.0000  0.5521  0.0000  0.5521  0.0000
    3  11.1850 THz   0.0000  0.0000  0.6594 -0.0000 -0.6594  0.0000  0.0000 -0.0000 -0.2552  0.0000  0.2552 -0.0000
    4  11.1850 THz   0.7615  0.0000  0.3807  0.0000  0.3807  0.0000 -0.2947 -0.0000 -0.1474 -0.0000 -0.1474  0.0000
    5  11.3196 THz   0.5521  0.0000 -0.5521 -0.0000 -0.5521 -0.0000  0.1690  0.0000 -0.1690  0.0000 -0.1690 -0.0000


 Q=  0.000000 -0.179280 -0.179280, q=  0.000000 -0.500000 -0.500000

                       Al X   0        Al Y   0        Al Z   0        Ni X   1        Ni Y   1        Ni Z   1     
                    --------------- --------------- --------------- --------------- --------------- ---------------
    0   4.4466 THz   0.0000  0.0000 -0.3701  0.0000  0.2022 -0.0000  0.0000  0.0000 -0.4347  0.0000  0.7957 -0.0000
    1   4.4466 THz   0.0000  0.0000 -0.2022  0.0000 -0.3701  0.0000  0.0000 -0.0000  0.7957 -0.0000  0.4347 -0.0000
    2   6.7546 THz   0.0000  0.0000 -0.0000 -0.0000 -0.0000 -0.0000 -1.0000 -0.0000 -0.0000  0.0000  0.0000 -0.0000
    3   9.1666 THz   1.0000  0.0000  0.0000  0.0000  0.0000  0.0000  0.0000  0.0000  0.0000  0.0000  0.0000  0.0000
    4  12.7837 THz   0.0000  0.0000  0.1505 -0.0000  0.8942 -0.0000 -0.0000  0.0000  0.4159 -0.0000  0.0700 -0.0000
    5  12.7837 THz   0.0000  0.0000 -0.8942  0.0000  0.1505 -0.0000  0.0000 -0.0000  0.0700 -0.0000 -0.4159  0.0000


 Q=  0.000000 -0.179280  0.000000, q=  0.000000 -0.500000  0.000000

                       Al X   0        Al Y   0        Al Z   0        Ni X   1        Ni Y   1        Ni Z   1     
                    --------------- --------------- --------------- --------------- --------------- ---------------
    0   6.0962 THz   0.0000  0.0000 -0.0000 -0.0000 -0.0000  0.0000  0.4256  0.2568  0.0000  0.0000 -0.2198  0.8394
    1   6.0962 THz   0.0000  0.0000  0.0000  0.0000 -0.0000 -0.0000  0.8323  0.2454  0.0000  0.0000  0.0000 -0.4971
    2   7.3668 THz   0.0000  0.0000 -0.0000  0.0000 -0.0000 -0.0000 -0.0000 -0.0000  0.0000  1.0000  0.0000 -0.0000
    3   9.4121 THz   1.0000  0.0000  0.0000  0.0000  0.0000  0.0000  0.0000  0.0000  0.0000  0.0000  0.0000  0.0000
    4   9.4121 THz   0.0000  0.0000 -0.0000  0.0000  0.9983 -0.0579  0.0000  0.0000  0.0000  0.0000 -0.0000  0.0000
    5  12.3839 THz   0.0000  0.0000 -1.0000 -0.0000  0.0000 -0.0000 -0.0000 -0.0000  0.0000 -0.0000  0.0000  0.0000


 Q=  0.000000  0.000000 -0.179280, q=  0.000000  0.000000 -0.500000

                       Al X   0        Al Y   0        Al Z   0        Ni X   1        Ni Y   1        Ni Z   1     
                    --------------- --------------- --------------- --------------- --------------- ---------------
    0   6.0962 THz   0.0000  0.0000  0.0000 -0.0000 -0.0000  0.0000 -0.7397  0.4290  0.3476 -0.3847 -0.0000  0.0000
    1   6.0962 THz   0.0000  0.0000 -0.0000  0.0000  0.0000 -0.0000 -0.3765 -0.3565 -0.7709 -0.3701  0.0000 -0.0000
    2   7.3668 THz   0.0000  0.0000 -0.0000  0.0000 -0.0000 -0.0000 -0.0000  0.0000 -0.0000  0.0000 -0.0000  1.0000
    3   9.4121 THz   1.0000  0.0000  0.0000  0.0000  0.0000  0.0000  0.0000  0.0000  0.0000  0.0000  0.0000  0.0000
    4   9.4121 THz   0.0000  0.0000 -1.0000  0.0000 -0.0000 -0.0000 -0.0000  0.0000  0.0000 -0.0000  0.0000 -0.0000
    5  12.3839 THz   0.0000  0.0000 -0.0000  0.0000  0.9869  0.1613  0.0000  0.0000  0.0000 -0.0000  0.0000  0.0000


 Q=  0.000000  0.000000  0.000000, q=  0.000000  0.000000  0.000000

                       Al X   0        Al Y   0        Al Z   0        Ni X   1        Ni Y   1        Ni Z   1     
                    --------------- --------------- --------------- --------------- --------------- ---------------
    0   0.0000 THz   0.0000  0.0000 -0.4718  0.0000 -0.3038  0.0000  0.0000  0.0000 -0.6959  0.0000 -0.4481  0.0000
    1   0.0000 THz  -0.5612  0.0000  0.0000  0.0000 -0.0000  0.0000 -0.8277  0.0000 -0.0000  0.0000  0.0000  0.0000
    2   0.0000 THz   0.0000  0.0000 -0.3038  0.0000  0.4718  0.0000  0.0000  0.0000 -0.4481  0.0000  0.6959  0.0000
    3  10.6362 THz   0.0000  0.0000  0.0003  0.0000  0.8277  0.0000 -0.0000  0.0000 -0.0002  0.0000 -0.5612  0.0000
    4  10.6362 THz   0.8277  0.0000  0.0000  0.0000 -0.0000  0.0000 -0.5612  0.0000 -0.0000  0.0000  0.0000  0.0000
    5  10.6362 THz  -0.0000 -0.0000 -0.8277 -0.0000  0.0003 -0.0000  0.0000 -0.0000  0.5612 -0.0000 -0.0002 -0.0000


 Q=  0.089640 -0.089640 -0.089640, q=  0.250000 -0.250000 -0.250000

                       Al X   0        Al Y   0        Al Z   0        Ni X   1        Ni Y   1        Ni Z   1     
                    --------------- --------------- --------------- --------------- --------------- ---------------
    0   4.2364 THz   0.0000  0.0000  0.2552  0.0000 -0.2552 -0.0000  0.0000  0.0000  0.6594  0.0000 -0.6594 -0.0000
    1   4.2364 THz   0.2947  0.0000  0.1474  0.0000  0.1474  0.0000  0.7615  0.0000  0.3807 -0.0000  0.3807 -0.0000
    2   6.1439 THz   0.1690  0.0000 -0.1690 -0.0000 -0.1690 -0.0000 -0.5521 -0.0000  0.5521 -0.0000  0.5521 -0.0000
    3  11.1850 THz   0.0000  0.0000  0.6594  0.0000 -0.6594 -0.0000  0.0000  0.0000 -0.2552 -0.0000  0.2552  0.0000
    4  11.1850 THz   0.7615  0.0000  0.3807 -0.0000  0.3807 -0.0000 -0.2947  0.0000 -0.1474  0.0000 -0.1474 -0.0000
    5  11.3196 THz   0.5521  0.0000 -0.5521  0.0000 -0.5521  0.0000  0.1690 -0.0000 -0.1690 -0.0000 -0.1690  0.0000


 Q=  0.089640 -0.089640  0.089640, q=  0.250000 -0.250000  0.250000

                       Al X   0        Al Y   0        Al Z   0        Ni X   1        Ni Y   1        Ni Z   1     
                    --------------- --------------- --------------- --------------- --------------- ---------------
    0   4.2364 THz   0.2945  0.0000  0.1372  0.0000 -0.1572 -0.0000  0.7609  0.0000  0.3546  0.0000 -0.4063  0.0000
    1   4.2364 THz  -0.0116  0.0000 -0.2608  0.0000 -0.2493  0.0000 -0.0299 -0.0000 -0.6739  0.0000 -0.6440  0.0000
    2   6.1439 THz   0.1690  0.0000 -0.1690 -0.0000  0.1690  0.0000 -0.5521 -0.0000  0.5521  0.0000 -0.5521 -0.0000
    3  11.1850 THz   0.4389  0.0000  0.7583 -0.0000  0.3195  0.0000 -0.1699  0.0000 -0.2935  0.0000 -0.1236  0.0000
    4  11.1850 THz   0.6223  0.0000 -0.0689 -0.0000 -0.6912  0.0000 -0.2408  0.0000  0.0267 -0.0000  0.2675 -0.0000
    5  11.3196 THz   0.5521  0.0000 -0.5521  0.0000  0.5521 -0.0000  0.1690 -0.0000 -0.1690 -0.0000  0.1690 -0.0000


 Q=  0.089640  0.089640 -0.089640, q=  0.250000  0.250000 -0.250000

                       Al X   0        Al Y   0        Al Z   0        Ni X   1        Ni Y   1        Ni Z   1     
                    --------------- --------------- --------------- --------------- --------------- ---------------
    0   4.2364 THz   0.0764  0.0000  0.2083  0.0000  0.2847  0.0000  0.1974 -0.0000  0.5382  0.0000  0.7356  0.0000
    1   4.2364 THz  -0.2846  0.0000  0.2085  0.0000 -0.0761  0.0000 -0.7354  0.0000  0.5387 -0.0000 -0.1967  0.0000
    2   6.1439 THz  -0.1690  0.0000 -0.1690  0.0000  0.1690  0.0000  0.5521  0.0000  0.5521  0.0000 -0.5521 -0.0000
    3  11.1850 THz   0.1524  0.0000  0.5699  0.0000  0.7223  0.0000 -0.0590  0.0000 -0.2206 -0.0000 -0.2796 -0.0000
    4  11.1850 THz   0.7460  0.0000 -0.5050 -0.0000  0.2410 -0.0000 -0.2887  0.0000  0.1955 -0.0000 -0.0933  0.0000
    5  11.3196 THz   0.5521  0.0000  0.5521  0.0000 -0.5521  0.0000  0.1690  0.0000  0.1690  0.0000 -0.1690 -0.0000


 Q=  0.089640  0.089640  0.089640, q=  0.250000  0.250000  0.250000

                       Al X   0        Al Y   0        Al Z   0        Ni X   1        Ni Y   1        Ni Z   1     
                    --------------- --------------- --------------- --------------- --------------- ---------------
    0   4.2364 THz  -0.2363  0.0000  0.2706 -0.0000 -0.0343  0.0000 -0.6107 -0.0000  0.6993  0.0000 -0.0886  0.0000
    1   4.2364 THz   0.1761  0.0000  0.1167 -0.0000 -0.2927  0.0000  0.4549  0.0000  0.3014 -0.0000 -0.7563 -0.0000
    2   6.1439 THz   0.1690  0.0000  0.1690  0.0000  0.1690  0.0000 -0.5521  0.0000 -0.5521  0.0000 -0.5521  0.0000
    3  11.1850 THz   0.6830  0.0000 -0.6331  0.0000 -0.0499 -0.0000 -0.2643 -0.0000  0.2450 -0.0000  0.0193  0.0000
    4  11.1850 THz   0.3367  0.0000  0.4231 -0.0000 -0.7598  0.0000 -0.1303 -0.0000 -0.1638  0.0000  0.2941 -0.0000
    5  11.3196 THz   0.5521  0.0000  0.5521 -0.0000  0.5521 -0.0000  0.1690 -0.0000  0.1690 -0.0000  0.1690 -0.0000
