
Used Primitive lattice vector

    3.434561000000      0.000000000000      0.000000000000  
    0.000000000000      3.434561000000      0.000000000000  
    0.000000000000      0.000000000000      3.434561000000  

   4 Atom(s) in the Primitive cell

 0.0000000000 0.0000000000 0.0000000000 Al    0
 0.5000000000 0.5000000000 0.0000000000 Ni    1
 0.5000000000 0.0000000000 0.5000000000 Ni    2
 0.0000000000 0.5000000000 0.5000000000 Ni    3


 Q= -0.145579 -0.145579 -0.145579, q= -0.500000 -0.500000 -0.500000

                       Al X   0        Al Y   0        Al Z   0        Ni X   1        Ni Y   1        Ni Z   1        Ni X   2        Ni Y   2        Ni Z   2        Ni X   3        Ni Y   3        Ni Z   3     
                    --------------- --------------- --------------- --------------- --------------- --------------- --------------- --------------- --------------- --------------- --------------- ---------------
    0   4.6427 THz   0.0000  0.0000  0.0000 -0.0000 -0.0000 -0.0000 -0.4213  0.0000  0.5468  0.0000  0.0000 -0.0000  0.1535 -0.0000  0.0000  0.0000 -0.5468 -0.0000 -0.0000  0.0000 -0.1535  0.0000  0.4213 -0.0000
    1   4.6427 THz   0.0000  0.0000  0.0000 -0.0000 -0.0000 -0.0000 -0.4967  0.0000 -0.4474 -0.0000  0.0000  0.0000  0.2306  0.0000 -0.0000 -0.0000  0.4474  0.0000 -0.0000  0.0000 -0.2306 -0.0000  0.4967 -0.0000
    2   4.6427 THz   0.0000  0.0000 -0.0000  0.0000  0.0000  0.0000  0.2754  0.0000  0.0296 -0.0000  0.0000  0.0000  0.6506  0.0000 -0.0000 -0.0000 -0.0296  0.0000  0.0000 -0.0000 -0.6506 -0.0000 -0.2754 -0.0000
    3   5.7436 THz   0.0000  0.0000  0.0000 -0.0000  0.0000  0.0000 -0.0000  0.0000 -0.0000 -0.0000  0.5982 -0.0000 -0.0000 -0.0000  0.1822 -0.0000  0.0000  0.0000 -0.7804  0.0000 -0.0000 -0.0000 -0.0000  0.0000
    4   5.7436 THz  -0.0000 -0.0000  0.0000 -0.0000 -0.0000 -0.0000 -0.0000  0.0000  0.0000 -0.0000  0.5558 -0.0000  0.0000 -0.0000 -0.7959  0.0000 -0.0000  0.0000  0.2402 -0.0000  0.0000  0.0000 -0.0000 -0.0000
    5   5.8499 THz   0.0000  0.0000  0.6099  0.0000 -0.1399 -0.0000 -0.5376 -0.0000  0.0000  0.0000 -0.0000  0.0000  0.1233  0.0000  0.0000 -0.0000 -0.0000 -0.0000 -0.0000 -0.0000  0.1233  0.0000 -0.5376 -0.0000
    6   5.8499 THz  -0.6257  0.0000  0.0000  0.0000  0.0000  0.0000 -0.0000  0.0000  0.5516  0.0000  0.0000  0.0000  0.0000 -0.0000  0.0000  0.0000  0.5516  0.0000  0.0000 -0.0000  0.0000  0.0000  0.0000  0.0000
    7   5.8499 THz   0.0000  0.0000 -0.1399 -0.0000 -0.6099 -0.0000  0.1233  0.0000  0.0000  0.0000  0.0000  0.0000  0.5376  0.0000  0.0000  0.0000 -0.0000 -0.0000 -0.0000 -0.0000  0.5376  0.0000  0.1233  0.0000
    8  10.8170 THz   0.0000  0.0000 -0.0000 -0.0000  0.0000  0.0000  0.0000  0.0000 -0.0000 -0.0000  0.5774 -0.0000  0.0000  0.0000  0.5774 -0.0000  0.0000 -0.0000  0.5774 -0.0000  0.0000  0.0000  0.0000 -0.0000
    9  12.5759 THz   0.0000  0.0000  0.7786 -0.0000  0.0472 -0.0000  0.4417 -0.0000 -0.0000  0.0000  0.0000 -0.0000  0.0268 -0.0000  0.0000 -0.0000 -0.0000  0.0000  0.0000 -0.0000  0.0268 -0.0000  0.4417 -0.0000
   10  12.5759 THz   0.7800  0.0000  0.0000  0.0000  0.0000  0.0000 -0.0000  0.0000  0.4425  0.0000  0.0000  0.0000  0.0000 -0.0000  0.0000  0.0000  0.4425  0.0000  0.0000 -0.0000  0.0000  0.0000  0.0000  0.0000
   11  12.5759 THz   0.0000  0.0000  0.0472  0.0000 -0.7786 -0.0000  0.0268  0.0000 -0.0000  0.0000  0.0000 -0.0000 -0.4417 -0.0000 -0.0000  0.0000  0.0000 -0.0000  0.0000 -0.0000 -0.4417 -0.0000  0.0268  0.0000


 Q= -0.145579 -0.145579  0.000000, q= -0.500000 -0.500000  0.000000

                       Al X   0        Al Y   0        Al Z   0        Ni X   1        Ni Y   1        Ni Z   1        Ni X   2        Ni Y   2        Ni Z   2        Ni X   3        Ni Y   3        Ni Z   3     
                    --------------- --------------- --------------- --------------- --------------- --------------- --------------- --------------- --------------- --------------- --------------- ---------------
    0   4.7965 THz   0.0000  0.0000  0.0000 -0.0000  0.0000 -0.0000 -0.0000  0.0000  0.0000  0.0000 -0.0000 -0.0000  0.3299  0.6255  0.0000  0.0000 -0.0000 -0.0000 -0.0000 -0.0000 -0.3299 -0.6255  0.0000 -0.0000
    1   5.7530 THz  -0.4558  0.0000  0.0000  0.0000  0.0000  0.0000  0.0000  0.0000  0.8901  0.0000  0.0000  0.0000 -0.0000 -0.0000  0.0000  0.0000  0.0000  0.0000  0.0000  0.0000  0.0000  0.0000  0.0000  0.0000
    2   5.7530 THz   0.0000  0.0000  0.4558 -0.0000 -0.0000 -0.0000 -0.8901  0.0000  0.0000 -0.0000 -0.0000  0.0000 -0.0000 -0.0000 -0.0000 -0.0000 -0.0000 -0.0000  0.0000  0.0000  0.0000  0.0000 -0.0000 -0.0000
    3   5.7879 THz   0.0000  0.0000 -0.0000 -0.0000  0.0000 -0.0000  0.0000  0.0000 -0.0000 -0.0000  0.0000  0.0000  0.0000  0.0000 -0.5537 -0.4398 -0.0000 -0.0000  0.5537  0.4398  0.0000 -0.0000  0.0000 -0.0000
    4   7.0545 THz   0.0000  0.0000  0.0000  0.0000  0.0000 -0.0000 -0.0000 -0.0000 -0.0000 -0.0000 -0.0000  0.0000 -0.0000 -0.0000 -0.0000 -0.0000  0.9618  0.2736  0.0000  0.0000 -0.0000 -0.0000 -0.0018 -0.0014
    5   7.0545 THz   0.0000  0.0000 -0.0000  0.0000 -0.0000 -0.0000  0.0000 -0.0000  0.0000  0.0000 -0.0000  0.0000  0.0000  0.0000  0.0000  0.0000 -0.0022  0.0002 -0.0000 -0.0000  0.0000  0.0000 -0.9532 -0.3023
    6   7.8376 THz   0.0000  0.0000  0.0000  0.0000  0.0000  0.0000 -0.0000 -0.0000  0.0000 -0.0000  0.9496  0.3133  0.0000 -0.0000 -0.0000  0.0000  0.0000  0.0000 -0.0000  0.0000  0.0000 -0.0000 -0.0000 -0.0000
    7   9.2823 THz   0.0000  0.0000  0.0000 -0.0000  0.0000 -0.0000 -0.0000  0.0000  0.0000  0.0000  0.0000 -0.0000  0.3294  0.6257 -0.0000 -0.0000  0.0000  0.0000 -0.0000 -0.0000  0.3294  0.6257 -0.0000  0.0000
    8   9.3219 THz   0.0000  0.0000  0.0000  0.0000 -0.0000  0.0000 -0.0000  0.0000  0.0000 -0.0000 -0.0000  0.0000  0.0000  0.0000  0.5462  0.4490 -0.0000 -0.0000  0.5462  0.4490  0.0000  0.0000  0.0000 -0.0000
    9  11.0260 THz   0.0000  0.0000 -0.0000 -0.0000  0.9999 -0.0146 -0.0000  0.0000 -0.0000 -0.0000 -0.0000  0.0000  0.0000 -0.0000 -0.0000  0.0000 -0.0000 -0.0000 -0.0000  0.0000  0.0000 -0.0000 -0.0000  0.0000
   10  11.7478 THz   0.8901  0.0000  0.0000  0.0000  0.0000  0.0000  0.0000  0.0000  0.4558  0.0000  0.0000  0.0000 -0.0000 -0.0000  0.0000  0.0000  0.0000  0.0000  0.0000  0.0000  0.0000  0.0000  0.0000  0.0000
   11  11.7478 THz   0.0000  0.0000 -0.8901  0.0000 -0.0000  0.0000 -0.4558  0.0000  0.0000 -0.0000 -0.0000  0.0000 -0.0000 -0.0000 -0.0000 -0.0000  0.0000  0.0000 -0.0000 -0.0000 -0.0000 -0.0000  0.0000 -0.0000


 Q= -0.145579  0.000000 -0.145579, q= -0.500000  0.000000 -0.500000

                       Al X   0        Al Y   0        Al Z   0        Ni X   1        Ni Y   1        Ni Z   1        Ni X   2        Ni Y   2        Ni Z   2        Ni X   3        Ni Y   3        Ni Z   3     
                    --------------- --------------- --------------- --------------- --------------- --------------- --------------- --------------- --------------- --------------- --------------- ---------------
    0   4.7965 THz   0.0000  0.0000  0.0000  0.0000  0.0000 -0.0000 -0.3982 -0.5844  0.0000 -0.0000 -0.0000  0.0000 -0.0000 -0.0000 -0.0000  0.0000 -0.0000 -0.0000  0.0000 -0.0000 -0.0000 -0.0000  0.3982  0.5844
    1   5.7530 THz   0.0000  0.0000 -0.0000 -0.0000  0.4185  0.1806  0.0000  0.0000 -0.0000 -0.0000 -0.0000  0.0000 -0.8173 -0.3526 -0.0000 -0.0000  0.0000  0.0000  0.0000 -0.0000 -0.0000 -0.0000  0.0000 -0.0000
    2   5.7530 THz  -0.4558  0.0000  0.0000  0.0000  0.0000  0.0000 -0.0000 -0.0000  0.0000  0.0000  0.0000  0.0000  0.0000 -0.0000  0.0000  0.0000  0.8901  0.0000  0.0000  0.0000  0.0000  0.0000  0.0000  0.0000
    3   5.7879 THz   0.0000  0.0000 -0.0000 -0.0000 -0.0000 -0.0000  0.0000  0.0000  0.0000 -0.0000 -0.6816  0.1883  0.0000  0.0000 -0.0000 -0.0000  0.0000  0.0000  0.6816 -0.1883 -0.0000  0.0000 -0.0000 -0.0000
    4   7.0545 THz   0.0000  0.0000  0.0000 -0.0000  0.0000  0.0000 -0.0000  0.0000  0.6052  0.6459  0.0000  0.0000 -0.0000 -0.0000 -0.0000  0.0000  0.0000  0.0000 -0.0000 -0.0000  0.4471 -0.1289  0.0000 -0.0000
    5   7.0545 THz   0.0000  0.0000  0.0000  0.0000  0.0000 -0.0000  0.0000  0.0000  0.2099 -0.4153  0.0000 -0.0000 -0.0000  0.0000  0.0000  0.0000  0.0000 -0.0000 -0.0000  0.0000  0.5219  0.7149 -0.0000  0.0000
    6   7.8376 THz   0.0000  0.0000  0.0000 -0.0000  0.0000  0.0000 -0.0000 -0.0000  0.0000 -0.0000  0.0000 -0.0000  0.0000  0.0000 -0.2418 -0.9703 -0.0000 -0.0000  0.0000 -0.0000  0.0000  0.0000  0.0000  0.0000
    7   9.2823 THz   0.0000  0.0000 -0.0000 -0.0000 -0.0000  0.0000  0.3974  0.5848 -0.0000  0.0000 -0.0000  0.0000  0.0000  0.0000  0.0000 -0.0000  0.0000  0.0000 -0.0000  0.0000 -0.0000  0.0000  0.3974  0.5848
    8   9.3219 THz   0.0000  0.0000  0.0000  0.0000 -0.0000 -0.0000 -0.0000 -0.0000 -0.0000  0.0000 -0.6787  0.1984  0.0000 -0.0000 -0.0000 -0.0000  0.0000 -0.0000 -0.6787  0.1984 -0.0000  0.0000 -0.0000 -0.0000
    9  11.0260 THz   0.0000  0.0000 -1.0000 -0.0000 -0.0000  0.0000 -0.0000 -0.0000  0.0000  0.0000 -0.0000  0.0000 -0.0000  0.0000 -0.0000  0.0000 -0.0000  0.0000 -0.0000  0.0000  0.0000  0.0000 -0.0000 -0.0000
   10  11.7478 THz   0.0000  0.0000 -0.0000  0.0000  0.8847 -0.0980  0.0000  0.0000 -0.0000  0.0000 -0.0000  0.0000  0.4530 -0.0502  0.0000 -0.0000 -0.0000 -0.0000 -0.0000  0.0000 -0.0000 -0.0000  0.0000  0.0000
   11  11.7478 THz   0.8901  0.0000  0.0000  0.0000  0.0000  0.0000 -0.0000 -0.0000  0.0000  0.0000  0.0000  0.0000  0.0000 -0.0000  0.0000  0.0000  0.4558  0.0000  0.0000  0.0000  0.0000  0.0000  0.0000  0.0000


 Q= -0.145579  0.000000  0.000000, q= -0.500000  0.000000  0.000000

                       Al X   0        Al Y   0        Al Z   0        Ni X   1        Ni Y   1        Ni Z   1        Ni X   2        Ni Y   2        Ni Z   2        Ni X   3        Ni Y   3        Ni Z   3     
                    --------------- --------------- --------------- --------------- --------------- --------------- --------------- --------------- --------------- --------------- --------------- ---------------
    0   5.3376 THz   0.0000  0.0000  0.0000 -0.0000  0.0000 -0.0000 -0.0000 -0.0000  0.0000 -0.0000 -0.6619 -0.0265  0.0000  0.0000  0.0000 -0.0000 -0.7485 -0.0299 -0.0000 -0.0000  0.0000 -0.0000  0.0000 -0.0000
    1   5.3376 THz   0.0000  0.0000 -0.0000 -0.0000  0.0000 -0.0000 -0.0000  0.0000  0.0000  0.7491 -0.0000 -0.0000  0.0000 -0.0000  0.0000  0.6625 -0.0000 -0.0000  0.0000  0.0000 -0.0000 -0.0000  0.0000 -0.0000
    2   6.2716 THz   0.0000  0.0000  0.3889 -0.0000 -0.0480  0.0044 -0.0000 -0.0000  0.0000 -0.0000 -0.0000 -0.0000  0.0000 -0.0000  0.0000  0.0000  0.0000  0.0000  0.0000 -0.0000  0.9130 -0.0000 -0.1127  0.0103
    3   6.2716 THz   0.0000  0.0000 -0.0482  0.0000 -0.3873  0.0353  0.0000  0.0000 -0.0000  0.0000 -0.0000 -0.0000 -0.0000  0.0000 -0.0000  0.0000 -0.0000 -0.0000 -0.0000  0.0000 -0.1132  0.0000 -0.9093  0.0829
    4   7.1172 THz  -0.0000 -0.0000 -0.0000  0.0000  0.0000  0.0000  0.0000  0.7071 -0.0000 -0.0000 -0.0000 -0.0000 -0.0000 -0.7071 -0.0000 -0.0000 -0.0000 -0.0000  0.0000  0.0000 -0.0000  0.0000  0.0000  0.0000
    5   7.6228 THz   0.0000  0.0000  0.0000  0.0000  0.0000 -0.0000  0.0062  0.7071  0.0000 -0.0000  0.0000  0.0000  0.0062  0.7071  0.0000  0.0000 -0.0000 -0.0000 -0.0000  0.0000  0.0000  0.0000 -0.0000  0.0000
    6   7.8702 THz  -0.0842  0.0000  0.0000  0.0000  0.0000  0.0000 -0.0000  0.0000  0.0000  0.0000  0.0000  0.0000 -0.0000  0.0000  0.0000  0.0000  0.0000  0.0000  0.9965  0.0000  0.0000  0.0000  0.0000  0.0000
    7   9.1951 THz   0.0000  0.0000  0.0000 -0.0000  0.0000 -0.0000 -0.0000 -0.0000  0.0000 -0.0194  0.7488 -0.0037  0.0000 -0.0000 -0.0000  0.0220 -0.6622  0.0033  0.0000 -0.0000  0.0000 -0.0000 -0.0000  0.0000
    8   9.1951 THz   0.0000  0.0000  0.0000  0.0000  0.0000  0.0000 -0.0000  0.0000 -0.0000  0.6622  0.0220 -0.0001 -0.0000  0.0000  0.0000 -0.7488 -0.0194  0.0001 -0.0000  0.0000  0.0000  0.0000 -0.0000  0.0000
    9  11.2927 THz   0.9965  0.0000  0.0000  0.0000  0.0000  0.0000 -0.0000  0.0000  0.0000  0.0000  0.0000  0.0000 -0.0000  0.0000  0.0000  0.0000  0.0000  0.0000  0.0842  0.0000  0.0000  0.0000  0.0000  0.0000
   10  11.3059 THz   0.0000  0.0000  0.8878 -0.0000 -0.2412 -0.0031 -0.0000 -0.0000 -0.0000  0.0000  0.0000  0.0000  0.0000  0.0000  0.0000  0.0000 -0.0000 -0.0000  0.0000  0.0000 -0.3781 -0.0000  0.1027  0.0013
   11  11.3059 THz   0.0000  0.0000 -0.2412 -0.0000 -0.8878 -0.0114 -0.0000 -0.0000 -0.0000  0.0000  0.0000  0.0000 -0.0000  0.0000 -0.0000  0.0000 -0.0000 -0.0000 -0.0000 -0.0000  0.1028  0.0000  0.3781  0.0048


 Q=  0.000000 -0.145579 -0.145579, q=  0.000000 -0.500000 -0.500000

                       Al X   0        Al Y   0        Al Z   0        Ni X   1        Ni Y   1        Ni Z   1        Ni X   2        Ni Y   2        Ni Z   2        Ni X   3        Ni Y   3        Ni Z   3     
                    --------------- --------------- --------------- --------------- --------------- --------------- --------------- --------------- --------------- --------------- --------------- ---------------
    0   4.7965 THz   0.0000  0.0000 -0.0000 -0.0000 -0.0000  0.0000 -0.0000  0.0000 -0.0000 -0.7071  0.0000  0.0000  0.0000  0.0000  0.0000  0.0000  0.0000  0.7071  0.0000 -0.0000  0.0000 -0.0000  0.0000  0.0000
    1   5.7530 THz   0.0000  0.0000 -0.0536  0.0778 -0.3763  0.2392 -0.0000 -0.0000  0.0000  0.0000 -0.0000 -0.0000  0.0000 -0.0000  0.0000  0.0000 -0.0000 -0.0000  0.0000  0.0000  0.7349 -0.4671  0.1046 -0.1520
    2   5.7530 THz   0.0000  0.0000 -0.2187 -0.3886  0.0104  0.0939 -0.0000  0.0000 -0.0000  0.0000  0.0000  0.0000  0.0000  0.0000 -0.0000 -0.0000  0.0000 -0.0000  0.0000 -0.0000 -0.0204 -0.1834  0.4271  0.7588
    3   5.7879 THz   0.0000  0.0000  0.0000  0.0000 -0.0000  0.0000 -0.0000 -0.0000 -0.0000 -0.0000  0.2655  0.6554 -0.0000  0.0000 -0.2655 -0.6554  0.0000  0.0000  0.0000  0.0000  0.0000 -0.0000 -0.0000 -0.0000
    4   7.0545 THz   0.0000  0.0000  0.0000 -0.0000 -0.0000  0.0000  0.6760 -0.2934 -0.0000  0.0000 -0.0000 -0.0000  0.6760  0.0000  0.0000 -0.0000 -0.0000  0.0000 -0.0000  0.0000 -0.0000 -0.0000 -0.0000  0.0000
    5   7.0545 THz   0.0000  0.0000  0.0000  0.0000  0.0000 -0.0000 -0.6519  0.1788  0.0000 -0.0000 -0.0000 -0.0000  0.7295  0.1042  0.0000 -0.0000  0.0000 -0.0000  0.0000  0.0000 -0.0000  0.0000 -0.0000 -0.0000
    6   7.8376 THz   0.0000  0.0000  0.0000 -0.0000 -0.0000  0.0000 -0.0000  0.0000  0.0000 -0.0000  0.0000 -0.0000 -0.0000 -0.0000 -0.0000 -0.0000  0.0000  0.0000 -0.9010  0.4339 -0.0000 -0.0000  0.0000  0.0000
    7   9.2823 THz   0.0000  0.0000 -0.0000 -0.0000 -0.0000 -0.0000  0.0000 -0.0000 -0.0000 -0.7071 -0.0000 -0.0000  0.0000  0.0000 -0.0000 -0.0000 -0.0000 -0.7071  0.0000 -0.0000 -0.0000 -0.0000 -0.0000 -0.0000
    8   9.3219 THz   0.0000  0.0000 -0.0000  0.0000  0.0000  0.0000 -0.0000  0.0000 -0.0000  0.0000  0.0029  0.7071  0.0000  0.0000  0.0029  0.7071  0.0000 -0.0000 -0.0000  0.0000 -0.0000 -0.0000 -0.0000 -0.0000
    9  11.0260 THz   1.0000  0.0000  0.0000  0.0000  0.0000  0.0000  0.0000  0.0000  0.0000  0.0000  0.0000  0.0000  0.0000  0.0000  0.0000  0.0000  0.0000  0.0000  0.0000  0.0000  0.0000  0.0000  0.0000  0.0000
   10  11.7478 THz   0.0000  0.0000 -0.6869 -0.3285 -0.4172  0.1960 -0.0000  0.0000  0.0000  0.0000  0.0000  0.0000 -0.0000  0.0000  0.0000  0.0000  0.0000  0.0000  0.0000 -0.0000 -0.2136  0.1004 -0.3517 -0.1682
   11  11.7478 THz   0.0000  0.0000  0.0917 -0.4518  0.4819  0.5895  0.0000  0.0000 -0.0000 -0.0000 -0.0000 -0.0000 -0.0000 -0.0000  0.0000 -0.0000  0.0000 -0.0000 -0.0000 -0.0000  0.2467  0.3019  0.0469 -0.2313


 Q=  0.000000 -0.145579  0.000000, q=  0.000000 -0.500000  0.000000

                       Al X   0        Al Y   0        Al Z   0        Ni X   1        Ni Y   1        Ni Z   1        Ni X   2        Ni Y   2        Ni Z   2        Ni X   3        Ni Y   3        Ni Z   3     
                    --------------- --------------- --------------- --------------- --------------- --------------- --------------- --------------- --------------- --------------- --------------- ---------------
    0   5.3376 THz   0.0000  0.0000 -0.0000 -0.0000  0.0000  0.0000 -0.6929  0.2634 -0.0000 -0.0000  0.0955  0.0059  0.0000  0.0000  0.0000  0.0000  0.0000  0.0000 -0.6127  0.2330  0.0000  0.0000  0.1080  0.0067
    1   5.3376 THz   0.0000  0.0000 -0.0000 -0.0000 -0.0000 -0.0000 -0.1011  0.0384 -0.0000 -0.0000 -0.6543 -0.0407  0.0000  0.0000  0.0000  0.0000 -0.0000 -0.0000 -0.0894  0.0340  0.0000  0.0000 -0.7398 -0.0460
    2   6.2716 THz   0.0000  0.0000  0.0000  0.0000 -0.3906 -0.0311 -0.0000  0.0000  0.0000 -0.0000  0.0000  0.0000  0.0000 -0.0000 -0.0000 -0.0000 -0.9171 -0.0731 -0.0000  0.0000 -0.0000  0.0000  0.0000  0.0000
    3   6.2716 THz  -0.3919  0.0000  0.0000  0.0000  0.0000  0.0000 -0.0000  0.0000  0.0000  0.0000  0.0000  0.0000 -0.9200  0.0000  0.0000  0.0000  0.0000  0.0000  0.0000  0.0000  0.0000  0.0000  0.0000  0.0000
    4   7.1172 THz   0.0000  0.0000  0.0000 -0.0000 -0.0000  0.0000 -0.0000 -0.0000 -0.0000  0.7071 -0.0000  0.0000  0.0000  0.0000 -0.0000  0.0000 -0.0000  0.0000 -0.0000 -0.0000  0.0000 -0.7071 -0.0000 -0.0000
    5   7.6228 THz   0.0000  0.0000  0.0000 -0.0000 -0.0000 -0.0000  0.0000  0.0000  0.0000  0.7071 -0.0000 -0.0000  0.0000 -0.0000 -0.0000  0.0000  0.0000  0.0000 -0.0000 -0.0000  0.0000  0.7071  0.0000 -0.0000
    6   7.8702 THz   0.0000  0.0000 -0.0842  0.0000  0.0000 -0.0000  0.0000 -0.0000 -0.0000  0.0000 -0.0000  0.0000  0.0000  0.0000  0.9965 -0.0000 -0.0000  0.0000  0.0000 -0.0000 -0.0000 -0.0000  0.0000 -0.0000
    7   9.1951 THz   0.0000  0.0000 -0.0000 -0.0000 -0.0000 -0.0000  0.0051 -0.0013 -0.0000  0.0000  0.7476 -0.0461 -0.0000 -0.0000  0.0000  0.0000 -0.0000 -0.0000 -0.0058  0.0014  0.0000  0.0000 -0.6612  0.0408
    8   9.1951 THz   0.0000  0.0000  0.0000 -0.0000  0.0000  0.0000 -0.6429  0.1596  0.0000  0.0000  0.0059 -0.0004  0.0000  0.0000 -0.0000  0.0000 -0.0000 -0.0000  0.7270 -0.1805  0.0000 -0.0000 -0.0053  0.0003
    9  11.2927 THz   0.0000  0.0000  0.9965  0.0000 -0.0000  0.0000  0.0000  0.0000 -0.0000  0.0000 -0.0000  0.0000  0.0000 -0.0000  0.0842  0.0000  0.0000 -0.0000 -0.0000 -0.0000 -0.0000  0.0000  0.0000 -0.0000
   10  11.3059 THz   0.0000  0.0000  0.0000 -0.0000  0.6985 -0.5988  0.0000 -0.0000  0.0000 -0.0000 -0.0000  0.0000 -0.0000  0.0000 -0.0000  0.0000 -0.2975  0.2550  0.0000 -0.0000  0.0000  0.0000  0.0000 -0.0000
   11  11.3059 THz   0.9200  0.0000  0.0000  0.0000  0.0000  0.0000 -0.0000  0.0000  0.0000  0.0000  0.0000  0.0000 -0.3919  0.0000  0.0000  0.0000  0.0000  0.0000  0.0000  0.0000  0.0000  0.0000  0.0000  0.0000


 Q=  0.000000  0.000000 -0.145579, q=  0.000000  0.000000 -0.500000

                       Al X   0        Al Y   0        Al Z   0        Ni X   1        Ni Y   1        Ni Z   1        Ni X   2        Ni Y   2        Ni Z   2        Ni X   3        Ni Y   3        Ni Z   3     
                    --------------- --------------- --------------- --------------- --------------- --------------- --------------- --------------- --------------- --------------- --------------- ---------------
    0   5.3376 THz   0.0000  0.0000  0.0000 -0.0000  0.0000 -0.0000  0.0000 -0.0000  0.0000 -0.0000  0.0000  0.0000 -0.7420  0.0983  0.0268 -0.0015  0.0000  0.0000 -0.6562  0.0870  0.0303 -0.0017  0.0000 -0.0000
    1   5.3376 THz   0.0000  0.0000  0.0000  0.0000 -0.0000  0.0000  0.0000 -0.0000  0.0000  0.0000  0.0000 -0.0000 -0.0301  0.0040 -0.6609  0.0374 -0.0000 -0.0000 -0.0266  0.0035 -0.7473  0.0423 -0.0000  0.0000
    2   6.2716 THz  -0.3919  0.0000  0.0000  0.0000  0.0000  0.0000 -0.9200  0.0000  0.0000  0.0000  0.0000  0.0000 -0.0000  0.0000  0.0000  0.0000  0.0000  0.0000  0.0000  0.0000  0.0000  0.0000  0.0000  0.0000
    3   6.2716 THz   0.0000  0.0000 -0.3919 -0.0000 -0.0000  0.0000 -0.0000 -0.0000 -0.9200 -0.0000 -0.0000 -0.0000 -0.0000  0.0000 -0.0000  0.0000  0.0000  0.0000 -0.0000  0.0000 -0.0000  0.0000  0.0000  0.0000
    4   7.1172 THz   0.0000  0.0000 -0.0000  0.0000  0.0000  0.0000  0.0000 -0.0000 -0.0000  0.0000 -0.0000 -0.0000  0.0000 -0.0000 -0.0000  0.0000  0.0000  0.7071 -0.0000  0.0000 -0.0000  0.0000 -0.0000 -0.7071
    5   7.6228 THz   0.0000  0.0000 -0.0000 -0.0000  0.0000  0.0000 -0.0000  0.0000 -0.0000 -0.0000 -0.0000 -0.0000  0.0000 -0.0000  0.0000  0.0000 -0.0000 -0.7071 -0.0000  0.0000  0.0000 -0.0000  0.0000 -0.7071
    6   7.8702 THz   0.0000  0.0000  0.0000 -0.0000  0.0809  0.0232  0.0000 -0.0000  0.0000  0.0000 -0.9580 -0.2742 -0.0000  0.0000  0.0000  0.0000  0.0000  0.0000  0.0000  0.0000  0.0000 -0.0000  0.0000  0.0000
    7   9.1951 THz   0.0000  0.0000 -0.0000  0.0000  0.0000  0.0000 -0.0000  0.0000 -0.0000 -0.0000 -0.0000 -0.0000  0.6592 -0.0651  0.0049 -0.0000  0.0000 -0.0000 -0.7454  0.0736 -0.0044  0.0000 -0.0000  0.0000
    8   9.1951 THz   0.0000  0.0000 -0.0000  0.0000 -0.0000 -0.0000  0.0000 -0.0000  0.0000  0.0000  0.0000 -0.0000 -0.0044  0.0004  0.7491 -0.0058  0.0000 -0.0000  0.0049 -0.0005 -0.6624  0.0052 -0.0000  0.0000
    9  11.2927 THz   0.0000  0.0000  0.0000  0.0000 -0.9964  0.0095 -0.0000 -0.0000 -0.0000 -0.0000 -0.0842  0.0008 -0.0000 -0.0000 -0.0000  0.0000  0.0000  0.0000 -0.0000  0.0000  0.0000 -0.0000  0.0000 -0.0000
   10  11.3059 THz   0.0000  0.0000  0.9200 -0.0000  0.0000 -0.0000  0.0000 -0.0000 -0.3919  0.0000  0.0000 -0.0000 -0.0000  0.0000  0.0000  0.0000 -0.0000 -0.0000 -0.0000  0.0000 -0.0000 -0.0000 -0.0000 -0.0000
   11  11.3059 THz   0.9200  0.0000  0.0000  0.0000  0.0000  0.0000 -0.3919  0.0000  0.0000  0.0000  0.0000  0.0000 -0.0000  0.0000  0.0000  0.0000  0.0000  0.0000  0.0000  0.0000  0.0000  0.0000  0.0000  0.0000


 Q=  0.000000  0.000000  0.000000, q=  0.000000  0.000000  0.000000

                       Al X   0        Al Y   0        Al Z   0        Ni X   1        Ni Y   1        Ni Z   1        Ni X   2        Ni Y   2        Ni Z   2        Ni X   3        Ni Y   3        Ni Z   3     
                    --------------- --------------- --------------- --------------- --------------- --------------- --------------- --------------- --------------- --------------- --------------- ---------------
    0   0.0000 THz   0.0000  0.0000 -0.2745  0.0000 -0.2398  0.0000  0.0000  0.0000 -0.4049  0.0000 -0.3537  0.0000 -0.0000  0.0000 -0.4049  0.0000 -0.3537  0.0000 -0.0000  0.0000 -0.4049  0.0000 -0.3537  0.0000
    1  -0.0000 THz  -0.3645  0.0000 -0.0000  0.0000  0.0000  0.0000 -0.5376  0.0000  0.0000  0.0000  0.0000  0.0000 -0.5376  0.0000  0.0000  0.0000  0.0000  0.0000 -0.5376  0.0000  0.0000  0.0000  0.0000  0.0000
    2  -0.0000 THz   0.0000  0.0000 -0.2398  0.0000  0.2745  0.0000 -0.0000  0.0000 -0.3537  0.0000  0.4049  0.0000 -0.0000  0.0000 -0.3537  0.0000  0.4049  0.0000  0.0000  0.0000 -0.3537  0.0000  0.4049  0.0000
    3   7.2760 THz   0.0000  0.0000  0.0000  0.0000 -0.0000  0.0000  0.1816  0.0000 -0.3415  0.0000 -0.0000  0.0000 -0.1816  0.0000 -0.0000  0.0000  0.5920  0.0000 -0.0000  0.0000  0.3415  0.0000 -0.5920  0.0000
    4   7.2760 THz   0.0000  0.0000 -0.0000  0.0000 -0.0000  0.0000  0.1553  0.0000  0.6171  0.0000  0.0000  0.0000 -0.1553  0.0000  0.0000  0.0000  0.3083  0.0000 -0.0000  0.0000 -0.6171  0.0000 -0.3083  0.0000
    5   7.2760 THz   0.0000  0.0000 -0.0000  0.0000  0.0000  0.0000  0.6655  0.0000 -0.0508  0.0000 -0.0000  0.0000 -0.6655  0.0000  0.0000  0.0000 -0.2335  0.0000  0.0000  0.0000  0.0508  0.0000  0.2335  0.0000
    6   8.4439 THz   0.5210  0.0000 -0.0000  0.0000  0.0000  0.0000  0.2206  0.0000  0.0000  0.0000  0.0000  0.0000  0.2206  0.0000  0.0000  0.0000  0.0000  0.0000 -0.7945  0.0000  0.0000  0.0000  0.0000  0.0000
    7   8.4439 THz   0.0000  0.0000  0.5210  0.0000  0.0091  0.0000  0.0000  0.0000  0.2206  0.0000 -0.0138  0.0000 -0.0000  0.0000 -0.7944  0.0000  0.0038  0.0000 -0.0000  0.0000  0.2206  0.0000  0.0038  0.0000
    8   8.4439 THz   0.0000  0.0000 -0.0091  0.0000  0.5210  0.0000 -0.0000  0.0000 -0.0038  0.0000 -0.7944  0.0000  0.0000  0.0000  0.0138  0.0000  0.2206  0.0000  0.0000  0.0000 -0.0038  0.0000  0.2206  0.0000
    9  12.0103 THz   0.7718  0.0000  0.0000  0.0000  0.0000  0.0000 -0.4029  0.0000  0.0000  0.0000  0.0000  0.0000 -0.4029  0.0000  0.0000  0.0000  0.0000  0.0000  0.2824  0.0000  0.0000  0.0000  0.0000  0.0000
   10  12.0103 THz   0.0000  0.0000  0.2087  0.0000  0.7430  0.0000 -0.0000  0.0000 -0.1090  0.0000  0.2719  0.0000  0.0000  0.0000  0.0764  0.0000 -0.3878  0.0000  0.0000  0.0000 -0.1090  0.0000 -0.3878  0.0000
   11  12.0103 THz   0.0000  0.0000  0.7430  0.0000 -0.2087  0.0000  0.0000  0.0000 -0.3878  0.0000 -0.0764  0.0000  0.0000  0.0000  0.2719  0.0000  0.1090  0.0000 -0.0000  0.0000 -0.3878  0.0000  0.1090  0.0000
