
Used Primitive lattice vector

    2.839648000000      0.000000000000      0.000000000000  
    0.000000000000      2.839648000000      0.000000000000  
    0.000000000000      0.000000000000      2.839648000000  

   2 Atom(s) in the Primitive cell

 0.0000000000 0.0000000000 0.0000000000 Al    0
 0.5000000000 0.5000000000 0.5000000000 Ni    1


 Q= -0.176078 -0.176078 -0.176078, q= -0.500000 -0.500000 -0.500000

                       Al X   0        Al Y   0        Al Z   0        Ni X   1        Ni Y   1        Ni Z   1     
                    --------------- --------------- --------------- --------------- --------------- ---------------
    0   5.7526 THz   0.0000  0.0000  0.0000 -0.0000  0.0000  0.0000 -0.4824 -0.0878  0.4191 -0.2344  0.7272 -0.0152
    1   5.7526 THz   0.0000  0.0000  0.0000  0.0000 -0.0000 -0.0000 -0.6917  0.3234  0.2733  0.3604 -0.4608  0.0119
    2   5.7526 THz   0.0000  0.0000 -0.0000  0.0000 -0.0000 -0.0000  0.2969  0.2975  0.1107  0.7434  0.4023 -0.3110
    3  11.0177 THz   1.0000  0.0000  0.0000  0.0000  0.0000  0.0000  0.0000  0.0000  0.0000  0.0000  0.0000  0.0000
    4  11.0177 THz   0.0000  0.0000  0.0126 -0.7071  0.0000 -0.7071 -0.0000 -0.0000  0.0000  0.0000  0.0000  0.0000
    5  11.0177 THz   0.0000  0.0000  0.1899 -0.6811 -0.1778  0.6844 -0.0000 -0.0000 -0.0000  0.0000  0.0000 -0.0000


 Q= -0.176078 -0.176078  0.000000, q= -0.500000 -0.500000  0.000000

                       Al X   0        Al Y   0        Al Z   0        Ni X   1        Ni Y   1        Ni Z   1     
                    --------------- --------------- --------------- --------------- --------------- ---------------
    0   4.1875 THz  -0.4054  0.0000  0.0000  0.0000  0.0000  0.0000  0.0000 -0.0000  0.9141 -0.0000 -0.0000  0.0000
    1   4.1875 THz   0.0000  0.0000 -0.3529  0.1996  0.0000 -0.0000  0.7956 -0.4501 -0.0000 -0.0000 -0.0000  0.0000
    2   6.2397 THz   0.0000  0.0000 -0.0000 -0.0000  0.0000 -0.0000 -0.0000  0.0000 -0.0000 -0.0000  0.0000  1.0000
    3   8.4710 THz   0.0000  0.0000 -0.0000  0.0000  0.0000  1.0000  0.0000 -0.0000 -0.0000  0.0000  0.0000  0.0000
    4  11.6205 THz   0.9141  0.0000  0.0000  0.0000  0.0000  0.0000  0.0000 -0.0000  0.4054 -0.0000 -0.0000  0.0000
    5  11.6205 THz   0.0000  0.0000 -0.9095  0.0915 -0.0000  0.0000 -0.4034  0.0406  0.0000  0.0000 -0.0000 -0.0000


 Q= -0.176078  0.000000 -0.176078, q= -0.500000  0.000000 -0.500000

                       Al X   0        Al Y   0        Al Z   0        Ni X   1        Ni Y   1        Ni Z   1     
                    --------------- --------------- --------------- --------------- --------------- ---------------
    0   4.1875 THz   0.0000  0.0000 -0.0000  0.0000 -0.0000  0.4054  0.0000 -0.9141 -0.0000 -0.0000  0.0000  0.0000
    1   4.1875 THz   0.4054  0.0000  0.0000  0.0000  0.0000 -0.0000  0.0000 -0.0000 -0.0000 -0.0000 -0.9141  0.0000
    2   6.2397 THz   0.0000  0.0000  0.0000 -0.0000  0.0000 -0.0000 -0.0000  0.0000 -0.1734 -0.9849  0.0000  0.0000
    3   8.4710 THz   0.0000  0.0000 -0.0830 -0.9966 -0.0000  0.0000 -0.0000 -0.0000  0.0000 -0.0000 -0.0000  0.0000
    4  11.6205 THz   0.9141  0.0000  0.0000 -0.0000  0.0000  0.0000  0.0000  0.0000  0.0000  0.0000  0.4054 -0.0000
    5  11.6205 THz   0.0000  0.0000  0.0000  0.0000 -0.0000  0.9141 -0.0000  0.4054  0.0000  0.0000 -0.0000  0.0000


 Q= -0.176078  0.000000  0.000000, q= -0.500000  0.000000  0.000000

                       Al X   0        Al Y   0        Al Z   0        Ni X   1        Ni Y   1        Ni Z   1     
                    --------------- --------------- --------------- --------------- --------------- ---------------
    0   5.5802 THz   0.0000  0.0000  0.0000  0.0000 -0.0000 -0.0000  0.0000 -0.0000  0.7071  0.0059 -0.7071  0.0000
    1   5.5802 THz   0.0000  0.0000 -0.0000 -0.0000 -0.0000 -0.0000 -0.0000 -0.0000  0.7071  0.0052  0.7071 -0.0007
    2   6.6954 THz   0.0000  0.0000  0.0000 -0.0000 -0.0000 -0.0000 -1.0000  0.0000  0.0000  0.0000 -0.0000 -0.0000
    3   8.6879 THz  -0.0000 -0.0000 -0.0000  0.0000 -0.9796  0.2009 -0.0000  0.0000 -0.0000  0.0000  0.0000 -0.0000
    4   8.6879 THz   0.0000  0.0000  1.0000  0.0000 -0.0000  0.0000  0.0000  0.0000 -0.0000 -0.0000  0.0000 -0.0000
    5  11.4677 THz   1.0000  0.0000  0.0000  0.0000  0.0000  0.0000  0.0000  0.0000  0.0000  0.0000  0.0000  0.0000


 Q= -0.088039 -0.088039 -0.088039, q= -0.250000 -0.250000 -0.250000

                       Al X   0        Al Y   0        Al Z   0        Ni X   1        Ni Y   1        Ni Z   1     
                    --------------- --------------- --------------- --------------- --------------- ---------------
    0   3.8943 THz  -0.2828  0.0000  0.1414  0.0000  0.1414 -0.0000 -0.7659  0.0000  0.3830  0.0000  0.3830 -0.0000
    1   3.8943 THz   0.0000  0.0000  0.2436  0.0252 -0.2436 -0.0252  0.0000 -0.0000  0.6598  0.0683 -0.6598 -0.0683
    2   5.7243 THz  -0.1557  0.0000 -0.1557 -0.0000 -0.1557  0.0000  0.5560 -0.0000  0.5560 -0.0000  0.5560 -0.0000
    3  10.2124 THz   0.0000  0.0000  0.6631 -0.0156 -0.6631  0.0156  0.0000 -0.0000 -0.2449  0.0058  0.2449 -0.0058
    4  10.2124 THz  -0.7659  0.0000  0.3830 -0.0000  0.3830  0.0000  0.2828 -0.0000 -0.1414  0.0000 -0.1414 -0.0000
    5  10.3937 THz  -0.5560  0.0000 -0.5560  0.0000 -0.5560 -0.0000 -0.1557  0.0000 -0.1557 -0.0000 -0.1557  0.0000


 Q= -0.088039 -0.088039  0.088039, q= -0.250000 -0.250000  0.250000

                       Al X   0        Al Y   0        Al Z   0        Ni X   1        Ni Y   1        Ni Z   1     
                    --------------- --------------- --------------- --------------- --------------- ---------------
    0   3.8943 THz   0.1382  0.0000  0.1440  0.0172  0.2821  0.0172  0.3741  0.0000  0.3899  0.0465  0.7640  0.0465
    1   3.8943 THz   0.2468  0.0000 -0.2427 -0.0096  0.0041 -0.0096  0.6683 -0.0000 -0.6571 -0.0260  0.0112 -0.0260
    2   5.7243 THz  -0.1557  0.0000 -0.1557 -0.0000  0.1557  0.0000  0.5560 -0.0000  0.5560 -0.0000 -0.5560  0.0000
    3  10.2124 THz   0.7441  0.0000 -0.2147  0.0034  0.5293  0.0034 -0.2748  0.0000  0.0793 -0.0013 -0.1955 -0.0013
    4  10.2124 THz   0.1817  0.0000 -0.7351 -0.0139 -0.5534 -0.0139 -0.0671  0.0000  0.2714  0.0051  0.2044  0.0051
    5  10.3937 THz   0.5560  0.0000  0.5560 -0.0000 -0.5560  0.0000  0.1557 -0.0000  0.1557 -0.0000 -0.1557  0.0000


 Q= -0.088039  0.088039 -0.088039, q= -0.250000  0.250000 -0.250000

                       Al X   0        Al Y   0        Al Z   0        Ni X   1        Ni Y   1        Ni Z   1     
                    --------------- --------------- --------------- --------------- --------------- ---------------
    0   3.8943 THz   0.2828  0.0000  0.1414 -0.0000 -0.1414  0.0000  0.7659 -0.0000  0.3830 -0.0000 -0.3830 -0.0000
    1   3.8943 THz   0.0000  0.0000 -0.2157  0.1162 -0.2157  0.1162  0.0000 -0.0000 -0.5840  0.3145 -0.5840  0.3145
    2   5.7243 THz  -0.1557  0.0000  0.1557 -0.0000 -0.1557  0.0000  0.5560  0.0000 -0.5560 -0.0000  0.5560  0.0000
    3  10.2124 THz  -0.7659  0.0000 -0.3830 -0.0000  0.3830 -0.0000  0.2828 -0.0000  0.1414  0.0000 -0.1414  0.0000
    4  10.2124 THz   0.0000  0.0000  0.6632 -0.0133  0.6632 -0.0133  0.0000 -0.0000 -0.2449  0.0049 -0.2449  0.0049
    5  10.3937 THz  -0.5560  0.0000  0.5560  0.0000 -0.5560  0.0000 -0.1557 -0.0000  0.1557  0.0000 -0.1557 -0.0000


 Q= -0.088039  0.088039  0.088039, q= -0.250000  0.250000  0.250000

                       Al X   0        Al Y   0        Al Z   0        Ni X   1        Ni Y   1        Ni Z   1     
                    --------------- --------------- --------------- --------------- --------------- ---------------
    0   3.8943 THz   0.1918  0.0000  0.2750 -0.0184 -0.0832  0.0184  0.5193 -0.0000  0.7447 -0.0498 -0.2254  0.0498
    1   3.8943 THz   0.2079  0.0000 -0.0613  0.0170  0.2692 -0.0170  0.5630  0.0000 -0.1659  0.0459  0.7289 -0.0459
    2   5.7243 THz  -0.1557  0.0000  0.1557  0.0000  0.1557  0.0000  0.5560 -0.0000 -0.5560  0.0000 -0.5560  0.0000
    3  10.2124 THz  -0.7641  0.0000 -0.4279  0.0021 -0.3362 -0.0021  0.2822  0.0000  0.1580 -0.0008  0.1242  0.0008
    4  10.2124 THz   0.0530  0.0000 -0.6346  0.0301  0.6875 -0.0301 -0.0196  0.0000  0.2343 -0.0111 -0.2539  0.0111
    5  10.3937 THz   0.5560  0.0000 -0.5560 -0.0000 -0.5560  0.0000  0.1557 -0.0000 -0.1557  0.0000 -0.1557  0.0000


 Q=  0.000000 -0.176078 -0.176078, q=  0.000000 -0.500000 -0.500000

                       Al X   0        Al Y   0        Al Z   0        Ni X   1        Ni Y   1        Ni Z   1     
                    --------------- --------------- --------------- --------------- --------------- ---------------
    0   4.1875 THz   0.0000  0.0000  0.0062  0.0536  0.3667  0.1644 -0.0000  0.0000 -0.8267 -0.3706 -0.0140 -0.1209
    1   4.1875 THz   0.0000  0.0000 -0.0358  0.4002 -0.0437 -0.0316 -0.0000 -0.0000  0.0986  0.0713  0.0807 -0.9024
    2   6.2397 THz   0.0000  0.0000  0.0000 -0.0000  0.0000 -0.0000 -0.0000 -1.0000 -0.0000  0.0000 -0.0000  0.0000
    3   8.4710 THz   1.0000  0.0000  0.0000  0.0000  0.0000  0.0000  0.0000  0.0000  0.0000  0.0000  0.0000  0.0000
    4  11.6205 THz   0.0000  0.0000 -0.0214  0.8578 -0.3150  0.0114 -0.0000  0.0000 -0.1397  0.0050 -0.0095  0.3804
    5  11.6205 THz   0.0000  0.0000 -0.1246  0.2896  0.8074  0.2905 -0.0000 -0.0000  0.3581  0.1289 -0.0553  0.1284


 Q=  0.000000 -0.176078  0.000000, q=  0.000000 -0.500000  0.000000

                       Al X   0        Al Y   0        Al Z   0        Ni X   1        Ni Y   1        Ni Z   1     
                    --------------- --------------- --------------- --------------- --------------- ---------------
    0   5.5802 THz   0.0000  0.0000 -0.0000 -0.0000 -0.0000  0.0000  0.6993 -0.1607 -0.0000  0.0000 -0.6949 -0.0477
    1   5.5802 THz   0.0000  0.0000  0.0000  0.0000 -0.0000  0.0000 -0.3036 -0.6269  0.0000  0.0000 -0.1119 -0.7087
    2   6.6954 THz   0.0000  0.0000  0.0000 -0.0000 -0.0000 -0.0000  0.0000  0.0000  1.0000  0.0082  0.0000  0.0000
    3   8.6879 THz   1.0000  0.0000  0.0000  0.0000  0.0000  0.0000  0.0000  0.0000  0.0000  0.0000  0.0000  0.0000
    4   8.6879 THz   0.0000  0.0000  0.0000  0.0000  0.9999 -0.0129  0.0000 -0.0000  0.0000 -0.0000 -0.0000 -0.0000
    5  11.4677 THz   0.0000  0.0000 -0.0059  1.0000 -0.0000 -0.0000  0.0000  0.0000  0.0000 -0.0000 -0.0000 -0.0000


 Q=  0.000000  0.000000 -0.176078, q=  0.000000  0.000000 -0.500000

                       Al X   0        Al Y   0        Al Z   0        Ni X   1        Ni Y   1        Ni Z   1     
                    --------------- --------------- --------------- --------------- --------------- ---------------
    0   5.5802 THz   0.0000  0.0000  0.0000 -0.0000  0.0000  0.0000 -0.9868  0.0813  0.1199  0.0720  0.0000 -0.0000
    1   5.5802 THz   0.0000  0.0000 -0.0000  0.0000 -0.0000  0.0000  0.0843 -0.1117  0.9456 -0.2937 -0.0000  0.0000
    2   6.6954 THz   0.0000  0.0000 -0.0000  0.0000 -0.0000  0.0000 -0.0000 -0.0000 -0.0000  0.0000 -1.0000 -0.0000
    3   8.6879 THz   0.0000  0.0000  1.0000 -0.0000 -0.0000  0.0000  0.0000  0.0000  0.0000 -0.0000 -0.0000 -0.0000
    4   8.6879 THz   1.0000  0.0000  0.0000  0.0000  0.0000  0.0000  0.0000  0.0000  0.0000  0.0000  0.0000  0.0000
    5  11.4677 THz   0.0000  0.0000 -0.0000 -0.0000  0.0000 -1.0000 -0.0000  0.0000  0.0000 -0.0000 -0.0000  0.0000


 Q=  0.000000  0.000000  0.000000, q=  0.000000  0.000000  0.000000

                       Al X   0        Al Y   0        Al Z   0        Ni X   1        Ni Y   1        Ni Z   1     
                    --------------- --------------- --------------- --------------- --------------- ---------------
    0  -0.0000 THz  -0.5612  0.0000  0.0000  0.0000  0.0000  0.0000 -0.8277  0.0000 -0.0000  0.0000  0.0000  0.0000
    1  -0.0000 THz   0.0000  0.0000 -0.5612  0.0000 -0.0000  0.0000  0.0000  0.0000 -0.8277  0.0000  0.0000  0.0000
    2  -0.0000 THz   0.0000  0.0000 -0.0000  0.0000 -0.5612  0.0000 -0.0000  0.0000  0.0000  0.0000 -0.8277  0.0000
    3   9.6746 THz   0.0000  0.0000 -0.8277  0.0000  0.0000  0.0000 -0.0000  0.0000  0.5612  0.0000  0.0000  0.0000
    4   9.6746 THz   0.8277  0.0000  0.0000  0.0000  0.0000  0.0000 -0.5612  0.0000 -0.0000  0.0000  0.0000  0.0000
    5   9.6746 THz   0.0000  0.0000  0.0000  0.0000  0.8277  0.0000  0.0000  0.0000 -0.0000  0.0000 -0.5612  0.0000


 Q=  0.088039 -0.088039 -0.088039, q=  0.250000 -0.250000 -0.250000

                       Al X   0        Al Y   0        Al Z   0        Ni X   1        Ni Y   1        Ni Z   1     
                    --------------- --------------- --------------- --------------- --------------- ---------------
    0   3.8943 THz   0.1918  0.0000  0.2750  0.0184 -0.0832 -0.0184  0.5193  0.0000  0.7447  0.0498 -0.2254 -0.0498
    1   3.8943 THz   0.2079  0.0000 -0.0613 -0.0170  0.2692  0.0170  0.5630 -0.0000 -0.1659 -0.0459  0.7289  0.0459
    2   5.7243 THz  -0.1557  0.0000  0.1557 -0.0000  0.1557 -0.0000  0.5560  0.0000 -0.5560 -0.0000 -0.5560 -0.0000
    3  10.2124 THz  -0.7641  0.0000 -0.4279 -0.0021 -0.3362  0.0021  0.2822 -0.0000  0.1580  0.0008  0.1242 -0.0008
    4  10.2124 THz   0.0530  0.0000 -0.6346 -0.0301  0.6875  0.0301 -0.0196 -0.0000  0.2343  0.0111 -0.2539 -0.0111
    5  10.3937 THz   0.5560  0.0000 -0.5560  0.0000 -0.5560 -0.0000  0.1557  0.0000 -0.1557 -0.0000 -0.1557 -0.0000


 Q=  0.088039 -0.088039  0.088039, q=  0.250000 -0.250000  0.250000

                       Al X   0        Al Y   0        Al Z   0        Ni X   1        Ni Y   1        Ni Z   1     
                    --------------- --------------- --------------- --------------- --------------- ---------------
    0   3.8943 THz   0.2828  0.0000  0.1414  0.0000 -0.1414 -0.0000  0.7659  0.0000  0.3830  0.0000 -0.3830  0.0000
    1   3.8943 THz   0.0000  0.0000 -0.2157 -0.1162 -0.2157 -0.1162  0.0000  0.0000 -0.5840 -0.3145 -0.5840 -0.3145
    2   5.7243 THz  -0.1557  0.0000  0.1557  0.0000 -0.1557 -0.0000  0.5560 -0.0000 -0.5560  0.0000  0.5560 -0.0000
    3  10.2124 THz  -0.7659  0.0000 -0.3830  0.0000  0.3830  0.0000  0.2828  0.0000  0.1414 -0.0000 -0.1414 -0.0000
    4  10.2124 THz   0.0000  0.0000  0.6632  0.0133  0.6632  0.0133  0.0000  0.0000 -0.2449 -0.0049 -0.2449 -0.0049
    5  10.3937 THz  -0.5560  0.0000  0.5560 -0.0000 -0.5560 -0.0000 -0.1557  0.0000  0.1557 -0.0000 -0.1557  0.0000


 Q=  0.088039  0.088039 -0.088039, q=  0.250000  0.250000 -0.250000

                       Al X   0        Al Y   0        Al Z   0        Ni X   1        Ni Y   1        Ni Z   1     
                    --------------- --------------- --------------- --------------- --------------- ---------------
    0   3.8943 THz   0.1382  0.0000  0.1440 -0.0172  0.2821 -0.0172  0.3741 -0.0000  0.3899 -0.0465  0.7640 -0.0465
    1   3.8943 THz   0.2468  0.0000 -0.2427  0.0096  0.0041  0.0096  0.6683  0.0000 -0.6571  0.0260  0.0112  0.0260
    2   5.7243 THz  -0.1557  0.0000 -0.1557  0.0000  0.1557 -0.0000  0.5560  0.0000  0.5560  0.0000 -0.5560 -0.0000
    3  10.2124 THz   0.7441  0.0000 -0.2147 -0.0034  0.5293 -0.0034 -0.2748 -0.0000  0.0793  0.0013 -0.1955  0.0013
    4  10.2124 THz   0.1817  0.0000 -0.7351  0.0139 -0.5534  0.0139 -0.0671 -0.0000  0.2714 -0.0051  0.2044 -0.0051
    5  10.3937 THz   0.5560  0.0000  0.5560  0.0000 -0.5560 -0.0000  0.1557  0.0000  0.1557  0.0000 -0.1557 -0.0000


 Q=  0.088039  0.088039  0.088039, q=  0.250000  0.250000  0.250000

                       Al X   0        Al Y   0        Al Z   0        Ni X   1        Ni Y   1        Ni Z   1     
                    --------------- --------------- --------------- --------------- --------------- ---------------
    0   3.8943 THz  -0.2828  0.0000  0.1414 -0.0000  0.1414  0.0000 -0.7659 -0.0000  0.3830 -0.0000  0.3830  0.0000
    1   3.8943 THz   0.0000  0.0000  0.2436 -0.0252 -0.2436  0.0252  0.0000  0.0000  0.6598 -0.0683 -0.6598  0.0683
    2   5.7243 THz  -0.1557  0.0000 -0.1557  0.0000 -0.1557 -0.0000  0.5560  0.0000  0.5560  0.0000  0.5560  0.0000
    3  10.2124 THz   0.0000  0.0000  0.6631  0.0156 -0.6631 -0.0156  0.0000  0.0000 -0.2449 -0.0058  0.2449  0.0058
    4  10.2124 THz  -0.7659  0.0000  0.3830  0.0000  0.3830 -0.0000  0.2828  0.0000 -0.1414 -0.0000 -0.1414  0.0000
    5  10.3937 THz  -0.5560  0.0000 -0.5560 -0.0000 -0.5560  0.0000 -0.1557 -0.0000 -0.1557  0.0000 -0.1557 -0.0000
