
Used Primitive lattice vector

    3.369743000000      0.000000000000      0.000000000000  
    0.000000000000      3.369743000000      0.000000000000  
    0.000000000000      0.000000000000      3.369743000000  

   4 Atom(s) in the Primitive cell

 0.0000000000 0.0000000000 0.0000000000 Al    0
 0.5000000000 0.5000000000 0.0000000000 Ni    1
 0.5000000000 0.0000000000 0.5000000000 Ni    2
 0.0000000000 0.5000000000 0.5000000000 Ni    3


 Q= -0.148379 -0.148379 -0.148379, q= -0.500000 -0.500000 -0.500000

                       Al X   0        Al Y   0        Al Z   0        Ni X   1        Ni Y   1        Ni Z   1        Ni X   2        Ni Y   2        Ni Z   2        Ni X   3        Ni Y   3        Ni Z   3     
                    --------------- --------------- --------------- --------------- --------------- --------------- --------------- --------------- --------------- --------------- --------------- ---------------
    0   4.8797 THz   0.0000  0.0000 -0.0000  0.0000  0.0000  0.0000  0.7070 -0.0000  0.0002  0.0000  0.0000 -0.0000 -0.0108 -0.0000 -0.0000 -0.0000 -0.0002 -0.0000  0.0000 -0.0000  0.0108  0.0000 -0.7070  0.0000
    1   4.8797 THz   0.0000  0.0000 -0.0000 -0.0000 -0.0000  0.0000  0.0058 -0.0000 -0.6051  0.0000  0.0000  0.0000  0.3658 -0.0000 -0.0000 -0.0000  0.6051 -0.0000 -0.0000  0.0000 -0.3658  0.0000 -0.0058  0.0000
    2   4.8797 THz   0.0000  0.0000  0.0000 -0.0000 -0.0000  0.0000  0.0091 -0.0000  0.3659  0.0000  0.0000  0.0000  0.6050 -0.0000 -0.0000 -0.0000 -0.3659 -0.0000 -0.0000  0.0000 -0.6050  0.0000 -0.0091  0.0000
    3   6.0978 THz   0.0000  0.0000 -0.0000 -0.0000  0.0000  0.0000 -0.0000  0.0000 -0.0000 -0.0000 -0.2139 -0.0000  0.0000 -0.0000  0.7894  0.0000  0.0000  0.0000 -0.5755 -0.0000 -0.0000 -0.0000  0.0000 -0.0000
    4   6.0978 THz   0.0000  0.0000 -0.0000  0.0000  0.0000 -0.0000 -0.0000 -0.0000  0.0000 -0.0000  0.7880 -0.0000 -0.0000  0.0000 -0.2088  0.0000 -0.0000  0.0000 -0.5792 -0.0000 -0.0000 -0.0000  0.0000  0.0000
    5   6.3376 THz  -0.6409  0.0000  0.0000  0.0000  0.0000  0.0000  0.0000  0.0000  0.5428  0.0000  0.0000  0.0000  0.0000 -0.0000  0.0000  0.0000  0.5428  0.0000  0.0000  0.0000  0.0000  0.0000  0.0000  0.0000
    6   6.3376 THz   0.0000  0.0000  0.5825  0.0000  0.2672  0.0000 -0.4934 -0.0000 -0.0000  0.0000 -0.0000  0.0000 -0.2263 -0.0000  0.0000 -0.0000  0.0000 -0.0000  0.0000 -0.0000 -0.2263 -0.0000 -0.4934 -0.0000
    7   6.3376 THz   0.0000  0.0000 -0.2672  0.0000  0.5825  0.0000  0.2263 -0.0000 -0.0000  0.0000 -0.0000  0.0000 -0.4934 -0.0000  0.0000 -0.0000 -0.0000 -0.0000  0.0000 -0.0000 -0.4934 -0.0000  0.2263 -0.0000
    8  12.1921 THz   0.0000  0.0000  0.0000  0.0000  0.0000  0.0000  0.0000  0.0000  0.0000 -0.0000 -0.5774  0.0000 -0.0000  0.0000 -0.5774  0.0000 -0.0000  0.0000 -0.5774  0.0000  0.0000 -0.0000 -0.0000 -0.0000
    9  13.9366 THz   0.0000  0.0000  0.7676 -0.0000 -0.0002 -0.0000  0.4532 -0.0000  0.0000 -0.0000  0.0000  0.0000 -0.0001 -0.0000  0.0000  0.0000  0.0000  0.0000  0.0000  0.0000 -0.0001 -0.0000  0.4532 -0.0000
   10  13.9366 THz   0.7676  0.0000  0.0000  0.0000  0.0000  0.0000  0.0000  0.0000  0.4532  0.0000  0.0000  0.0000  0.0000 -0.0000  0.0000  0.0000  0.4532  0.0000  0.0000  0.0000  0.0000  0.0000  0.0000  0.0000
   11  13.9366 THz   0.0000  0.0000  0.0002 -0.0000  0.7676 -0.0000  0.0001 -0.0000 -0.0000 -0.0000 -0.0000  0.0000  0.4532 -0.0000 -0.0000  0.0000  0.0000 -0.0000 -0.0000  0.0000  0.4532 -0.0000  0.0001 -0.0000


 Q= -0.148379 -0.148379  0.000000, q= -0.500000 -0.500000  0.000000

                       Al X   0        Al Y   0        Al Z   0        Ni X   1        Ni Y   1        Ni Z   1        Ni X   2        Ni Y   2        Ni Z   2        Ni X   3        Ni Y   3        Ni Z   3     
                    --------------- --------------- --------------- --------------- --------------- --------------- --------------- --------------- --------------- --------------- --------------- ---------------
    0   5.0638 THz   0.0000  0.0000 -0.0000  0.0000 -0.0000 -0.0000  0.0000 -0.0000  0.0000 -0.0000  0.0000  0.0000  0.3247 -0.6282  0.0000 -0.0000  0.0000  0.0000 -0.0000  0.0000 -0.3247  0.6282 -0.0000 -0.0000
    1   6.1602 THz   0.0000  0.0000 -0.0000 -0.0000 -0.0000  0.0000  0.0000  0.0000  0.0000  0.0000 -0.0000 -0.0000  0.0000 -0.0000 -0.7059  0.0412 -0.0000 -0.0000  0.7059 -0.0412 -0.0000  0.0000 -0.0000  0.0000
    2   6.1658 THz  -0.4700  0.0000  0.0000  0.0000  0.0000  0.0000  0.0000 -0.0000  0.8826  0.0000  0.0000  0.0000 -0.0000  0.0000  0.0000  0.0000  0.0000  0.0000  0.0000  0.0000  0.0000  0.0000  0.0000  0.0000
    3   6.1658 THz   0.0000  0.0000  0.4700  0.0000 -0.0000 -0.0000 -0.8826 -0.0000  0.0000 -0.0000  0.0000 -0.0000  0.0000 -0.0000 -0.0000  0.0000  0.0000  0.0000  0.0000 -0.0000 -0.0000  0.0000 -0.0000 -0.0000
    4   7.8503 THz   0.0000  0.0000 -0.0000  0.0000 -0.0000 -0.0000  0.0000  0.0000  0.0000  0.0000  0.0000 -0.0000  0.0000 -0.0000 -0.0000  0.0000  0.9998  0.0065  0.0000 -0.0000  0.0000 -0.0000 -0.0164 -0.0064
    5   7.8503 THz   0.0000  0.0000  0.0000 -0.0000 -0.0000 -0.0000 -0.0000  0.0000  0.0000  0.0000 -0.0000  0.0000 -0.0000  0.0000  0.0000 -0.0000 -0.0176  0.0012 -0.0000  0.0000 -0.0000  0.0000 -0.9563 -0.2918
    6   8.6861 THz   0.0000  0.0000 -0.0000 -0.0000  0.0000  0.0000  0.0000  0.0000  0.0000  0.0000 -0.9511 -0.3090  0.0000 -0.0000 -0.0000 -0.0000  0.0000  0.0000 -0.0000  0.0000  0.0000 -0.0000  0.0000  0.0000
    7  10.3233 THz   0.0000  0.0000  0.0000  0.0000 -0.0000 -0.0000  0.0000 -0.0000 -0.0000  0.0000 -0.0000 -0.0000 -0.3232  0.6289 -0.0000 -0.0000  0.0000  0.0000 -0.0000 -0.0000 -0.3232  0.6289  0.0000  0.0000
    8  10.4306 THz   0.0000  0.0000 -0.0000 -0.0000  0.0000 -0.0000 -0.0000  0.0000 -0.0000  0.0000 -0.0000 -0.0000 -0.0000  0.0000  0.7041 -0.0651  0.0000  0.0000  0.7041 -0.0651 -0.0000  0.0000  0.0000  0.0000
    9  11.9871 THz   0.0000  0.0000 -0.0000 -0.0000  0.9214  0.3887 -0.0000 -0.0000  0.0000  0.0000  0.0000  0.0000 -0.0000  0.0000 -0.0000 -0.0000  0.0000  0.0000 -0.0000 -0.0000 -0.0000  0.0000 -0.0000 -0.0000
   10  12.9124 THz   0.8826  0.0000  0.0000  0.0000  0.0000  0.0000  0.0000 -0.0000  0.4700  0.0000  0.0000  0.0000 -0.0000  0.0000  0.0000  0.0000  0.0000  0.0000  0.0000  0.0000  0.0000  0.0000  0.0000  0.0000
   11  12.9124 THz   0.0000  0.0000 -0.8826  0.0000 -0.0000  0.0000 -0.4700  0.0000  0.0000 -0.0000 -0.0000 -0.0000 -0.0000  0.0000 -0.0000  0.0000  0.0000 -0.0000  0.0000  0.0000 -0.0000  0.0000  0.0000  0.0000


 Q= -0.148379  0.000000 -0.148379, q= -0.500000  0.000000 -0.500000

                       Al X   0        Al Y   0        Al Z   0        Ni X   1        Ni Y   1        Ni Z   1        Ni X   2        Ni Y   2        Ni Z   2        Ni X   3        Ni Y   3        Ni Z   3     
                    --------------- --------------- --------------- --------------- --------------- --------------- --------------- --------------- --------------- --------------- --------------- ---------------
    0   5.0638 THz   0.0000  0.0000 -0.0000  0.0000 -0.0000 -0.0000 -0.6053  0.3655  0.0000  0.0000 -0.0000  0.0000  0.0000  0.0000 -0.0000 -0.0000 -0.0000  0.0000  0.0000 -0.0000  0.0000  0.0000  0.6053 -0.3655
    1   6.1602 THz   0.0000  0.0000  0.0000 -0.0000 -0.0000  0.0000 -0.0000 -0.0000 -0.0000 -0.0000  0.7071 -0.0000  0.0000 -0.0000  0.0000  0.0000  0.0000 -0.0000 -0.7071  0.0000 -0.0000 -0.0000  0.0000 -0.0000
    2   6.1658 THz  -0.4700  0.0000  0.0000  0.0000  0.0000  0.0000 -0.0000  0.0000  0.0000  0.0000  0.0000  0.0000  0.0000  0.0000  0.0000  0.0000  0.8826  0.0000  0.0000  0.0000  0.0000  0.0000  0.0000  0.0000
    3   6.1658 THz   0.0000  0.0000  0.0000 -0.0000 -0.3508  0.3128  0.0000 -0.0000 -0.0000  0.0000 -0.0000 -0.0000  0.6588 -0.5874  0.0000  0.0000 -0.0000 -0.0000  0.0000  0.0000 -0.0000 -0.0000 -0.0000  0.0000
    4   7.8503 THz   0.0000  0.0000 -0.0000  0.0000  0.0000 -0.0000  0.0000 -0.0000 -0.8638 -0.3220 -0.0000 -0.0000 -0.0000  0.0000  0.0000  0.0000 -0.0000 -0.0000  0.0000 -0.0000 -0.3875 -0.0000  0.0000 -0.0000
    5   7.8503 THz   0.0000  0.0000 -0.0000  0.0000 -0.0000  0.0000 -0.0000 -0.0000 -0.1452 -0.3593 -0.0000 -0.0000  0.0000 -0.0000  0.0000 -0.0000  0.0000  0.0000  0.0000  0.0000  0.6222  0.6802  0.0000  0.0000
    6   8.6861 THz   0.0000  0.0000  0.0000  0.0000 -0.0000 -0.0000  0.0000 -0.0000  0.0000 -0.0000  0.0000  0.0000  0.0000  0.0000  0.0000 -1.0000  0.0000  0.0000 -0.0000  0.0000 -0.0000 -0.0000 -0.0000 -0.0000
    7  10.3233 THz   0.0000  0.0000 -0.0000 -0.0000  0.0000 -0.0000 -0.6039  0.3678 -0.0000  0.0000  0.0000  0.0000  0.0000 -0.0000  0.0000 -0.0000 -0.0000  0.0000  0.0000  0.0000  0.0000 -0.0000 -0.6039  0.3678
    8  10.4306 THz   0.0000  0.0000  0.0000  0.0000  0.0000  0.0000 -0.0000  0.0000  0.0000 -0.0000 -0.7071 -0.0000  0.0000  0.0000 -0.0000 -0.0000  0.0000  0.0000 -0.7071 -0.0000  0.0000  0.0000 -0.0000  0.0000
    9  11.9871 THz   0.0000  0.0000  1.0000  0.0000  0.0000  0.0000  0.0000 -0.0000 -0.0000 -0.0000 -0.0000 -0.0000 -0.0000 -0.0000  0.0000  0.0000 -0.0000  0.0000 -0.0000 -0.0000  0.0000  0.0000  0.0000 -0.0000
   10  12.9124 THz   0.8826  0.0000  0.0000  0.0000  0.0000  0.0000 -0.0000  0.0000  0.0000  0.0000  0.0000  0.0000  0.0000  0.0000  0.0000  0.0000  0.4700  0.0000  0.0000  0.0000  0.0000  0.0000  0.0000  0.0000
   11  12.9124 THz   0.0000  0.0000  0.0000 -0.0000  0.8814  0.0469  0.0000  0.0000  0.0000  0.0000 -0.0000 -0.0000  0.4694  0.0250 -0.0000 -0.0000 -0.0000  0.0000 -0.0000 -0.0000  0.0000 -0.0000  0.0000 -0.0000


 Q= -0.148379  0.000000  0.000000, q= -0.500000  0.000000  0.000000

                       Al X   0        Al Y   0        Al Z   0        Ni X   1        Ni Y   1        Ni Z   1        Ni X   2        Ni Y   2        Ni Z   2        Ni X   3        Ni Y   3        Ni Z   3     
                    --------------- --------------- --------------- --------------- --------------- --------------- --------------- --------------- --------------- --------------- --------------- ---------------
    0   5.7937 THz   0.0000  0.0000 -0.0000 -0.0000  0.0000 -0.0000 -0.0000  0.0000 -0.0000  0.0081  0.6560 -0.1123  0.0000 -0.0000 -0.0000  0.0072  0.7356 -0.1260 -0.0000  0.0000 -0.0000 -0.0000 -0.0000  0.0000
    1   5.7937 THz   0.0000  0.0000  0.0000 -0.0000  0.0000  0.0000  0.0000 -0.0000 -0.0000 -0.7463  0.0071 -0.0012  0.0000  0.0000 -0.0000 -0.6655  0.0080 -0.0014  0.0000 -0.0000  0.0000 -0.0000 -0.0000  0.0000
    2   6.8239 THz   0.0000  0.0000  0.0231 -0.0000  0.3336  0.2402  0.0000 -0.0000  0.0000  0.0000 -0.0000 -0.0000  0.0000 -0.0000  0.0000  0.0000  0.0000  0.0000 -0.0000 -0.0000  0.0511 -0.0000  0.7384  0.5316
    3   6.8239 THz   0.0000  0.0000  0.4110  0.0000 -0.0187 -0.0135 -0.0000  0.0000 -0.0000  0.0000  0.0000 -0.0000  0.0000 -0.0000 -0.0000  0.0000  0.0000 -0.0000 -0.0000  0.0000  0.9099  0.0000 -0.0415 -0.0299
    4   7.8295 THz   0.0000  0.0000  0.0000 -0.0000  0.0000  0.0000  0.0000 -0.7071  0.0000  0.0000  0.0000 -0.0000 -0.0000  0.7071  0.0000  0.0000  0.0000 -0.0000  0.0000 -0.0000  0.0000 -0.0000 -0.0000  0.0000
    5   8.4061 THz   0.0000  0.0000 -0.0000  0.0000  0.0000  0.0000 -0.0338  0.7063 -0.0000 -0.0000  0.0000  0.0000 -0.0338  0.7063 -0.0000  0.0000 -0.0000  0.0000  0.0000  0.0000  0.0000  0.0000  0.0000 -0.0000
    6   8.6828 THz  -0.0987  0.0000  0.0000  0.0000  0.0000  0.0000 -0.0000 -0.0000  0.0000  0.0000  0.0000  0.0000 -0.0000 -0.0000  0.0000  0.0000  0.0000  0.0000  0.9951  0.0000  0.0000  0.0000  0.0000  0.0000
    7  10.2559 THz   0.0000  0.0000  0.0000 -0.0000 -0.0000 -0.0000 -0.0000 -0.0000 -0.0000  0.0213  0.6661  0.3357  0.0000  0.0000  0.0000 -0.0239 -0.5940 -0.2994  0.0000  0.0000  0.0000 -0.0000  0.0000  0.0000
    8  10.2559 THz   0.0000  0.0000  0.0000  0.0000 -0.0000 -0.0000 -0.0000  0.0000 -0.0000  0.6652 -0.0213 -0.0107 -0.0000  0.0000  0.0000 -0.7459  0.0190  0.0096  0.0000  0.0000  0.0000  0.0000  0.0000  0.0000
    9  12.2746 THz   0.9951  0.0000  0.0000  0.0000  0.0000  0.0000 -0.0000 -0.0000  0.0000  0.0000  0.0000  0.0000 -0.0000 -0.0000  0.0000  0.0000  0.0000  0.0000  0.0987  0.0000  0.0000  0.0000  0.0000  0.0000
   10  12.4108 THz   0.0000  0.0000 -0.6941 -0.0000 -0.5875  0.0599  0.0000 -0.0000 -0.0000 -0.0000 -0.0000  0.0000 -0.0000 -0.0000  0.0000  0.0000  0.0000  0.0000  0.0000 -0.0000  0.3135 -0.0000  0.2654 -0.0271
   11  12.4108 THz   0.0000  0.0000 -0.5906 -0.0000  0.6905 -0.0704  0.0000  0.0000  0.0000  0.0000  0.0000 -0.0000  0.0000 -0.0000 -0.0000  0.0000 -0.0000 -0.0000  0.0000 -0.0000  0.2668  0.0000 -0.3119  0.0318


 Q=  0.000000 -0.148379 -0.148379, q=  0.000000 -0.500000 -0.500000

                       Al X   0        Al Y   0        Al Z   0        Ni X   1        Ni Y   1        Ni Z   1        Ni X   2        Ni Y   2        Ni Z   2        Ni X   3        Ni Y   3        Ni Z   3     
                    --------------- --------------- --------------- --------------- --------------- --------------- --------------- --------------- --------------- --------------- --------------- ---------------
    0   5.0638 THz   0.0000  0.0000  0.0000 -0.0000  0.0000 -0.0000 -0.0000  0.0000  0.0000  0.7071  0.0000  0.0000 -0.0000  0.0000 -0.0000 -0.0000 -0.0000 -0.7071  0.0000 -0.0000 -0.0000  0.0000 -0.0000  0.0000
    1   6.1602 THz   0.0000  0.0000  0.0000  0.0000  0.0000 -0.0000 -0.0000  0.0000 -0.0000  0.0000  0.7071 -0.0000  0.0000 -0.0000 -0.7071  0.0000 -0.0000 -0.0000  0.0000  0.0000 -0.0000  0.0000 -0.0000 -0.0000
    2   6.1658 THz   0.0000  0.0000  0.2932 -0.0671  0.3447 -0.1081 -0.0000  0.0000  0.0000 -0.0000 -0.0000  0.0000 -0.0000  0.0000  0.0000 -0.0000 -0.0000 -0.0000 -0.0000  0.0000 -0.6472  0.2029 -0.5506  0.1260
    3   6.1658 THz   0.0000  0.0000  0.3083 -0.1882 -0.2436  0.1765 -0.0000  0.0000  0.0000 -0.0000  0.0000  0.0000  0.0000  0.0000 -0.0000 -0.0000  0.0000  0.0000  0.0000 -0.0000  0.4574 -0.3314 -0.5789  0.3534
    4   7.8503 THz   0.0000  0.0000  0.0000  0.0000  0.0000 -0.0000 -0.7344 -0.0081 -0.0000 -0.0000 -0.0000 -0.0000  0.6268  0.2603  0.0000  0.0000  0.0000 -0.0000 -0.0000  0.0000 -0.0000 -0.0000 -0.0000 -0.0000
    5   7.8503 THz   0.0000  0.0000 -0.0000 -0.0000 -0.0000 -0.0000 -0.6359  0.2372  0.0000 -0.0000  0.0000  0.0000 -0.7342 -0.0188  0.0000 -0.0000 -0.0000 -0.0000 -0.0000  0.0000  0.0000 -0.0000  0.0000 -0.0000
    6   8.6861 THz   0.0000  0.0000  0.0000  0.0000  0.0000  0.0000 -0.0000  0.0000  0.0000 -0.0000 -0.0000 -0.0000  0.0000  0.0000 -0.0000 -0.0000 -0.0000  0.0000  0.9856 -0.1693 -0.0000 -0.0000  0.0000 -0.0000
    7  10.3233 THz   0.0000  0.0000  0.0000 -0.0000  0.0000 -0.0000  0.0000 -0.0000 -0.0000 -0.7071 -0.0000 -0.0000  0.0000 -0.0000 -0.0000 -0.0000 -0.0000 -0.7071 -0.0000  0.0000  0.0000 -0.0000  0.0000 -0.0000
    8  10.4306 THz   0.0000  0.0000 -0.0000 -0.0000 -0.0000 -0.0000 -0.0000 -0.0000 -0.0000  0.0000  0.7071 -0.0000  0.0000  0.0000  0.7071 -0.0000  0.0000 -0.0000  0.0000 -0.0000  0.0000 -0.0000  0.0000 -0.0000
    9  11.9871 THz   1.0000  0.0000  0.0000  0.0000  0.0000  0.0000  0.0000  0.0000  0.0000  0.0000  0.0000  0.0000  0.0000  0.0000  0.0000  0.0000  0.0000  0.0000  0.0000  0.0000  0.0000  0.0000  0.0000  0.0000
   10  12.9124 THz   0.0000  0.0000  0.0480  0.0655 -0.8676  0.1408 -0.0000 -0.0000 -0.0000 -0.0000  0.0000  0.0000 -0.0000  0.0000  0.0000  0.0000  0.0000 -0.0000  0.0000 -0.0000 -0.4620  0.0750  0.0256  0.0349
   11  12.9124 THz   0.0000  0.0000  0.6529 -0.5884 -0.0210 -0.0785  0.0000  0.0000 -0.0000  0.0000 -0.0000 -0.0000  0.0000 -0.0000 -0.0000 -0.0000  0.0000  0.0000 -0.0000  0.0000 -0.0112 -0.0418  0.3477 -0.3133


 Q=  0.000000 -0.148379  0.000000, q=  0.000000 -0.500000  0.000000

                       Al X   0        Al Y   0        Al Z   0        Ni X   1        Ni Y   1        Ni Z   1        Ni X   2        Ni Y   2        Ni Z   2        Ni X   3        Ni Y   3        Ni Z   3     
                    --------------- --------------- --------------- --------------- --------------- --------------- --------------- --------------- --------------- --------------- --------------- ---------------
    0   5.7937 THz   0.0000  0.0000 -0.0000 -0.0000  0.0000  0.0000  0.0151  0.0079  0.0000 -0.0000  0.6627  0.0597 -0.0000  0.0000  0.0000 -0.0000  0.0000  0.0000  0.0135  0.0071  0.0000  0.0000  0.7431  0.0669
    1   5.7937 THz   0.0000  0.0000  0.0000  0.0000 -0.0000 -0.0000 -0.6614 -0.3453 -0.0000  0.0000  0.0152  0.0014  0.0000 -0.0000 -0.0000 -0.0000 -0.0000 -0.0000 -0.5899 -0.3080  0.0000 -0.0000  0.0170  0.0015
    2   6.8239 THz  -0.4117  0.0000  0.0000  0.0000  0.0000  0.0000 -0.0000 -0.0000  0.0000 -0.0000  0.0000  0.0000 -0.9113  0.0000  0.0000  0.0000  0.0000  0.0000  0.0000 -0.0000  0.0000  0.0000  0.0000  0.0000
    3   6.8239 THz   0.0000  0.0000  0.0000  0.0000  0.4042  0.0781 -0.0000 -0.0000 -0.0000  0.0000 -0.0000  0.0000  0.0000 -0.0000  0.0000 -0.0000  0.8948  0.1730 -0.0000 -0.0000  0.0000 -0.0000 -0.0000  0.0000
    4   7.8295 THz   0.0000  0.0000 -0.0000 -0.0000  0.0000 -0.0000 -0.0000 -0.0000  0.0000 -0.7071 -0.0000 -0.0000  0.0000  0.0000  0.0000  0.0000  0.0000 -0.0000 -0.0000 -0.0000 -0.0000  0.7071 -0.0000 -0.0000
    5   8.4061 THz   0.0000  0.0000 -0.0000  0.0000  0.0000  0.0000 -0.0000 -0.0000 -0.0000  0.7071 -0.0000  0.0000 -0.0000 -0.0000  0.0000 -0.0000  0.0000  0.0000 -0.0000 -0.0000  0.0000  0.7071 -0.0000 -0.0000
    6   8.6828 THz   0.0000  0.0000  0.0987 -0.0000  0.0000  0.0000 -0.0000 -0.0000 -0.0000  0.0000  0.0000 -0.0000  0.0000 -0.0000 -0.9951  0.0000  0.0000  0.0000 -0.0000 -0.0000 -0.0000  0.0000  0.0000  0.0000
    7  10.2559 THz   0.0000  0.0000  0.0000 -0.0000  0.0000  0.0000  0.0079  0.0034 -0.0000 -0.0000 -0.7187  0.2009 -0.0000  0.0000  0.0000 -0.0000  0.0000  0.0000 -0.0088 -0.0038  0.0000  0.0000  0.6410 -0.1791
    8  10.2559 THz   0.0000  0.0000  0.0000 -0.0000 -0.0000 -0.0000  0.6115  0.2627  0.0000  0.0000  0.0093 -0.0026 -0.0000  0.0000 -0.0000  0.0000  0.0000  0.0000 -0.6857 -0.2946  0.0000  0.0000 -0.0083  0.0023
    9  12.2746 THz   0.0000  0.0000 -0.9951  0.0000 -0.0000  0.0000  0.0000 -0.0000 -0.0000 -0.0000 -0.0000  0.0000 -0.0000 -0.0000 -0.0987  0.0000  0.0000 -0.0000 -0.0000 -0.0000  0.0000 -0.0000  0.0000 -0.0000
   10  12.4108 THz   0.0000  0.0000 -0.0000 -0.0000  0.9100  0.0488  0.0000  0.0000 -0.0000 -0.0000  0.0000  0.0000 -0.0000 -0.0000 -0.0000 -0.0000 -0.4111 -0.0221 -0.0000 -0.0000  0.0000  0.0000 -0.0000  0.0000
   11  12.4108 THz   0.9113  0.0000  0.0000  0.0000  0.0000  0.0000 -0.0000 -0.0000  0.0000 -0.0000  0.0000  0.0000 -0.4117  0.0000  0.0000  0.0000  0.0000  0.0000  0.0000 -0.0000  0.0000  0.0000  0.0000  0.0000


 Q=  0.000000  0.000000 -0.148379, q=  0.000000  0.000000 -0.500000

                       Al X   0        Al Y   0        Al Z   0        Ni X   1        Ni Y   1        Ni Z   1        Ni X   2        Ni Y   2        Ni Z   2        Ni X   3        Ni Y   3        Ni Z   3     
                    --------------- --------------- --------------- --------------- --------------- --------------- --------------- --------------- --------------- --------------- --------------- ---------------
    0   5.7937 THz   0.0000  0.0000  0.0000  0.0000  0.0000  0.0000  0.0000  0.0000  0.0000  0.0000  0.0000 -0.0000 -0.0482 -0.0013  0.6642 -0.0052  0.0000  0.0000 -0.0430 -0.0012  0.7447 -0.0058 -0.0000 -0.0000
    1   5.7937 THz   0.0000  0.0000 -0.0000  0.0000 -0.0000  0.0000  0.0000  0.0000 -0.0000  0.0000  0.0000 -0.0000 -0.7445 -0.0205 -0.0430  0.0003 -0.0000 -0.0000 -0.6639 -0.0183 -0.0482  0.0004  0.0000 -0.0000
    2   6.8239 THz  -0.4117  0.0000  0.0000  0.0000  0.0000  0.0000 -0.9113  0.0000  0.0000  0.0000  0.0000  0.0000 -0.0000  0.0000  0.0000  0.0000  0.0000 -0.0000  0.0000  0.0000  0.0000  0.0000  0.0000  0.0000
    3   6.8239 THz   0.0000  0.0000 -0.4117 -0.0000  0.0000 -0.0000  0.0000 -0.0000 -0.9113 -0.0000 -0.0000 -0.0000  0.0000  0.0000  0.0000 -0.0000  0.0000 -0.0000  0.0000  0.0000  0.0000 -0.0000  0.0000  0.0000
    4   7.8295 THz   0.0000  0.0000  0.0000 -0.0000 -0.0000 -0.0000  0.0000  0.0000  0.0000  0.0000  0.0000 -0.0000 -0.0000 -0.0000  0.0000 -0.0000  0.0000 -0.7071 -0.0000 -0.0000  0.0000 -0.0000 -0.0000  0.7071
    5   8.4061 THz   0.0000  0.0000 -0.0000  0.0000  0.0000  0.0000  0.0000 -0.0000 -0.0000 -0.0000 -0.0000 -0.0000  0.0000  0.0000 -0.0000  0.0000  0.0000 -0.7071  0.0000  0.0000  0.0000 -0.0000  0.0000 -0.7071
    6   8.6828 THz   0.0000  0.0000 -0.0000 -0.0000 -0.0789 -0.0593  0.0000  0.0000 -0.0000 -0.0000  0.7957  0.5976  0.0000  0.0000 -0.0000 -0.0000 -0.0000 -0.0000  0.0000  0.0000  0.0000 -0.0000  0.0000 -0.0000
    7  10.2559 THz   0.0000  0.0000  0.0000 -0.0000 -0.0000 -0.0000  0.0000 -0.0000 -0.0000  0.0000 -0.0000 -0.0000 -0.0330  0.0006 -0.7452  0.0174  0.0000  0.0000  0.0370 -0.0007  0.6646 -0.0155 -0.0000 -0.0000
    8  10.2559 THz   0.0000  0.0000 -0.0000  0.0000 -0.0000  0.0000  0.0000 -0.0000 -0.0000 -0.0000  0.0000  0.0000 -0.6646  0.0125  0.0370 -0.0009 -0.0000 -0.0000  0.7453 -0.0140 -0.0330  0.0008 -0.0000  0.0000
    9  12.2746 THz   0.0000  0.0000 -0.0000  0.0000  0.9951 -0.0002  0.0000 -0.0000  0.0000  0.0000  0.0987 -0.0000 -0.0000 -0.0000 -0.0000  0.0000 -0.0000  0.0000  0.0000  0.0000  0.0000 -0.0000 -0.0000  0.0000
   10  12.4108 THz   0.9113  0.0000  0.0000  0.0000  0.0000  0.0000 -0.4117  0.0000  0.0000  0.0000  0.0000  0.0000 -0.0000  0.0000  0.0000  0.0000  0.0000 -0.0000  0.0000  0.0000  0.0000  0.0000  0.0000  0.0000
   11  12.4108 THz   0.0000  0.0000  0.9113 -0.0000  0.0000 -0.0000 -0.0000  0.0000 -0.4117 -0.0000  0.0000 -0.0000 -0.0000 -0.0000  0.0000  0.0000  0.0000 -0.0000 -0.0000  0.0000 -0.0000 -0.0000  0.0000  0.0000


 Q=  0.000000  0.000000  0.000000, q=  0.000000  0.000000  0.000000

                       Al X   0        Al Y   0        Al Z   0        Ni X   1        Ni Y   1        Ni Z   1        Ni X   2        Ni Y   2        Ni Z   2        Ni X   3        Ni Y   3        Ni Z   3     
                    --------------- --------------- --------------- --------------- --------------- --------------- --------------- --------------- --------------- --------------- --------------- ---------------
    0  -0.0000 THz  -0.1062  0.0000  0.0755  0.0000 -0.3404  0.0000 -0.1566  0.0000  0.1113  0.0000 -0.5021  0.0000 -0.1566  0.0000  0.1113  0.0000 -0.5021  0.0000 -0.1566  0.0000  0.1113  0.0000 -0.5021  0.0000
    1  -0.0000 THz  -0.0164  0.0000 -0.3566  0.0000 -0.0739  0.0000 -0.0242  0.0000 -0.5259  0.0000 -0.1091  0.0000 -0.0242  0.0000 -0.5259  0.0000 -0.1091  0.0000 -0.0242  0.0000 -0.5259  0.0000 -0.1091  0.0000
    2  -0.0000 THz  -0.3483  0.0000 -0.0062  0.0000  0.1073  0.0000 -0.5137  0.0000 -0.0091  0.0000  0.1582  0.0000 -0.5137  0.0000 -0.0091  0.0000  0.1582  0.0000 -0.5137  0.0000 -0.0091  0.0000  0.1582  0.0000
    3   7.9925 THz   0.0000  0.0000  0.0000  0.0000  0.0000  0.0000  0.0288  0.0000  0.4614  0.0000 -0.0000  0.0000 -0.0288  0.0000 -0.0000  0.0000  0.5350  0.0000  0.0000  0.0000 -0.4614  0.0000 -0.5350  0.0000
    4   7.9925 THz   0.0000  0.0000  0.0000  0.0000 -0.0000  0.0000  0.5866  0.0000  0.2828  0.0000  0.0000  0.0000 -0.5866  0.0000 -0.0000  0.0000 -0.2756  0.0000 -0.0000  0.0000 -0.2828  0.0000  0.2756  0.0000
    5   7.9925 THz  -0.0000  0.0000 -0.0000  0.0000  0.0000  0.0000 -0.3938  0.0000  0.4550  0.0000 -0.0000  0.0000  0.3938  0.0000  0.0000  0.0000 -0.3712  0.0000  0.0000  0.0000 -0.4550  0.0000  0.3712  0.0000
    6   9.2797 THz   0.5318  0.0000 -0.0143  0.0000  0.1137  0.0000  0.2037  0.0000 -0.0055  0.0000 -0.1642  0.0000  0.2037  0.0000  0.0207  0.0000  0.0436  0.0000 -0.7680  0.0000 -0.0055  0.0000  0.0436  0.0000
    7   9.2797 THz   0.0584  0.0000 -0.4308  0.0000 -0.3271  0.0000  0.0223  0.0000 -0.1650  0.0000  0.4723  0.0000  0.0223  0.0000  0.6221  0.0000 -0.1253  0.0000 -0.0843  0.0000 -0.1650  0.0000 -0.1253  0.0000
    8   9.2797 THz  -0.0987  0.0000 -0.3320  0.0000  0.4196  0.0000 -0.0378  0.0000 -0.1271  0.0000 -0.6059  0.0000 -0.0378  0.0000  0.4793  0.0000  0.1607  0.0000  0.1425  0.0000 -0.1271  0.0000  0.1607  0.0000
    9  13.3038 THz   0.0000  0.0000  0.5055  0.0000  0.5618  0.0000  0.0000  0.0000 -0.2738  0.0000  0.2277  0.0000  0.0000  0.0000  0.2048  0.0000 -0.3043  0.0000  0.0000  0.0000 -0.2738  0.0000 -0.3043  0.0000
   10  13.3038 THz  -0.7557  0.0000  0.0000  0.0000 -0.0000  0.0000  0.4093  0.0000 -0.0000  0.0000 -0.0000  0.0000  0.4093  0.0000  0.0000  0.0000  0.0000  0.0000 -0.3062  0.0000 -0.0000  0.0000  0.0000  0.0000
   11  13.3038 THz   0.0000  0.0000  0.5618  0.0000 -0.5055  0.0000 -0.0000  0.0000 -0.3043  0.0000 -0.2048  0.0000 -0.0000  0.0000  0.2277  0.0000  0.2738  0.0000 -0.0000  0.0000 -0.3043  0.0000  0.2738  0.0000
