
Used Primitive lattice vector

    0.000000000000      1.698064000000      1.698064000000  
    1.698064000000      0.000000000000      1.698064000000  
    1.698064000000      1.698064000000      0.000000000000  

   1 Atom(s) in the Primitive cell

 -0.0000010000 0.0000010000 0.0000010000 Ni    0


 Q=  0.000000  0.000000 -0.294453, q= -0.500000 -0.500000  0.000000

                       Ni X   0        Ni Y   0        Ni Z   0     
                    --------------- --------------- ---------------
    0   7.5127 THz   1.0000  0.0000  0.0000  0.0000  0.0000  0.0000
    1   7.5127 THz   0.0000  0.0000 -1.0000  0.0000 -0.0000  0.0000
    2  10.1530 THz   0.0000  0.0000  0.0000 -0.0000 -1.0000  0.0000


 Q=  0.000000 -0.294453  0.000000, q= -0.500000  0.000000 -0.500000

                       Ni X   0        Ni Y   0        Ni Z   0     
                    --------------- --------------- ---------------
    0   7.5127 THz   0.0000  0.0000 -0.0000  0.0000  1.0000  0.0000
    1   7.5127 THz   1.0000  0.0000  0.0000  0.0000  0.0000  0.0000
    2  10.1530 THz   0.0000  0.0000 -1.0000  0.0000 -0.0000  0.0000


 Q= -0.294453  0.000000  0.000000, q=  0.000000 -0.500000 -0.500000

                       Ni X   0        Ni Y   0        Ni Z   0     
                    --------------- --------------- ---------------
    0   7.5127 THz   0.0000  0.0000  0.9924  0.0000 -0.1227  0.0000
    1   7.5127 THz   0.0000  0.0000 -0.1227 -0.0000 -0.9924 -0.0000
    2  10.1530 THz   1.0000  0.0000  0.0000  0.0000  0.0000  0.0000


 Q=  0.000000  0.000000  0.000000, q=  0.000000  0.000000  0.000000

                       Ni X   0        Ni Y   0        Ni Z   0     
                    --------------- --------------- ---------------
    0  -0.0000 THz   0.3790  0.0000  0.5679  0.0000  0.7306  0.0000
    1   0.0000 THz  -0.8122  0.0000  0.5826  0.0000 -0.0316  0.0000
    2   0.0000 THz   0.4436  0.0000  0.5814  0.0000 -0.6820  0.0000
