
Used Primitive lattice vector

    0.000000000000      2.110806000000      2.110806000000  
    2.110806000000      0.000000000000      2.110806000000  
    2.110806000000      2.110806000000      0.000000000000  

   1 Atom(s) in the Primitive cell

 -0.0000010000 0.0000010000 0.0000010000 Al    0


 Q=  0.000000  0.000000 -0.236876, q= -0.500000 -0.500000  0.000000

                       Al X   0        Al Y   0        Al Z   0     
                    --------------- --------------- ---------------
    0   3.8840 THz   0.0000  0.0000 -1.0000  0.0000 -0.0000 -0.0000
    1   3.8840 THz   1.0000  0.0000  0.0000  0.0000  0.0000  0.0000
    2   7.0801 THz   0.0000  0.0000  0.0000  0.0000  1.0000 -0.0000


 Q=  0.000000 -0.236876  0.000000, q= -0.500000  0.000000 -0.500000

                       Al X   0        Al Y   0        Al Z   0     
                    --------------- --------------- ---------------
    0   3.8840 THz   1.0000  0.0000  0.0000  0.0000  0.0000  0.0000
    1   3.8840 THz   0.0000  0.0000  0.0000  0.0000  1.0000 -0.0000
    2   7.0801 THz   0.0000  0.0000 -1.0000 -0.0000  0.0000  0.0000


 Q= -0.236876  0.000000  0.000000, q=  0.000000 -0.500000 -0.500000

                       Al X   0        Al Y   0        Al Z   0     
                    --------------- --------------- ---------------
    0   3.8840 THz   0.0000  0.0000 -0.8711  0.0000 -0.4910  0.0000
    1   3.8840 THz   0.0000  0.0000 -0.4910  0.0000  0.8711 -0.0000
    2   7.0801 THz   1.0000  0.0000  0.0000  0.0000  0.0000  0.0000


 Q=  0.000000  0.000000  0.000000, q=  0.000000  0.000000  0.000000

                       Al X   0        Al Y   0        Al Z   0     
                    --------------- --------------- ---------------
    0   0.0000 THz   0.5950  0.0000 -0.5742  0.0000  0.5624  0.0000
    1  -0.0000 THz  -0.8016  0.0000 -0.4751  0.0000  0.3630  0.0000
    2  -0.0000 THz   0.0588  0.0000 -0.6668  0.0000 -0.7429  0.0000
