
Used Primitive lattice vector

    2.935980000000      0.000000000000      0.000000000000  
    0.000000000000      2.935980000000      0.000000000000  
    0.000000000000      0.000000000000      2.935980000000  

   2 Atom(s) in the Primitive cell

 0.0000000000 0.0000000000 0.0000000000 Al    0
 0.5000000000 0.5000000000 0.5000000000 Ni    1


 Q= -0.170301 -0.170301 -0.170301, q= -0.500000 -0.500000 -0.500000

                       Al X   0        Al Y   0        Al Z   0        Ni X   1        Ni Y   1        Ni Z   1     
                    --------------- --------------- --------------- --------------- --------------- ---------------
    0   3.9141 THz   0.0000  0.0000 -0.0000  0.0000 -0.0000 -0.0000  0.7333 -0.3575  0.2497  0.3615  0.3748  0.0293
    1   3.9141 THz   0.0000  0.0000  0.0000  0.0000 -0.0000 -0.0000  0.2359 -0.4634 -0.5793  0.1046 -0.6189  0.0046
    2   3.9141 THz   0.0000  0.0000 -0.0000  0.0000 -0.0000  0.0000 -0.1580 -0.1977 -0.6655 -0.1325  0.6886  0.0378
    3   9.1776 THz   1.0000  0.0000  0.0000  0.0000  0.0000  0.0000  0.0000  0.0000  0.0000  0.0000  0.0000  0.0000
    4   9.1776 THz   0.0000  0.0000 -0.9980 -0.0000  0.0634 -0.0000 -0.0000 -0.0000 -0.0000 -0.0000 -0.0000  0.0000
    5   9.1776 THz  -0.0000 -0.0000  0.0634  0.0001  0.9980  0.0023  0.0000  0.0000 -0.0000 -0.0000  0.0000  0.0000


 Q= -0.170301 -0.170301  0.000000, q= -0.500000 -0.500000  0.000000

                       Al X   0        Al Y   0        Al Z   0        Ni X   1        Ni Y   1        Ni Z   1     
                    --------------- --------------- --------------- --------------- --------------- ---------------
    0   2.9170 THz   0.0000  0.0000  0.3467  0.0000  0.0000  0.0000 -0.9380 -0.0000 -0.0000 -0.0000 -0.0000  0.0000
    1   2.9170 THz  -0.3467  0.0000  0.0000  0.0000  0.0000  0.0000 -0.0000  0.0000  0.9380  0.0000 -0.0000  0.0000
    2   4.8644 THz   0.0000  0.0000  0.0000 -0.0000  0.0000  0.0000  0.0000 -0.0000 -0.0000 -0.0000 -1.0000  0.0000
    3   6.9645 THz   0.0000  0.0000 -0.0000 -0.0000 -1.0000 -0.0000 -0.0000 -0.0000 -0.0000 -0.0000  0.0000  0.0000
    4   9.3412 THz   0.9380  0.0000  0.0000  0.0000  0.0000  0.0000 -0.0000  0.0000  0.3467  0.0000 -0.0000  0.0000
    5   9.3412 THz   0.0000  0.0000  0.9380 -0.0000 -0.0000 -0.0000  0.3467 -0.0000  0.0000  0.0000 -0.0000 -0.0000


 Q= -0.170301  0.000000 -0.170301, q= -0.500000  0.000000 -0.500000

                       Al X   0        Al Y   0        Al Z   0        Ni X   1        Ni Y   1        Ni Z   1     
                    --------------- --------------- --------------- --------------- --------------- ---------------
    0   2.9170 THz   0.3467  0.0000  0.0000  0.0000  0.0000  0.0000  0.0000  0.0000 -0.0000  0.0000 -0.9380 -0.0000
    1   2.9170 THz   0.0000  0.0000  0.0000  0.0000 -0.3467 -0.0000  0.9380  0.0000  0.0000 -0.0000 -0.0000 -0.0000
    2   4.8644 THz   0.0000  0.0000  0.0000 -0.0000 -0.0000  0.0000  0.0000 -0.0000 -1.0000  0.0000  0.0000  0.0000
    3   6.9645 THz   0.0000  0.0000  1.0000 -0.0000  0.0000 -0.0000  0.0000  0.0000  0.0000  0.0000 -0.0000  0.0000
    4   9.3412 THz   0.0000  0.0000 -0.0000  0.0000  0.9380  0.0000  0.3467  0.0000 -0.0000 -0.0000  0.0000 -0.0000
    5   9.3412 THz   0.9380  0.0000  0.0000  0.0000  0.0000  0.0000  0.0000 -0.0000  0.0000 -0.0000  0.3467  0.0000


 Q= -0.170301  0.000000  0.000000, q= -0.500000  0.000000  0.000000

                       Al X   0        Al Y   0        Al Z   0        Ni X   1        Ni Y   1        Ni Z   1     
                    --------------- --------------- --------------- --------------- --------------- ---------------
    0   4.1293 THz   0.0000  0.0000 -0.0000 -0.0000  0.0000  0.0000 -0.0000 -0.0000 -0.0067 -0.9573  0.0436  0.2858
    1   4.1293 THz   0.0000  0.0000 -0.0000  0.0000  0.0000  0.0000 -0.0000 -0.0000  0.0141 -0.2887 -0.0914 -0.9529
    2   4.9164 THz   0.0000  0.0000 -0.0000  0.0000 -0.0000  0.0000 -0.8731 -0.4876  0.0000  0.0000  0.0000  0.0000
    3   7.1375 THz   0.0000  0.0000 -0.8979 -0.0000  0.4392 -0.0292  0.0000  0.0000  0.0000 -0.0000 -0.0000  0.0000
    4   7.1375 THz   0.0000  0.0000  0.4401  0.0000  0.8960 -0.0596 -0.0000 -0.0000  0.0000 -0.0000 -0.0000  0.0000
    5   9.6969 THz   1.0000  0.0000  0.0000  0.0000  0.0000  0.0000  0.0000  0.0000  0.0000  0.0000  0.0000  0.0000


 Q= -0.085150 -0.085150 -0.085150, q= -0.250000 -0.250000 -0.250000

                       Al X   0        Al Y   0        Al Z   0        Ni X   1        Ni Y   1        Ni Z   1     
                    --------------- --------------- --------------- --------------- --------------- ---------------
    0   2.4633 THz   0.2446  0.0000 -0.1039 -0.0000 -0.1407 -0.0000  0.7758 -0.0000 -0.3296  0.0000 -0.4462  0.0000
    1   2.4633 THz  -0.0212  0.0000  0.2225  0.0000 -0.2012 -0.0000 -0.0673 -0.0000  0.7055  0.0000 -0.6382 -0.0000
    2   4.3950 THz  -0.1183  0.0000 -0.1183  0.0000 -0.1183  0.0000  0.5651 -0.0000  0.5651 -0.0000  0.5651 -0.0000
    3   8.2655 THz   0.7323  0.0000 -0.5954  0.0000 -0.1369  0.0000 -0.2309  0.0000  0.1877 -0.0000  0.0432 -0.0000
    4   8.2655 THz   0.2647  0.0000  0.5019 -0.0000 -0.7666  0.0000 -0.0835  0.0000 -0.1582  0.0000  0.2417 -0.0000
    5   8.4995 THz  -0.5651  0.0000 -0.5651  0.0000 -0.5651  0.0000 -0.1183  0.0000 -0.1183  0.0000 -0.1183  0.0000


 Q= -0.085150 -0.085150  0.085150, q= -0.250000 -0.250000  0.250000

                       Al X   0        Al Y   0        Al Z   0        Ni X   1        Ni Y   1        Ni Z   1     
                    --------------- --------------- --------------- --------------- --------------- ---------------
    0   2.4633 THz  -0.0052  0.0000 -0.2100 -0.0000 -0.2152  0.0000 -0.0163  0.0000 -0.6661 -0.0000 -0.6824 -0.0000
    1   2.4633 THz  -0.2455  0.0000  0.1272  0.0000 -0.1183  0.0000 -0.7785 -0.0000  0.4034  0.0000 -0.3751  0.0000
    2   4.3950 THz  -0.1183  0.0000 -0.1183  0.0000  0.1183  0.0000  0.5651  0.0000  0.5651 -0.0000 -0.5651 -0.0000
    3   8.2655 THz   0.4833  0.0000 -0.7704  0.0000 -0.2871 -0.0000 -0.1524 -0.0000  0.2429  0.0000  0.0905  0.0000
    4   8.2655 THz   0.6105  0.0000  0.1133 -0.0000  0.7239  0.0000 -0.1925 -0.0000 -0.0357 -0.0000 -0.2282 -0.0000
    5   8.4995 THz   0.5651  0.0000  0.5651 -0.0000 -0.5651 -0.0000  0.1183 -0.0000  0.1183  0.0000 -0.1183  0.0000


 Q= -0.085150  0.085150 -0.085150, q= -0.250000  0.250000 -0.250000

                       Al X   0        Al Y   0        Al Z   0        Ni X   1        Ni Y   1        Ni Z   1     
                    --------------- --------------- --------------- --------------- --------------- ---------------
    0   2.4633 THz  -0.2455  0.0000 -0.1228  0.0000  0.1228 -0.0000 -0.7787 -0.0000 -0.3894 -0.0000  0.3894  0.0000
    1   2.4633 THz   0.0000  0.0000 -0.2126 -0.0000 -0.2126 -0.0000 -0.0000  0.0000 -0.6744 -0.0000 -0.6744 -0.0000
    2   4.3950 THz   0.1183  0.0000 -0.1183 -0.0000  0.1183  0.0000 -0.5651  0.0000  0.5651 -0.0000 -0.5651  0.0000
    3   8.2655 THz   0.0000  0.0000 -0.6744 -0.0000 -0.6744 -0.0000  0.0000  0.0000  0.2126  0.0000  0.2126  0.0000
    4   8.2655 THz  -0.7787  0.0000 -0.3894 -0.0000  0.3894  0.0000  0.2455  0.0000  0.1228  0.0000 -0.1228 -0.0000
    5   8.4995 THz   0.5651  0.0000 -0.5651 -0.0000  0.5651  0.0000  0.1183  0.0000 -0.1183  0.0000  0.1183  0.0000


 Q= -0.085150  0.085150  0.085150, q= -0.250000  0.250000  0.250000

                       Al X   0        Al Y   0        Al Z   0        Ni X   1        Ni Y   1        Ni Z   1     
                    --------------- --------------- --------------- --------------- --------------- ---------------
    0   2.4633 THz   0.0353  0.0000  0.2281  0.0000 -0.1928 -0.0000  0.1118 -0.0000  0.7233  0.0000 -0.6115 -0.0000
    1   2.4633 THz   0.2430  0.0000  0.0910 -0.0000  0.1520 -0.0000  0.7706  0.0000  0.2885  0.0000  0.4822  0.0000
    2   4.3950 THz  -0.1183  0.0000  0.1183  0.0000  0.1183  0.0000  0.5651  0.0000 -0.5651 -0.0000 -0.5651 -0.0000
    3   8.2655 THz   0.1340  0.0000 -0.5973 -0.0000  0.7313  0.0000 -0.0423 -0.0000  0.1883 -0.0000 -0.2306 -0.0000
    4   8.2655 THz   0.7671  0.0000  0.4996  0.0000  0.2675  0.0000 -0.2419 -0.0000 -0.1575 -0.0000 -0.0843 -0.0000
    5   8.4995 THz   0.5651  0.0000 -0.5651 -0.0000 -0.5651 -0.0000  0.1183  0.0000 -0.1183  0.0000 -0.1183 -0.0000


 Q=  0.000000 -0.170301 -0.170301, q=  0.000000 -0.500000 -0.500000

                       Al X   0        Al Y   0        Al Z   0        Ni X   1        Ni Y   1        Ni Z   1     
                    --------------- --------------- --------------- --------------- --------------- ---------------
    0   2.9170 THz   0.0000  0.0000  0.3464  0.0000 -0.0144  0.0000 -0.0000 -0.0000  0.0390 -0.0000 -0.9372 -0.0000
    1   2.9170 THz   0.0000  0.0000  0.0144  0.0000  0.3464 -0.0000 -0.0000  0.0000 -0.9372  0.0000 -0.0390 -0.0000
    2   4.8644 THz   0.0000  0.0000  0.0000 -0.0000 -0.0000 -0.0000  0.4607 -0.8876 -0.0000  0.0000  0.0000  0.0000
    3   6.9645 THz   1.0000  0.0000  0.0000  0.0000  0.0000  0.0000  0.0000  0.0000  0.0000  0.0000  0.0000  0.0000
    4   9.3412 THz   0.0000  0.0000  0.0352  0.0000  0.9373 -0.0000  0.0000 -0.0000  0.3464 -0.0000  0.0130  0.0000
    5   9.3412 THz   0.0000  0.0000  0.9373  0.0000 -0.0352  0.0000 -0.0000  0.0000 -0.0130  0.0000  0.3464  0.0000


 Q=  0.000000 -0.170301  0.000000, q=  0.000000 -0.500000  0.000000

                       Al X   0        Al Y   0        Al Z   0        Ni X   1        Ni Y   1        Ni Z   1     
                    --------------- --------------- --------------- --------------- --------------- ---------------
    0   4.1293 THz   0.0000  0.0000 -0.0000  0.0000 -0.0000  0.0000  0.8482  0.0096  0.0000 -0.0000  0.0173  0.5294
    1   4.1293 THz   0.0000  0.0000 -0.0000 -0.0000  0.0000 -0.0000  0.5000 -0.1748  0.0000  0.0000 -0.3149 -0.7876
    2   4.9164 THz   0.0000  0.0000  0.0000 -0.0000  0.0000  0.0000  0.0000  0.0000 -0.0000 -1.0000 -0.0000 -0.0000
    3   7.1375 THz   1.0000  0.0000  0.0000  0.0000  0.0000  0.0000  0.0000  0.0000  0.0000  0.0000  0.0000  0.0000
    4   7.1375 THz   0.0000  0.0000 -0.0000  0.0000 -1.0000 -0.0000  0.0000  0.0000  0.0000 -0.0000  0.0000 -0.0000
    5   9.6969 THz   0.0000  0.0000  1.0000 -0.0000 -0.0000 -0.0000  0.0000  0.0000 -0.0000 -0.0000 -0.0000  0.0000


 Q=  0.000000  0.000000 -0.170301, q=  0.000000  0.000000 -0.500000

                       Al X   0        Al Y   0        Al Z   0        Ni X   1        Ni Y   1        Ni Z   1     
                    --------------- --------------- --------------- --------------- --------------- ---------------
    0   4.1293 THz   0.0000  0.0000 -0.0000  0.0000 -0.0000 -0.0000 -0.8939 -0.0176 -0.0303 -0.4470 -0.0000  0.0000
    1   4.1293 THz   0.0000  0.0000  0.0000  0.0000  0.0000 -0.0000 -0.3754 -0.2445 -0.4206  0.7889 -0.0000  0.0000
    2   4.9164 THz   0.0000  0.0000 -0.0000  0.0000 -0.0000  0.0000  0.0000 -0.0000  0.0000 -0.0000 -0.0000  1.0000
    3   7.1375 THz  -0.0000 -0.0000  1.0000 -0.0000 -0.0000 -0.0000 -0.0000 -0.0000 -0.0000 -0.0000 -0.0000  0.0000
    4   7.1375 THz   1.0000  0.0000  0.0000  0.0000  0.0000  0.0000  0.0000  0.0000  0.0000  0.0000  0.0000  0.0000
    5   9.6969 THz   0.0000  0.0000 -0.0000  0.0000  1.0000 -0.0021 -0.0000  0.0000  0.0000  0.0000 -0.0000 -0.0000


 Q=  0.000000  0.000000  0.000000, q=  0.000000  0.000000  0.000000

                       Al X   0        Al Y   0        Al Z   0        Ni X   1        Ni Y   1        Ni Z   1     
                    --------------- --------------- --------------- --------------- --------------- ---------------
    0   0.0000 THz   0.0000  0.0000  0.5595  0.0000 -0.0435  0.0000  0.0000  0.0000  0.8252  0.0000 -0.0642  0.0000
    1   0.0000 THz  -0.5612  0.0000  0.0000  0.0000 -0.0000  0.0000 -0.8277  0.0000  0.0000  0.0000  0.0000  0.0000
    2   0.0000 THz   0.0000  0.0000 -0.0435  0.0000 -0.5595  0.0000 -0.0000  0.0000 -0.0642  0.0000 -0.8252  0.0000
    3   7.6334 THz   0.0000  0.0000 -0.0343  0.0000  0.8270  0.0000  0.0000  0.0000  0.0233  0.0000 -0.5607  0.0000
    4   7.6334 THz   0.8277  0.0000  0.0000  0.0000 -0.0000  0.0000 -0.5612  0.0000  0.0000  0.0000  0.0000  0.0000
    5   7.6334 THz   0.0000  0.0000 -0.8270  0.0000 -0.0343  0.0000  0.0000  0.0000  0.5607  0.0000  0.0233  0.0000


 Q=  0.085150 -0.085150 -0.085150, q=  0.250000 -0.250000 -0.250000

                       Al X   0        Al Y   0        Al Z   0        Ni X   1        Ni Y   1        Ni Z   1     
                    --------------- --------------- --------------- --------------- --------------- ---------------
    0   2.4633 THz   0.0353  0.0000  0.2281 -0.0000 -0.1928  0.0000  0.1118  0.0000  0.7233 -0.0000 -0.6115  0.0000
    1   2.4633 THz   0.2430  0.0000  0.0910  0.0000  0.1520  0.0000  0.7706 -0.0000  0.2885 -0.0000  0.4822 -0.0000
    2   4.3950 THz  -0.1183  0.0000  0.1183 -0.0000  0.1183 -0.0000  0.5651 -0.0000 -0.5651  0.0000 -0.5651  0.0000
    3   8.2655 THz   0.1340  0.0000 -0.5973  0.0000  0.7313 -0.0000 -0.0423  0.0000  0.1883  0.0000 -0.2306  0.0000
    4   8.2655 THz   0.7671  0.0000  0.4996 -0.0000  0.2675 -0.0000 -0.2419  0.0000 -0.1575  0.0000 -0.0843  0.0000
    5   8.4995 THz   0.5651  0.0000 -0.5651  0.0000 -0.5651  0.0000  0.1183 -0.0000 -0.1183 -0.0000 -0.1183  0.0000


 Q=  0.085150 -0.085150  0.085150, q=  0.250000 -0.250000  0.250000

                       Al X   0        Al Y   0        Al Z   0        Ni X   1        Ni Y   1        Ni Z   1     
                    --------------- --------------- --------------- --------------- --------------- ---------------
    0   2.4633 THz  -0.2455  0.0000 -0.1228 -0.0000  0.1228  0.0000 -0.7787  0.0000 -0.3894  0.0000  0.3894 -0.0000
    1   2.4633 THz   0.0000  0.0000 -0.2126  0.0000 -0.2126  0.0000 -0.0000 -0.0000 -0.6744  0.0000 -0.6744  0.0000
    2   4.3950 THz   0.1183  0.0000 -0.1183  0.0000  0.1183 -0.0000 -0.5651 -0.0000  0.5651  0.0000 -0.5651 -0.0000
    3   8.2655 THz   0.0000  0.0000 -0.6744  0.0000 -0.6744  0.0000  0.0000 -0.0000  0.2126 -0.0000  0.2126 -0.0000
    4   8.2655 THz  -0.7787  0.0000 -0.3894  0.0000  0.3894 -0.0000  0.2455 -0.0000  0.1228 -0.0000 -0.1228  0.0000
    5   8.4995 THz   0.5651  0.0000 -0.5651  0.0000  0.5651 -0.0000  0.1183 -0.0000 -0.1183 -0.0000  0.1183 -0.0000


 Q=  0.085150  0.085150 -0.085150, q=  0.250000  0.250000 -0.250000

                       Al X   0        Al Y   0        Al Z   0        Ni X   1        Ni Y   1        Ni Z   1     
                    --------------- --------------- --------------- --------------- --------------- ---------------
    0   2.4633 THz  -0.0052  0.0000 -0.2100  0.0000 -0.2152 -0.0000 -0.0163 -0.0000 -0.6661  0.0000 -0.6824  0.0000
    1   2.4633 THz  -0.2455  0.0000  0.1272 -0.0000 -0.1183 -0.0000 -0.7785  0.0000  0.4034 -0.0000 -0.3751 -0.0000
    2   4.3950 THz  -0.1183  0.0000 -0.1183 -0.0000  0.1183 -0.0000  0.5651 -0.0000  0.5651  0.0000 -0.5651  0.0000
    3   8.2655 THz   0.4833  0.0000 -0.7704 -0.0000 -0.2871  0.0000 -0.1524  0.0000  0.2429 -0.0000  0.0905 -0.0000
    4   8.2655 THz   0.6105  0.0000  0.1133  0.0000  0.7239 -0.0000 -0.1925  0.0000 -0.0357  0.0000 -0.2282  0.0000
    5   8.4995 THz   0.5651  0.0000  0.5651  0.0000 -0.5651  0.0000  0.1183  0.0000  0.1183 -0.0000 -0.1183 -0.0000


 Q=  0.085150  0.085150  0.085150, q=  0.250000  0.250000  0.250000

                       Al X   0        Al Y   0        Al Z   0        Ni X   1        Ni Y   1        Ni Z   1     
                    --------------- --------------- --------------- --------------- --------------- ---------------
    0   2.4633 THz   0.2446  0.0000 -0.1039  0.0000 -0.1407  0.0000  0.7758  0.0000 -0.3296 -0.0000 -0.4462 -0.0000
    1   2.4633 THz  -0.0212  0.0000  0.2225 -0.0000 -0.2012  0.0000 -0.0673  0.0000  0.7055 -0.0000 -0.6382  0.0000
    2   4.3950 THz  -0.1183  0.0000 -0.1183 -0.0000 -0.1183 -0.0000  0.5651  0.0000  0.5651  0.0000  0.5651  0.0000
    3   8.2655 THz   0.7323  0.0000 -0.5954 -0.0000 -0.1369 -0.0000 -0.2309 -0.0000  0.1877  0.0000  0.0432  0.0000
    4   8.2655 THz   0.2647  0.0000  0.5019  0.0000 -0.7666 -0.0000 -0.0835 -0.0000 -0.1582 -0.0000  0.2417  0.0000
    5   8.4995 THz  -0.5651  0.0000 -0.5651 -0.0000 -0.5651 -0.0000 -0.1183 -0.0000 -0.1183 -0.0000 -0.1183 -0.0000
